<?xml version="1.0" encoding="UTF-8"?>
<TestRun id="682d97b6-42cc-4c46-806f-e0c883a27037" name="Test Origen@TESTORIGEN-PC 2015-08-17 12:07:26" runUser="TestOrigen-PC\Test Origen" xmlns="http://microsoft.com/schemas/VisualStudio/TeamTest/2010">
  <Times creation="2015-08-17T12:07:26.3569786+05:30" queuing="2015-08-17T12:07:26.3579787+05:30" start="2015-08-17T12:07:26.3899805+05:30" finish="2015-08-17T14:31:54.2977565+05:30" />
  <TestSettings name="default" id="693416f9-abf3-4d64-8954-ff6ca9035f6b">
    <Execution>
      <TestTypeSpecific />
    </Execution>
    <Deployment runDeploymentRoot="Test Origen_TESTORIGEN-PC 2015-08-17 12_07_26" />
  </TestSettings>
  <Results>
    <UnitTestResult executionId="bc4ec221-b6fb-432b-8aec-7d6806ced927" testId="75e56327-7336-efdc-b3ad-bd85e075095f" testName="addAgentCodeForPartnerAgnet" computerName="TESTORIGEN-PC" duration="00:01:42.5882401" startTime="2015-08-17T12:05:43.5490983+05:30" endTime="2015-08-17T12:07:26.2059700+05:30" testType="13cdc9d9-ddb5-4fa4-a97d-d965ccfc6d4b" outcome="Failed" testListId="8c84fa94-04c1-424b-9868-57a2d4851a1d" relativeResultsDirectory="bc4ec221-b6fb-432b-8aec-7d6806ced927">
      <Output>
        <StdOut>Logged in as: AslamKhan / 1qaz!QAZ
Redirected at Dashboard screen.</StdOut>
        <ErrorInfo>
          <Message>Assert.IsTrue failed. </Message>
          <StackTrace>   at PegasusTests.PageHelper.Comm.DriverHelper.SendKeys(String locator, String value) in e:\Pegasus_Project\Pegasus_New_Skin\Pegasus_New_skin\Pegasus_New_skin\PageHelper\Comm\DriverHelper.cs:line 222
   at PegasusTests.PageHelper.PartnerAgentHelperNewSkin.TypeText(String Field, String text) in e:\Pegasus_Project\Pegasus_New_Skin\Pegasus_New_skin\Pegasus_New_skin\PageHelper\PartnerAgentHelperNewSkin.cs:line 32
   at PegasusTests.Scripts.ClientsTests.AddAgentCodeForPartnerAgnet.addAgentCodeForPartnerAgnet() in e:\Pegasus_Project\Pegasus_New_Skin\Pegasus_New_skin\Pegasus_New_skin\Scripts\NewSkinTaskJira\AddAgentCodeForPartnerAgnet.cs:line 76
</StackTrace>
        </ErrorInfo>
      </Output>
    </UnitTestResult>
    <UnitTestResult executionId="53bcccd9-dd95-4356-95c5-2d7567f559e0" testId="b466f748-829e-6f53-e63c-28f63c2aeb0e" testName="additionalFilter" computerName="TESTORIGEN-PC" duration="00:00:52.0414845" startTime="2015-08-17T12:07:26.2289713+05:30" endTime="2015-08-17T12:08:18.2719480+05:30" testType="13cdc9d9-ddb5-4fa4-a97d-d965ccfc6d4b" outcome="Passed" testListId="8c84fa94-04c1-424b-9868-57a2d4851a1d" relativeResultsDirectory="53bcccd9-dd95-4356-95c5-2d7567f559e0">
      <Output>
        <StdOut>Logged in as: selcorp / seWelcome2
Redirected at Dashboard screen.</StdOut>
      </Output>
    </UnitTestResult>
    <UnitTestResult executionId="8ac04f77-7456-4882-914c-94c3d84b7d43" testId="48f14298-cb83-566e-96ba-3647b0514124" testName="addressStateIssues" computerName="TESTORIGEN-PC" duration="00:00:55.1256627" startTime="2015-08-17T12:08:18.2719480+05:30" endTime="2015-08-17T12:09:13.3991011+05:30" testType="13cdc9d9-ddb5-4fa4-a97d-d965ccfc6d4b" outcome="Passed" testListId="8c84fa94-04c1-424b-9868-57a2d4851a1d" relativeResultsDirectory="8ac04f77-7456-4882-914c-94c3d84b7d43">
      <Output>
        <StdOut>Logged in as: AslamKhan / 1qaz!QAZ
Redirected at Dashboard screen.</StdOut>
      </Output>
    </UnitTestResult>
    <UnitTestResult executionId="7a0bd2c3-92d2-43e3-a619-c88e7fb73933" testId="024631e0-52c7-3174-1268-ee300c1200f2" testName="addressTypePickList" computerName="TESTORIGEN-PC" duration="00:01:18.0922355" startTime="2015-08-17T12:09:13.4001011+05:30" endTime="2015-08-17T12:10:31.4935678+05:30" testType="13cdc9d9-ddb5-4fa4-a97d-d965ccfc6d4b" outcome="Passed" testListId="8c84fa94-04c1-424b-9868-57a2d4851a1d" relativeResultsDirectory="7a0bd2c3-92d2-43e3-a619-c88e7fb73933">
      <Output>
        <StdOut>Logged in as: AslamKhan / 1qaz!QAZ
Redirected at Dashboard screen.</StdOut>
      </Output>
    </UnitTestResult>
    <UnitTestResult executionId="19dc5e31-867f-4295-91ff-702d47080404" testId="887c7784-c900-222b-bed3-59ae4b319fbd" testName="agentEmployeePage" computerName="TESTORIGEN-PC" duration="00:00:37.4986502" startTime="2015-08-17T12:10:31.4935678+05:30" endTime="2015-08-17T12:11:08.9937127+05:30" testType="13cdc9d9-ddb5-4fa4-a97d-d965ccfc6d4b" outcome="Passed" testListId="8c84fa94-04c1-424b-9868-57a2d4851a1d" relativeResultsDirectory="19dc5e31-867f-4295-91ff-702d47080404">
      <Output>
        <StdOut>Logged in as: AslamKhan / 1qaz!QAZ
Redirected at Dashboard screen.</StdOut>
      </Output>
    </UnitTestResult>
    <UnitTestResult executionId="7532a56f-b887-49dd-9aa2-bf9c860c9653" testId="8112eff1-8521-766e-f155-ef1a6d5eb07a" testName="allAgentDisplayePage" computerName="TESTORIGEN-PC" duration="00:00:51.8137208" startTime="2015-08-17T12:11:08.9937127+05:30" endTime="2015-08-17T12:12:00.8096764+05:30" testType="13cdc9d9-ddb5-4fa4-a97d-d965ccfc6d4b" outcome="Passed" testListId="8c84fa94-04c1-424b-9868-57a2d4851a1d" relativeResultsDirectory="7532a56f-b887-49dd-9aa2-bf9c860c9653">
      <Output>
        <StdOut>Logged in as: AslamKhan / 1qaz!QAZ
Redirected at Dashboard screen.</StdOut>
      </Output>
    </UnitTestResult>
    <UnitTestResult executionId="a7ddf4c2-aaea-47c4-9f7e-70682eacca74" testId="39af5e03-be84-4d4d-47e1-0e37436a03a0" testName="allUserPageInCorp" computerName="TESTORIGEN-PC" duration="00:00:45.6225295" startTime="2015-08-17T12:12:00.8096764+05:30" endTime="2015-08-17T12:12:46.4332859+05:30" testType="13cdc9d9-ddb5-4fa4-a97d-d965ccfc6d4b" outcome="Passed" testListId="8c84fa94-04c1-424b-9868-57a2d4851a1d" relativeResultsDirectory="a7ddf4c2-aaea-47c4-9f7e-70682eacca74">
      <Output>
        <StdOut>Logged in as: selcorp / seWelcome2
Redirected at Dashboard screen.</StdOut>
      </Output>
    </UnitTestResult>
    <UnitTestResult executionId="ccac722d-d821-490d-8695-e185b87c1ee1" testId="5f935a3e-552f-ad58-fa16-2bbdb7bbb492" testName="blankSubjectValidation" computerName="TESTORIGEN-PC" duration="00:00:43.6917670" startTime="2015-08-17T12:12:46.4332859+05:30" endTime="2015-08-17T12:13:30.1267851+05:30" testType="13cdc9d9-ddb5-4fa4-a97d-d965ccfc6d4b" outcome="Passed" testListId="8c84fa94-04c1-424b-9868-57a2d4851a1d" relativeResultsDirectory="ccac722d-d821-490d-8695-e185b87c1ee1">
      <Output>
        <StdOut>Logged in as: AslamKhan / 1qaz!QAZ
Redirected at Dashboard screen.</StdOut>
      </Output>
    </UnitTestResult>
    <UnitTestResult executionId="6d58321f-2561-47e7-b570-17d8d26abc99" testId="a735b350-d35d-c19e-72c0-f461418b114f" testName="cancelEditProfile" computerName="TESTORIGEN-PC" duration="00:00:52.8994206" startTime="2015-08-17T12:13:30.1267851+05:30" endTime="2015-08-17T12:14:23.0278108+05:30" testType="13cdc9d9-ddb5-4fa4-a97d-d965ccfc6d4b" outcome="Passed" testListId="8c84fa94-04c1-424b-9868-57a2d4851a1d" relativeResultsDirectory="6d58321f-2561-47e7-b570-17d8d26abc99">
      <Output>
        <StdOut>Logged in as: AslamKhan / 1qaz!QAZ
Redirected at Dashboard screen.</StdOut>
      </Output>
    </UnitTestResult>
    <UnitTestResult executionId="490b0798-3448-47ec-9037-339fa60e5c2d" testId="8c34702b-977e-c025-23ba-fe79ac937588" testName="changeStatusOfTicketAndVerifyStatus" computerName="TESTORIGEN-PC" duration="00:02:08.8489605" startTime="2015-08-17T12:14:23.0278108+05:30" endTime="2015-08-17T12:16:31.9091824+05:30" testType="13cdc9d9-ddb5-4fa4-a97d-d965ccfc6d4b" outcome="Passed" testListId="8c84fa94-04c1-424b-9868-57a2d4851a1d" relativeResultsDirectory="490b0798-3448-47ec-9037-339fa60e5c2d">
      <Output>
        <StdOut>Logged in as: AslamKhan / 1qaz!QAZ
Redirected at Dashboard screen.
Resolved	Resolved
Closed	Closed</StdOut>
      </Output>
    </UnitTestResult>
    <UnitTestResult executionId="f9923a25-0d16-4a01-a3fa-cf55c9e23779" testId="2f71bcfc-595b-2cf8-254e-56d76989fe46" testName="checkFilter" computerName="TESTORIGEN-PC" duration="00:00:59.5514544" startTime="2015-08-17T12:16:31.9091824+05:30" endTime="2015-08-17T12:17:31.4625887+05:30" testType="13cdc9d9-ddb5-4fa4-a97d-d965ccfc6d4b" outcome="Passed" testListId="8c84fa94-04c1-424b-9868-57a2d4851a1d" relativeResultsDirectory="f9923a25-0d16-4a01-a3fa-cf55c9e23779">
      <Output>
        <StdOut>Logged in as: AslamKhan / 1qaz!QAZ
Redirected at Dashboard screen.</StdOut>
      </Output>
    </UnitTestResult>
    <UnitTestResult executionId="ba21e4ae-4081-4c36-9791-4dc3b45b5cc3" testId="ca2e1b20-9ca3-3ef9-1cfd-f3d78c44a475" testName="clickEditEquipmentAfterConfirmDelete" computerName="TESTORIGEN-PC" duration="00:01:07.2247245" startTime="2015-08-17T12:17:31.4625887+05:30" endTime="2015-08-17T12:18:38.6884338+05:30" testType="13cdc9d9-ddb5-4fa4-a97d-d965ccfc6d4b" outcome="Passed" testListId="8c84fa94-04c1-424b-9868-57a2d4851a1d" relativeResultsDirectory="ba21e4ae-4081-4c36-9791-4dc3b45b5cc3">
      <Output>
        <StdOut>Logged in as: AslamKhan / 1qaz!QAZ
Redirected at Dashboard screen.</StdOut>
      </Output>
    </UnitTestResult>
    <UnitTestResult executionId="27e73147-1344-4b44-87f4-664ac8594ae7" testId="01c1dd74-2fb1-fbb6-f8e3-ed1a182e0af3" testName="clientContactTabExpandOnClickLabel" computerName="TESTORIGEN-PC" duration="00:01:04.4821400" startTime="2015-08-17T12:18:38.6894338+05:30" endTime="2015-08-17T12:19:43.1731221+05:30" testType="13cdc9d9-ddb5-4fa4-a97d-d965ccfc6d4b" outcome="Passed" testListId="8c84fa94-04c1-424b-9868-57a2d4851a1d" relativeResultsDirectory="27e73147-1344-4b44-87f4-664ac8594ae7">
      <Output>
        <StdOut>Logged in as: AslamKhan / 1qaz!QAZ
Redirected at Dashboard screen.</StdOut>
      </Output>
    </UnitTestResult>
    <UnitTestResult executionId="97ee7f13-c73f-4f56-b2b6-1afebb00a03d" testId="b7117c23-ebaf-3c92-917e-0d5689b3320e" testName="clientDublicateMatchOverlay" computerName="TESTORIGEN-PC" duration="00:01:18.6139260" startTime="2015-08-17T12:19:43.1731221+05:30" endTime="2015-08-17T12:21:01.7896187+05:30" testType="13cdc9d9-ddb5-4fa4-a97d-d965ccfc6d4b" outcome="Passed" testListId="8c84fa94-04c1-424b-9868-57a2d4851a1d" relativeResultsDirectory="97ee7f13-c73f-4f56-b2b6-1afebb00a03d">
      <Output>
        <StdOut>Logged in as: AslamKhan / 1qaz!QAZ
Redirected at Dashboard screen.</StdOut>
      </Output>
    </UnitTestResult>
    <UnitTestResult executionId="75d50a02-1527-4a6d-abe2-d0c673d8c9ba" testId="181c25d2-1724-3a41-d18c-b54a0ccc2e46" testName="clientMerchantIssue1" computerName="TESTORIGEN-PC" duration="00:00:49.2731354" startTime="2015-08-17T12:21:01.7896187+05:30" endTime="2015-08-17T12:21:51.0634370+05:30" testType="13cdc9d9-ddb5-4fa4-a97d-d965ccfc6d4b" outcome="Passed" testListId="8c84fa94-04c1-424b-9868-57a2d4851a1d" relativeResultsDirectory="75d50a02-1527-4a6d-abe2-d0c673d8c9ba">
      <Output>
        <StdOut>Logged in as: AslamKhan / 1qaz!QAZ
Redirected at Dashboard screen.</StdOut>
      </Output>
    </UnitTestResult>
    <UnitTestResult executionId="a32b3bb0-08ba-485f-b466-942ac38e9be9" testId="9a7b6b9a-3023-3a2b-3d10-0bf04068cf88" testName="clientMerchantIssue2" computerName="TESTORIGEN-PC" duration="00:00:45.2566492" startTime="2015-08-17T12:21:51.0634370+05:30" endTime="2015-08-17T12:22:36.3220256+05:30" testType="13cdc9d9-ddb5-4fa4-a97d-d965ccfc6d4b" outcome="Passed" testListId="8c84fa94-04c1-424b-9868-57a2d4851a1d" relativeResultsDirectory="a32b3bb0-08ba-485f-b466-942ac38e9be9">
      <Output>
        <StdOut>Logged in as: AslamKhan / 1qaz!QAZ
Redirected at Dashboard screen.</StdOut>
      </Output>
    </UnitTestResult>
    <UnitTestResult executionId="adff69de-df9a-4657-914e-0173acb160fe" testId="ee1173d2-973c-26e9-727d-00a67b6abd2f" testName="clientPDFInactive" computerName="TESTORIGEN-PC" duration="00:01:29.5004773" startTime="2015-08-17T12:22:36.3220256+05:30" endTime="2015-08-17T12:24:05.8251449+05:30" testType="13cdc9d9-ddb5-4fa4-a97d-d965ccfc6d4b" outcome="Failed" testListId="8c84fa94-04c1-424b-9868-57a2d4851a1d" relativeResultsDirectory="adff69de-df9a-4657-914e-0173acb160fe">
      <Output>
        <StdOut>Logged in as: AslamKhan / 1qaz!QAZ
Redirected at Dashboard screen.</StdOut>
        <ErrorInfo>
          <Message>Assert.IsFalse failed. Text String: 2Found.</Message>
          <StackTrace>   at PegasusTests.PageHelper.Comm.DriverHelper.VerifyTextNotPresent(String text) in e:\Pegasus_Project\Pegasus_New_Skin\Pegasus_New_skin\Pegasus_New_skin\PageHelper\Comm\DriverHelper.cs:line 587
   at PegasusTests.Scripts.ClientsTests.ClientPDFInactive.clientPDFInactive() in e:\Pegasus_Project\Pegasus_New_Skin\Pegasus_New_skin\Pegasus_New_skin\Scripts\NewSkinTaskJira\ClientPDFInactive.cs:line 78
</StackTrace>
        </ErrorInfo>
      </Output>
    </UnitTestResult>
    <UnitTestResult executionId="e8913d6b-ed27-4c6f-b80e-0f9abf3afac7" testId="c113ee0b-dea0-ba2a-4a37-7e71463c41c8" testName="clientRequiredField" computerName="TESTORIGEN-PC" duration="00:00:52.3538717" startTime="2015-08-17T12:24:05.8251449+05:30" endTime="2015-08-17T12:24:58.1801395+05:30" testType="13cdc9d9-ddb5-4fa4-a97d-d965ccfc6d4b" outcome="Passed" testListId="8c84fa94-04c1-424b-9868-57a2d4851a1d" relativeResultsDirectory="e8913d6b-ed27-4c6f-b80e-0f9abf3afac7">
      <Output>
        <StdOut>Logged in as: AslamKhan / 1qaz!QAZ
Redirected at Dashboard screen.</StdOut>
      </Output>
    </UnitTestResult>
    <UnitTestResult executionId="d4117cfe-3f46-4f18-86d9-b2eba6f525fc" testId="b47ab7f2-7c09-856a-1469-10cf7e1e0458" testName="clientResidualAdjustment" computerName="TESTORIGEN-PC" duration="00:00:56.5193398" startTime="2015-08-17T12:24:58.1801395+05:30" endTime="2015-08-17T12:25:54.7013723+05:30" testType="13cdc9d9-ddb5-4fa4-a97d-d965ccfc6d4b" outcome="Passed" testListId="8c84fa94-04c1-424b-9868-57a2d4851a1d" relativeResultsDirectory="d4117cfe-3f46-4f18-86d9-b2eba6f525fc">
      <Output>
        <StdOut>Logged in as: AslamKhan / 1qaz!QAZ
Redirected at Dashboard screen.</StdOut>
      </Output>
    </UnitTestResult>
    <UnitTestResult executionId="162cfc73-70db-4b9c-9923-b0e4662ff092" testId="80ff8e72-8ff4-afe5-5c4e-babbe2f49ee4" testName="clientVerifyCanadaCountry" computerName="TESTORIGEN-PC" duration="00:00:56.5499717" startTime="2015-08-17T12:25:54.7013723+05:30" endTime="2015-08-17T12:26:51.2526068+05:30" testType="13cdc9d9-ddb5-4fa4-a97d-d965ccfc6d4b" outcome="Passed" testListId="8c84fa94-04c1-424b-9868-57a2d4851a1d" relativeResultsDirectory="162cfc73-70db-4b9c-9923-b0e4662ff092">
      <Output>
        <StdOut>Logged in as: AslamKhan / 1qaz!QAZ
Redirected at Dashboard screen.</StdOut>
      </Output>
    </UnitTestResult>
    <UnitTestResult executionId="bff5227a-2f8f-43ad-a19f-ffdbfdc2c108" testId="11b81a51-5dd0-366c-0281-30d54286029a" testName="convertLeadMoveToRecycleBin" computerName="TESTORIGEN-PC" duration="00:01:09.8445481" startTime="2015-08-17T12:26:51.2536069+05:30" endTime="2015-08-17T12:28:01.0996019+05:30" testType="13cdc9d9-ddb5-4fa4-a97d-d965ccfc6d4b" outcome="Passed" testListId="8c84fa94-04c1-424b-9868-57a2d4851a1d" relativeResultsDirectory="bff5227a-2f8f-43ad-a19f-ffdbfdc2c108">
      <Output>
        <StdOut>Logged in as: AslamKhan / 1qaz!QAZ
Redirected at Dashboard screen.</StdOut>
      </Output>
    </UnitTestResult>
    <UnitTestResult executionId="cabef7a3-74ad-42f5-97b3-bdc281190aa5" testId="86209b9d-c8ef-ef98-c2b7-2920f433756d" testName="copyrightNotAvail" computerName="TESTORIGEN-PC" duration="00:00:45.1245443" startTime="2015-08-17T12:28:01.0996019+05:30" endTime="2015-08-17T12:28:46.2261830+05:30" testType="13cdc9d9-ddb5-4fa4-a97d-d965ccfc6d4b" outcome="Passed" testListId="8c84fa94-04c1-424b-9868-57a2d4851a1d" relativeResultsDirectory="cabef7a3-74ad-42f5-97b3-bdc281190aa5">
      <Output>
        <StdOut>Logged in as: AslamKhan / 1qaz!QAZ
Redirected at Dashboard screen.</StdOut>
      </Output>
    </UnitTestResult>
    <UnitTestResult executionId="58786686-0ecb-4e91-be8e-616ae9df9ab2" testId="1bfb404a-0507-99ce-62a4-3d9ae6737f43" testName="corpEmployeeIssues" computerName="TESTORIGEN-PC" duration="00:01:00.0346959" startTime="2015-08-17T12:28:46.2261830+05:30" endTime="2015-08-17T12:29:46.2626168+05:30" testType="13cdc9d9-ddb5-4fa4-a97d-d965ccfc6d4b" outcome="Passed" testListId="8c84fa94-04c1-424b-9868-57a2d4851a1d" relativeResultsDirectory="58786686-0ecb-4e91-be8e-616ae9df9ab2">
      <Output>
        <StdOut>Logged in as: selcorp / seWelcome2
Redirected at Dashboard screen.</StdOut>
      </Output>
    </UnitTestResult>
    <UnitTestResult executionId="c14154d9-e64e-40d4-ad05-7405dc3335a6" testId="3d8ee334-4ea5-3518-9c3a-fd8b51d3045a" testName="createClientError" computerName="TESTORIGEN-PC" duration="00:01:05.1630760" startTime="2015-08-17T12:29:46.2626168+05:30" endTime="2015-08-17T12:30:51.4273440+05:30" testType="13cdc9d9-ddb5-4fa4-a97d-d965ccfc6d4b" outcome="Passed" testListId="8c84fa94-04c1-424b-9868-57a2d4851a1d" relativeResultsDirectory="c14154d9-e64e-40d4-ad05-7405dc3335a6">
      <Output>
        <StdOut>Logged in as: AslamKhan / 1qaz!QAZ
Redirected at Dashboard screen.</StdOut>
      </Output>
    </UnitTestResult>
    <UnitTestResult executionId="565c1cf5-9d39-4990-8684-48149cd470c4" testId="e8d2a080-7634-f2c4-f926-42b63bf49db4" testName="createEquipmentNewSkin" computerName="TESTORIGEN-PC" duration="00:00:52.1598513" startTime="2015-08-17T12:30:51.4273440+05:30" endTime="2015-08-17T12:31:43.5893275+05:30" testType="13cdc9d9-ddb5-4fa4-a97d-d965ccfc6d4b" outcome="Passed" testListId="8c84fa94-04c1-424b-9868-57a2d4851a1d" relativeResultsDirectory="565c1cf5-9d39-4990-8684-48149cd470c4">
      <Output>
        <StdOut>Logged in as: AslamKhan / 1qaz!QAZ
Redirected at Dashboard screen.</StdOut>
      </Output>
    </UnitTestResult>
    <UnitTestResult executionId="dcf0496f-e080-4ece-814f-8883da8b2d57" testId="9780a645-4095-c833-3d95-0ba17d6597b4" testName="createLeadWithRequiredFieldNewSkin" computerName="TESTORIGEN-PC" duration="00:01:17.8133431" startTime="2015-08-17T12:31:43.5893275+05:30" endTime="2015-08-17T12:33:01.4047783+05:30" testType="13cdc9d9-ddb5-4fa4-a97d-d965ccfc6d4b" outcome="Passed" testListId="8c84fa94-04c1-424b-9868-57a2d4851a1d" relativeResultsDirectory="dcf0496f-e080-4ece-814f-8883da8b2d57">
      <Output>
        <StdOut>Logged in as: AslamKhan / 1qaz!QAZ
Redirected at Dashboard screen.</StdOut>
      </Output>
    </UnitTestResult>
    <UnitTestResult executionId="cacc7568-fce1-4903-ba58-0a28a43f0f92" testId="c0aae661-376d-ca04-ce30-65203124e8ba" testName="createOfficeNewSkin" computerName="TESTORIGEN-PC" duration="00:01:02.4504046" startTime="2015-08-17T12:33:01.4047783+05:30" endTime="2015-08-17T12:34:03.8563504+05:30" testType="13cdc9d9-ddb5-4fa4-a97d-d965ccfc6d4b" outcome="Passed" testListId="8c84fa94-04c1-424b-9868-57a2d4851a1d" relativeResultsDirectory="cacc7568-fce1-4903-ba58-0a28a43f0f92">
      <Output>
        <StdOut>Logged in as: selcorp / seWelcome2
Redirected at Dashboard screen.</StdOut>
      </Output>
    </UnitTestResult>
    <UnitTestResult executionId="28b85ed7-2ffd-40b4-8c78-3e98fd4a85b1" testId="225dff06-bf76-de06-4ee3-83bec1444e67" testName="createPDFPackage" computerName="TESTORIGEN-PC" duration="00:00:59.7316063" startTime="2015-08-17T12:34:03.8573504+05:30" endTime="2015-08-17T12:35:03.5897669+05:30" testType="13cdc9d9-ddb5-4fa4-a97d-d965ccfc6d4b" outcome="Passed" testListId="8c84fa94-04c1-424b-9868-57a2d4851a1d" relativeResultsDirectory="28b85ed7-2ffd-40b4-8c78-3e98fd4a85b1">
      <Output>
        <StdOut>Logged in as: AslamKhan / 1qaz!QAZ
Redirected at Dashboard screen.</StdOut>
      </Output>
    </UnitTestResult>
    <UnitTestResult executionId="cd46d729-dd78-40a9-a278-b2c233900e6f" testId="54e0bcd3-13b1-1c68-dd4c-0a6808043fde" testName="createPDFPackagePushToOffice" computerName="TESTORIGEN-PC" duration="00:01:25.3187329" startTime="2015-08-17T12:35:03.5897669+05:30" endTime="2015-08-17T12:36:28.9106470+05:30" testType="13cdc9d9-ddb5-4fa4-a97d-d965ccfc6d4b" outcome="Passed" testListId="8c84fa94-04c1-424b-9868-57a2d4851a1d" relativeResultsDirectory="cd46d729-dd78-40a9-a278-b2c233900e6f">
      <Output>
        <StdOut>Logged in as: selcorp / seWelcome2
Redirected at Dashboard screen.
Redirected at Dashboard screen.</StdOut>
      </Output>
    </UnitTestResult>
    <UnitTestResult executionId="5dcd00e8-3743-4695-8fd8-9a82a75393de" testId="6c3ec04a-c589-1298-4bba-44a34d77680d" testName="createProcessorNewSkin" computerName="TESTORIGEN-PC" duration="00:00:35.9911091" startTime="2015-08-17T12:36:28.9106470+05:30" endTime="2015-08-17T12:37:04.9037057+05:30" testType="13cdc9d9-ddb5-4fa4-a97d-d965ccfc6d4b" outcome="Passed" testListId="8c84fa94-04c1-424b-9868-57a2d4851a1d" relativeResultsDirectory="5dcd00e8-3743-4695-8fd8-9a82a75393de">
      <Output>
        <StdOut>Logged in as: selcorp / seWelcome2
Redirected at Dashboard screen.</StdOut>
      </Output>
    </UnitTestResult>
    <UnitTestResult executionId="3e6ccf95-f417-487f-ad02-b9100dbe82b8" testId="8e0d478e-9b1f-b036-cda4-428d3304bc9d" testName="createReportValidation" computerName="TESTORIGEN-PC" duration="00:01:00.0400650" startTime="2015-08-17T12:37:04.9037057+05:30" endTime="2015-08-17T12:38:04.9451398+05:30" testType="13cdc9d9-ddb5-4fa4-a97d-d965ccfc6d4b" outcome="Passed" testListId="8c84fa94-04c1-424b-9868-57a2d4851a1d" relativeResultsDirectory="3e6ccf95-f417-487f-ad02-b9100dbe82b8">
      <Output>
        <StdOut>Logged in as: AslamKhan / 1qaz!QAZ
Redirected at Dashboard screen.</StdOut>
      </Output>
    </UnitTestResult>
    <UnitTestResult executionId="f08a7bbb-7cf8-4b6c-8039-d1a3b44d1467" testId="ac466cc6-5028-9fc8-e133-9864bcf4fe88" testName="createUserError" computerName="TESTORIGEN-PC" duration="00:00:50.3248788" startTime="2015-08-17T12:38:04.9451398+05:30" endTime="2015-08-17T12:38:55.2720184+05:30" testType="13cdc9d9-ddb5-4fa4-a97d-d965ccfc6d4b" outcome="Passed" testListId="8c84fa94-04c1-424b-9868-57a2d4851a1d" relativeResultsDirectory="f08a7bbb-7cf8-4b6c-8039-d1a3b44d1467">
      <Output>
        <StdOut>Logged in as: AslamKhan / 1qaz!QAZ</StdOut>
      </Output>
    </UnitTestResult>
    <UnitTestResult executionId="a84b8b74-7d18-46ed-ae6c-54f5548a3a43" testId="7f132701-8100-d7a7-582e-336ee30439dc" testName="createUserError1" computerName="TESTORIGEN-PC" duration="00:01:58.0313820" startTime="2015-08-17T12:38:55.2720184+05:30" endTime="2015-08-17T12:40:53.3057695+05:30" testType="13cdc9d9-ddb5-4fa4-a97d-d965ccfc6d4b" outcome="Passed" testListId="8c84fa94-04c1-424b-9868-57a2d4851a1d" relativeResultsDirectory="a84b8b74-7d18-46ed-ae6c-54f5548a3a43">
      <Output>
        <StdOut>Logged in as: AslamKhan / 1qaz!QAZ</StdOut>
      </Output>
    </UnitTestResult>
    <UnitTestResult executionId="3d2b773c-69bb-4e95-a878-2e2d104329cf" testId="110cbcae-34c8-6509-5400-6842f9e0f5ca" testName="createUserError2" computerName="TESTORIGEN-PC" duration="00:00:47.4896791" startTime="2015-08-17T12:40:53.3057695+05:30" endTime="2015-08-17T12:41:40.7964858+05:30" testType="13cdc9d9-ddb5-4fa4-a97d-d965ccfc6d4b" outcome="Passed" testListId="8c84fa94-04c1-424b-9868-57a2d4851a1d" relativeResultsDirectory="3d2b773c-69bb-4e95-a878-2e2d104329cf">
      <Output>
        <StdOut>Logged in as: AslamKhan / 1qaz!QAZ</StdOut>
      </Output>
    </UnitTestResult>
    <UnitTestResult executionId="38423cff-55eb-4883-a753-ee3922222634" testId="30257349-d269-2c45-8b7a-3f657728a2fb" testName="deleteAllRevenueShareClient" computerName="TESTORIGEN-PC" duration="00:01:20.5958164" startTime="2015-08-17T12:41:40.7974859+05:30" endTime="2015-08-17T12:43:01.3950958+05:30" testType="13cdc9d9-ddb5-4fa4-a97d-d965ccfc6d4b" outcome="Passed" testListId="8c84fa94-04c1-424b-9868-57a2d4851a1d" relativeResultsDirectory="38423cff-55eb-4883-a753-ee3922222634">
      <Output>
        <StdOut>Logged in as: AslamKhan / 1qaz!QAZ
Redirected at Dashboard screen.</StdOut>
      </Output>
    </UnitTestResult>
    <UnitTestResult executionId="cd5a4345-eb75-4716-a053-95561ff11bb5" testId="22eaf6ce-1169-54f0-138c-0f7ee2219abd" testName="deleteEmployee" computerName="TESTORIGEN-PC" duration="00:00:38.3451429" startTime="2015-08-17T12:43:01.3950958+05:30" endTime="2015-08-17T12:43:39.7412891+05:30" testType="13cdc9d9-ddb5-4fa4-a97d-d965ccfc6d4b" outcome="Failed" testListId="8c84fa94-04c1-424b-9868-57a2d4851a1d" relativeResultsDirectory="cd5a4345-eb75-4716-a053-95561ff11bb5">
      <Output>
        <StdOut>Logged in as: selcorp / seWelcome2
Redirected at Dashboard screen.</StdOut>
        <ErrorInfo>
          <Message>Test method PegasusTests.Scripts.ClientsTests.DeleteEmployee.deleteEmployee threw exception: 
OpenQA.Selenium.NoSuchFrameException: no such frame: element is not a frame
  (Session info: chrome=44.0.2403.155)
  (Driver info: chromedriver=2.14.313457 (3d645c400edf2e2c500566c9aa096063e707c9cf),platform=Windows NT 6.1 SP1 x86_64)</Message>
          <StackTrace>    at OpenQA.Selenium.Remote.RemoteWebDriver.UnpackAndThrowOnError(Response errorResponse)
   at OpenQA.Selenium.Remote.RemoteWebDriver.Execute(String driverCommandToExecute, Dictionary`2 parameters)
   at OpenQA.Selenium.Remote.RemoteTargetLocator.Frame(IWebElement frameElement)
   at PegasusTests.PageHelper.PartnerAgentHelperNewSkin.switchFrame(String frameid) in e:\Pegasus_Project\Pegasus_New_Skin\Pegasus_New_skin\Pegasus_New_skin\PageHelper\PartnerAgentHelperNewSkin.cs:line 115
   at PegasusTests.Scripts.ClientsTests.DeleteEmployee.deleteEmployee() in e:\Pegasus_Project\Pegasus_New_Skin\Pegasus_New_skin\Pegasus_New_skin\Scripts\NewSkinTaskJira\DeleteEmployee.cs:line 97
</StackTrace>
        </ErrorInfo>
      </Output>
    </UnitTestResult>
    <UnitTestResult executionId="ba4b7b09-75e4-4182-9bba-ba4de38c428e" testId="cd2349a5-754f-0e19-994d-2346f7ee6f57" testName="deleteEquipmentNewSkin" computerName="TESTORIGEN-PC" duration="00:01:05.0319586" startTime="2015-08-17T12:43:39.7412891+05:30" endTime="2015-08-17T12:44:44.7750088+05:30" testType="13cdc9d9-ddb5-4fa4-a97d-d965ccfc6d4b" outcome="Passed" testListId="8c84fa94-04c1-424b-9868-57a2d4851a1d" relativeResultsDirectory="ba4b7b09-75e4-4182-9bba-ba4de38c428e">
      <Output>
        <StdOut>Logged in as: AslamKhan / 1qaz!QAZ
Redirected at Dashboard screen.</StdOut>
      </Output>
    </UnitTestResult>
    <UnitTestResult executionId="5383faa6-ce0e-4f4c-90f7-e1d617486815" testId="73732dff-e65b-2925-15b2-fc5002d5cd57" testName="deleteIndividualRevenue" computerName="TESTORIGEN-PC" duration="00:01:55.7886771" startTime="2015-08-17T12:44:44.7750088+05:30" endTime="2015-08-17T12:46:40.5666317+05:30" testType="13cdc9d9-ddb5-4fa4-a97d-d965ccfc6d4b" outcome="Passed" testListId="8c84fa94-04c1-424b-9868-57a2d4851a1d" relativeResultsDirectory="5383faa6-ce0e-4f4c-90f7-e1d617486815">
      <Output>
        <StdOut>Logged in as: AslamKhan / 1qaz!QAZ
Redirected at Dashboard screen.</StdOut>
      </Output>
    </UnitTestResult>
    <UnitTestResult executionId="dada9cf6-5aa4-48bb-9698-4cba60e6ebbc" testId="200f2942-fcb9-6450-a389-794592e9b5cc" testName="deleteOfficeNewSkin" computerName="TESTORIGEN-PC" duration="00:01:47.8345335" startTime="2015-08-17T12:46:40.5666317+05:30" endTime="2015-08-17T12:48:28.4037996+05:30" testType="13cdc9d9-ddb5-4fa4-a97d-d965ccfc6d4b" outcome="Passed" testListId="8c84fa94-04c1-424b-9868-57a2d4851a1d" relativeResultsDirectory="dada9cf6-5aa4-48bb-9698-4cba60e6ebbc">
      <Output>
        <StdOut>Logged in as: selcorp / seWelcome2
Redirected at Dashboard screen.</StdOut>
      </Output>
    </UnitTestResult>
    <UnitTestResult executionId="671574c8-885e-46dc-95e7-8e3bb8800e61" testId="e583e817-da39-b6e3-11da-6d2a55a549de" testName="deletePDFTemplate" computerName="TESTORIGEN-PC" duration="00:01:16.0708425" startTime="2015-08-17T12:48:28.4037996+05:30" endTime="2015-08-17T12:49:44.4771508+05:30" testType="13cdc9d9-ddb5-4fa4-a97d-d965ccfc6d4b" outcome="Passed" testListId="8c84fa94-04c1-424b-9868-57a2d4851a1d" relativeResultsDirectory="671574c8-885e-46dc-95e7-8e3bb8800e61">
      <Output>
        <StdOut>Logged in as: AslamKhan / 1qaz!QAZ
Redirected at Dashboard screen.</StdOut>
      </Output>
    </UnitTestResult>
    <UnitTestResult executionId="8e3d0b25-2c8a-4a9b-b1e4-5ecb463431a5" testId="35bd9b17-2e60-aab0-1b76-88768e271b9f" testName="deletePDFTemplateCorp" computerName="TESTORIGEN-PC" duration="00:01:03.8051083" startTime="2015-08-17T12:49:44.4771508+05:30" endTime="2015-08-17T12:50:48.2838003+05:30" testType="13cdc9d9-ddb5-4fa4-a97d-d965ccfc6d4b" outcome="Passed" testListId="8c84fa94-04c1-424b-9868-57a2d4851a1d" relativeResultsDirectory="8e3d0b25-2c8a-4a9b-b1e4-5ecb463431a5">
      <Output>
        <StdOut>Logged in as: selcorp / seWelcome2
Redirected at Dashboard screen.</StdOut>
      </Output>
    </UnitTestResult>
    <UnitTestResult executionId="5a6964a8-3c46-4511-bfac-bb5b0da370b8" testId="a8654672-39e6-9749-e64f-f336ca308b0d" testName="deleteProductAdmin" computerName="TESTORIGEN-PC" duration="00:01:13.7347427" startTime="2015-08-17T12:50:48.2838003+05:30" endTime="2015-08-17T12:52:02.0210178+05:30" testType="13cdc9d9-ddb5-4fa4-a97d-d965ccfc6d4b" outcome="Passed" testListId="8c84fa94-04c1-424b-9868-57a2d4851a1d" relativeResultsDirectory="5a6964a8-3c46-4511-bfac-bb5b0da370b8">
      <Output>
        <StdOut>Logged in as: AslamKhan / 1qaz!QAZ
Redirected at Dashboard screen.</StdOut>
      </Output>
    </UnitTestResult>
    <UnitTestResult executionId="8f41002a-3038-4b37-a2a5-fdd5fb7db954" testId="4330d98c-49e0-3371-760a-38d2e071aec5" testName="deleteSaleAgentCodeAndRevenueShare" computerName="TESTORIGEN-PC" duration="00:01:31.4383328" startTime="2015-08-17T12:52:02.0210178+05:30" endTime="2015-08-17T12:53:33.4612479+05:30" testType="13cdc9d9-ddb5-4fa4-a97d-d965ccfc6d4b" outcome="Passed" testListId="8c84fa94-04c1-424b-9868-57a2d4851a1d" relativeResultsDirectory="8f41002a-3038-4b37-a2a5-fdd5fb7db954">
      <Output>
        <StdOut>Logged in as: AslamKhan / 1qaz!QAZ
Redirected at Dashboard screen.</StdOut>
      </Output>
    </UnitTestResult>
    <UnitTestResult executionId="1071394f-51d4-40de-adc2-de899d774091" testId="b35b0d71-79da-bc60-f850-98a6f43dde34" testName="editClientNewSkin" computerName="TESTORIGEN-PC" duration="00:01:48.7658735" startTime="2015-08-17T12:53:33.4612479+05:30" endTime="2015-08-17T12:55:22.2294691+05:30" testType="13cdc9d9-ddb5-4fa4-a97d-d965ccfc6d4b" outcome="Passed" testListId="8c84fa94-04c1-424b-9868-57a2d4851a1d" relativeResultsDirectory="1071394f-51d4-40de-adc2-de899d774091">
      <Output>
        <StdOut>Logged in as: AslamKhan / 1qaz!QAZ
Redirected at Dashboard screen.</StdOut>
      </Output>
    </UnitTestResult>
    <UnitTestResult executionId="438f32f1-013f-4b4f-a58f-34cde464fcd5" testId="c3017713-9611-9ede-6da7-88b946a87296" testName="editCorpEmployee" computerName="TESTORIGEN-PC" duration="00:00:45.3656672" startTime="2015-08-17T12:55:22.2304692+05:30" endTime="2015-08-17T12:56:07.5970640+05:30" testType="13cdc9d9-ddb5-4fa4-a97d-d965ccfc6d4b" outcome="Passed" testListId="8c84fa94-04c1-424b-9868-57a2d4851a1d" relativeResultsDirectory="438f32f1-013f-4b4f-a58f-34cde464fcd5">
      <Output>
        <StdOut>Logged in as: selcorp / seWelcome2
Redirected at Dashboard screen.</StdOut>
      </Output>
    </UnitTestResult>
    <UnitTestResult executionId="0aa9f36d-e55a-453b-8181-553c7e3db9f2" testId="74866589-49d4-14a2-ab66-e67497887a93" testName="editMyProfile" computerName="TESTORIGEN-PC" duration="00:00:41.4479919" startTime="2015-08-17T12:56:07.5970640+05:30" endTime="2015-08-17T12:56:49.0464348+05:30" testType="13cdc9d9-ddb5-4fa4-a97d-d965ccfc6d4b" outcome="Passed" testListId="8c84fa94-04c1-424b-9868-57a2d4851a1d" relativeResultsDirectory="0aa9f36d-e55a-453b-8181-553c7e3db9f2">
      <Output>
        <StdOut>Logged in as: AslamKhan / 1qaz!QAZ
Redirected at Dashboard screen.</StdOut>
      </Output>
    </UnitTestResult>
    <UnitTestResult executionId="02ac8f58-44aa-4605-a752-06794c65c7e5" testId="05d21f98-f89f-abe0-e652-2467ebe62129" testName="editOmahaAuthGripAdmin" computerName="TESTORIGEN-PC" duration="00:01:00.8014828" startTime="2015-08-17T12:56:49.0464348+05:30" endTime="2015-08-17T12:57:49.8499125+05:30" testType="13cdc9d9-ddb5-4fa4-a97d-d965ccfc6d4b" outcome="Passed" testListId="8c84fa94-04c1-424b-9868-57a2d4851a1d" relativeResultsDirectory="02ac8f58-44aa-4605-a752-06794c65c7e5">
      <Output>
        <StdOut>Logged in as: AslamKhan / 1qaz!QAZ
Redirected at Dashboard screen.</StdOut>
      </Output>
    </UnitTestResult>
    <UnitTestResult executionId="8a55fee6-2f1a-4e3e-8a52-8a2b281e47d5" testId="cb11f649-10e0-17c6-1b6c-ace3cef76252" testName="editPartnerAgentNewSkin" computerName="TESTORIGEN-PC" duration="00:00:48.7517043" startTime="2015-08-17T12:57:49.8499125+05:30" endTime="2015-08-17T12:58:38.6027010+05:30" testType="13cdc9d9-ddb5-4fa4-a97d-d965ccfc6d4b" outcome="Passed" testListId="8c84fa94-04c1-424b-9868-57a2d4851a1d" relativeResultsDirectory="8a55fee6-2f1a-4e3e-8a52-8a2b281e47d5">
      <Output>
        <StdOut>Logged in as: AslamKhan / 1qaz!QAZ
Redirected at Dashboard screen.</StdOut>
      </Output>
    </UnitTestResult>
    <UnitTestResult executionId="54318832-be01-497e-ac34-94c11210345b" testId="275dbb9b-c414-2a37-4ac4-666d31fe13d2" testName="editPDFTemplateNewSkin" computerName="TESTORIGEN-PC" duration="00:01:01.9839696" startTime="2015-08-17T12:58:38.6037011+05:30" endTime="2015-08-17T12:59:40.5892465+05:30" testType="13cdc9d9-ddb5-4fa4-a97d-d965ccfc6d4b" outcome="Failed" testListId="8c84fa94-04c1-424b-9868-57a2d4851a1d" relativeResultsDirectory="54318832-be01-497e-ac34-94c11210345b">
      <Output>
        <StdOut>Logged in as: AslamKhan / 1qaz!QAZ
Redirected at Dashboard screen.</StdOut>
        <ErrorInfo>
          <Message>Test method PegasusTests.Scripts.ClientsTests.EditPDFTemplateNewSkin.editPDFTemplateNewSkin threw exception: 
System.InvalidOperationException: unknown error: Element is not clickable at point (896, 138). Other element would receive the click: &lt;div class="modal-backdrop fade in"&gt;&lt;/div&gt;
  (Session info: chrome=44.0.2403.155)
  (Driver info: chromedriver=2.14.313457 (3d645c400edf2e2c500566c9aa096063e707c9cf),platform=Windows NT 6.1 SP1 x86_64)</Message>
          <StackTrace>    at OpenQA.Selenium.Remote.RemoteWebDriver.UnpackAndThrowOnError(Response errorResponse)
   at OpenQA.Selenium.Remote.RemoteWebDriver.Execute(String driverCommandToExecute, Dictionary`2 parameters)
   at OpenQA.Selenium.Remote.RemoteWebElement.Click()
   at PegasusTests.PageHelper.Comm.DriverHelper.Click(String locator) in e:\Pegasus_Project\Pegasus_New_Skin\Pegasus_New_skin\Pegasus_New_skin\PageHelper\Comm\DriverHelper.cs:line 247
   at PegasusTests.PageHelper.PDFTemplateAdminHelper.ClickElement(String XmlNode) in e:\Pegasus_Project\Pegasus_New_Skin\Pegasus_New_skin\Pegasus_New_skin\PageHelper\PDFTemplateAdminHelper.cs:line 27
   at PegasusTests.Scripts.ClientsTests.EditPDFTemplateNewSkin.editPDFTemplateNewSkin() in e:\Pegasus_Project\Pegasus_New_Skin\Pegasus_New_skin\Pegasus_New_skin\Scripts\NewSkinTaskJira\EditPDFTemplateNewSkin.cs:line 67
</StackTrace>
        </ErrorInfo>
      </Output>
    </UnitTestResult>
    <UnitTestResult executionId="33b2c822-b60e-4799-9010-55b6fb618d34" testId="ccb9ec67-8114-383e-dd53-cd95c6cb6f85" testName="editProductCategoryAdmin" computerName="TESTORIGEN-PC" duration="00:01:42.9144861" startTime="2015-08-17T12:59:40.5892465+05:30" endTime="2015-08-17T13:01:23.5051329+05:30" testType="13cdc9d9-ddb5-4fa4-a97d-d965ccfc6d4b" outcome="Failed" testListId="8c84fa94-04c1-424b-9868-57a2d4851a1d" relativeResultsDirectory="33b2c822-b60e-4799-9010-55b6fb618d34">
      <Output>
        <StdOut>Logged in as: AslamKhan / 1qaz!QAZ
Redirected at Dashboard screen.</StdOut>
        <ErrorInfo>
          <Message>Assert.IsTrue failed. </Message>
          <StackTrace>   at PegasusTests.PageHelper.Comm.DriverHelper.Click(String locator) in e:\Pegasus_Project\Pegasus_New_Skin\Pegasus_New_skin\Pegasus_New_skin\PageHelper\Comm\DriverHelper.cs:line 246
   at PegasusTests.PageHelper.ClientHelperNewSkin.ClickElement(String xmlNode) in e:\Pegasus_Project\Pegasus_New_Skin\Pegasus_New_skin\Pegasus_New_skin\PageHelper\ClientHelperNewSkin.cs:line 62
   at PegasusTests.Scripts.ClientsTests.EditProductCategoryAdmin.editProductCategoryAdmin() in e:\Pegasus_Project\Pegasus_New_Skin\Pegasus_New_skin\Pegasus_New_skin\Scripts\NewSkinTaskJira\EditProductCategoryAdmin.cs:line 69
</StackTrace>
        </ErrorInfo>
      </Output>
    </UnitTestResult>
    <UnitTestResult executionId="efcb4f91-d985-489b-add4-b2f8e3834d27" testId="528af298-d3f3-512b-de3c-5acccc360e09" testName="editThemeAdmin" computerName="TESTORIGEN-PC" duration="00:00:48.0360132" startTime="2015-08-17T13:01:23.5061330+05:30" endTime="2015-08-17T13:02:11.5428805+05:30" testType="13cdc9d9-ddb5-4fa4-a97d-d965ccfc6d4b" outcome="Passed" testListId="8c84fa94-04c1-424b-9868-57a2d4851a1d" relativeResultsDirectory="efcb4f91-d985-489b-add4-b2f8e3834d27">
      <Output>
        <StdOut>Logged in as: AslamKhan / 1qaz!QAZ
Redirected at Dashboard screen.</StdOut>
      </Output>
    </UnitTestResult>
    <UnitTestResult executionId="e78bcfcf-4b2b-460a-a26a-027e00fc74bc" testId="5e9fd44a-6de8-5ecb-2a69-3a2f704dfe51" testName="emailNoteWithRelatedTo" computerName="TESTORIGEN-PC" duration="00:01:15.3009649" startTime="2015-08-17T13:02:11.5438806+05:30" endTime="2015-08-17T13:03:26.8461876+05:30" testType="13cdc9d9-ddb5-4fa4-a97d-d965ccfc6d4b" outcome="Passed" testListId="8c84fa94-04c1-424b-9868-57a2d4851a1d" relativeResultsDirectory="e78bcfcf-4b2b-460a-a26a-027e00fc74bc">
      <Output>
        <StdOut>Logged in as: AslamKhan / 1qaz!QAZ
Redirected at Dashboard screen.</StdOut>
      </Output>
    </UnitTestResult>
    <UnitTestResult executionId="c91b7f40-ba55-4567-8cf0-70e153f2e155" testId="1d16aae0-8198-ec8a-c721-304e80d93e2d" testName="employeeAgentNS" computerName="TESTORIGEN-PC" duration="00:00:44.7593463" startTime="2015-08-17T13:03:26.8461876+05:30" endTime="2015-08-17T13:04:11.6067478+05:30" testType="13cdc9d9-ddb5-4fa4-a97d-d965ccfc6d4b" outcome="Passed" testListId="8c84fa94-04c1-424b-9868-57a2d4851a1d" relativeResultsDirectory="c91b7f40-ba55-4567-8cf0-70e153f2e155">
      <Output>
        <StdOut>Logged in as: AslamKhan / 1qaz!QAZ
Redirected at Dashboard screen.</StdOut>
      </Output>
    </UnitTestResult>
    <UnitTestResult executionId="4e05958b-950f-4fc7-beda-cb8d24e0cf38" testId="2d867b65-2495-6b00-2ae5-923647083fe8" testName="employeeVerifyCanadaCountryCorp" computerName="TESTORIGEN-PC" duration="00:00:37.7176352" startTime="2015-08-17T13:04:11.6067478+05:30" endTime="2015-08-17T13:04:49.3259052+05:30" testType="13cdc9d9-ddb5-4fa4-a97d-d965ccfc6d4b" outcome="Passed" testListId="8c84fa94-04c1-424b-9868-57a2d4851a1d" relativeResultsDirectory="4e05958b-950f-4fc7-beda-cb8d24e0cf38">
      <Output>
        <StdOut>Logged in as: selcorp / seWelcome2
Redirected at Dashboard screen.</StdOut>
      </Output>
    </UnitTestResult>
    <UnitTestResult executionId="5be1ab14-d39c-4bb3-9a10-19b93b4c9d3f" testId="bd289e18-0aba-e287-4d47-1eabbb271e4b" testName="equipentblankValidation" computerName="TESTORIGEN-PC" duration="00:00:58.1703444" startTime="2015-08-17T13:04:49.3259052+05:30" endTime="2015-08-17T13:05:47.4972324+05:30" testType="13cdc9d9-ddb5-4fa4-a97d-d965ccfc6d4b" outcome="Passed" testListId="8c84fa94-04c1-424b-9868-57a2d4851a1d" relativeResultsDirectory="5be1ab14-d39c-4bb3-9a10-19b93b4c9d3f">
      <Output>
        <StdOut>Logged in as: AslamKhan / 1qaz!QAZ
Redirected at Dashboard screen.</StdOut>
      </Output>
    </UnitTestResult>
    <UnitTestResult executionId="aee87283-7ce9-4d00-a5f2-12395c3ab25d" testId="617ba706-c096-7a9b-9f69-68b594e3c13f" testName="exportError" computerName="TESTORIGEN-PC" duration="00:00:40.6803131" startTime="2015-08-17T13:05:47.4982324+05:30" endTime="2015-08-17T13:06:28.1795593+05:30" testType="13cdc9d9-ddb5-4fa4-a97d-d965ccfc6d4b" outcome="Passed" testListId="8c84fa94-04c1-424b-9868-57a2d4851a1d" relativeResultsDirectory="aee87283-7ce9-4d00-a5f2-12395c3ab25d">
      <Output>
        <StdOut>Logged in as: AslamKhan / 1qaz!QAZ
Redirected at Dashboard screen.</StdOut>
      </Output>
    </UnitTestResult>
    <UnitTestResult executionId="91c1004f-882a-4df0-b462-b1b260ac7e35" testId="c78982a8-9ced-9c62-9dd6-9a989909b857" testName="exportingResidualIncomePayoutsReport" computerName="TESTORIGEN-PC" duration="00:00:31.2573238" startTime="2015-08-17T13:06:28.1795593+05:30" endTime="2015-08-17T13:06:59.4383472+05:30" testType="13cdc9d9-ddb5-4fa4-a97d-d965ccfc6d4b" outcome="Failed" testListId="8c84fa94-04c1-424b-9868-57a2d4851a1d" relativeResultsDirectory="91c1004f-882a-4df0-b462-b1b260ac7e35">
      <Output>
        <StdOut>Logged in as: selcorp / seWelcome2
Redirected at Dashboard screen.
Test Origen</StdOut>
        <ErrorInfo>
          <Message>Test method PegasusTests.Scripts.ClientsTests.ExportingResidualIncomePayoutsReport.exportingResidualIncomePayoutsReport threw exception: 
System.IO.DirectoryNotFoundException: Could not find a part of the path 'C:\Test Origens\Test Origen\Downloads'.</Message>
          <StackTrace>    at System.IO.__Error.WinIOError(Int32 errorCode, String maybeFullPath)
   at System.IO.FileSystemEnumerableIterator`1.CommonInit()
   at System.IO.FileSystemEnumerableIterator`1..ctor(String path, String originalUserPath, String searchPattern, SearchOption searchOption, SearchResultHandler`1 resultHandler, Boolean checkHost)
   at System.IO.DirectoryInfo.InternalGetFiles(String searchPattern, SearchOption searchOption)
   at System.IO.DirectoryInfo.GetFiles()
   at PegasusTests.PageHelper.Comm.DriverHelper.Getnewfilename(DirectoryInfo directory) in e:\Pegasus_Project\Pegasus_New_Skin\Pegasus_New_skin\Pegasus_New_skin\PageHelper\Comm\DriverHelper.cs:line 507
   at PegasusTests.Scripts.ClientsTests.ExportingResidualIncomePayoutsReport.exportingResidualIncomePayoutsReport() in e:\Pegasus_Project\Pegasus_New_Skin\Pegasus_New_skin\Pegasus_New_skin\Scripts\NewSkinTaskJira\ExportingResidualIncomePayoutsReport.cs:line 50
</StackTrace>
        </ErrorInfo>
      </Output>
    </UnitTestResult>
    <UnitTestResult executionId="92fcdefe-8b16-4da8-816e-f98916afc190" testId="eb628fe0-b168-762d-b5ad-d893b9241ceb" testName="fDNRequirement" computerName="TESTORIGEN-PC" duration="00:00:31.1732599" startTime="2015-08-17T13:06:59.4383472+05:30" endTime="2015-08-17T13:07:30.6121302+05:30" testType="13cdc9d9-ddb5-4fa4-a97d-d965ccfc6d4b" outcome="Passed" testListId="8c84fa94-04c1-424b-9868-57a2d4851a1d" relativeResultsDirectory="92fcdefe-8b16-4da8-816e-f98916afc190">
      <Output>
        <StdOut>Logged in as: selcorp / seWelcome2</StdOut>
      </Output>
    </UnitTestResult>
    <UnitTestResult executionId="80d6e414-24ab-4a79-a915-e5616d2897ab" testId="cbbc705f-8d77-730b-c90f-840ea85ce6b5" testName="fieldDictionaryFields" computerName="TESTORIGEN-PC" duration="00:00:48.4613665" startTime="2015-08-17T13:07:30.6121302+05:30" endTime="2015-08-17T13:08:19.0749021+05:30" testType="13cdc9d9-ddb5-4fa4-a97d-d965ccfc6d4b" outcome="Passed" testListId="8c84fa94-04c1-424b-9868-57a2d4851a1d" relativeResultsDirectory="80d6e414-24ab-4a79-a915-e5616d2897ab">
      <Output>
        <StdOut>Logged in as: AslamKhan / 1qaz!QAZ
Redirected at Dashboard screen.</StdOut>
      </Output>
    </UnitTestResult>
    <UnitTestResult executionId="08f80844-0d65-44b3-b843-125353964cd5" testId="edef04bd-a724-831a-e61e-253a00794a31" testName="fieldDictionarySection" computerName="TESTORIGEN-PC" duration="00:00:58.7339339" startTime="2015-08-17T13:08:19.0759022+05:30" endTime="2015-08-17T13:09:17.8112617+05:30" testType="13cdc9d9-ddb5-4fa4-a97d-d965ccfc6d4b" outcome="Passed" testListId="8c84fa94-04c1-424b-9868-57a2d4851a1d" relativeResultsDirectory="08f80844-0d65-44b3-b843-125353964cd5">
      <Output>
        <StdOut>Logged in as: AslamKhan / 1qaz!QAZ
Redirected at Dashboard screen.</StdOut>
      </Output>
    </UnitTestResult>
    <UnitTestResult executionId="77c59e2d-227d-4bc3-9c07-10366ec52973" testId="2d253a23-3463-fd76-6ddd-236d53ba488c" testName="fieldDisError" computerName="TESTORIGEN-PC" duration="00:00:55.6530185" startTime="2015-08-17T13:09:17.8112617+05:30" endTime="2015-08-17T13:10:13.4654449+05:30" testType="13cdc9d9-ddb5-4fa4-a97d-d965ccfc6d4b" outcome="Passed" testListId="8c84fa94-04c1-424b-9868-57a2d4851a1d" relativeResultsDirectory="77c59e2d-227d-4bc3-9c07-10366ec52973">
      <Output>
        <StdOut>Logged in as: AslamKhan / 1qaz!QAZ
Redirected at Dashboard screen.</StdOut>
      </Output>
    </UnitTestResult>
    <UnitTestResult executionId="50f5e298-9b7a-4a6f-944c-c90a895e2c2d" testId="43feec16-716a-52d5-64d7-9505552411d8" testName="filterIssue" computerName="TESTORIGEN-PC" duration="00:00:47.8900191" startTime="2015-08-17T13:10:13.4664450+05:30" endTime="2015-08-17T13:11:01.3571841+05:30" testType="13cdc9d9-ddb5-4fa4-a97d-d965ccfc6d4b" outcome="Passed" testListId="8c84fa94-04c1-424b-9868-57a2d4851a1d" relativeResultsDirectory="50f5e298-9b7a-4a6f-944c-c90a895e2c2d">
      <Output>
        <StdOut>Logged in as: AslamKhan / 1qaz!QAZ
Redirected at Dashboard screen.</StdOut>
      </Output>
    </UnitTestResult>
    <UnitTestResult executionId="8695daf4-0345-420a-bcd2-874f932caf55" testId="c764d31d-6d2c-1690-06ba-3a8dbe6f5506" testName="getDeafultRatesAndFeesClient" computerName="TESTORIGEN-PC" duration="00:01:10.6197068" startTime="2015-08-17T13:11:01.3581842+05:30" endTime="2015-08-17T13:12:11.9792235+05:30" testType="13cdc9d9-ddb5-4fa4-a97d-d965ccfc6d4b" outcome="Passed" testListId="8c84fa94-04c1-424b-9868-57a2d4851a1d" relativeResultsDirectory="8695daf4-0345-420a-bcd2-874f932caf55">
      <Output>
        <StdOut>Logged in as: AslamKhan / 1qaz!QAZ
Redirected at Dashboard screen.</StdOut>
      </Output>
    </UnitTestResult>
    <UnitTestResult executionId="22f21dd8-0a19-4bc6-a08d-16e5f9b148f5" testId="7a0c99c6-dfd6-0b05-cb02-fd3f5421c817" testName="getDeafultRatesAndFeesLead" computerName="TESTORIGEN-PC" duration="00:01:23.8909183" startTime="2015-08-17T13:12:11.9792235+05:30" endTime="2015-08-17T13:13:35.8720219+05:30" testType="13cdc9d9-ddb5-4fa4-a97d-d965ccfc6d4b" outcome="Passed" testListId="8c84fa94-04c1-424b-9868-57a2d4851a1d" relativeResultsDirectory="22f21dd8-0a19-4bc6-a08d-16e5f9b148f5">
      <Output>
        <StdOut>Logged in as: AslamKhan / 1qaz!QAZ
Redirected at Dashboard screen.</StdOut>
      </Output>
    </UnitTestResult>
    <UnitTestResult executionId="daebd45b-f0c7-46e0-b8c2-e9d65803a2cf" testId="63e6ddf6-6d47-635b-8f55-cfa38bba6a58" testName="integrationCodeAPICancel" computerName="TESTORIGEN-PC" duration="00:00:36.9160414" startTime="2015-08-17T13:13:35.8720219+05:30" endTime="2015-08-17T13:14:12.7891334+05:30" testType="13cdc9d9-ddb5-4fa4-a97d-d965ccfc6d4b" outcome="Passed" testListId="8c84fa94-04c1-424b-9868-57a2d4851a1d" relativeResultsDirectory="daebd45b-f0c7-46e0-b8c2-e9d65803a2cf">
      <Output>
        <StdOut>Logged in as: AslamKhan / 1qaz!QAZ
Redirected at Dashboard screen.</StdOut>
      </Output>
    </UnitTestResult>
    <UnitTestResult executionId="993b4755-d702-40c7-ab1c-ea06141bbe0b" testId="179132fd-5ba3-26e4-cb9f-a1490311c68a" testName="languageNameValidation" computerName="TESTORIGEN-PC" duration="00:00:35.3555246" startTime="2015-08-17T13:14:12.7891334+05:30" endTime="2015-08-17T13:14:48.1461557+05:30" testType="13cdc9d9-ddb5-4fa4-a97d-d965ccfc6d4b" outcome="Passed" testListId="8c84fa94-04c1-424b-9868-57a2d4851a1d" relativeResultsDirectory="993b4755-d702-40c7-ab1c-ea06141bbe0b">
      <Output>
        <StdOut>Logged in as: selcorp / seWelcome2</StdOut>
      </Output>
    </UnitTestResult>
    <UnitTestResult executionId="d6d74853-2e6f-466b-9406-baef58adc213" testId="8eefc766-a448-61a7-bf35-498604dbd956" testName="lastActivityBy" computerName="TESTORIGEN-PC" duration="00:00:37.6879636" startTime="2015-08-17T13:14:48.1461557+05:30" endTime="2015-08-17T13:15:25.8353114+05:30" testType="13cdc9d9-ddb5-4fa4-a97d-d965ccfc6d4b" outcome="Passed" testListId="8c84fa94-04c1-424b-9868-57a2d4851a1d" relativeResultsDirectory="d6d74853-2e6f-466b-9406-baef58adc213">
      <Output>
        <StdOut>Logged in as: AslamKhan / 1qaz!QAZ
Redirected at Dashboard screen.</StdOut>
      </Output>
    </UnitTestResult>
    <UnitTestResult executionId="f8b690e4-33ab-49a5-b257-762c0040db12" testId="1fbab88a-a951-0930-398b-46e59a881ed9" testName="lastLoginTime" computerName="TESTORIGEN-PC" duration="00:02:47.5542500" startTime="2015-08-17T13:15:25.8353114+05:30" endTime="2015-08-17T13:18:13.3928952+05:30" testType="13cdc9d9-ddb5-4fa4-a97d-d965ccfc6d4b" outcome="Passed" testListId="8c84fa94-04c1-424b-9868-57a2d4851a1d" relativeResultsDirectory="f8b690e4-33ab-49a5-b257-762c0040db12">
      <Output>
        <StdOut>Logged in as: AslamKhan / 1qaz!QAZ
Redirected at Dashboard screen.</StdOut>
      </Output>
    </UnitTestResult>
    <UnitTestResult executionId="687e8d7e-5d8d-4ffd-b38f-c33b0f5a72fa" testId="67130848-8d29-fb6b-b278-4525f9656177" testName="LoginWithoutCredentials" computerName="TESTORIGEN-PC" duration="00:00:17.0366758" startTime="2015-08-17T13:18:13.3928952+05:30" endTime="2015-08-17T13:18:30.4308697+05:30" testType="13cdc9d9-ddb5-4fa4-a97d-d965ccfc6d4b" outcome="Passed" testListId="8c84fa94-04c1-424b-9868-57a2d4851a1d" relativeResultsDirectory="687e8d7e-5d8d-4ffd-b38f-c33b0f5a72fa">
      <Output>
        <StdOut>Logged in as:  /</StdOut>
      </Output>
    </UnitTestResult>
    <UnitTestResult executionId="08836a53-99c0-40d3-8a14-ae65a5ae91f2" testId="dc1b77c4-a079-b195-44dd-9a09327e84a4" testName="loginWithInvalidPassword" computerName="TESTORIGEN-PC" duration="00:00:18.9263493" startTime="2015-08-17T13:18:30.4308697+05:30" endTime="2015-08-17T13:18:49.3579523+05:30" testType="13cdc9d9-ddb5-4fa4-a97d-d965ccfc6d4b" outcome="Passed" testListId="8c84fa94-04c1-424b-9868-57a2d4851a1d" relativeResultsDirectory="08836a53-99c0-40d3-8a14-ae65a5ae91f2">
      <Output>
        <StdOut>Logged in as: AslamKhan / 123456</StdOut>
      </Output>
    </UnitTestResult>
    <UnitTestResult executionId="c950ecc5-5701-40b9-9e02-e912d44de789" testId="de165dae-914e-4422-2822-24f4c70bda69" testName="loginWithValidCredentials" computerName="TESTORIGEN-PC" duration="00:00:41.1346305" startTime="2015-08-17T13:18:49.3579523+05:30" endTime="2015-08-17T13:19:30.4933051+05:30" testType="13cdc9d9-ddb5-4fa4-a97d-d965ccfc6d4b" outcome="Passed" testListId="8c84fa94-04c1-424b-9868-57a2d4851a1d" relativeResultsDirectory="c950ecc5-5701-40b9-9e02-e912d44de789">
      <Output>
        <StdOut>Logged in as: AslamKhan / 1qaz!QAZ</StdOut>
      </Output>
    </UnitTestResult>
    <UnitTestResult executionId="419ddf83-8be6-4dce-9446-b52cdf40908c" testId="00f9cdc5-9889-d926-0bad-11b23b236c3f" testName="loginError1" computerName="TESTORIGEN-PC" duration="00:00:19.4249225" startTime="2015-08-17T13:19:30.4933051+05:30" endTime="2015-08-17T13:19:49.9194162+05:30" testType="13cdc9d9-ddb5-4fa4-a97d-d965ccfc6d4b" outcome="Passed" testListId="8c84fa94-04c1-424b-9868-57a2d4851a1d" relativeResultsDirectory="419ddf83-8be6-4dce-9446-b52cdf40908c" />
    <UnitTestResult executionId="e0b872ff-0ed2-45f7-b4be-7980b1af7662" testId="782feb05-67fd-7632-1e20-28560561ac30" testName="loginError2" computerName="TESTORIGEN-PC" duration="00:00:21.9539373" startTime="2015-08-17T13:19:49.9194162+05:30" endTime="2015-08-17T13:20:11.8736719+05:30" testType="13cdc9d9-ddb5-4fa4-a97d-d965ccfc6d4b" outcome="Passed" testListId="8c84fa94-04c1-424b-9868-57a2d4851a1d" relativeResultsDirectory="e0b872ff-0ed2-45f7-b4be-7980b1af7662" />
    <UnitTestResult executionId="568cfa32-c542-4e29-ac85-1cbaa2a10f41" testId="61a86122-7f41-1b3b-0dce-a572a35bb1f0" testName="makeStatusActivePDFTemplate" computerName="TESTORIGEN-PC" duration="00:01:03.2770745" startTime="2015-08-17T13:20:11.8746719+05:30" endTime="2015-08-17T13:21:15.1522912+05:30" testType="13cdc9d9-ddb5-4fa4-a97d-d965ccfc6d4b" outcome="Passed" testListId="8c84fa94-04c1-424b-9868-57a2d4851a1d" relativeResultsDirectory="568cfa32-c542-4e29-ac85-1cbaa2a10f41">
      <Output>
        <StdOut>Logged in as: AslamKhan / 1qaz!QAZ
Redirected at Dashboard screen.</StdOut>
      </Output>
    </UnitTestResult>
    <UnitTestResult executionId="11c10e46-433f-41a9-8d58-c55a460e4932" testId="5f6db988-9e27-99df-78d0-9401cb72dead" testName="makeStatusActivePDFTemplateCorp" computerName="TESTORIGEN-PC" duration="00:00:40.6123379" startTime="2015-08-17T13:21:15.1532913+05:30" endTime="2015-08-17T13:21:55.7666142+05:30" testType="13cdc9d9-ddb5-4fa4-a97d-d965ccfc6d4b" outcome="Passed" testListId="8c84fa94-04c1-424b-9868-57a2d4851a1d" relativeResultsDirectory="11c10e46-433f-41a9-8d58-c55a460e4932">
      <Output>
        <StdOut>Logged in as: selcorp / seWelcome2
Redirected at Dashboard screen.</StdOut>
      </Output>
    </UnitTestResult>
    <UnitTestResult executionId="c228a050-1282-42f4-abfc-56130a6bb01c" testId="83503731-03a4-55ae-a1b7-209f2d17cf50" testName="makeStatusInactivePDFTemplate" computerName="TESTORIGEN-PC" duration="00:01:11.2367842" startTime="2015-08-17T13:21:55.7666142+05:30" endTime="2015-08-17T13:23:07.0296902+05:30" testType="13cdc9d9-ddb5-4fa4-a97d-d965ccfc6d4b" outcome="Passed" testListId="8c84fa94-04c1-424b-9868-57a2d4851a1d" relativeResultsDirectory="c228a050-1282-42f4-abfc-56130a6bb01c">
      <Output>
        <StdOut>Logged in as: AslamKhan / 1qaz!QAZ
Redirected at Dashboard screen.</StdOut>
      </Output>
    </UnitTestResult>
    <UnitTestResult executionId="183c5b3c-d616-4e38-a575-2c5422b5f04e" testId="706f6464-cf6f-386b-654d-e1a1f4265be9" testName="makeStatusInActivePDFTemplateCorp" computerName="TESTORIGEN-PC" duration="00:00:39.6950638" startTime="2015-08-17T13:23:07.0296902+05:30" endTime="2015-08-17T13:23:46.7259607+05:30" testType="13cdc9d9-ddb5-4fa4-a97d-d965ccfc6d4b" outcome="Passed" testListId="8c84fa94-04c1-424b-9868-57a2d4851a1d" relativeResultsDirectory="183c5b3c-d616-4e38-a575-2c5422b5f04e">
      <Output>
        <StdOut>Logged in as: selcorp / seWelcome2
Redirected at Dashboard screen.</StdOut>
      </Output>
    </UnitTestResult>
    <UnitTestResult executionId="78ad6603-6dd5-4b9f-aefb-80af058b74d2" testId="df466ade-c6d2-b9fa-f72f-9975d8f2b31c" testName="manageUser" computerName="TESTORIGEN-PC" duration="00:00:36.9214048" startTime="2015-08-17T13:23:46.7259607+05:30" endTime="2015-08-17T13:24:23.6490726+05:30" testType="13cdc9d9-ddb5-4fa4-a97d-d965ccfc6d4b" outcome="Passed" testListId="8c84fa94-04c1-424b-9868-57a2d4851a1d" relativeResultsDirectory="78ad6603-6dd5-4b9f-aefb-80af058b74d2">
      <Output>
        <StdOut>Logged in as: AslamKhan / 1qaz!QAZ
Redirected at Dashboard screen.</StdOut>
      </Output>
    </UnitTestResult>
    <UnitTestResult executionId="3a4ae958-ccf5-44d9-a6ef-57b6b79575bc" testId="a7bed229-25cb-7101-c7f8-ddc9844f1379" testName="masterDataProcessorPushToOfficeNewSkin" computerName="TESTORIGEN-PC" duration="00:01:25.6569288" startTime="2015-08-17T13:24:23.6490726+05:30" endTime="2015-08-17T13:25:49.3079720+05:30" testType="13cdc9d9-ddb5-4fa4-a97d-d965ccfc6d4b" outcome="Passed" testListId="8c84fa94-04c1-424b-9868-57a2d4851a1d" relativeResultsDirectory="3a4ae958-ccf5-44d9-a6ef-57b6b79575bc">
      <Output>
        <StdOut>Redirected at Dashboard screen.
Logged in as: AslamKhan / 1qaz!QAZ
Redirected at Dashboard screen.</StdOut>
      </Output>
    </UnitTestResult>
    <UnitTestResult executionId="afb713ad-f186-4074-a220-ba726763c0e2" testId="5e20d9b5-f0ad-1d62-4d91-96f6546f63a6" testName="merchantTabCorp" computerName="TESTORIGEN-PC" duration="00:00:32.9881165" startTime="2015-08-17T13:25:49.3079720+05:30" endTime="2015-08-17T13:26:22.2978589+05:30" testType="13cdc9d9-ddb5-4fa4-a97d-d965ccfc6d4b" outcome="Passed" testListId="8c84fa94-04c1-424b-9868-57a2d4851a1d" relativeResultsDirectory="afb713ad-f186-4074-a220-ba726763c0e2">
      <Output>
        <StdOut>Logged in as: selcorp / seWelcome2
Redirected at Dashboard screen.</StdOut>
      </Output>
    </UnitTestResult>
    <UnitTestResult executionId="627dc5d4-4fbd-4a82-98a6-b4982c85bbdb" testId="13e5e39f-d3aa-aca5-fc9c-2a24f6007de4" testName="mouseOverTheButtonOpportunities" computerName="TESTORIGEN-PC" duration="00:00:45.1606094" startTime="2015-08-17T13:26:22.2978589+05:30" endTime="2015-08-17T13:27:07.4594420+05:30" testType="13cdc9d9-ddb5-4fa4-a97d-d965ccfc6d4b" outcome="Passed" testListId="8c84fa94-04c1-424b-9868-57a2d4851a1d" relativeResultsDirectory="627dc5d4-4fbd-4a82-98a6-b4982c85bbdb">
      <Output>
        <StdOut>Logged in as: AslamKhan / 1qaz!QAZ
Redirected at Dashboard screen.</StdOut>
      </Output>
    </UnitTestResult>
    <UnitTestResult executionId="a888bbb6-3853-4fa0-9ad1-fe84ba2946c4" testId="5af9ade2-ea2c-04bc-ffae-7c8140d0bb14" testName="officeUserSkin" computerName="TESTORIGEN-PC" duration="00:01:12.0292639" startTime="2015-08-17T13:27:07.4594420+05:30" endTime="2015-08-17T13:28:19.4905620+05:30" testType="13cdc9d9-ddb5-4fa4-a97d-d965ccfc6d4b" outcome="Passed" testListId="8c84fa94-04c1-424b-9868-57a2d4851a1d" relativeResultsDirectory="a888bbb6-3853-4fa0-9ad1-fe84ba2946c4">
      <Output>
        <StdOut>Username = Office201508171327293986
Logged in as: selcorp / seWelcome2
Redirected at Dashboard screen.</StdOut>
      </Output>
    </UnitTestResult>
    <UnitTestResult executionId="c598ba18-06fb-4d77-8cbe-3c50a60e6cd3" testId="eadda4a2-22ba-dbff-38a8-88770061fee4" testName="one000Added" computerName="TESTORIGEN-PC" duration="00:00:41.8445744" startTime="2015-08-17T13:28:19.4905620+05:30" endTime="2015-08-17T13:29:01.3369555+05:30" testType="13cdc9d9-ddb5-4fa4-a97d-d965ccfc6d4b" outcome="Passed" testListId="8c84fa94-04c1-424b-9868-57a2d4851a1d" relativeResultsDirectory="c598ba18-06fb-4d77-8cbe-3c50a60e6cd3">
      <Output>
        <StdOut>Logged in as: AslamKhan / 1qaz!QAZ
Redirected at Dashboard screen.</StdOut>
      </Output>
    </UnitTestResult>
    <UnitTestResult executionId="333ef12d-8c7c-4068-aa4f-e0e5866338a7" testId="f605c45e-87c0-dc86-8596-ae6c099891b8" testName="opportunititySubjectFiledValidateBlank" computerName="TESTORIGEN-PC" duration="00:01:20.4847281" startTime="2015-08-17T13:29:01.3369555+05:30" endTime="2015-08-17T13:30:21.8235590+05:30" testType="13cdc9d9-ddb5-4fa4-a97d-d965ccfc6d4b" outcome="Passed" testListId="8c84fa94-04c1-424b-9868-57a2d4851a1d" relativeResultsDirectory="333ef12d-8c7c-4068-aa4f-e0e5866338a7">
      <Output>
        <StdOut>Logged in as: AslamKhan / 1qaz!QAZ
Redirected at Dashboard screen.</StdOut>
      </Output>
    </UnitTestResult>
    <UnitTestResult executionId="94a4ddeb-f126-4bb5-be8a-688cb786fbb1" testId="28681467-a4d0-2974-d4e5-0c3c3a9c633e" testName="oppourtunitiesVerifyCanadaCountry" computerName="TESTORIGEN-PC" duration="00:01:26.1459256" startTime="2015-08-17T13:30:21.8235590+05:30" endTime="2015-08-17T13:31:47.9714864+05:30" testType="13cdc9d9-ddb5-4fa4-a97d-d965ccfc6d4b" outcome="Passed" testListId="8c84fa94-04c1-424b-9868-57a2d4851a1d" relativeResultsDirectory="94a4ddeb-f126-4bb5-be8a-688cb786fbb1">
      <Output>
        <StdOut>Logged in as: AslamKhan / 1qaz!QAZ
Redirected at Dashboard screen.</StdOut>
      </Output>
    </UnitTestResult>
    <UnitTestResult executionId="1e5b6ed3-fc3c-403f-ae44-903f5d573246" testId="d34b6683-bb07-58cf-b151-d6cadf33dd5a" testName="partnerAgentWithUserNewSkin" computerName="TESTORIGEN-PC" duration="00:01:55.5822534" startTime="2015-08-17T13:31:47.9714864+05:30" endTime="2015-08-17T13:33:43.5560975+05:30" testType="13cdc9d9-ddb5-4fa4-a97d-d965ccfc6d4b" outcome="Failed" testListId="8c84fa94-04c1-424b-9868-57a2d4851a1d" relativeResultsDirectory="1e5b6ed3-fc3c-403f-ae44-903f5d573246">
      <Output>
        <StdOut>Logged in as: AslamKhan / 1qaz!QAZ
Redirected at Dashboard screen.</StdOut>
        <ErrorInfo>
          <Message>Assert.IsTrue failed. </Message>
          <StackTrace>   at PegasusTests.PageHelper.Comm.DriverHelper.Click(String locator) in e:\Pegasus_Project\Pegasus_New_Skin\Pegasus_New_skin\Pegasus_New_skin\PageHelper\Comm\DriverHelper.cs:line 246
   at PegasusTests.PageHelper.PartnerAgentHelperNewSkin.ClickElement(String xmlNode) in e:\Pegasus_Project\Pegasus_New_Skin\Pegasus_New_skin\Pegasus_New_skin\PageHelper\PartnerAgentHelperNewSkin.cs:line 57
   at PegasusTests.Scripts.ClientsTests.PartnerAgentWithUserNewSkin.partnerAgentWithUserNewSkin() in e:\Pegasus_Project\Pegasus_New_Skin\Pegasus_New_skin\Pegasus_New_skin\Scripts\NewSkinTaskJira\PartnerAgentWithUserNewSkin.cs:line 50
</StackTrace>
        </ErrorInfo>
      </Output>
    </UnitTestResult>
    <UnitTestResult executionId="28b4f694-dde5-4fb7-966f-1831dd5ac42a" testId="b71aa315-b78f-eef4-0694-b4f830ca4638" testName="pDFPackageWithRule" computerName="TESTORIGEN-PC" duration="00:01:24.7364434" startTime="2015-08-17T13:33:43.5560975+05:30" endTime="2015-08-17T13:35:08.2949443+05:30" testType="13cdc9d9-ddb5-4fa4-a97d-d965ccfc6d4b" outcome="Passed" testListId="8c84fa94-04c1-424b-9868-57a2d4851a1d" relativeResultsDirectory="28b4f694-dde5-4fb7-966f-1831dd5ac42a">
      <Output>
        <StdOut>Logged in as: AslamKhan / 1qaz!QAZ
Redirected at Dashboard screen.</StdOut>
      </Output>
    </UnitTestResult>
    <UnitTestResult executionId="f67b3145-56d8-403e-bb9c-afbf75dab735" testId="01d587a3-54d4-4f55-fb46-d70116d3064b" testName="permanentlyDeleteDocumentNewSkin" computerName="TESTORIGEN-PC" duration="00:01:10.5634420" startTime="2015-08-17T13:35:08.2949443+05:30" endTime="2015-08-17T13:36:18.8599803+05:30" testType="13cdc9d9-ddb5-4fa4-a97d-d965ccfc6d4b" outcome="Failed" testListId="8c84fa94-04c1-424b-9868-57a2d4851a1d" relativeResultsDirectory="f67b3145-56d8-403e-bb9c-afbf75dab735">
      <Output>
        <StdOut>Logged in as: AslamKhan / 1qaz!QAZ
Redirected at Dashboard screen.</StdOut>
        <ErrorInfo>
          <Message>Assert.IsTrue failed. Text String: Document saved successfully.Not Found.</Message>
          <StackTrace>   at PegasusTests.PageHelper.Comm.DriverHelper.VerifyPageText(String text) in e:\Pegasus_Project\Pegasus_New_Skin\Pegasus_New_skin\Pegasus_New_skin\PageHelper\Comm\DriverHelper.cs:line 419
   at PegasusTests.Scripts.ClientsTests.PermanentlyDeleteDocumentNewSkin.permanentlyDeleteDocumentNewSkin() in e:\Pegasus_Project\Pegasus_New_Skin\Pegasus_New_skin\Pegasus_New_skin\Scripts\NewSkinTaskJira\PermanentlyDeleteDocumentNewSkin.cs:line 65
</StackTrace>
        </ErrorInfo>
      </Output>
    </UnitTestResult>
    <UnitTestResult executionId="2d368ec0-0917-4654-8cb0-cfe623a9551a" testId="77fc25e2-ec9d-2905-8293-8627f567792d" testName="permanentlyDeletePDFTemplate" computerName="TESTORIGEN-PC" duration="00:01:30.1372410" startTime="2015-08-17T13:36:18.8599803+05:30" endTime="2015-08-17T13:37:49.0001361+05:30" testType="13cdc9d9-ddb5-4fa4-a97d-d965ccfc6d4b" outcome="Passed" testListId="8c84fa94-04c1-424b-9868-57a2d4851a1d" relativeResultsDirectory="2d368ec0-0917-4654-8cb0-cfe623a9551a">
      <Output>
        <StdOut>Logged in as: AslamKhan / 1qaz!QAZ
Redirected at Dashboard screen.</StdOut>
      </Output>
    </UnitTestResult>
    <UnitTestResult executionId="dccd8c26-34a4-4d6d-ba29-6ecad3e6067e" testId="af2876a4-fd94-b4f6-f658-3d4815f2f997" testName="permanentlyDeletePDFTemplateCorp" computerName="TESTORIGEN-PC" duration="00:01:08.2523077" startTime="2015-08-17T13:37:49.0001361+05:30" endTime="2015-08-17T13:38:57.2540400+05:30" testType="13cdc9d9-ddb5-4fa4-a97d-d965ccfc6d4b" outcome="Passed" testListId="8c84fa94-04c1-424b-9868-57a2d4851a1d" relativeResultsDirectory="dccd8c26-34a4-4d6d-ba29-6ecad3e6067e">
      <Output>
        <StdOut>Logged in as: selcorp / seWelcome2
Redirected at Dashboard screen.</StdOut>
      </Output>
    </UnitTestResult>
    <UnitTestResult executionId="96e27494-54bd-413f-a9fb-ab95d2beac5f" testId="ef6fb460-d28a-fd98-c37f-f1af9aa2c839" testName="processorDeleteTypo" computerName="TESTORIGEN-PC" duration="00:00:25.5251591" startTime="2015-08-17T13:38:57.2540400+05:30" endTime="2015-08-17T13:39:22.7805000+05:30" testType="13cdc9d9-ddb5-4fa4-a97d-d965ccfc6d4b" outcome="Passed" testListId="8c84fa94-04c1-424b-9868-57a2d4851a1d" relativeResultsDirectory="96e27494-54bd-413f-a9fb-ab95d2beac5f">
      <Output>
        <StdOut>Logged in as: selcorp / seWelcome2
Alert Text  = Are you sure you want to delete this processor permanently?</StdOut>
      </Output>
    </UnitTestResult>
    <UnitTestResult executionId="ce4d8cc4-33b7-4133-bb41-149e977fbc3b" testId="b6306e6c-8c6c-90f4-8797-ba802e71e571" testName="productIpage" computerName="TESTORIGEN-PC" duration="00:01:37.9191790" startTime="2015-08-17T13:39:22.7805000+05:30" endTime="2015-08-17T13:41:00.7011007+05:30" testType="13cdc9d9-ddb5-4fa4-a97d-d965ccfc6d4b" outcome="Passed" testListId="8c84fa94-04c1-424b-9868-57a2d4851a1d" relativeResultsDirectory="ce4d8cc4-33b7-4133-bb41-149e977fbc3b">
      <Output>
        <StdOut>Logged in as: AslamKhan / 1qaz!QAZ
Redirected at Dashboard screen.</StdOut>
      </Output>
    </UnitTestResult>
    <UnitTestResult executionId="bd062888-8846-43ec-96ef-546ae4afdf88" testId="a8acc4ab-d299-0439-c67e-545042c55835" testName="profilePictureChange" computerName="TESTORIGEN-PC" duration="00:01:27.5117144" startTime="2015-08-17T13:41:00.7011007+05:30" endTime="2015-08-17T13:42:28.2151062+05:30" testType="13cdc9d9-ddb5-4fa4-a97d-d965ccfc6d4b" outcome="Passed" testListId="8c84fa94-04c1-424b-9868-57a2d4851a1d" relativeResultsDirectory="bd062888-8846-43ec-96ef-546ae4afdf88">
      <Output>
        <StdOut>Logged in as: AslamKhan / 1qaz!QAZ
Redirected at Dashboard screen.</StdOut>
      </Output>
    </UnitTestResult>
    <UnitTestResult executionId="dbeed1b5-512e-45e9-9bea-bbd1d14bb74e" testId="b78827d8-091b-ecc5-bea1-9b48eb19c48d" testName="profileViewOfClientLeadAndOpportunities" computerName="TESTORIGEN-PC" duration="00:01:22.6677680" startTime="2015-08-17T13:42:28.2151062+05:30" endTime="2015-08-17T13:43:50.8848347+05:30" testType="13cdc9d9-ddb5-4fa4-a97d-d965ccfc6d4b" outcome="Passed" testListId="8c84fa94-04c1-424b-9868-57a2d4851a1d" relativeResultsDirectory="dbeed1b5-512e-45e9-9bea-bbd1d14bb74e">
      <Output>
        <StdOut>Logged in as: AslamKhan / 1qaz!QAZ
Redirected at Dashboard screen.</StdOut>
      </Output>
    </UnitTestResult>
    <UnitTestResult executionId="7e071059-2d1d-467f-835a-2fdf2a0ceaf1" testId="98aa579b-67c4-4c42-27da-293ba5bde350" testName="rateAndFeesPushToOfficeBtn" computerName="TESTORIGEN-PC" duration="00:00:25.5216807" startTime="2015-08-17T13:43:50.8848347+05:30" endTime="2015-08-17T13:44:16.4082945+05:30" testType="13cdc9d9-ddb5-4fa4-a97d-d965ccfc6d4b" outcome="Passed" testListId="8c84fa94-04c1-424b-9868-57a2d4851a1d" relativeResultsDirectory="7e071059-2d1d-467f-835a-2fdf2a0ceaf1">
      <Output>
        <StdOut>Redirected at Dashboard screen.</StdOut>
      </Output>
    </UnitTestResult>
    <UnitTestResult executionId="7a4ba4a8-e203-488e-aec0-829d40ae1bd4" testId="502b6528-7298-650e-7265-0c19aa4aebac" testName="relpacePDFForPDFTemplate" computerName="TESTORIGEN-PC" duration="00:01:35.1298927" startTime="2015-08-17T13:44:16.4082945+05:30" endTime="2015-08-17T13:45:51.5397358+05:30" testType="13cdc9d9-ddb5-4fa4-a97d-d965ccfc6d4b" outcome="Passed" testListId="8c84fa94-04c1-424b-9868-57a2d4851a1d" relativeResultsDirectory="7a4ba4a8-e203-488e-aec0-829d40ae1bd4">
      <Output>
        <StdOut>Logged in as: AslamKhan / 1qaz!QAZ
Redirected at Dashboard screen.</StdOut>
      </Output>
    </UnitTestResult>
    <UnitTestResult executionId="f0d673cd-69f2-4056-a31b-84a8531ef27e" testId="50438204-9549-5f7f-cf49-02e23aee24c6" testName="rememberMeLoginPage" computerName="TESTORIGEN-PC" duration="00:00:54.2613930" startTime="2015-08-17T13:45:51.5397358+05:30" endTime="2015-08-17T13:46:45.8028394+05:30" testType="13cdc9d9-ddb5-4fa4-a97d-d965ccfc6d4b" outcome="Passed" testListId="8c84fa94-04c1-424b-9868-57a2d4851a1d" relativeResultsDirectory="f0d673cd-69f2-4056-a31b-84a8531ef27e" />
    <UnitTestResult executionId="49c44e23-8c4f-4fcb-981a-70bed3ebd46f" testId="8851649a-f839-f479-0e9f-9da6fcc50910" testName="reportPDFBroken" computerName="TESTORIGEN-PC" duration="00:00:58.3949514" startTime="2015-08-17T13:46:45.8028394+05:30" endTime="2015-08-17T13:47:44.1991795+05:30" testType="13cdc9d9-ddb5-4fa4-a97d-d965ccfc6d4b" outcome="Failed" testListId="8c84fa94-04c1-424b-9868-57a2d4851a1d" relativeResultsDirectory="49c44e23-8c4f-4fcb-981a-70bed3ebd46f">
      <Output>
        <StdOut>Logged in as: AslamKhan / 1qaz!QAZ
Redirected at Dashboard screen.</StdOut>
        <ErrorInfo>
          <Message>Assert.IsTrue failed. </Message>
          <StackTrace>   at PegasusTests.PageHelper.PartnerAgentHelperNewSkin.verifyElementPresent(String field) in e:\Pegasus_Project\Pegasus_New_Skin\Pegasus_New_skin\Pegasus_New_skin\PageHelper\PartnerAgentHelperNewSkin.cs:line 143
   at PegasusTests.Scripts.ClientsTests.ReportPDFBroken.reportPDFBroken() in e:\Pegasus_Project\Pegasus_New_Skin\Pegasus_New_skin\Pegasus_New_skin\Scripts\NewSkinTaskJira\ReportPDFBroken.cs:line 45
</StackTrace>
        </ErrorInfo>
      </Output>
    </UnitTestResult>
    <UnitTestResult executionId="a0bb91c9-ef75-4ff8-8cd9-0dbb150c2736" testId="ed9acd65-5d89-d337-f186-88ec760e8d6f" testName="residualAdjustmentTool" computerName="TESTORIGEN-PC" duration="00:00:28.7079631" startTime="2015-08-17T13:47:44.2001796+05:30" endTime="2015-08-17T13:48:12.9088216+05:30" testType="13cdc9d9-ddb5-4fa4-a97d-d965ccfc6d4b" outcome="Failed" testListId="8c84fa94-04c1-424b-9868-57a2d4851a1d" relativeResultsDirectory="a0bb91c9-ef75-4ff8-8cd9-0dbb150c2736">
      <Output>
        <StdOut>Logged in as: selcorp / seWelcome2
Redirected at Dashboard screen.</StdOut>
        <ErrorInfo>
          <Message>Assert.IsFalse failed. </Message>
          <StackTrace>   at PegasusTests.PageHelper.PartnerAgentHelperNewSkin.verifyElementNotPresent(String field) in e:\Pegasus_Project\Pegasus_New_Skin\Pegasus_New_skin\Pegasus_New_skin\PageHelper\PartnerAgentHelperNewSkin.cs:line 150
   at PegasusTests.Scripts.ClientsTests.ResidualAdjustmentTool.residualAdjustmentTool() in e:\Pegasus_Project\Pegasus_New_Skin\Pegasus_New_skin\Pegasus_New_skin\Scripts\NewSkinTaskJira\ResidualAdjustmentTool.cs:line 60
</StackTrace>
        </ErrorInfo>
      </Output>
    </UnitTestResult>
    <UnitTestResult executionId="1a633951-89d3-4196-bdb1-98cbca1df7dc" testId="1fd24e76-507d-94d2-c9e5-6623e6d845ca" testName="residualAdjustmentTool1" computerName="TESTORIGEN-PC" duration="00:00:40.7673141" startTime="2015-08-17T13:48:12.9088216+05:30" endTime="2015-08-17T13:48:53.6771534+05:30" testType="13cdc9d9-ddb5-4fa4-a97d-d965ccfc6d4b" outcome="Passed" testListId="8c84fa94-04c1-424b-9868-57a2d4851a1d" relativeResultsDirectory="1a633951-89d3-4196-bdb1-98cbca1df7dc">
      <Output>
        <StdOut>Logged in as: AslamKhan / 1qaz!QAZ
Redirected at Dashboard screen.</StdOut>
      </Output>
    </UnitTestResult>
    <UnitTestResult executionId="97a52997-6880-4d58-8c61-dc70d017c81f" testId="576e3e55-38df-126f-cc0a-8fd704b107bc" testName="residualIncomeOfficeAdjustmentToolAgentsFlat" computerName="TESTORIGEN-PC" duration="00:00:54.8246037" startTime="2015-08-17T13:48:53.6781535+05:30" endTime="2015-08-17T13:49:48.5042894+05:30" testType="13cdc9d9-ddb5-4fa4-a97d-d965ccfc6d4b" outcome="Passed" testListId="8c84fa94-04c1-424b-9868-57a2d4851a1d" relativeResultsDirectory="97a52997-6880-4d58-8c61-dc70d017c81f">
      <Output>
        <StdOut>Logged in as: AslamKhan / 1qaz!QAZ
Redirected at Dashboard screen.</StdOut>
      </Output>
    </UnitTestResult>
    <UnitTestResult executionId="06444d29-8bae-4966-8760-614d5e50c764" testId="ff2bfc16-3549-24fe-4aab-595470a9093a" testName="residualIncomeOfficeAdjustmentToolAgentsPercentage" computerName="TESTORIGEN-PC" duration="00:00:46.6947230" startTime="2015-08-17T13:49:48.5042894+05:30" endTime="2015-08-17T13:50:35.1999602+05:30" testType="13cdc9d9-ddb5-4fa4-a97d-d965ccfc6d4b" outcome="Passed" testListId="8c84fa94-04c1-424b-9868-57a2d4851a1d" relativeResultsDirectory="06444d29-8bae-4966-8760-614d5e50c764">
      <Output>
        <StdOut>Logged in as: AslamKhan / 1qaz!QAZ
Redirected at Dashboard screen.</StdOut>
      </Output>
    </UnitTestResult>
    <UnitTestResult executionId="912f4e65-a9ed-4163-b417-cc465b5d63a6" testId="1631b5d2-4592-7dcd-b539-537575ab0c26" testName="residualIncomeOfficeAdjustmentToolOfficeFlat" computerName="TESTORIGEN-PC" duration="00:00:38.6430546" startTime="2015-08-17T13:50:35.1999602+05:30" endTime="2015-08-17T13:51:13.8441705+05:30" testType="13cdc9d9-ddb5-4fa4-a97d-d965ccfc6d4b" outcome="Passed" testListId="8c84fa94-04c1-424b-9868-57a2d4851a1d" relativeResultsDirectory="912f4e65-a9ed-4163-b417-cc465b5d63a6">
      <Output>
        <StdOut>Logged in as: AslamKhan / 1qaz!QAZ
Redirected at Dashboard screen.</StdOut>
      </Output>
    </UnitTestResult>
    <UnitTestResult executionId="8c6b2343-e5d2-4f42-86a0-0cd05139b08e" testId="eeb96bc7-5f29-c71a-5796-2a7a623e7d0a" testName="residualIncomeOfficeAdjustmentToolOfficePercentage" computerName="TESTORIGEN-PC" duration="00:00:44.8991977" startTime="2015-08-17T13:51:13.8441705+05:30" endTime="2015-08-17T13:51:58.7447387+05:30" testType="13cdc9d9-ddb5-4fa4-a97d-d965ccfc6d4b" outcome="Passed" testListId="8c84fa94-04c1-424b-9868-57a2d4851a1d" relativeResultsDirectory="8c6b2343-e5d2-4f42-86a0-0cd05139b08e">
      <Output>
        <StdOut>Logged in as: AslamKhan / 1qaz!QAZ
Redirected at Dashboard screen.</StdOut>
      </Output>
    </UnitTestResult>
    <UnitTestResult executionId="db037bb7-2982-4a9b-a8a3-c4a8ce011078" testId="93d82f4c-b3ab-5d5e-f4bd-2a8e888f9d74" testName="restoreDeletedPDFTemplate" computerName="TESTORIGEN-PC" duration="00:00:59.6121325" startTime="2015-08-17T13:51:58.7457387+05:30" endTime="2015-08-17T13:52:58.3591484+05:30" testType="13cdc9d9-ddb5-4fa4-a97d-d965ccfc6d4b" outcome="Failed" testListId="8c84fa94-04c1-424b-9868-57a2d4851a1d" relativeResultsDirectory="db037bb7-2982-4a9b-a8a3-c4a8ce011078">
      <Output>
        <StdOut>Logged in as: AslamKhan / 1qaz!QAZ
Redirected at Dashboard screen.</StdOut>
        <ErrorInfo>
          <Message>Test method PegasusTests.Scripts.ClientsTests.RestoreDeletedPDFTemplate.restoreDeletedPDFTemplate threw exception: 
System.InvalidOperationException: unknown error: Element is not clickable at point (896, 138). Other element would receive the click: &lt;div class="modal-backdrop fade in"&gt;&lt;/div&gt;
  (Session info: chrome=44.0.2403.155)
  (Driver info: chromedriver=2.14.313457 (3d645c400edf2e2c500566c9aa096063e707c9cf),platform=Windows NT 6.1 SP1 x86_64)</Message>
          <StackTrace>    at OpenQA.Selenium.Remote.RemoteWebDriver.UnpackAndThrowOnError(Response errorResponse)
   at OpenQA.Selenium.Remote.RemoteWebDriver.Execute(String driverCommandToExecute, Dictionary`2 parameters)
   at OpenQA.Selenium.Remote.RemoteWebElement.Click()
   at PegasusTests.PageHelper.Comm.DriverHelper.Click(String locator) in e:\Pegasus_Project\Pegasus_New_Skin\Pegasus_New_skin\Pegasus_New_skin\PageHelper\Comm\DriverHelper.cs:line 247
   at PegasusTests.PageHelper.PDFTemplateAdminHelper.ClickElement(String XmlNode) in e:\Pegasus_Project\Pegasus_New_Skin\Pegasus_New_skin\Pegasus_New_skin\PageHelper\PDFTemplateAdminHelper.cs:line 27
   at PegasusTests.Scripts.ClientsTests.RestoreDeletedPDFTemplate.restoreDeletedPDFTemplate() in e:\Pegasus_Project\Pegasus_New_Skin\Pegasus_New_skin\Pegasus_New_skin\Scripts\NewSkinTaskJira\RestoreDeletedPDFTemplate.cs:line 66
</StackTrace>
        </ErrorInfo>
      </Output>
    </UnitTestResult>
    <UnitTestResult executionId="940d6d8a-0e17-453a-b8b0-a3302d6cc43a" testId="638a3293-2062-22e5-7dd4-60342c73c853" testName="restorePDFTemplateCorp" computerName="TESTORIGEN-PC" duration="00:00:37.8411240" startTime="2015-08-17T13:52:58.3591484+05:30" endTime="2015-08-17T13:53:36.2013129+05:30" testType="13cdc9d9-ddb5-4fa4-a97d-d965ccfc6d4b" outcome="Failed" testListId="8c84fa94-04c1-424b-9868-57a2d4851a1d" relativeResultsDirectory="940d6d8a-0e17-453a-b8b0-a3302d6cc43a">
      <Output>
        <StdOut>Logged in as: selcorp / seWelcome2
Redirected at Dashboard screen.</StdOut>
        <ErrorInfo>
          <Message>Test method PegasusTests.Scripts.ClientsTests.RestorePDFTemplateCorp.restorePDFTemplateCorp threw exception: 
OpenQA.Selenium.NoSuchElementException: Cannot locate option with value: 49</Message>
          <StackTrace>    at OpenQA.Selenium.Support.UI.SelectElement.SelectByValue(String value)
   at PegasusTests.PageHelper.Comm.DriverHelper.SelectDropDown(String locator, String targetValue) in e:\Pegasus_Project\Pegasus_New_Skin\Pegasus_New_skin\Pegasus_New_skin\PageHelper\Comm\DriverHelper.cs:line 257
   at PegasusTests.PageHelper.PDFTemplateAdminHelper.Select(String Field, String value) in e:\Pegasus_Project\Pegasus_New_Skin\Pegasus_New_skin\Pegasus_New_skin\PageHelper\PDFTemplateAdminHelper.cs:line 48
   at PegasusTests.Scripts.ClientsTests.RestorePDFTemplateCorp.restorePDFTemplateCorp() in e:\Pegasus_Project\Pegasus_New_Skin\Pegasus_New_skin\Pegasus_New_skin\Scripts\NewSkinTaskJira\RestorePDFTemplateCorp.cs:line 63
</StackTrace>
        </ErrorInfo>
      </Output>
    </UnitTestResult>
    <UnitTestResult executionId="8e4a71d0-a781-4996-bac0-54112ea004ad" testId="4f19ac3c-ecd4-1c83-13bd-698248296590" testName="revenueAdjustmentForSaleManagerAddAmount" computerName="TESTORIGEN-PC" duration="00:01:07.6274570" startTime="2015-08-17T13:53:36.2013129+05:30" endTime="2015-08-17T13:54:43.8301810+05:30" testType="13cdc9d9-ddb5-4fa4-a97d-d965ccfc6d4b" outcome="Passed" testListId="8c84fa94-04c1-424b-9868-57a2d4851a1d" relativeResultsDirectory="8e4a71d0-a781-4996-bac0-54112ea004ad">
      <Output>
        <StdOut>Logged in as: AslamKhan / 1qaz!QAZ
Redirected at Dashboard screen.</StdOut>
      </Output>
    </UnitTestResult>
    <UnitTestResult executionId="c6820f70-a45f-45ed-8c6e-1a660a343e61" testId="7639cc2d-b5a1-26ca-6044-4345ea350e56" testName="revenueAdjustmentForSaleManagerRemoveFlat" computerName="TESTORIGEN-PC" duration="00:01:10.2232674" startTime="2015-08-17T13:54:43.8311811+05:30" endTime="2015-08-17T13:55:54.0561977+05:30" testType="13cdc9d9-ddb5-4fa4-a97d-d965ccfc6d4b" outcome="Passed" testListId="8c84fa94-04c1-424b-9868-57a2d4851a1d" relativeResultsDirectory="c6820f70-a45f-45ed-8c6e-1a660a343e61">
      <Output>
        <StdOut>Logged in as: AslamKhan / 1qaz!QAZ
Redirected at Dashboard screen.</StdOut>
      </Output>
    </UnitTestResult>
    <UnitTestResult executionId="a898e0b1-e63d-40da-a0a6-fae4b84b7501" testId="1edb38a4-bd22-4c69-27ef-70c1820bbf2a" testName="revenueAdjustmentPartnerAgentAddFlatAmount" computerName="TESTORIGEN-PC" duration="00:02:09.8733886" startTime="2015-08-17T13:55:54.0561977+05:30" endTime="2015-08-17T13:58:03.9316262+05:30" testType="13cdc9d9-ddb5-4fa4-a97d-d965ccfc6d4b" outcome="Failed" testListId="8c84fa94-04c1-424b-9868-57a2d4851a1d" relativeResultsDirectory="a898e0b1-e63d-40da-a0a6-fae4b84b7501">
      <Output>
        <StdOut>Logged in as: AslamKhan / 1qaz!QAZ
Redirected at Dashboard screen.</StdOut>
        <ErrorInfo>
          <Message>Assert.IsTrue failed. </Message>
          <StackTrace>   at PegasusTests.PageHelper.Comm.DriverHelper.Click(String locator) in e:\Pegasus_Project\Pegasus_New_Skin\Pegasus_New_skin\Pegasus_New_skin\PageHelper\Comm\DriverHelper.cs:line 246
   at PegasusTests.PageHelper.PartnerAgentHelperNewSkin.ClickElement(String xmlNode) in e:\Pegasus_Project\Pegasus_New_Skin\Pegasus_New_skin\Pegasus_New_skin\PageHelper\PartnerAgentHelperNewSkin.cs:line 57
   at PegasusTests.Scripts.ClientsTests.RevenueAdjustmentPartnerAgentAddFlatAmount.revenueAdjustmentPartnerAgentAddFlatAmount() in e:\Pegasus_Project\Pegasus_New_Skin\Pegasus_New_skin\Pegasus_New_skin\Scripts\NewSkinTaskJira\RevenueAdjustmentPartnerAgentAddFlatAmount.cs:line 67
</StackTrace>
        </ErrorInfo>
      </Output>
    </UnitTestResult>
    <UnitTestResult executionId="1d2b32fc-670f-4c4a-a6f7-16803d5c7e57" testId="b7d0bdc2-df49-3170-25ed-9f504b246c02" testName="revenueAdjustmentPartnerAgentAddPercentage" computerName="TESTORIGEN-PC" duration="00:00:58.0075905" startTime="2015-08-17T13:58:03.9326262+05:30" endTime="2015-08-17T13:59:01.9419442+05:30" testType="13cdc9d9-ddb5-4fa4-a97d-d965ccfc6d4b" outcome="Passed" testListId="8c84fa94-04c1-424b-9868-57a2d4851a1d" relativeResultsDirectory="1d2b32fc-670f-4c4a-a6f7-16803d5c7e57">
      <Output>
        <StdOut>Logged in as: AslamKhan / 1qaz!QAZ
Redirected at Dashboard screen.</StdOut>
      </Output>
    </UnitTestResult>
    <UnitTestResult executionId="db5f5f16-c145-4719-936c-d46ec9013ffa" testId="a6e1ba08-3b95-cfb4-752d-08519091324a" testName="revenueAdjustmentPartnerAgentRemoveFlatAmount" computerName="TESTORIGEN-PC" duration="00:01:50.1426056" startTime="2015-08-17T13:59:01.9419442+05:30" endTime="2015-08-17T14:00:52.0862441+05:30" testType="13cdc9d9-ddb5-4fa4-a97d-d965ccfc6d4b" outcome="Failed" testListId="8c84fa94-04c1-424b-9868-57a2d4851a1d" relativeResultsDirectory="db5f5f16-c145-4719-936c-d46ec9013ffa">
      <Output>
        <StdOut>Logged in as: AslamKhan / 1qaz!QAZ
Redirected at Dashboard screen.</StdOut>
        <ErrorInfo>
          <Message>Assert.IsTrue failed. </Message>
          <StackTrace>   at PegasusTests.PageHelper.Comm.DriverHelper.Click(String locator) in e:\Pegasus_Project\Pegasus_New_Skin\Pegasus_New_skin\Pegasus_New_skin\PageHelper\Comm\DriverHelper.cs:line 246
   at PegasusTests.PageHelper.PartnerAgentHelperNewSkin.ClickElement(String xmlNode) in e:\Pegasus_Project\Pegasus_New_Skin\Pegasus_New_skin\Pegasus_New_skin\PageHelper\PartnerAgentHelperNewSkin.cs:line 57
   at PegasusTests.Scripts.ClientsTests.RevenueAdjustmentPartnerAgentRemoveFlatAmount.revenueAdjustmentPartnerAgentRemoveFlatAmount() in e:\Pegasus_Project\Pegasus_New_Skin\Pegasus_New_skin\Pegasus_New_skin\Scripts\NewSkinTaskJira\RevenueAdjustmentPartnerAgentRemoveFlatAmount.cs:line 67
</StackTrace>
        </ErrorInfo>
      </Output>
    </UnitTestResult>
    <UnitTestResult executionId="3ee922c2-b441-4f8e-9f2f-9306d0d79cb9" testId="e911c5b9-830e-35d5-e910-21dc07b81cd0" testName="revenueAdjustmentPartnerAgentRemovePercentage" computerName="TESTORIGEN-PC" duration="00:01:50.9671992" startTime="2015-08-17T14:00:52.0872441+05:30" endTime="2015-08-17T14:02:43.0565912+05:30" testType="13cdc9d9-ddb5-4fa4-a97d-d965ccfc6d4b" outcome="Failed" testListId="8c84fa94-04c1-424b-9868-57a2d4851a1d" relativeResultsDirectory="3ee922c2-b441-4f8e-9f2f-9306d0d79cb9">
      <Output>
        <StdOut>Logged in as: AslamKhan / 1qaz!QAZ
Redirected at Dashboard screen.</StdOut>
        <ErrorInfo>
          <Message>Assert.IsTrue failed. </Message>
          <StackTrace>   at PegasusTests.PageHelper.Comm.DriverHelper.Click(String locator) in e:\Pegasus_Project\Pegasus_New_Skin\Pegasus_New_skin\Pegasus_New_skin\PageHelper\Comm\DriverHelper.cs:line 246
   at PegasusTests.PageHelper.PartnerAgentHelperNewSkin.ClickElement(String xmlNode) in e:\Pegasus_Project\Pegasus_New_Skin\Pegasus_New_skin\Pegasus_New_skin\PageHelper\PartnerAgentHelperNewSkin.cs:line 57
   at PegasusTests.Scripts.ClientsTests.RevenueAdjustmentPartnerAgentRemovePercentage.revenueAdjustmentPartnerAgentRemovePercentage() in e:\Pegasus_Project\Pegasus_New_Skin\Pegasus_New_skin\Pegasus_New_skin\Scripts\NewSkinTaskJira\RevenueAdjustmentPartnerAgentRemovePercentage.cs:line 67
</StackTrace>
        </ErrorInfo>
      </Output>
    </UnitTestResult>
    <UnitTestResult executionId="d7ff15dc-5bfc-4998-8467-6b9e46bfee92" testId="7e8157c8-dcb1-ea12-efa2-f87a11b69850" testName="revenueAdjustmentSaleAgentAddAmount" computerName="TESTORIGEN-PC" duration="00:01:02.4081558" startTime="2015-08-17T14:02:43.0565912+05:30" endTime="2015-08-17T14:03:45.4661608+05:30" testType="13cdc9d9-ddb5-4fa4-a97d-d965ccfc6d4b" outcome="Passed" testListId="8c84fa94-04c1-424b-9868-57a2d4851a1d" relativeResultsDirectory="d7ff15dc-5bfc-4998-8467-6b9e46bfee92">
      <Output>
        <StdOut>Logged in as: AslamKhan / 1qaz!QAZ
Redirected at Dashboard screen.</StdOut>
      </Output>
    </UnitTestResult>
    <UnitTestResult executionId="6ec894a6-42dd-45e0-a243-8c26e718fba1" testId="00d160ea-4613-9def-d08d-4b8e1b84752e" testName="revenueAdjustmentSaleAgentEmployeeAddPercentage" computerName="TESTORIGEN-PC" duration="00:01:04.0026043" startTime="2015-08-17T14:03:45.4661608+05:30" endTime="2015-08-17T14:04:49.4708217+05:30" testType="13cdc9d9-ddb5-4fa4-a97d-d965ccfc6d4b" outcome="Passed" testListId="8c84fa94-04c1-424b-9868-57a2d4851a1d" relativeResultsDirectory="6ec894a6-42dd-45e0-a243-8c26e718fba1">
      <Output>
        <StdOut>Logged in as: AslamKhan / 1qaz!QAZ
Redirected at Dashboard screen.</StdOut>
      </Output>
    </UnitTestResult>
    <UnitTestResult executionId="e529b236-3ae5-4689-a6bc-76441ca58e26" testId="49d067f9-bd82-140d-2b0d-3e94f60729fa" testName="revenueAdjustmentSaleAgentRemoveFlat" computerName="TESTORIGEN-PC" duration="00:01:01.5101583" startTime="2015-08-17T14:04:49.4708217+05:30" endTime="2015-08-17T14:05:50.9833400+05:30" testType="13cdc9d9-ddb5-4fa4-a97d-d965ccfc6d4b" outcome="Passed" testListId="8c84fa94-04c1-424b-9868-57a2d4851a1d" relativeResultsDirectory="e529b236-3ae5-4689-a6bc-76441ca58e26">
      <Output>
        <StdOut>Logged in as: AslamKhan / 1qaz!QAZ
Redirected at Dashboard screen.</StdOut>
      </Output>
    </UnitTestResult>
    <UnitTestResult executionId="ab24dddc-afd6-41cb-96c1-5c8d7c46a8f2" testId="90b0ece4-7734-b027-573c-ce0fdf3271f0" testName="revenueAdjustmentSaleManagerEmployeeAddPercentage" computerName="TESTORIGEN-PC" duration="00:01:38.2958389" startTime="2015-08-17T14:05:50.9833400+05:30" endTime="2015-08-17T14:07:29.2809623+05:30" testType="13cdc9d9-ddb5-4fa4-a97d-d965ccfc6d4b" outcome="Passed" testListId="8c84fa94-04c1-424b-9868-57a2d4851a1d" relativeResultsDirectory="ab24dddc-afd6-41cb-96c1-5c8d7c46a8f2">
      <Output>
        <StdOut>Logged in as: AslamKhan / 1qaz!QAZ
Redirected at Dashboard screen.</StdOut>
      </Output>
    </UnitTestResult>
    <UnitTestResult executionId="2e7f20f7-974a-4752-b235-7156bace26c4" testId="2ce50fe1-c4e5-8f47-92d3-0a707bbc9259" testName="revenueShareButtonForPartnerAgent" computerName="TESTORIGEN-PC" duration="00:00:40.9293519" startTime="2015-08-17T14:07:29.2819624+05:30" endTime="2015-08-17T14:08:10.2123034+05:30" testType="13cdc9d9-ddb5-4fa4-a97d-d965ccfc6d4b" outcome="Passed" testListId="8c84fa94-04c1-424b-9868-57a2d4851a1d" relativeResultsDirectory="2e7f20f7-974a-4752-b235-7156bace26c4">
      <Output>
        <StdOut>Logged in as: AslamKhan / 1qaz!QAZ
Redirected at Dashboard screen.</StdOut>
      </Output>
    </UnitTestResult>
    <UnitTestResult executionId="c1b27fec-0388-4c9d-8128-3dc264beb086" testId="631db1e5-5130-fe76-60d3-f720d01eb3d2" testName="revenueShareButtonForPartnerAssociation" computerName="TESTORIGEN-PC" duration="00:00:42.8682310" startTime="2015-08-17T14:08:10.2123034+05:30" endTime="2015-08-17T14:08:53.0817554+05:30" testType="13cdc9d9-ddb5-4fa4-a97d-d965ccfc6d4b" outcome="Passed" testListId="8c84fa94-04c1-424b-9868-57a2d4851a1d" relativeResultsDirectory="c1b27fec-0388-4c9d-8128-3dc264beb086">
      <Output>
        <StdOut>Logged in as: AslamKhan / 1qaz!QAZ
Redirected at Dashboard screen.</StdOut>
      </Output>
    </UnitTestResult>
    <UnitTestResult executionId="d11e3405-2d96-4b7d-a992-607e721fe247" testId="9699bd57-3e9a-16f4-dafd-b1a79632258f" testName="revenueShareInDecimalPartnerAssociation" computerName="TESTORIGEN-PC" duration="00:00:32.2267498" startTime="2015-08-17T14:08:53.0817554+05:30" endTime="2015-08-17T14:09:25.3095988+05:30" testType="13cdc9d9-ddb5-4fa4-a97d-d965ccfc6d4b" outcome="Failed" testListId="8c84fa94-04c1-424b-9868-57a2d4851a1d" relativeResultsDirectory="d11e3405-2d96-4b7d-a992-607e721fe247">
      <Output>
        <StdOut>Logged in as: AslamKhan / 1qaz!QAZ
Redirected at Dashboard screen.</StdOut>
        <ErrorInfo>
          <Message>Test method PegasusTests.Scripts.ClientsTests.RevenueShareInDecimalPartnerAssociation.revenueShareInDecimalPartnerAssociation threw exception: 
System.NullReferenceException: Object reference not set to an instance of an object.</Message>
          <StackTrace>    at PegasusTests.Locators.LocatorReader.ReadLocator(String key) in e:\Pegasus_Project\Pegasus_New_Skin\Pegasus_New_skin\Pegasus_New_skin\Locators\LocatorReader.cs:line 22
   at PegasusTests.PageHelper.PartnerAgentHelperNewSkin.ClickElement(String xmlNode) in e:\Pegasus_Project\Pegasus_New_Skin\Pegasus_New_skin\Pegasus_New_skin\PageHelper\PartnerAgentHelperNewSkin.cs:line 54
   at PegasusTests.Scripts.ClientsTests.RevenueShareInDecimalPartnerAssociation.revenueShareInDecimalPartnerAssociation() in e:\Pegasus_Project\Pegasus_New_Skin\Pegasus_New_skin\Pegasus_New_skin\Scripts\NewSkinTaskJira\RevenueShareInDecimalPartnerAssociation.cs:line 51
</StackTrace>
        </ErrorInfo>
      </Output>
    </UnitTestResult>
    <UnitTestResult executionId="c35a9696-cea9-4c63-98e1-3c06dc7ff7d5" testId="ae3e5d17-a418-c027-5d01-89e4c7b54c4c" testName="saleAgentCodeProcessor" computerName="TESTORIGEN-PC" duration="00:00:49.3205693" startTime="2015-08-17T14:09:25.3095988+05:30" endTime="2015-08-17T14:10:14.6324199+05:30" testType="13cdc9d9-ddb5-4fa4-a97d-d965ccfc6d4b" outcome="Passed" testListId="8c84fa94-04c1-424b-9868-57a2d4851a1d" relativeResultsDirectory="c35a9696-cea9-4c63-98e1-3c06dc7ff7d5">
      <Output>
        <StdOut>Logged in as: AslamKhan / 1qaz!QAZ
Redirected at Dashboard screen.</StdOut>
      </Output>
    </UnitTestResult>
    <UnitTestResult executionId="eca4172f-679a-4bb8-bcf3-d39702e3f0c0" testId="ab42990e-b7d9-acfc-0318-565256d2bb54" testName="saleAgentWithUserNewSkin" computerName="TESTORIGEN-PC" duration="00:00:53.0667056" startTime="2015-08-17T14:10:14.6324199+05:30" endTime="2015-08-17T14:11:07.7004552+05:30" testType="13cdc9d9-ddb5-4fa4-a97d-d965ccfc6d4b" outcome="Passed" testListId="8c84fa94-04c1-424b-9868-57a2d4851a1d" relativeResultsDirectory="eca4172f-679a-4bb8-bcf3-d39702e3f0c0">
      <Output>
        <StdOut>Logged in as: AslamKhan / 1qaz!QAZ
Redirected at Dashboard screen.</StdOut>
      </Output>
    </UnitTestResult>
    <UnitTestResult executionId="9b9b274e-4b5a-4f89-8f2b-8c42c83e7e48" testId="393d6c3b-efc9-bf9c-9a36-6929884573ff" testName="saveLocation" computerName="TESTORIGEN-PC" duration="00:00:59.0122270" startTime="2015-08-17T14:11:07.7004552+05:30" endTime="2015-08-17T14:12:06.7138306+05:30" testType="13cdc9d9-ddb5-4fa4-a97d-d965ccfc6d4b" outcome="Passed" testListId="8c84fa94-04c1-424b-9868-57a2d4851a1d" relativeResultsDirectory="9b9b274e-4b5a-4f89-8f2b-8c42c83e7e48">
      <Output>
        <StdOut>Logged in as: AslamKhan / 1qaz!QAZ
Redirected at Dashboard screen.</StdOut>
      </Output>
    </UnitTestResult>
    <UnitTestResult executionId="829796d6-af05-466b-9d54-f4e68589bbd8" testId="8db7c042-c9c9-e955-e7e7-3e02c89b7d6f" testName="tabsNotBroken" computerName="TESTORIGEN-PC" duration="00:00:42.1309313" startTime="2015-08-17T14:12:06.7148306+05:30" endTime="2015-08-17T14:12:48.8462404+05:30" testType="13cdc9d9-ddb5-4fa4-a97d-d965ccfc6d4b" outcome="Passed" testListId="8c84fa94-04c1-424b-9868-57a2d4851a1d" relativeResultsDirectory="829796d6-af05-466b-9d54-f4e68589bbd8">
      <Output>
        <StdOut>Logged in as: selcorp / seWelcome2
Redirected at Dashboard screen.</StdOut>
      </Output>
    </UnitTestResult>
    <UnitTestResult executionId="58e2537f-30e9-44c7-a709-51d533e25799" testId="56a8f782-250a-6f8c-ac49-011d70574de2" testName="ticketComment" computerName="TESTORIGEN-PC" duration="00:01:22.5061370" startTime="2015-08-17T14:12:48.8462404+05:30" endTime="2015-08-17T14:14:11.3549596+05:30" testType="13cdc9d9-ddb5-4fa4-a97d-d965ccfc6d4b" outcome="Failed" testListId="8c84fa94-04c1-424b-9868-57a2d4851a1d" relativeResultsDirectory="58e2537f-30e9-44c7-a709-51d533e25799">
      <Output>
        <StdOut>Logged in as: AslamKhan / 1qaz!QAZ
Redirected at Dashboard screen.</StdOut>
        <ErrorInfo>
          <Message>Test method PegasusTests.Scripts.ClientsTests.TicketComment.ticketComment threw exception: 
OpenQA.Selenium.ElementNotVisibleException: element not visible
  (Session info: chrome=44.0.2403.155)
  (Driver info: chromedriver=2.14.313457 (3d645c400edf2e2c500566c9aa096063e707c9cf),platform=Windows NT 6.1 SP1 x86_64)</Message>
          <StackTrace>    at OpenQA.Selenium.Remote.RemoteWebDriver.UnpackAndThrowOnError(Response errorResponse)
   at OpenQA.Selenium.Remote.RemoteWebDriver.Execute(String driverCommandToExecute, Dictionary`2 parameters)
   at OpenQA.Selenium.Remote.RemoteWebElement.SendKeys(String text)
   at PegasusTests.PageHelper.PartnerAgentHelperNewSkin.TypeInArea(String field, String comment) in e:\Pegasus_Project\Pegasus_New_Skin\Pegasus_New_skin\Pegasus_New_skin\PageHelper\PartnerAgentHelperNewSkin.cs:line 200
   at PegasusTests.Scripts.ClientsTests.TicketComment.ticketComment() in e:\Pegasus_Project\Pegasus_New_Skin\Pegasus_New_skin\Pegasus_New_skin\Scripts\NewSkinTaskJira\TicketComment.cs:line 64
</StackTrace>
        </ErrorInfo>
      </Output>
    </UnitTestResult>
    <UnitTestResult executionId="86e135b4-6770-45c0-b0d4-098f28bc5a08" testId="1b150bd0-7205-e9d7-5516-24eed9c954f7" testName="ticketingSystem" computerName="TESTORIGEN-PC" duration="00:00:33.3706757" startTime="2015-08-17T14:14:11.3549596+05:30" endTime="2015-08-17T14:14:44.7268684+05:30" testType="13cdc9d9-ddb5-4fa4-a97d-d965ccfc6d4b" outcome="Passed" testListId="8c84fa94-04c1-424b-9868-57a2d4851a1d" relativeResultsDirectory="86e135b4-6770-45c0-b0d4-098f28bc5a08">
      <Output>
        <StdOut>Logged in as: AslamKhan / 1qaz!QAZ
Redirected at Dashboard screen.</StdOut>
      </Output>
    </UnitTestResult>
    <UnitTestResult executionId="efad7cb0-059f-43c5-adaf-ccb0e5eef8d1" testId="a528b9d1-09ce-b802-08a5-6e087b0004f7" testName="trashIconAvail" computerName="TESTORIGEN-PC" duration="00:00:36.6163070" startTime="2015-08-17T14:14:44.7268684+05:30" endTime="2015-08-17T14:15:21.3439628+05:30" testType="13cdc9d9-ddb5-4fa4-a97d-d965ccfc6d4b" outcome="Passed" testListId="8c84fa94-04c1-424b-9868-57a2d4851a1d" relativeResultsDirectory="efad7cb0-059f-43c5-adaf-ccb0e5eef8d1">
      <Output>
        <StdOut>Logged in as: AslamKhan / 1qaz!QAZ
Redirected at Dashboard screen.</StdOut>
      </Output>
    </UnitTestResult>
    <UnitTestResult executionId="3c071a61-d07b-4c0a-be73-bb4736b37433" testId="8e59bd2d-bd60-e724-3a38-222ac20bff9f" testName="updateTextOnMarketingPageClient" computerName="TESTORIGEN-PC" duration="00:01:21.0046231" startTime="2015-08-17T14:15:21.3439628+05:30" endTime="2015-08-17T14:16:42.3505961+05:30" testType="13cdc9d9-ddb5-4fa4-a97d-d965ccfc6d4b" outcome="Failed" testListId="8c84fa94-04c1-424b-9868-57a2d4851a1d" relativeResultsDirectory="3c071a61-d07b-4c0a-be73-bb4736b37433">
      <Output>
        <StdOut>Logged in as: AslamKhan / 1qaz!QAZ
Redirected at Dashboard screen.</StdOut>
        <ErrorInfo>
          <Message>Assert.IsTrue failed. </Message>
          <StackTrace>   at PegasusTests.PageHelper.Comm.DriverHelper.Click(String locator) in e:\Pegasus_Project\Pegasus_New_Skin\Pegasus_New_skin\Pegasus_New_skin\PageHelper\Comm\DriverHelper.cs:line 246
   at PegasusTests.PageHelper.ClientHelperNewSkin.ClickElement(String xmlNode) in e:\Pegasus_Project\Pegasus_New_Skin\Pegasus_New_skin\Pegasus_New_skin\PageHelper\ClientHelperNewSkin.cs:line 62
   at PegasusTests.Scripts.ClientsTests.UpdateTextOnMarketingPageClient.updateTextOnMarketingPageClient() in e:\Pegasus_Project\Pegasus_New_Skin\Pegasus_New_skin\Pegasus_New_skin\Scripts\NewSkinTaskJira\UpdateTextOnMarketingPageClient.cs:line 49
</StackTrace>
        </ErrorInfo>
      </Output>
    </UnitTestResult>
    <UnitTestResult executionId="f27d3ef1-a752-4725-bfae-2ac232ae19f2" testId="a6cfcd75-8812-fb54-975b-5f6c37250cb0" testName="uploadedLogo" computerName="TESTORIGEN-PC" duration="00:00:30.8438726" startTime="2015-08-17T14:16:42.3505961+05:30" endTime="2015-08-17T14:17:13.1963604+05:30" testType="13cdc9d9-ddb5-4fa4-a97d-d965ccfc6d4b" outcome="Failed" testListId="8c84fa94-04c1-424b-9868-57a2d4851a1d" relativeResultsDirectory="f27d3ef1-a752-4725-bfae-2ac232ae19f2">
      <Output>
        <StdOut>Logged in as: selcorp / seWelcome2
Redirected at Dashboard screen.</StdOut>
        <ErrorInfo>
          <Message>Assert.IsTrue failed. </Message>
          <StackTrace>   at PegasusTests.PageHelper.Comm.DriverTestCase.VerifyTitle(String title) in e:\Pegasus_Project\Pegasus_New_Skin\Pegasus_New_skin\Pegasus_New_skin\PageHelper\Comm\DriverTestCase.cs:line 109
   at PegasusTests.Scripts.ClientsTests.UploadedLogo.uploadedLogo() in e:\Pegasus_Project\Pegasus_New_Skin\Pegasus_New_skin\Pegasus_New_skin\Scripts\NewSkinTaskJira\UploadedLogo.cs:line 53
</StackTrace>
        </ErrorInfo>
      </Output>
    </UnitTestResult>
    <UnitTestResult executionId="8f3dd567-0974-42ae-b5fe-3a3a08caa145" testId="3e105617-0bb6-733c-e78a-d2f35c17f402" testName="userCountPage" computerName="TESTORIGEN-PC" duration="00:01:01.1447841" startTime="2015-08-17T14:17:13.1963604+05:30" endTime="2015-08-17T14:18:14.3428577+05:30" testType="13cdc9d9-ddb5-4fa4-a97d-d965ccfc6d4b" outcome="Passed" testListId="8c84fa94-04c1-424b-9868-57a2d4851a1d" relativeResultsDirectory="8f3dd567-0974-42ae-b5fe-3a3a08caa145">
      <Output>
        <StdOut>Logged in as: AslamKhan / 1qaz!QAZ
Redirected at Dashboard screen.
10	11
20	21</StdOut>
      </Output>
    </UnitTestResult>
    <UnitTestResult executionId="05e4d12b-e401-4328-9aec-7a369725fada" testId="c497ca90-15db-d9e3-fed1-18a8c3832a01" testName="userVerifyCountryCorp" computerName="TESTORIGEN-PC" duration="00:00:32.4535049" startTime="2015-08-17T14:18:14.3428577+05:30" endTime="2015-08-17T14:18:46.7977140+05:30" testType="13cdc9d9-ddb5-4fa4-a97d-d965ccfc6d4b" outcome="Passed" testListId="8c84fa94-04c1-424b-9868-57a2d4851a1d" relativeResultsDirectory="05e4d12b-e401-4328-9aec-7a369725fada">
      <Output>
        <StdOut>Logged in as: selcorp / seWelcome2
Redirected at Dashboard screen.</StdOut>
      </Output>
    </UnitTestResult>
    <UnitTestResult executionId="fb430978-5f4d-4fed-8d02-236673c04859" testId="ba9c1802-9c2e-de9d-589c-508e2f15429b" testName="validationForFileTypeOfficeLogo" computerName="TESTORIGEN-PC" duration="00:00:30.7935211" startTime="2015-08-17T14:18:46.7977140+05:30" endTime="2015-08-17T14:19:17.5914753+05:30" testType="13cdc9d9-ddb5-4fa4-a97d-d965ccfc6d4b" outcome="Failed" testListId="8c84fa94-04c1-424b-9868-57a2d4851a1d" relativeResultsDirectory="fb430978-5f4d-4fed-8d02-236673c04859">
      <Output>
        <ErrorInfo>
          <Message>Assert.IsTrue failed. </Message>
          <StackTrace>   at PegasusTests.PageHelper.Comm.DriverHelper.SendKeys(String locator, String value) in e:\Pegasus_Project\Pegasus_New_Skin\Pegasus_New_skin\Pegasus_New_skin\PageHelper\Comm\DriverHelper.cs:line 222
   at PegasusTests.PageHelper.LoginHelper.EnterUserName(String username) in e:\Pegasus_Project\Pegasus_New_Skin\Pegasus_New_skin\Pegasus_New_skin\PageHelper\LoginHelper.cs:line 21
   at PegasusTests.PageHelper.Comm.DriverTestCase.Login(String userName, String password) in e:\Pegasus_Project\Pegasus_New_Skin\Pegasus_New_skin\Pegasus_New_skin\PageHelper\Comm\DriverTestCase.cs:line 123
   at PegasusTests.Scripts.ClientsTests.ValidationForFileTypeOfficeLogo.validationForFileTypeOfficeLogo() in e:\Pegasus_Project\Pegasus_New_Skin\Pegasus_New_skin\Pegasus_New_skin\Scripts\NewSkinTaskJira\ValidationForFileTypeOfficeLogo.cs:line 33
</StackTrace>
        </ErrorInfo>
      </Output>
    </UnitTestResult>
    <UnitTestResult executionId="f3f9012e-22e8-4065-99ad-84b76ed99e17" testId="56fc8256-8585-92ab-c5dd-7d38d01eb098" testName="vendorEmailVerification" computerName="TESTORIGEN-PC" duration="00:00:30.2145361" startTime="2015-08-17T14:19:17.5924754+05:30" endTime="2015-08-17T14:19:47.8082036+05:30" testType="13cdc9d9-ddb5-4fa4-a97d-d965ccfc6d4b" outcome="Passed" testListId="8c84fa94-04c1-424b-9868-57a2d4851a1d" relativeResultsDirectory="f3f9012e-22e8-4065-99ad-84b76ed99e17">
      <Output>
        <StdOut>Logged in as: AslamKhan / 1qaz!QAZ
Redirected at Dashboard screen.</StdOut>
      </Output>
    </UnitTestResult>
    <UnitTestResult executionId="f26617a6-0691-427f-9c76-706dfa580ce7" testId="469e6b6a-3c29-b051-995c-b9842e2eb6d9" testName="vendorSocialurlValidate" computerName="TESTORIGEN-PC" duration="00:00:57.0845643" startTime="2015-08-17T14:19:47.8082036+05:30" endTime="2015-08-17T14:20:44.8934687+05:30" testType="13cdc9d9-ddb5-4fa4-a97d-d965ccfc6d4b" outcome="Passed" testListId="8c84fa94-04c1-424b-9868-57a2d4851a1d" relativeResultsDirectory="f26617a6-0691-427f-9c76-706dfa580ce7">
      <Output>
        <StdOut>Logged in as: AslamKhan / 1qaz!QAZ
Redirected at Dashboard screen.</StdOut>
      </Output>
    </UnitTestResult>
    <UnitTestResult executionId="2e10634f-a6cc-458d-b781-74f9e21dc0f1" testId="e10128d8-0332-7474-6334-cdbf84dbbcd1" testName="verifyAddAnotherVersionDisplay" computerName="TESTORIGEN-PC" duration="00:00:53.6559981" startTime="2015-08-17T14:20:44.8934687+05:30" endTime="2015-08-17T14:21:38.5515378+05:30" testType="13cdc9d9-ddb5-4fa4-a97d-d965ccfc6d4b" outcome="Passed" testListId="8c84fa94-04c1-424b-9868-57a2d4851a1d" relativeResultsDirectory="2e10634f-a6cc-458d-b781-74f9e21dc0f1">
      <Output>
        <StdOut>Logged in as: AslamKhan / 1qaz!QAZ
Redirected at Dashboard screen.</StdOut>
      </Output>
    </UnitTestResult>
    <UnitTestResult executionId="feff379d-4494-448c-9162-285a5945a1ab" testId="71ccd59f-39a1-6884-7f01-f9495a97c8aa" testName="verifyAstrick" computerName="TESTORIGEN-PC" duration="00:00:47.5314181" startTime="2015-08-17T14:21:38.5515378+05:30" endTime="2015-08-17T14:22:26.0852566+05:30" testType="13cdc9d9-ddb5-4fa4-a97d-d965ccfc6d4b" outcome="Passed" testListId="8c84fa94-04c1-424b-9868-57a2d4851a1d" relativeResultsDirectory="feff379d-4494-448c-9162-285a5945a1ab">
      <Output>
        <StdOut>Logged in as: selcorp / seWelcome2
Redirected at Dashboard screen.</StdOut>
      </Output>
    </UnitTestResult>
    <UnitTestResult executionId="bffc9013-c84f-44e7-8e17-7cd58a0fddfc" testId="7c1ec3b1-98a2-dea8-cbc8-775ccf58ed68" testName="verifyBulkUpdateForClients" computerName="TESTORIGEN-PC" duration="00:00:31.1826678" startTime="2015-08-17T14:22:26.0852566+05:30" endTime="2015-08-17T14:22:57.2690402+05:30" testType="13cdc9d9-ddb5-4fa4-a97d-d965ccfc6d4b" outcome="Passed" testListId="8c84fa94-04c1-424b-9868-57a2d4851a1d" relativeResultsDirectory="bffc9013-c84f-44e7-8e17-7cd58a0fddfc">
      <Output>
        <StdOut>Logged in as: AslamKhan / 1qaz!QAZ
Redirected at Dashboard screen.</StdOut>
      </Output>
    </UnitTestResult>
    <UnitTestResult executionId="6f8448e3-8497-45a2-b939-2f9a4c22a762" testId="df28b719-e3f7-30cc-9006-df77cfa42dde" testName="verifyButtonsForTickets" computerName="TESTORIGEN-PC" duration="00:01:30.8694637" startTime="2015-08-17T14:22:57.2690402+05:30" endTime="2015-08-17T14:24:28.1402377+05:30" testType="13cdc9d9-ddb5-4fa4-a97d-d965ccfc6d4b" outcome="Failed" testListId="8c84fa94-04c1-424b-9868-57a2d4851a1d" relativeResultsDirectory="6f8448e3-8497-45a2-b939-2f9a4c22a762">
      <Output>
        <StdOut>Logged in as: AslamKhan / 1qaz!QAZ
Redirected at Dashboard screen.</StdOut>
        <ErrorInfo>
          <Message>Assert.IsTrue failed. </Message>
          <StackTrace>   at PegasusTests.PageHelper.Comm.DriverHelper.GetText(String locator) in e:\Pegasus_Project\Pegasus_New_Skin\Pegasus_New_skin\Pegasus_New_skin\PageHelper\Comm\DriverHelper.cs:line 264
   at PegasusTests.PageHelper.TicketsOfficeNewSkinHelper.VerifyText(String XmlNode, String text) in e:\Pegasus_Project\Pegasus_New_Skin\Pegasus_New_skin\Pegasus_New_skin\PageHelper\TicketsOfficeNewSkinHelper.cs:line 42
   at PegasusTests.Scripts.ClientsTests.VerifyButtonsForTickets.verifyButtonsForTickets() in e:\Pegasus_Project\Pegasus_New_Skin\Pegasus_New_skin\Pegasus_New_skin\Scripts\NewSkinTaskJira\VerifyButtonsForTickets.cs:line 72
</StackTrace>
        </ErrorInfo>
      </Output>
    </UnitTestResult>
    <UnitTestResult executionId="2f14f55c-ce4f-4dfc-8492-6671aeb042c8" testId="206cc6a4-d0ac-f552-638e-fe7e802a3553" testName="verifyMailMessage" computerName="TESTORIGEN-PC" duration="00:00:37.7756158" startTime="2015-08-17T14:24:28.1412378+05:30" endTime="2015-08-17T14:25:05.9173985+05:30" testType="13cdc9d9-ddb5-4fa4-a97d-d965ccfc6d4b" outcome="Passed" testListId="8c84fa94-04c1-424b-9868-57a2d4851a1d" relativeResultsDirectory="2f14f55c-ce4f-4dfc-8492-6671aeb042c8">
      <Output>
        <StdOut>Logged in as: selcorp / seWelcome2
Redirected at Dashboard screen.</StdOut>
      </Output>
    </UnitTestResult>
    <UnitTestResult executionId="be57de9d-7bd0-4c51-b85a-561392c03278" testId="1de1409d-dff0-7879-17d2-4e66016cf9f5" testName="verifyMerchantFields" computerName="TESTORIGEN-PC" duration="00:00:43.4396108" startTime="2015-08-17T14:25:05.9173985+05:30" endTime="2015-08-17T14:25:49.3588832+05:30" testType="13cdc9d9-ddb5-4fa4-a97d-d965ccfc6d4b" outcome="Passed" testListId="8c84fa94-04c1-424b-9868-57a2d4851a1d" relativeResultsDirectory="be57de9d-7bd0-4c51-b85a-561392c03278">
      <Output>
        <StdOut>Logged in as: AslamKhan / 1qaz!QAZ
Redirected at Dashboard screen.</StdOut>
      </Output>
    </UnitTestResult>
    <UnitTestResult executionId="0a1519f9-578d-4597-b210-fdf2927f9c0e" testId="6a5e6648-2f26-c2d3-28a8-f853f848223b" testName="verifyMyAccount" computerName="TESTORIGEN-PC" duration="00:00:18.2353518" startTime="2015-08-17T14:25:49.3588832+05:30" endTime="2015-08-17T14:26:07.5949262+05:30" testType="13cdc9d9-ddb5-4fa4-a97d-d965ccfc6d4b" outcome="Passed" testListId="8c84fa94-04c1-424b-9868-57a2d4851a1d" relativeResultsDirectory="0a1519f9-578d-4597-b210-fdf2927f9c0e" />
    <UnitTestResult executionId="a2f9cd9c-4c77-43b5-951c-7493beeec352" testId="9d72ec29-9ed5-8607-fe92-a0f716c85aab" testName="verifyRecycleBin" computerName="TESTORIGEN-PC" duration="00:00:33.3443309" startTime="2015-08-17T14:26:07.5949262+05:30" endTime="2015-08-17T14:26:40.9408335+05:30" testType="13cdc9d9-ddb5-4fa4-a97d-d965ccfc6d4b" outcome="Passed" testListId="8c84fa94-04c1-424b-9868-57a2d4851a1d" relativeResultsDirectory="a2f9cd9c-4c77-43b5-951c-7493beeec352">
      <Output>
        <StdOut>Logged in as: AslamKhan / 1qaz!QAZ
Redirected at Dashboard screen.</StdOut>
      </Output>
    </UnitTestResult>
    <UnitTestResult executionId="6df3d2c8-8089-41bc-b2f6-5bf6cf8b504d" testId="b74ae57b-78d2-4711-b85e-021fefe29a47" testName="verifySuccessMessage" computerName="TESTORIGEN-PC" duration="00:00:47.3169897" startTime="2015-08-17T14:26:40.9408335+05:30" endTime="2015-08-17T14:27:28.2595400+05:30" testType="13cdc9d9-ddb5-4fa4-a97d-d965ccfc6d4b" outcome="Failed" testListId="8c84fa94-04c1-424b-9868-57a2d4851a1d" relativeResultsDirectory="6df3d2c8-8089-41bc-b2f6-5bf6cf8b504d">
      <Output>
        <StdOut>Logged in as: AslamKhan / 1qaz!QAZ
Redirected at Dashboard screen.
File Path = E:\TestOrigen_Automation\CSharp\Peg_New\Pegasus_New_Skin\Pegasus_New_skin\Pegasus_New_skin\Files\leadslist.csv</StdOut>
        <ErrorInfo>
          <Message>Assert.IsTrue failed. </Message>
          <StackTrace>   at PegasusTests.PageHelper.Comm.DriverHelper.UploadFile(String locator, String value) in e:\Pegasus_Project\Pegasus_New_Skin\Pegasus_New_skin\Pegasus_New_skin\PageHelper\Comm\DriverHelper.cs:line 234
   at PegasusTests.Scripts.ClientsTests.VerifySuccessMessage.verifySuccessMessage() in e:\Pegasus_Project\Pegasus_New_Skin\Pegasus_New_skin\Pegasus_New_skin\Scripts\NewSkinTaskJira\VerifySuccessMessage.cs:line 50
</StackTrace>
        </ErrorInfo>
      </Output>
    </UnitTestResult>
    <UnitTestResult executionId="0d717014-483d-4f64-84cd-a2506e0b607e" testId="899fbee4-6844-efe0-b45d-263c4f796bc2" testName="verifyUserRedirectToShippingOnCancel" computerName="TESTORIGEN-PC" duration="00:00:39.4555683" startTime="2015-08-17T14:27:28.2595400+05:30" endTime="2015-08-17T14:28:07.7157967+05:30" testType="13cdc9d9-ddb5-4fa4-a97d-d965ccfc6d4b" outcome="Passed" testListId="8c84fa94-04c1-424b-9868-57a2d4851a1d" relativeResultsDirectory="0d717014-483d-4f64-84cd-a2506e0b607e">
      <Output>
        <StdOut>Logged in as: AslamKhan / 1qaz!QAZ
Redirected at Dashboard screen.</StdOut>
      </Output>
    </UnitTestResult>
    <UnitTestResult executionId="60b3c855-07c9-469d-91a7-ccab7f093349" testId="273c9924-b451-376a-6373-dbe061eee2e8" testName="viewRevenueAdjustmentPartnerAgentAddFlatAmount" computerName="TESTORIGEN-PC" duration="00:02:12.6267859" startTime="2015-08-17T14:28:07.7157967+05:30" endTime="2015-08-17T14:30:20.3453827+05:30" testType="13cdc9d9-ddb5-4fa4-a97d-d965ccfc6d4b" outcome="Failed" testListId="8c84fa94-04c1-424b-9868-57a2d4851a1d" relativeResultsDirectory="60b3c855-07c9-469d-91a7-ccab7f093349">
      <Output>
        <StdOut>Logged in as: AslamKhan / 1qaz!QAZ
Redirected at Dashboard screen.</StdOut>
        <ErrorInfo>
          <Message>Assert.IsTrue failed. </Message>
          <StackTrace>   at PegasusTests.PageHelper.Comm.DriverHelper.Click(String locator) in e:\Pegasus_Project\Pegasus_New_Skin\Pegasus_New_skin\Pegasus_New_skin\PageHelper\Comm\DriverHelper.cs:line 246
   at PegasusTests.PageHelper.PartnerAgentHelperNewSkin.ClickElement(String xmlNode) in e:\Pegasus_Project\Pegasus_New_Skin\Pegasus_New_skin\Pegasus_New_skin\PageHelper\PartnerAgentHelperNewSkin.cs:line 57
   at PegasusTests.Scripts.ClientsTests.ViewRevenueAdjustmentPartnerAgentAddFlatAmount.viewRevenueAdjustmentPartnerAgentAddFlatAmount() in e:\Pegasus_Project\Pegasus_New_Skin\Pegasus_New_skin\Pegasus_New_skin\Scripts\NewSkinTaskJira\ViewRevenueAdjustmentPartnerAgentAddFlatAmount.cs:line 207
</StackTrace>
        </ErrorInfo>
      </Output>
    </UnitTestResult>
    <UnitTestResult executionId="5814bfd1-a586-4c17-bf1d-e8adb7fab6e7" testId="a1228955-227f-d507-f68a-7aa80b081cd9" testName="viewRevenueAdjustmentSaleAgentPercentage" computerName="TESTORIGEN-PC" duration="00:00:49.5341646" startTime="2015-08-17T14:30:20.3453827+05:30" endTime="2015-08-17T14:31:09.8812160+05:30" testType="13cdc9d9-ddb5-4fa4-a97d-d965ccfc6d4b" outcome="Passed" testListId="8c84fa94-04c1-424b-9868-57a2d4851a1d" relativeResultsDirectory="5814bfd1-a586-4c17-bf1d-e8adb7fab6e7">
      <Output>
        <StdOut>Logged in as: AslamKhan / 1qaz!QAZ
Redirected at Dashboard screen.</StdOut>
      </Output>
    </UnitTestResult>
    <UnitTestResult executionId="4d088548-c6f4-4a71-8ed0-10cb084b6111" testId="77502f30-c3cb-2212-18a4-c16ed17882e8" testName="websiteFilter" computerName="TESTORIGEN-PC" duration="00:00:44.3671268" startTime="2015-08-17T14:31:09.8812160+05:30" endTime="2015-08-17T14:31:54.2497537+05:30" testType="13cdc9d9-ddb5-4fa4-a97d-d965ccfc6d4b" outcome="Passed" testListId="8c84fa94-04c1-424b-9868-57a2d4851a1d" relativeResultsDirectory="4d088548-c6f4-4a71-8ed0-10cb084b6111">
      <Output>
        <StdOut>Logged in as: AslamKhan / 1qaz!QAZ
Redirected at Dashboard screen.</StdOut>
      </Output>
    </UnitTestResult>
  </Results>
  <TestDefinitions>
    <UnitTest name="addAgentCodeForPartnerAgnet" storage="e:\testorigen_automation\csharp\peg_new\pegasus_new_skin\pegasus_new_skin\pegasus_new_skin\bin\debug\pegasus_new_skin.dll" id="75e56327-7336-efdc-b3ad-bd85e075095f">
      <Execution id="bc4ec221-b6fb-432b-8aec-7d6806ced927" />
      <TestMethod codeBase="E:\TestOrigen_Automation\CSharp\Peg_New\Pegasus_New_Skin\Pegasus_New_skin\Pegasus_New_skin\bin\Debug\Pegasus_New_skin.dll" adapterTypeName="Microsoft.VisualStudio.TestTools.TestTypes.Unit.UnitTestAdapter" className="PegasusTests.Scripts.ClientsTests.AddAgentCodeForPartnerAgnet" name="addAgentCodeForPartnerAgnet" />
    </UnitTest>
    <UnitTest name="additionalFilter" storage="e:\testorigen_automation\csharp\peg_new\pegasus_new_skin\pegasus_new_skin\pegasus_new_skin\bin\debug\pegasus_new_skin.dll" id="b466f748-829e-6f53-e63c-28f63c2aeb0e">
      <Execution id="53bcccd9-dd95-4356-95c5-2d7567f559e0" />
      <TestMethod codeBase="E:\TestOrigen_Automation\CSharp\Peg_New\Pegasus_New_Skin\Pegasus_New_skin\Pegasus_New_skin\bin\Debug\Pegasus_New_skin.dll" adapterTypeName="Microsoft.VisualStudio.TestTools.TestTypes.Unit.UnitTestAdapter" className="PegasusTests.Scripts.ClientsTests.AdditionalFilter" name="additionalFilter" />
    </UnitTest>
    <UnitTest name="addressStateIssues" storage="e:\testorigen_automation\csharp\peg_new\pegasus_new_skin\pegasus_new_skin\pegasus_new_skin\bin\debug\pegasus_new_skin.dll" id="48f14298-cb83-566e-96ba-3647b0514124">
      <Execution id="8ac04f77-7456-4882-914c-94c3d84b7d43" />
      <TestMethod codeBase="E:\TestOrigen_Automation\CSharp\Peg_New\Pegasus_New_Skin\Pegasus_New_skin\Pegasus_New_skin\bin\Debug\Pegasus_New_skin.dll" adapterTypeName="Microsoft.VisualStudio.TestTools.TestTypes.Unit.UnitTestAdapter" className="PegasusTests.Scripts.ClientsTests.AddressStateIssues" name="addressStateIssues" />
    </UnitTest>
    <UnitTest name="addressTypePickList" storage="e:\testorigen_automation\csharp\peg_new\pegasus_new_skin\pegasus_new_skin\pegasus_new_skin\bin\debug\pegasus_new_skin.dll" id="024631e0-52c7-3174-1268-ee300c1200f2">
      <Execution id="7a0bd2c3-92d2-43e3-a619-c88e7fb73933" />
      <TestMethod codeBase="E:\TestOrigen_Automation\CSharp\Peg_New\Pegasus_New_Skin\Pegasus_New_skin\Pegasus_New_skin\bin\Debug\Pegasus_New_skin.dll" adapterTypeName="Microsoft.VisualStudio.TestTools.TestTypes.Unit.UnitTestAdapter" className="PegasusTests.Scripts.ClientsTests.AddressTypePickList" name="addressTypePickList" />
    </UnitTest>
    <UnitTest name="agentEmployeePage" storage="e:\testorigen_automation\csharp\peg_new\pegasus_new_skin\pegasus_new_skin\pegasus_new_skin\bin\debug\pegasus_new_skin.dll" id="887c7784-c900-222b-bed3-59ae4b319fbd">
      <Execution id="19dc5e31-867f-4295-91ff-702d47080404" />
      <TestMethod codeBase="E:\TestOrigen_Automation\CSharp\Peg_New\Pegasus_New_Skin\Pegasus_New_skin\Pegasus_New_skin\bin\Debug\Pegasus_New_skin.dll" adapterTypeName="Microsoft.VisualStudio.TestTools.TestTypes.Unit.UnitTestAdapter" className="PegasusTests.Scripts.ClientsTests.AgentEmployeePage" name="agentEmployeePage" />
    </UnitTest>
    <UnitTest name="allAgentDisplayePage" storage="e:\testorigen_automation\csharp\peg_new\pegasus_new_skin\pegasus_new_skin\pegasus_new_skin\bin\debug\pegasus_new_skin.dll" id="8112eff1-8521-766e-f155-ef1a6d5eb07a">
      <Execution id="7532a56f-b887-49dd-9aa2-bf9c860c9653" />
      <TestMethod codeBase="E:\TestOrigen_Automation\CSharp\Peg_New\Pegasus_New_Skin\Pegasus_New_skin\Pegasus_New_skin\bin\Debug\Pegasus_New_skin.dll" adapterTypeName="Microsoft.VisualStudio.TestTools.TestTypes.Unit.UnitTestAdapter" className="PegasusTests.Scripts.ClientsTests.AllAgentDisplayePage" name="allAgentDisplayePage" />
    </UnitTest>
    <UnitTest name="allUserPageInCorp" storage="e:\testorigen_automation\csharp\peg_new\pegasus_new_skin\pegasus_new_skin\pegasus_new_skin\bin\debug\pegasus_new_skin.dll" id="39af5e03-be84-4d4d-47e1-0e37436a03a0">
      <Execution id="a7ddf4c2-aaea-47c4-9f7e-70682eacca74" />
      <TestMethod codeBase="E:\TestOrigen_Automation\CSharp\Peg_New\Pegasus_New_Skin\Pegasus_New_skin\Pegasus_New_skin\bin\Debug\Pegasus_New_skin.dll" adapterTypeName="Microsoft.VisualStudio.TestTools.TestTypes.Unit.UnitTestAdapter" className="PegasusTests.Scripts.ClientsTests.AllUserPageInCorp" name="allUserPageInCorp" />
    </UnitTest>
    <UnitTest name="blankSubjectValidation" storage="e:\testorigen_automation\csharp\peg_new\pegasus_new_skin\pegasus_new_skin\pegasus_new_skin\bin\debug\pegasus_new_skin.dll" id="5f935a3e-552f-ad58-fa16-2bbdb7bbb492">
      <Execution id="ccac722d-d821-490d-8695-e185b87c1ee1" />
      <TestMethod codeBase="E:\TestOrigen_Automation\CSharp\Peg_New\Pegasus_New_Skin\Pegasus_New_skin\Pegasus_New_skin\bin\Debug\Pegasus_New_skin.dll" adapterTypeName="Microsoft.VisualStudio.TestTools.TestTypes.Unit.UnitTestAdapter" className="PegasusTests.Scripts.ClientsTests.BlankSubjectValidation" name="blankSubjectValidation" />
    </UnitTest>
    <UnitTest name="cancelEditProfile" storage="e:\testorigen_automation\csharp\peg_new\pegasus_new_skin\pegasus_new_skin\pegasus_new_skin\bin\debug\pegasus_new_skin.dll" id="a735b350-d35d-c19e-72c0-f461418b114f">
      <Execution id="6d58321f-2561-47e7-b570-17d8d26abc99" />
      <TestMethod codeBase="E:\TestOrigen_Automation\CSharp\Peg_New\Pegasus_New_Skin\Pegasus_New_skin\Pegasus_New_skin\bin\Debug\Pegasus_New_skin.dll" adapterTypeName="Microsoft.VisualStudio.TestTools.TestTypes.Unit.UnitTestAdapter" className="PegasusTests.Scripts.ClientsTests.CancelEditProfile" name="cancelEditProfile" />
    </UnitTest>
    <UnitTest name="changeStatusOfTicketAndVerifyStatus" storage="e:\testorigen_automation\csharp\peg_new\pegasus_new_skin\pegasus_new_skin\pegasus_new_skin\bin\debug\pegasus_new_skin.dll" id="8c34702b-977e-c025-23ba-fe79ac937588">
      <Execution id="490b0798-3448-47ec-9037-339fa60e5c2d" />
      <TestMethod codeBase="E:\TestOrigen_Automation\CSharp\Peg_New\Pegasus_New_Skin\Pegasus_New_skin\Pegasus_New_skin\bin\Debug\Pegasus_New_skin.dll" adapterTypeName="Microsoft.VisualStudio.TestTools.TestTypes.Unit.UnitTestAdapter" className="PegasusTests.Scripts.ClientsTests.ChangeStatusOfTicketAndVerifyStatus" name="changeStatusOfTicketAndVerifyStatus" />
    </UnitTest>
    <UnitTest name="checkFilter" storage="e:\testorigen_automation\csharp\peg_new\pegasus_new_skin\pegasus_new_skin\pegasus_new_skin\bin\debug\pegasus_new_skin.dll" id="2f71bcfc-595b-2cf8-254e-56d76989fe46">
      <Execution id="f9923a25-0d16-4a01-a3fa-cf55c9e23779" />
      <TestMethod codeBase="E:\TestOrigen_Automation\CSharp\Peg_New\Pegasus_New_Skin\Pegasus_New_skin\Pegasus_New_skin\bin\Debug\Pegasus_New_skin.dll" adapterTypeName="Microsoft.VisualStudio.TestTools.TestTypes.Unit.UnitTestAdapter" className="PegasusTests.Scripts.ClientsTests.CheckFilter" name="checkFilter" />
    </UnitTest>
    <UnitTest name="clickEditEquipmentAfterConfirmDelete" storage="e:\testorigen_automation\csharp\peg_new\pegasus_new_skin\pegasus_new_skin\pegasus_new_skin\bin\debug\pegasus_new_skin.dll" id="ca2e1b20-9ca3-3ef9-1cfd-f3d78c44a475">
      <Execution id="ba21e4ae-4081-4c36-9791-4dc3b45b5cc3" />
      <TestMethod codeBase="E:\TestOrigen_Automation\CSharp\Peg_New\Pegasus_New_Skin\Pegasus_New_skin\Pegasus_New_skin\bin\Debug\Pegasus_New_skin.dll" adapterTypeName="Microsoft.VisualStudio.TestTools.TestTypes.Unit.UnitTestAdapter" className="PegasusTests.Scripts.ClientsTests.ClickEditEquipmentAfterConfirmDelete" name="clickEditEquipmentAfterConfirmDelete" />
    </UnitTest>
    <UnitTest name="clientContactTabExpandOnClickLabel" storage="e:\testorigen_automation\csharp\peg_new\pegasus_new_skin\pegasus_new_skin\pegasus_new_skin\bin\debug\pegasus_new_skin.dll" id="01c1dd74-2fb1-fbb6-f8e3-ed1a182e0af3">
      <Execution id="27e73147-1344-4b44-87f4-664ac8594ae7" />
      <TestMethod codeBase="E:\TestOrigen_Automation\CSharp\Peg_New\Pegasus_New_Skin\Pegasus_New_skin\Pegasus_New_skin\bin\Debug\Pegasus_New_skin.dll" adapterTypeName="Microsoft.VisualStudio.TestTools.TestTypes.Unit.UnitTestAdapter" className="PegasusTests.Scripts.ClientsTests.ClientContactTabExpandOnClickLabel" name="clientContactTabExpandOnClickLabel" />
    </UnitTest>
    <UnitTest name="clientDublicateMatchOverlay" storage="e:\testorigen_automation\csharp\peg_new\pegasus_new_skin\pegasus_new_skin\pegasus_new_skin\bin\debug\pegasus_new_skin.dll" id="b7117c23-ebaf-3c92-917e-0d5689b3320e">
      <Execution id="97ee7f13-c73f-4f56-b2b6-1afebb00a03d" />
      <TestMethod codeBase="E:\TestOrigen_Automation\CSharp\Peg_New\Pegasus_New_Skin\Pegasus_New_skin\Pegasus_New_skin\bin\Debug\Pegasus_New_skin.dll" adapterTypeName="Microsoft.VisualStudio.TestTools.TestTypes.Unit.UnitTestAdapter" className="PegasusTests.Scripts.ClientsTests.ClientDublicateMatchOverlay" name="clientDublicateMatchOverlay" />
    </UnitTest>
    <UnitTest name="clientMerchantIssue1" storage="e:\testorigen_automation\csharp\peg_new\pegasus_new_skin\pegasus_new_skin\pegasus_new_skin\bin\debug\pegasus_new_skin.dll" id="181c25d2-1724-3a41-d18c-b54a0ccc2e46">
      <Execution id="75d50a02-1527-4a6d-abe2-d0c673d8c9ba" />
      <TestMethod codeBase="E:\TestOrigen_Automation\CSharp\Peg_New\Pegasus_New_Skin\Pegasus_New_skin\Pegasus_New_skin\bin\Debug\Pegasus_New_skin.dll" adapterTypeName="Microsoft.VisualStudio.TestTools.TestTypes.Unit.UnitTestAdapter" className="PegasusTests.Scripts.ClientsTests.ClientMerchantIssue1" name="clientMerchantIssue1" />
    </UnitTest>
    <UnitTest name="clientMerchantIssue2" storage="e:\testorigen_automation\csharp\peg_new\pegasus_new_skin\pegasus_new_skin\pegasus_new_skin\bin\debug\pegasus_new_skin.dll" id="9a7b6b9a-3023-3a2b-3d10-0bf04068cf88">
      <Execution id="a32b3bb0-08ba-485f-b466-942ac38e9be9" />
      <TestMethod codeBase="E:\TestOrigen_Automation\CSharp\Peg_New\Pegasus_New_Skin\Pegasus_New_skin\Pegasus_New_skin\bin\Debug\Pegasus_New_skin.dll" adapterTypeName="Microsoft.VisualStudio.TestTools.TestTypes.Unit.UnitTestAdapter" className="PegasusTests.Scripts.ClientsTests.ClientMerchantIssue2" name="clientMerchantIssue2" />
    </UnitTest>
    <UnitTest name="clientPDFInactive" storage="e:\testorigen_automation\csharp\peg_new\pegasus_new_skin\pegasus_new_skin\pegasus_new_skin\bin\debug\pegasus_new_skin.dll" id="ee1173d2-973c-26e9-727d-00a67b6abd2f">
      <Execution id="adff69de-df9a-4657-914e-0173acb160fe" />
      <TestMethod codeBase="E:\TestOrigen_Automation\CSharp\Peg_New\Pegasus_New_Skin\Pegasus_New_skin\Pegasus_New_skin\bin\Debug\Pegasus_New_skin.dll" adapterTypeName="Microsoft.VisualStudio.TestTools.TestTypes.Unit.UnitTestAdapter" className="PegasusTests.Scripts.ClientsTests.ClientPDFInactive" name="clientPDFInactive" />
    </UnitTest>
    <UnitTest name="clientRequiredField" storage="e:\testorigen_automation\csharp\peg_new\pegasus_new_skin\pegasus_new_skin\pegasus_new_skin\bin\debug\pegasus_new_skin.dll" id="c113ee0b-dea0-ba2a-4a37-7e71463c41c8">
      <Execution id="e8913d6b-ed27-4c6f-b80e-0f9abf3afac7" />
      <TestMethod codeBase="E:\TestOrigen_Automation\CSharp\Peg_New\Pegasus_New_Skin\Pegasus_New_skin\Pegasus_New_skin\bin\Debug\Pegasus_New_skin.dll" adapterTypeName="Microsoft.VisualStudio.TestTools.TestTypes.Unit.UnitTestAdapter" className="PegasusTests.Scripts.ClientsTests.ClientRequiredField" name="clientRequiredField" />
    </UnitTest>
    <UnitTest name="clientResidualAdjustment" storage="e:\testorigen_automation\csharp\peg_new\pegasus_new_skin\pegasus_new_skin\pegasus_new_skin\bin\debug\pegasus_new_skin.dll" id="b47ab7f2-7c09-856a-1469-10cf7e1e0458">
      <Execution id="d4117cfe-3f46-4f18-86d9-b2eba6f525fc" />
      <TestMethod codeBase="E:\TestOrigen_Automation\CSharp\Peg_New\Pegasus_New_Skin\Pegasus_New_skin\Pegasus_New_skin\bin\Debug\Pegasus_New_skin.dll" adapterTypeName="Microsoft.VisualStudio.TestTools.TestTypes.Unit.UnitTestAdapter" className="PegasusTests.Scripts.ClientsTests.ClientResidualAdjustment" name="clientResidualAdjustment" />
    </UnitTest>
    <UnitTest name="clientVerifyCanadaCountry" storage="e:\testorigen_automation\csharp\peg_new\pegasus_new_skin\pegasus_new_skin\pegasus_new_skin\bin\debug\pegasus_new_skin.dll" id="80ff8e72-8ff4-afe5-5c4e-babbe2f49ee4">
      <Execution id="162cfc73-70db-4b9c-9923-b0e4662ff092" />
      <TestMethod codeBase="E:\TestOrigen_Automation\CSharp\Peg_New\Pegasus_New_Skin\Pegasus_New_skin\Pegasus_New_skin\bin\Debug\Pegasus_New_skin.dll" adapterTypeName="Microsoft.VisualStudio.TestTools.TestTypes.Unit.UnitTestAdapter" className="PegasusTests.Scripts.ClientsTests.ClientVerifyCanadaCountry" name="clientVerifyCanadaCountry" />
    </UnitTest>
    <UnitTest name="convertLeadMoveToRecycleBin" storage="e:\testorigen_automation\csharp\peg_new\pegasus_new_skin\pegasus_new_skin\pegasus_new_skin\bin\debug\pegasus_new_skin.dll" id="11b81a51-5dd0-366c-0281-30d54286029a">
      <Execution id="bff5227a-2f8f-43ad-a19f-ffdbfdc2c108" />
      <TestMethod codeBase="E:\TestOrigen_Automation\CSharp\Peg_New\Pegasus_New_Skin\Pegasus_New_skin\Pegasus_New_skin\bin\Debug\Pegasus_New_skin.dll" adapterTypeName="Microsoft.VisualStudio.TestTools.TestTypes.Unit.UnitTestAdapter" className="PegasusTests.Scripts.ClientsTests.ConvertLeadMoveToRecycleBin" name="convertLeadMoveToRecycleBin" />
    </UnitTest>
    <UnitTest name="copyrightNotAvail" storage="e:\testorigen_automation\csharp\peg_new\pegasus_new_skin\pegasus_new_skin\pegasus_new_skin\bin\debug\pegasus_new_skin.dll" id="86209b9d-c8ef-ef98-c2b7-2920f433756d">
      <Execution id="cabef7a3-74ad-42f5-97b3-bdc281190aa5" />
      <TestMethod codeBase="E:\TestOrigen_Automation\CSharp\Peg_New\Pegasus_New_Skin\Pegasus_New_skin\Pegasus_New_skin\bin\Debug\Pegasus_New_skin.dll" adapterTypeName="Microsoft.VisualStudio.TestTools.TestTypes.Unit.UnitTestAdapter" className="PegasusTests.Scripts.ClientsTests.CopyrightNotAvail" name="copyrightNotAvail" />
    </UnitTest>
    <UnitTest name="corpEmployeeIssues" storage="e:\testorigen_automation\csharp\peg_new\pegasus_new_skin\pegasus_new_skin\pegasus_new_skin\bin\debug\pegasus_new_skin.dll" id="1bfb404a-0507-99ce-62a4-3d9ae6737f43">
      <Execution id="58786686-0ecb-4e91-be8e-616ae9df9ab2" />
      <TestMethod codeBase="E:\TestOrigen_Automation\CSharp\Peg_New\Pegasus_New_Skin\Pegasus_New_skin\Pegasus_New_skin\bin\Debug\Pegasus_New_skin.dll" adapterTypeName="Microsoft.VisualStudio.TestTools.TestTypes.Unit.UnitTestAdapter" className="PegasusTests.Scripts.ClientsTests.CorpEmployeeIssues" name="corpEmployeeIssues" />
    </UnitTest>
    <UnitTest name="createClientError" storage="e:\testorigen_automation\csharp\peg_new\pegasus_new_skin\pegasus_new_skin\pegasus_new_skin\bin\debug\pegasus_new_skin.dll" id="3d8ee334-4ea5-3518-9c3a-fd8b51d3045a">
      <Execution id="c14154d9-e64e-40d4-ad05-7405dc3335a6" />
      <TestMethod codeBase="E:\TestOrigen_Automation\CSharp\Peg_New\Pegasus_New_Skin\Pegasus_New_skin\Pegasus_New_skin\bin\Debug\Pegasus_New_skin.dll" adapterTypeName="Microsoft.VisualStudio.TestTools.TestTypes.Unit.UnitTestAdapter" className="PegasusTests.Scripts.ClientsTests.CreateClientError" name="createClientError" />
    </UnitTest>
    <UnitTest name="createEquipmentNewSkin" storage="e:\testorigen_automation\csharp\peg_new\pegasus_new_skin\pegasus_new_skin\pegasus_new_skin\bin\debug\pegasus_new_skin.dll" id="e8d2a080-7634-f2c4-f926-42b63bf49db4">
      <Execution id="565c1cf5-9d39-4990-8684-48149cd470c4" />
      <TestMethod codeBase="E:\TestOrigen_Automation\CSharp\Peg_New\Pegasus_New_Skin\Pegasus_New_skin\Pegasus_New_skin\bin\Debug\Pegasus_New_skin.dll" adapterTypeName="Microsoft.VisualStudio.TestTools.TestTypes.Unit.UnitTestAdapter" className="PegasusTests.Scripts.ClientsTests.CreateEquipmentNewSkin" name="createEquipmentNewSkin" />
    </UnitTest>
    <UnitTest name="createLeadWithRequiredFieldNewSkin" storage="e:\testorigen_automation\csharp\peg_new\pegasus_new_skin\pegasus_new_skin\pegasus_new_skin\bin\debug\pegasus_new_skin.dll" id="9780a645-4095-c833-3d95-0ba17d6597b4">
      <Execution id="dcf0496f-e080-4ece-814f-8883da8b2d57" />
      <TestMethod codeBase="E:\TestOrigen_Automation\CSharp\Peg_New\Pegasus_New_Skin\Pegasus_New_skin\Pegasus_New_skin\bin\Debug\Pegasus_New_skin.dll" adapterTypeName="Microsoft.VisualStudio.TestTools.TestTypes.Unit.UnitTestAdapter" className="PegasusTests.Scripts.ClientsTests.CreateLeadWithRequiredFieldNewSkin" name="createLeadWithRequiredFieldNewSkin" />
    </UnitTest>
    <UnitTest name="createOfficeNewSkin" storage="e:\testorigen_automation\csharp\peg_new\pegasus_new_skin\pegasus_new_skin\pegasus_new_skin\bin\debug\pegasus_new_skin.dll" id="c0aae661-376d-ca04-ce30-65203124e8ba">
      <Execution id="cacc7568-fce1-4903-ba58-0a28a43f0f92" />
      <TestMethod codeBase="E:\TestOrigen_Automation\CSharp\Peg_New\Pegasus_New_Skin\Pegasus_New_skin\Pegasus_New_skin\bin\Debug\Pegasus_New_skin.dll" adapterTypeName="Microsoft.VisualStudio.TestTools.TestTypes.Unit.UnitTestAdapter" className="PegasusTests.Scripts.Corp.CreateOfficeNewSkin" name="createOfficeNewSkin" />
    </UnitTest>
    <UnitTest name="createPDFPackage" storage="e:\testorigen_automation\csharp\peg_new\pegasus_new_skin\pegasus_new_skin\pegasus_new_skin\bin\debug\pegasus_new_skin.dll" id="225dff06-bf76-de06-4ee3-83bec1444e67">
      <Execution id="28b85ed7-2ffd-40b4-8c78-3e98fd4a85b1" />
      <TestMethod codeBase="E:\TestOrigen_Automation\CSharp\Peg_New\Pegasus_New_Skin\Pegasus_New_skin\Pegasus_New_skin\bin\Debug\Pegasus_New_skin.dll" adapterTypeName="Microsoft.VisualStudio.TestTools.TestTypes.Unit.UnitTestAdapter" className="PegasusTests.Scripts.ClientsTests.CreatePDFPackages" name="createPDFPackage" />
    </UnitTest>
    <UnitTest name="createPDFPackagePushToOffice" storage="e:\testorigen_automation\csharp\peg_new\pegasus_new_skin\pegasus_new_skin\pegasus_new_skin\bin\debug\pegasus_new_skin.dll" id="54e0bcd3-13b1-1c68-dd4c-0a6808043fde">
      <Execution id="cd46d729-dd78-40a9-a278-b2c233900e6f" />
      <TestMethod codeBase="E:\TestOrigen_Automation\CSharp\Peg_New\Pegasus_New_Skin\Pegasus_New_skin\Pegasus_New_skin\bin\Debug\Pegasus_New_skin.dll" adapterTypeName="Microsoft.VisualStudio.TestTools.TestTypes.Unit.UnitTestAdapter" className="PegasusTests.Scripts.ClientsTests.CreatePDFPackagePushToOffice" name="createPDFPackagePushToOffice" />
    </UnitTest>
    <UnitTest name="createProcessorNewSkin" storage="e:\testorigen_automation\csharp\peg_new\pegasus_new_skin\pegasus_new_skin\pegasus_new_skin\bin\debug\pegasus_new_skin.dll" id="6c3ec04a-c589-1298-4bba-44a34d77680d">
      <Execution id="5dcd00e8-3743-4695-8fd8-9a82a75393de" />
      <TestMethod codeBase="E:\TestOrigen_Automation\CSharp\Peg_New\Pegasus_New_Skin\Pegasus_New_skin\Pegasus_New_skin\bin\Debug\Pegasus_New_skin.dll" adapterTypeName="Microsoft.VisualStudio.TestTools.TestTypes.Unit.UnitTestAdapter" className="PegasusTests.Scripts.ClientsTests.CreateProcessorNewSkin" name="createProcessorNewSkin" />
    </UnitTest>
    <UnitTest name="createReportValidation" storage="e:\testorigen_automation\csharp\peg_new\pegasus_new_skin\pegasus_new_skin\pegasus_new_skin\bin\debug\pegasus_new_skin.dll" id="8e0d478e-9b1f-b036-cda4-428d3304bc9d">
      <Execution id="3e6ccf95-f417-487f-ad02-b9100dbe82b8" />
      <TestMethod codeBase="E:\TestOrigen_Automation\CSharp\Peg_New\Pegasus_New_Skin\Pegasus_New_skin\Pegasus_New_skin\bin\Debug\Pegasus_New_skin.dll" adapterTypeName="Microsoft.VisualStudio.TestTools.TestTypes.Unit.UnitTestAdapter" className="PegasusTests.Scripts.ClientsTests.CreateReportValidation" name="createReportValidation" />
    </UnitTest>
    <UnitTest name="createUserError" storage="e:\testorigen_automation\csharp\peg_new\pegasus_new_skin\pegasus_new_skin\pegasus_new_skin\bin\debug\pegasus_new_skin.dll" id="ac466cc6-5028-9fc8-e133-9864bcf4fe88">
      <Execution id="f08a7bbb-7cf8-4b6c-8039-d1a3b44d1467" />
      <TestMethod codeBase="E:\TestOrigen_Automation\CSharp\Peg_New\Pegasus_New_Skin\Pegasus_New_skin\Pegasus_New_skin\bin\Debug\Pegasus_New_skin.dll" adapterTypeName="Microsoft.VisualStudio.TestTools.TestTypes.Unit.UnitTestAdapter" className="PegasusTests.Scripts.ClientsTests.CreateUserError" name="createUserError" />
    </UnitTest>
    <UnitTest name="createUserError1" storage="e:\testorigen_automation\csharp\peg_new\pegasus_new_skin\pegasus_new_skin\pegasus_new_skin\bin\debug\pegasus_new_skin.dll" id="7f132701-8100-d7a7-582e-336ee30439dc">
      <Execution id="a84b8b74-7d18-46ed-ae6c-54f5548a3a43" />
      <TestMethod codeBase="E:\TestOrigen_Automation\CSharp\Peg_New\Pegasus_New_Skin\Pegasus_New_skin\Pegasus_New_skin\bin\Debug\Pegasus_New_skin.dll" adapterTypeName="Microsoft.VisualStudio.TestTools.TestTypes.Unit.UnitTestAdapter" className="PegasusTests.Scripts.ClientsTests.CreateUserError1" name="createUserError1" />
    </UnitTest>
    <UnitTest name="createUserError2" storage="e:\testorigen_automation\csharp\peg_new\pegasus_new_skin\pegasus_new_skin\pegasus_new_skin\bin\debug\pegasus_new_skin.dll" id="110cbcae-34c8-6509-5400-6842f9e0f5ca">
      <Execution id="3d2b773c-69bb-4e95-a878-2e2d104329cf" />
      <TestMethod codeBase="E:\TestOrigen_Automation\CSharp\Peg_New\Pegasus_New_Skin\Pegasus_New_skin\Pegasus_New_skin\bin\Debug\Pegasus_New_skin.dll" adapterTypeName="Microsoft.VisualStudio.TestTools.TestTypes.Unit.UnitTestAdapter" className="PegasusTests.Scripts.ClientsTests.CreateUserError2" name="createUserError2" />
    </UnitTest>
    <UnitTest name="deleteAllRevenueShareClient" storage="e:\testorigen_automation\csharp\peg_new\pegasus_new_skin\pegasus_new_skin\pegasus_new_skin\bin\debug\pegasus_new_skin.dll" id="30257349-d269-2c45-8b7a-3f657728a2fb">
      <Execution id="38423cff-55eb-4883-a753-ee3922222634" />
      <TestMethod codeBase="E:\TestOrigen_Automation\CSharp\Peg_New\Pegasus_New_Skin\Pegasus_New_skin\Pegasus_New_skin\bin\Debug\Pegasus_New_skin.dll" adapterTypeName="Microsoft.VisualStudio.TestTools.TestTypes.Unit.UnitTestAdapter" className="PegasusTests.Scripts.ClientsTests.DeleteAllRevenueShareClient" name="deleteAllRevenueShareClient" />
    </UnitTest>
    <UnitTest name="deleteEmployee" storage="e:\testorigen_automation\csharp\peg_new\pegasus_new_skin\pegasus_new_skin\pegasus_new_skin\bin\debug\pegasus_new_skin.dll" id="22eaf6ce-1169-54f0-138c-0f7ee2219abd">
      <Execution id="cd5a4345-eb75-4716-a053-95561ff11bb5" />
      <TestMethod codeBase="E:\TestOrigen_Automation\CSharp\Peg_New\Pegasus_New_Skin\Pegasus_New_skin\Pegasus_New_skin\bin\Debug\Pegasus_New_skin.dll" adapterTypeName="Microsoft.VisualStudio.TestTools.TestTypes.Unit.UnitTestAdapter" className="PegasusTests.Scripts.ClientsTests.DeleteEmployee" name="deleteEmployee" />
    </UnitTest>
    <UnitTest name="deleteEquipmentNewSkin" storage="e:\testorigen_automation\csharp\peg_new\pegasus_new_skin\pegasus_new_skin\pegasus_new_skin\bin\debug\pegasus_new_skin.dll" id="cd2349a5-754f-0e19-994d-2346f7ee6f57">
      <Execution id="ba4b7b09-75e4-4182-9bba-ba4de38c428e" />
      <TestMethod codeBase="E:\TestOrigen_Automation\CSharp\Peg_New\Pegasus_New_Skin\Pegasus_New_skin\Pegasus_New_skin\bin\Debug\Pegasus_New_skin.dll" adapterTypeName="Microsoft.VisualStudio.TestTools.TestTypes.Unit.UnitTestAdapter" className="PegasusTests.Scripts.ClientsTests.DeleteEquipmentNewSkin" name="deleteEquipmentNewSkin" />
    </UnitTest>
    <UnitTest name="deleteIndividualRevenue" storage="e:\testorigen_automation\csharp\peg_new\pegasus_new_skin\pegasus_new_skin\pegasus_new_skin\bin\debug\pegasus_new_skin.dll" id="73732dff-e65b-2925-15b2-fc5002d5cd57">
      <Execution id="5383faa6-ce0e-4f4c-90f7-e1d617486815" />
      <TestMethod codeBase="E:\TestOrigen_Automation\CSharp\Peg_New\Pegasus_New_Skin\Pegasus_New_skin\Pegasus_New_skin\bin\Debug\Pegasus_New_skin.dll" adapterTypeName="Microsoft.VisualStudio.TestTools.TestTypes.Unit.UnitTestAdapter" className="PegasusTests.Scripts.ClientsTests.DeleteIndividualRevenue" name="deleteIndividualRevenue" />
    </UnitTest>
    <UnitTest name="deleteOfficeNewSkin" storage="e:\testorigen_automation\csharp\peg_new\pegasus_new_skin\pegasus_new_skin\pegasus_new_skin\bin\debug\pegasus_new_skin.dll" id="200f2942-fcb9-6450-a389-794592e9b5cc">
      <Execution id="dada9cf6-5aa4-48bb-9698-4cba60e6ebbc" />
      <TestMethod codeBase="E:\TestOrigen_Automation\CSharp\Peg_New\Pegasus_New_Skin\Pegasus_New_skin\Pegasus_New_skin\bin\Debug\Pegasus_New_skin.dll" adapterTypeName="Microsoft.VisualStudio.TestTools.TestTypes.Unit.UnitTestAdapter" className="PegasusTests.Scripts.Corp.DeleteOfficeNewSkin" name="deleteOfficeNewSkin" />
    </UnitTest>
    <UnitTest name="deletePDFTemplate" storage="e:\testorigen_automation\csharp\peg_new\pegasus_new_skin\pegasus_new_skin\pegasus_new_skin\bin\debug\pegasus_new_skin.dll" id="e583e817-da39-b6e3-11da-6d2a55a549de">
      <Execution id="671574c8-885e-46dc-95e7-8e3bb8800e61" />
      <TestMethod codeBase="E:\TestOrigen_Automation\CSharp\Peg_New\Pegasus_New_Skin\Pegasus_New_skin\Pegasus_New_skin\bin\Debug\Pegasus_New_skin.dll" adapterTypeName="Microsoft.VisualStudio.TestTools.TestTypes.Unit.UnitTestAdapter" className="PegasusTests.Scripts.ClientsTests.DeletePDFTemplate" name="deletePDFTemplate" />
    </UnitTest>
    <UnitTest name="deletePDFTemplateCorp" storage="e:\testorigen_automation\csharp\peg_new\pegasus_new_skin\pegasus_new_skin\pegasus_new_skin\bin\debug\pegasus_new_skin.dll" id="35bd9b17-2e60-aab0-1b76-88768e271b9f">
      <Execution id="8e3d0b25-2c8a-4a9b-b1e4-5ecb463431a5" />
      <TestMethod codeBase="E:\TestOrigen_Automation\CSharp\Peg_New\Pegasus_New_Skin\Pegasus_New_skin\Pegasus_New_skin\bin\Debug\Pegasus_New_skin.dll" adapterTypeName="Microsoft.VisualStudio.TestTools.TestTypes.Unit.UnitTestAdapter" className="PegasusTests.Scripts.ClientsTests.DeletePDFTemplateCorp" name="deletePDFTemplateCorp" />
    </UnitTest>
    <UnitTest name="deleteProductAdmin" storage="e:\testorigen_automation\csharp\peg_new\pegasus_new_skin\pegasus_new_skin\pegasus_new_skin\bin\debug\pegasus_new_skin.dll" id="a8654672-39e6-9749-e64f-f336ca308b0d">
      <Execution id="5a6964a8-3c46-4511-bfac-bb5b0da370b8" />
      <TestMethod codeBase="E:\TestOrigen_Automation\CSharp\Peg_New\Pegasus_New_Skin\Pegasus_New_skin\Pegasus_New_skin\bin\Debug\Pegasus_New_skin.dll" adapterTypeName="Microsoft.VisualStudio.TestTools.TestTypes.Unit.UnitTestAdapter" className="PegasusTests.Scripts.ClientsTests.DeleteProductAdmin" name="deleteProductAdmin" />
    </UnitTest>
    <UnitTest name="deleteSaleAgentCodeAndRevenueShare" storage="e:\testorigen_automation\csharp\peg_new\pegasus_new_skin\pegasus_new_skin\pegasus_new_skin\bin\debug\pegasus_new_skin.dll" id="4330d98c-49e0-3371-760a-38d2e071aec5">
      <Execution id="8f41002a-3038-4b37-a2a5-fdd5fb7db954" />
      <TestMethod codeBase="E:\TestOrigen_Automation\CSharp\Peg_New\Pegasus_New_Skin\Pegasus_New_skin\Pegasus_New_skin\bin\Debug\Pegasus_New_skin.dll" adapterTypeName="Microsoft.VisualStudio.TestTools.TestTypes.Unit.UnitTestAdapter" className="PegasusTests.Scripts.ClientsTests.DeleteSaleAgentCodeAndRevenueShare" name="deleteSaleAgentCodeAndRevenueShare" />
    </UnitTest>
    <UnitTest name="editClientNewSkin" storage="e:\testorigen_automation\csharp\peg_new\pegasus_new_skin\pegasus_new_skin\pegasus_new_skin\bin\debug\pegasus_new_skin.dll" id="b35b0d71-79da-bc60-f850-98a6f43dde34">
      <Execution id="1071394f-51d4-40de-adc2-de899d774091" />
      <TestMethod codeBase="E:\TestOrigen_Automation\CSharp\Peg_New\Pegasus_New_Skin\Pegasus_New_skin\Pegasus_New_skin\bin\Debug\Pegasus_New_skin.dll" adapterTypeName="Microsoft.VisualStudio.TestTools.TestTypes.Unit.UnitTestAdapter" className="PegasusTests.Scripts.ClientsTests.EditClientNewSkin" name="editClientNewSkin" />
    </UnitTest>
    <UnitTest name="editCorpEmployee" storage="e:\testorigen_automation\csharp\peg_new\pegasus_new_skin\pegasus_new_skin\pegasus_new_skin\bin\debug\pegasus_new_skin.dll" id="c3017713-9611-9ede-6da7-88b946a87296">
      <Execution id="438f32f1-013f-4b4f-a58f-34cde464fcd5" />
      <TestMethod codeBase="E:\TestOrigen_Automation\CSharp\Peg_New\Pegasus_New_Skin\Pegasus_New_skin\Pegasus_New_skin\bin\Debug\Pegasus_New_skin.dll" adapterTypeName="Microsoft.VisualStudio.TestTools.TestTypes.Unit.UnitTestAdapter" className="PegasusTests.Scripts.ClientsTests.EditCorpEmployee" name="editCorpEmployee" />
    </UnitTest>
    <UnitTest name="editMyProfile" storage="e:\testorigen_automation\csharp\peg_new\pegasus_new_skin\pegasus_new_skin\pegasus_new_skin\bin\debug\pegasus_new_skin.dll" id="74866589-49d4-14a2-ab66-e67497887a93">
      <Execution id="0aa9f36d-e55a-453b-8181-553c7e3db9f2" />
      <TestMethod codeBase="E:\TestOrigen_Automation\CSharp\Peg_New\Pegasus_New_Skin\Pegasus_New_skin\Pegasus_New_skin\bin\Debug\Pegasus_New_skin.dll" adapterTypeName="Microsoft.VisualStudio.TestTools.TestTypes.Unit.UnitTestAdapter" className="PegasusTests.Scripts.ClientsTests.EditMyProfile" name="editMyProfile" />
    </UnitTest>
    <UnitTest name="editOmahaAuthGripAdmin" storage="e:\testorigen_automation\csharp\peg_new\pegasus_new_skin\pegasus_new_skin\pegasus_new_skin\bin\debug\pegasus_new_skin.dll" id="05d21f98-f89f-abe0-e652-2467ebe62129">
      <Execution id="02ac8f58-44aa-4605-a752-06794c65c7e5" />
      <TestMethod codeBase="E:\TestOrigen_Automation\CSharp\Peg_New\Pegasus_New_Skin\Pegasus_New_skin\Pegasus_New_skin\bin\Debug\Pegasus_New_skin.dll" adapterTypeName="Microsoft.VisualStudio.TestTools.TestTypes.Unit.UnitTestAdapter" className="PegasusTests.Scripts.ClientsTests.EditOmahaAuthGripAdmin" name="editOmahaAuthGripAdmin" />
    </UnitTest>
    <UnitTest name="editPartnerAgentNewSkin" storage="e:\testorigen_automation\csharp\peg_new\pegasus_new_skin\pegasus_new_skin\pegasus_new_skin\bin\debug\pegasus_new_skin.dll" id="cb11f649-10e0-17c6-1b6c-ace3cef76252">
      <Execution id="8a55fee6-2f1a-4e3e-8a52-8a2b281e47d5" />
      <TestMethod codeBase="E:\TestOrigen_Automation\CSharp\Peg_New\Pegasus_New_Skin\Pegasus_New_skin\Pegasus_New_skin\bin\Debug\Pegasus_New_skin.dll" adapterTypeName="Microsoft.VisualStudio.TestTools.TestTypes.Unit.UnitTestAdapter" className="PegasusTests.Scripts.ClientsTests.EditPartnerAgentNewSkin" name="editPartnerAgentNewSkin" />
    </UnitTest>
    <UnitTest name="editPDFTemplateNewSkin" storage="e:\testorigen_automation\csharp\peg_new\pegasus_new_skin\pegasus_new_skin\pegasus_new_skin\bin\debug\pegasus_new_skin.dll" id="275dbb9b-c414-2a37-4ac4-666d31fe13d2">
      <Execution id="54318832-be01-497e-ac34-94c11210345b" />
      <TestMethod codeBase="E:\TestOrigen_Automation\CSharp\Peg_New\Pegasus_New_Skin\Pegasus_New_skin\Pegasus_New_skin\bin\Debug\Pegasus_New_skin.dll" adapterTypeName="Microsoft.VisualStudio.TestTools.TestTypes.Unit.UnitTestAdapter" className="PegasusTests.Scripts.ClientsTests.EditPDFTemplateNewSkin" name="editPDFTemplateNewSkin" />
    </UnitTest>
    <UnitTest name="editProductCategoryAdmin" storage="e:\testorigen_automation\csharp\peg_new\pegasus_new_skin\pegasus_new_skin\pegasus_new_skin\bin\debug\pegasus_new_skin.dll" id="ccb9ec67-8114-383e-dd53-cd95c6cb6f85">
      <Execution id="33b2c822-b60e-4799-9010-55b6fb618d34" />
      <TestMethod codeBase="E:\TestOrigen_Automation\CSharp\Peg_New\Pegasus_New_Skin\Pegasus_New_skin\Pegasus_New_skin\bin\Debug\Pegasus_New_skin.dll" adapterTypeName="Microsoft.VisualStudio.TestTools.TestTypes.Unit.UnitTestAdapter" className="PegasusTests.Scripts.ClientsTests.EditProductCategoryAdmin" name="editProductCategoryAdmin" />
    </UnitTest>
    <UnitTest name="editThemeAdmin" storage="e:\testorigen_automation\csharp\peg_new\pegasus_new_skin\pegasus_new_skin\pegasus_new_skin\bin\debug\pegasus_new_skin.dll" id="528af298-d3f3-512b-de3c-5acccc360e09">
      <Execution id="efcb4f91-d985-489b-add4-b2f8e3834d27" />
      <TestMethod codeBase="E:\TestOrigen_Automation\CSharp\Peg_New\Pegasus_New_Skin\Pegasus_New_skin\Pegasus_New_skin\bin\Debug\Pegasus_New_skin.dll" adapterTypeName="Microsoft.VisualStudio.TestTools.TestTypes.Unit.UnitTestAdapter" className="PegasusTests.Scripts.ClientsTests.EditThemeAdmin" name="editThemeAdmin" />
    </UnitTest>
    <UnitTest name="emailNoteWithRelatedTo" storage="e:\testorigen_automation\csharp\peg_new\pegasus_new_skin\pegasus_new_skin\pegasus_new_skin\bin\debug\pegasus_new_skin.dll" id="5e9fd44a-6de8-5ecb-2a69-3a2f704dfe51">
      <Execution id="e78bcfcf-4b2b-460a-a26a-027e00fc74bc" />
      <TestMethod codeBase="E:\TestOrigen_Automation\CSharp\Peg_New\Pegasus_New_Skin\Pegasus_New_skin\Pegasus_New_skin\bin\Debug\Pegasus_New_skin.dll" adapterTypeName="Microsoft.VisualStudio.TestTools.TestTypes.Unit.UnitTestAdapter" className="PegasusTests.Scripts.ClientsTests.EmailNoteWithRelatedTo" name="emailNoteWithRelatedTo" />
    </UnitTest>
    <UnitTest name="employeeAgentNS" storage="e:\testorigen_automation\csharp\peg_new\pegasus_new_skin\pegasus_new_skin\pegasus_new_skin\bin\debug\pegasus_new_skin.dll" id="1d16aae0-8198-ec8a-c721-304e80d93e2d">
      <Execution id="c91b7f40-ba55-4567-8cf0-70e153f2e155" />
      <TestMethod codeBase="E:\TestOrigen_Automation\CSharp\Peg_New\Pegasus_New_Skin\Pegasus_New_skin\Pegasus_New_skin\bin\Debug\Pegasus_New_skin.dll" adapterTypeName="Microsoft.VisualStudio.TestTools.TestTypes.Unit.UnitTestAdapter" className="PegasusTests.Scripts.ClientsTests.EmployeeAgentNS" name="employeeAgentNS" />
    </UnitTest>
    <UnitTest name="employeeVerifyCanadaCountryCorp" storage="e:\testorigen_automation\csharp\peg_new\pegasus_new_skin\pegasus_new_skin\pegasus_new_skin\bin\debug\pegasus_new_skin.dll" id="2d867b65-2495-6b00-2ae5-923647083fe8">
      <Execution id="4e05958b-950f-4fc7-beda-cb8d24e0cf38" />
      <TestMethod codeBase="E:\TestOrigen_Automation\CSharp\Peg_New\Pegasus_New_Skin\Pegasus_New_skin\Pegasus_New_skin\bin\Debug\Pegasus_New_skin.dll" adapterTypeName="Microsoft.VisualStudio.TestTools.TestTypes.Unit.UnitTestAdapter" className="PegasusTests.Scripts.ClientsTests.EmployeeVerifyCanadaCountryCorp" name="employeeVerifyCanadaCountryCorp" />
    </UnitTest>
    <UnitTest name="equipentblankValidation" storage="e:\testorigen_automation\csharp\peg_new\pegasus_new_skin\pegasus_new_skin\pegasus_new_skin\bin\debug\pegasus_new_skin.dll" id="bd289e18-0aba-e287-4d47-1eabbb271e4b">
      <Execution id="5be1ab14-d39c-4bb3-9a10-19b93b4c9d3f" />
      <TestMethod codeBase="E:\TestOrigen_Automation\CSharp\Peg_New\Pegasus_New_Skin\Pegasus_New_skin\Pegasus_New_skin\bin\Debug\Pegasus_New_skin.dll" adapterTypeName="Microsoft.VisualStudio.TestTools.TestTypes.Unit.UnitTestAdapter" className="PegasusTests.Scripts.ClientsTests.EquipentblankValidation" name="equipentblankValidation" />
    </UnitTest>
    <UnitTest name="exportError" storage="e:\testorigen_automation\csharp\peg_new\pegasus_new_skin\pegasus_new_skin\pegasus_new_skin\bin\debug\pegasus_new_skin.dll" id="617ba706-c096-7a9b-9f69-68b594e3c13f">
      <Execution id="aee87283-7ce9-4d00-a5f2-12395c3ab25d" />
      <TestMethod codeBase="E:\TestOrigen_Automation\CSharp\Peg_New\Pegasus_New_Skin\Pegasus_New_skin\Pegasus_New_skin\bin\Debug\Pegasus_New_skin.dll" adapterTypeName="Microsoft.VisualStudio.TestTools.TestTypes.Unit.UnitTestAdapter" className="PegasusTests.Scripts.ClientsTests.ExportError" name="exportError" />
    </UnitTest>
    <UnitTest name="exportingResidualIncomePayoutsReport" storage="e:\testorigen_automation\csharp\peg_new\pegasus_new_skin\pegasus_new_skin\pegasus_new_skin\bin\debug\pegasus_new_skin.dll" id="c78982a8-9ced-9c62-9dd6-9a989909b857">
      <Execution id="91c1004f-882a-4df0-b462-b1b260ac7e35" />
      <TestMethod codeBase="E:\TestOrigen_Automation\CSharp\Peg_New\Pegasus_New_Skin\Pegasus_New_skin\Pegasus_New_skin\bin\Debug\Pegasus_New_skin.dll" adapterTypeName="Microsoft.VisualStudio.TestTools.TestTypes.Unit.UnitTestAdapter" className="PegasusTests.Scripts.ClientsTests.ExportingResidualIncomePayoutsReport" name="exportingResidualIncomePayoutsReport" />
    </UnitTest>
    <UnitTest name="fDNRequirement" storage="e:\testorigen_automation\csharp\peg_new\pegasus_new_skin\pegasus_new_skin\pegasus_new_skin\bin\debug\pegasus_new_skin.dll" id="eb628fe0-b168-762d-b5ad-d893b9241ceb">
      <Execution id="92fcdefe-8b16-4da8-816e-f98916afc190" />
      <TestMethod codeBase="E:\TestOrigen_Automation\CSharp\Peg_New\Pegasus_New_Skin\Pegasus_New_skin\Pegasus_New_skin\bin\Debug\Pegasus_New_skin.dll" adapterTypeName="Microsoft.VisualStudio.TestTools.TestTypes.Unit.UnitTestAdapter" className="PegasusTests.Scripts.ClientsTests.FDNRequirement" name="fDNRequirement" />
    </UnitTest>
    <UnitTest name="fieldDictionaryFields" storage="e:\testorigen_automation\csharp\peg_new\pegasus_new_skin\pegasus_new_skin\pegasus_new_skin\bin\debug\pegasus_new_skin.dll" id="cbbc705f-8d77-730b-c90f-840ea85ce6b5">
      <Execution id="80d6e414-24ab-4a79-a915-e5616d2897ab" />
      <TestMethod codeBase="E:\TestOrigen_Automation\CSharp\Peg_New\Pegasus_New_Skin\Pegasus_New_skin\Pegasus_New_skin\bin\Debug\Pegasus_New_skin.dll" adapterTypeName="Microsoft.VisualStudio.TestTools.TestTypes.Unit.UnitTestAdapter" className="PegasusTests.Scripts.ClientsTests.FieldDictionaryFields" name="fieldDictionaryFields" />
    </UnitTest>
    <UnitTest name="fieldDictionarySection" storage="e:\testorigen_automation\csharp\peg_new\pegasus_new_skin\pegasus_new_skin\pegasus_new_skin\bin\debug\pegasus_new_skin.dll" id="edef04bd-a724-831a-e61e-253a00794a31">
      <Execution id="08f80844-0d65-44b3-b843-125353964cd5" />
      <TestMethod codeBase="E:\TestOrigen_Automation\CSharp\Peg_New\Pegasus_New_Skin\Pegasus_New_skin\Pegasus_New_skin\bin\Debug\Pegasus_New_skin.dll" adapterTypeName="Microsoft.VisualStudio.TestTools.TestTypes.Unit.UnitTestAdapter" className="PegasusTests.Scripts.ClientsTests.FieldDictionarySection" name="fieldDictionarySection" />
    </UnitTest>
    <UnitTest name="fieldDisError" storage="e:\testorigen_automation\csharp\peg_new\pegasus_new_skin\pegasus_new_skin\pegasus_new_skin\bin\debug\pegasus_new_skin.dll" id="2d253a23-3463-fd76-6ddd-236d53ba488c">
      <Execution id="77c59e2d-227d-4bc3-9c07-10366ec52973" />
      <TestMethod codeBase="E:\TestOrigen_Automation\CSharp\Peg_New\Pegasus_New_Skin\Pegasus_New_skin\Pegasus_New_skin\bin\Debug\Pegasus_New_skin.dll" adapterTypeName="Microsoft.VisualStudio.TestTools.TestTypes.Unit.UnitTestAdapter" className="PegasusTests.Scripts.ClientsTests.FieldDisError" name="fieldDisError" />
    </UnitTest>
    <UnitTest name="filterIssue" storage="e:\testorigen_automation\csharp\peg_new\pegasus_new_skin\pegasus_new_skin\pegasus_new_skin\bin\debug\pegasus_new_skin.dll" id="43feec16-716a-52d5-64d7-9505552411d8">
      <Execution id="50f5e298-9b7a-4a6f-944c-c90a895e2c2d" />
      <TestMethod codeBase="E:\TestOrigen_Automation\CSharp\Peg_New\Pegasus_New_Skin\Pegasus_New_skin\Pegasus_New_skin\bin\Debug\Pegasus_New_skin.dll" adapterTypeName="Microsoft.VisualStudio.TestTools.TestTypes.Unit.UnitTestAdapter" className="PegasusTests.Scripts.ClientsTests.FilterIssue" name="filterIssue" />
    </UnitTest>
    <UnitTest name="getDeafultRatesAndFeesClient" storage="e:\testorigen_automation\csharp\peg_new\pegasus_new_skin\pegasus_new_skin\pegasus_new_skin\bin\debug\pegasus_new_skin.dll" id="c764d31d-6d2c-1690-06ba-3a8dbe6f5506">
      <Execution id="8695daf4-0345-420a-bcd2-874f932caf55" />
      <TestMethod codeBase="E:\TestOrigen_Automation\CSharp\Peg_New\Pegasus_New_Skin\Pegasus_New_skin\Pegasus_New_skin\bin\Debug\Pegasus_New_skin.dll" adapterTypeName="Microsoft.VisualStudio.TestTools.TestTypes.Unit.UnitTestAdapter" className="PegasusTests.Scripts.ClientsTests.GetDeafultRatesAndFeesClient" name="getDeafultRatesAndFeesClient" />
    </UnitTest>
    <UnitTest name="getDeafultRatesAndFeesLead" storage="e:\testorigen_automation\csharp\peg_new\pegasus_new_skin\pegasus_new_skin\pegasus_new_skin\bin\debug\pegasus_new_skin.dll" id="7a0c99c6-dfd6-0b05-cb02-fd3f5421c817">
      <Execution id="22f21dd8-0a19-4bc6-a08d-16e5f9b148f5" />
      <TestMethod codeBase="E:\TestOrigen_Automation\CSharp\Peg_New\Pegasus_New_Skin\Pegasus_New_skin\Pegasus_New_skin\bin\Debug\Pegasus_New_skin.dll" adapterTypeName="Microsoft.VisualStudio.TestTools.TestTypes.Unit.UnitTestAdapter" className="PegasusTests.Scripts.ClientsTests.GetDeafultRatesAndFeesLead" name="getDeafultRatesAndFeesLead" />
    </UnitTest>
    <UnitTest name="integrationCodeAPICancel" storage="e:\testorigen_automation\csharp\peg_new\pegasus_new_skin\pegasus_new_skin\pegasus_new_skin\bin\debug\pegasus_new_skin.dll" id="63e6ddf6-6d47-635b-8f55-cfa38bba6a58">
      <Execution id="daebd45b-f0c7-46e0-b8c2-e9d65803a2cf" />
      <TestMethod codeBase="E:\TestOrigen_Automation\CSharp\Peg_New\Pegasus_New_Skin\Pegasus_New_skin\Pegasus_New_skin\bin\Debug\Pegasus_New_skin.dll" adapterTypeName="Microsoft.VisualStudio.TestTools.TestTypes.Unit.UnitTestAdapter" className="PegasusTests.Scripts.ClientsTests.IntegrationCodeAPICancel" name="integrationCodeAPICancel" />
    </UnitTest>
    <UnitTest name="languageNameValidation" storage="e:\testorigen_automation\csharp\peg_new\pegasus_new_skin\pegasus_new_skin\pegasus_new_skin\bin\debug\pegasus_new_skin.dll" id="179132fd-5ba3-26e4-cb9f-a1490311c68a">
      <Execution id="993b4755-d702-40c7-ab1c-ea06141bbe0b" />
      <TestMethod codeBase="E:\TestOrigen_Automation\CSharp\Peg_New\Pegasus_New_Skin\Pegasus_New_skin\Pegasus_New_skin\bin\Debug\Pegasus_New_skin.dll" adapterTypeName="Microsoft.VisualStudio.TestTools.TestTypes.Unit.UnitTestAdapter" className="PegasusTests.Scripts.ClientsTests.LanguageNameValidation" name="languageNameValidation" />
    </UnitTest>
    <UnitTest name="lastActivityBy" storage="e:\testorigen_automation\csharp\peg_new\pegasus_new_skin\pegasus_new_skin\pegasus_new_skin\bin\debug\pegasus_new_skin.dll" id="8eefc766-a448-61a7-bf35-498604dbd956">
      <Execution id="d6d74853-2e6f-466b-9406-baef58adc213" />
      <TestMethod codeBase="E:\TestOrigen_Automation\CSharp\Peg_New\Pegasus_New_Skin\Pegasus_New_skin\Pegasus_New_skin\bin\Debug\Pegasus_New_skin.dll" adapterTypeName="Microsoft.VisualStudio.TestTools.TestTypes.Unit.UnitTestAdapter" className="PegasusTests.Scripts.ClientsTests.LastActivityBy" name="lastActivityBy" />
    </UnitTest>
    <UnitTest name="lastLoginTime" storage="e:\testorigen_automation\csharp\peg_new\pegasus_new_skin\pegasus_new_skin\pegasus_new_skin\bin\debug\pegasus_new_skin.dll" id="1fbab88a-a951-0930-398b-46e59a881ed9">
      <Execution id="f8b690e4-33ab-49a5-b257-762c0040db12" />
      <TestMethod codeBase="E:\TestOrigen_Automation\CSharp\Peg_New\Pegasus_New_Skin\Pegasus_New_skin\Pegasus_New_skin\bin\Debug\Pegasus_New_skin.dll" adapterTypeName="Microsoft.VisualStudio.TestTools.TestTypes.Unit.UnitTestAdapter" className="PegasusTests.Scripts.ClientsTests.LastLoginTime" name="lastLoginTime" />
    </UnitTest>
    <UnitTest name="LoginWithoutCredentials" storage="e:\testorigen_automation\csharp\peg_new\pegasus_new_skin\pegasus_new_skin\pegasus_new_skin\bin\debug\pegasus_new_skin.dll" id="67130848-8d29-fb6b-b278-4525f9656177">
      <Execution id="687e8d7e-5d8d-4ffd-b38f-c33b0f5a72fa" />
      <TestMethod codeBase="E:\TestOrigen_Automation\CSharp\Peg_New\Pegasus_New_Skin\Pegasus_New_skin\Pegasus_New_skin\bin\Debug\Pegasus_New_skin.dll" adapterTypeName="Microsoft.VisualStudio.TestTools.TestTypes.Unit.UnitTestAdapter" className="PegasusTests.Scripts.LoginTests.LoginAndLogoutNewSkinAsOffice" name="LoginWithoutCredentials" />
    </UnitTest>
    <UnitTest name="loginWithInvalidPassword" storage="e:\testorigen_automation\csharp\peg_new\pegasus_new_skin\pegasus_new_skin\pegasus_new_skin\bin\debug\pegasus_new_skin.dll" id="dc1b77c4-a079-b195-44dd-9a09327e84a4">
      <Execution id="08836a53-99c0-40d3-8a14-ae65a5ae91f2" />
      <TestMethod codeBase="E:\TestOrigen_Automation\CSharp\Peg_New\Pegasus_New_Skin\Pegasus_New_skin\Pegasus_New_skin\bin\Debug\Pegasus_New_skin.dll" adapterTypeName="Microsoft.VisualStudio.TestTools.TestTypes.Unit.UnitTestAdapter" className="PegasusTests.Scripts.LoginTests.LoginAndLogoutNewSkinAsOffice" name="loginWithInvalidPassword" />
    </UnitTest>
    <UnitTest name="loginWithValidCredentials" storage="e:\testorigen_automation\csharp\peg_new\pegasus_new_skin\pegasus_new_skin\pegasus_new_skin\bin\debug\pegasus_new_skin.dll" id="de165dae-914e-4422-2822-24f4c70bda69">
      <Execution id="c950ecc5-5701-40b9-9e02-e912d44de789" />
      <TestMethod codeBase="E:\TestOrigen_Automation\CSharp\Peg_New\Pegasus_New_Skin\Pegasus_New_skin\Pegasus_New_skin\bin\Debug\Pegasus_New_skin.dll" adapterTypeName="Microsoft.VisualStudio.TestTools.TestTypes.Unit.UnitTestAdapter" className="PegasusTests.Scripts.LoginTests.LoginAndLogoutNewSkinAsOffice" name="loginWithValidCredentials" />
    </UnitTest>
    <UnitTest name="loginError1" storage="e:\testorigen_automation\csharp\peg_new\pegasus_new_skin\pegasus_new_skin\pegasus_new_skin\bin\debug\pegasus_new_skin.dll" id="00f9cdc5-9889-d926-0bad-11b23b236c3f">
      <Execution id="419ddf83-8be6-4dce-9446-b52cdf40908c" />
      <TestMethod codeBase="E:\TestOrigen_Automation\CSharp\Peg_New\Pegasus_New_Skin\Pegasus_New_skin\Pegasus_New_skin\bin\Debug\Pegasus_New_skin.dll" adapterTypeName="Microsoft.VisualStudio.TestTools.TestTypes.Unit.UnitTestAdapter" className="PegasusTests.Scripts.ClientsTests.LoginError1" name="loginError1" />
    </UnitTest>
    <UnitTest name="loginError2" storage="e:\testorigen_automation\csharp\peg_new\pegasus_new_skin\pegasus_new_skin\pegasus_new_skin\bin\debug\pegasus_new_skin.dll" id="782feb05-67fd-7632-1e20-28560561ac30">
      <Execution id="e0b872ff-0ed2-45f7-b4be-7980b1af7662" />
      <TestMethod codeBase="E:\TestOrigen_Automation\CSharp\Peg_New\Pegasus_New_Skin\Pegasus_New_skin\Pegasus_New_skin\bin\Debug\Pegasus_New_skin.dll" adapterTypeName="Microsoft.VisualStudio.TestTools.TestTypes.Unit.UnitTestAdapter" className="PegasusTests.Scripts.ClientsTests.LoginError2" name="loginError2" />
    </UnitTest>
    <UnitTest name="makeStatusActivePDFTemplate" storage="e:\testorigen_automation\csharp\peg_new\pegasus_new_skin\pegasus_new_skin\pegasus_new_skin\bin\debug\pegasus_new_skin.dll" id="61a86122-7f41-1b3b-0dce-a572a35bb1f0">
      <Execution id="568cfa32-c542-4e29-ac85-1cbaa2a10f41" />
      <TestMethod codeBase="E:\TestOrigen_Automation\CSharp\Peg_New\Pegasus_New_Skin\Pegasus_New_skin\Pegasus_New_skin\bin\Debug\Pegasus_New_skin.dll" adapterTypeName="Microsoft.VisualStudio.TestTools.TestTypes.Unit.UnitTestAdapter" className="PegasusTests.Scripts.ClientsTests.MakeStatusActivePDFTemplate" name="makeStatusActivePDFTemplate" />
    </UnitTest>
    <UnitTest name="makeStatusActivePDFTemplateCorp" storage="e:\testorigen_automation\csharp\peg_new\pegasus_new_skin\pegasus_new_skin\pegasus_new_skin\bin\debug\pegasus_new_skin.dll" id="5f6db988-9e27-99df-78d0-9401cb72dead">
      <Execution id="11c10e46-433f-41a9-8d58-c55a460e4932" />
      <TestMethod codeBase="E:\TestOrigen_Automation\CSharp\Peg_New\Pegasus_New_Skin\Pegasus_New_skin\Pegasus_New_skin\bin\Debug\Pegasus_New_skin.dll" adapterTypeName="Microsoft.VisualStudio.TestTools.TestTypes.Unit.UnitTestAdapter" className="PegasusTests.Scripts.ClientsTests.MakeStatusActivePDFTemplateCorp" name="makeStatusActivePDFTemplateCorp" />
    </UnitTest>
    <UnitTest name="makeStatusInactivePDFTemplate" storage="e:\testorigen_automation\csharp\peg_new\pegasus_new_skin\pegasus_new_skin\pegasus_new_skin\bin\debug\pegasus_new_skin.dll" id="83503731-03a4-55ae-a1b7-209f2d17cf50">
      <Execution id="c228a050-1282-42f4-abfc-56130a6bb01c" />
      <TestMethod codeBase="E:\TestOrigen_Automation\CSharp\Peg_New\Pegasus_New_Skin\Pegasus_New_skin\Pegasus_New_skin\bin\Debug\Pegasus_New_skin.dll" adapterTypeName="Microsoft.VisualStudio.TestTools.TestTypes.Unit.UnitTestAdapter" className="PegasusTests.Scripts.ClientsTests.MakeStatusInActivePDFTemplate" name="makeStatusInactivePDFTemplate" />
    </UnitTest>
    <UnitTest name="makeStatusInActivePDFTemplateCorp" storage="e:\testorigen_automation\csharp\peg_new\pegasus_new_skin\pegasus_new_skin\pegasus_new_skin\bin\debug\pegasus_new_skin.dll" id="706f6464-cf6f-386b-654d-e1a1f4265be9">
      <Execution id="183c5b3c-d616-4e38-a575-2c5422b5f04e" />
      <TestMethod codeBase="E:\TestOrigen_Automation\CSharp\Peg_New\Pegasus_New_Skin\Pegasus_New_skin\Pegasus_New_skin\bin\Debug\Pegasus_New_skin.dll" adapterTypeName="Microsoft.VisualStudio.TestTools.TestTypes.Unit.UnitTestAdapter" className="PegasusTests.Scripts.ClientsTests.MakeStatusInActivePDFTemplateCorp" name="makeStatusInActivePDFTemplateCorp" />
    </UnitTest>
    <UnitTest name="manageUser" storage="e:\testorigen_automation\csharp\peg_new\pegasus_new_skin\pegasus_new_skin\pegasus_new_skin\bin\debug\pegasus_new_skin.dll" id="df466ade-c6d2-b9fa-f72f-9975d8f2b31c">
      <Execution id="78ad6603-6dd5-4b9f-aefb-80af058b74d2" />
      <TestMethod codeBase="E:\TestOrigen_Automation\CSharp\Peg_New\Pegasus_New_Skin\Pegasus_New_skin\Pegasus_New_skin\bin\Debug\Pegasus_New_skin.dll" adapterTypeName="Microsoft.VisualStudio.TestTools.TestTypes.Unit.UnitTestAdapter" className="PegasusTests.Scripts.ClientsTests.ManageUser" name="manageUser" />
    </UnitTest>
    <UnitTest name="masterDataProcessorPushToOfficeNewSkin" storage="e:\testorigen_automation\csharp\peg_new\pegasus_new_skin\pegasus_new_skin\pegasus_new_skin\bin\debug\pegasus_new_skin.dll" id="a7bed229-25cb-7101-c7f8-ddc9844f1379">
      <Execution id="3a4ae958-ccf5-44d9-a6ef-57b6b79575bc" />
      <TestMethod codeBase="E:\TestOrigen_Automation\CSharp\Peg_New\Pegasus_New_Skin\Pegasus_New_skin\Pegasus_New_skin\bin\Debug\Pegasus_New_skin.dll" adapterTypeName="Microsoft.VisualStudio.TestTools.TestTypes.Unit.UnitTestAdapter" className="PegasusTests.Scripts.Corp.MasterDataProcessorPushToOfficeNewSkin" name="masterDataProcessorPushToOfficeNewSkin" />
    </UnitTest>
    <UnitTest name="merchantTabCorp" storage="e:\testorigen_automation\csharp\peg_new\pegasus_new_skin\pegasus_new_skin\pegasus_new_skin\bin\debug\pegasus_new_skin.dll" id="5e20d9b5-f0ad-1d62-4d91-96f6546f63a6">
      <Execution id="afb713ad-f186-4074-a220-ba726763c0e2" />
      <TestMethod codeBase="E:\TestOrigen_Automation\CSharp\Peg_New\Pegasus_New_Skin\Pegasus_New_skin\Pegasus_New_skin\bin\Debug\Pegasus_New_skin.dll" adapterTypeName="Microsoft.VisualStudio.TestTools.TestTypes.Unit.UnitTestAdapter" className="PegasusTests.Scripts.ClientsTests.MerchantTabCorp" name="merchantTabCorp" />
    </UnitTest>
    <UnitTest name="mouseOverTheButtonOpportunities" storage="e:\testorigen_automation\csharp\peg_new\pegasus_new_skin\pegasus_new_skin\pegasus_new_skin\bin\debug\pegasus_new_skin.dll" id="13e5e39f-d3aa-aca5-fc9c-2a24f6007de4">
      <Execution id="627dc5d4-4fbd-4a82-98a6-b4982c85bbdb" />
      <TestMethod codeBase="E:\TestOrigen_Automation\CSharp\Peg_New\Pegasus_New_Skin\Pegasus_New_skin\Pegasus_New_skin\bin\Debug\Pegasus_New_skin.dll" adapterTypeName="Microsoft.VisualStudio.TestTools.TestTypes.Unit.UnitTestAdapter" className="PegasusTests.Scripts.ClientsTests.MouseOverTheButtonOpportunities" name="mouseOverTheButtonOpportunities" />
    </UnitTest>
    <UnitTest name="officeUserSkin" storage="e:\testorigen_automation\csharp\peg_new\pegasus_new_skin\pegasus_new_skin\pegasus_new_skin\bin\debug\pegasus_new_skin.dll" id="5af9ade2-ea2c-04bc-ffae-7c8140d0bb14">
      <Execution id="a888bbb6-3853-4fa0-9ad1-fe84ba2946c4" />
      <TestMethod codeBase="E:\TestOrigen_Automation\CSharp\Peg_New\Pegasus_New_Skin\Pegasus_New_skin\Pegasus_New_skin\bin\Debug\Pegasus_New_skin.dll" adapterTypeName="Microsoft.VisualStudio.TestTools.TestTypes.Unit.UnitTestAdapter" className="PegasusTests.Scripts.ClientsTests.OfficeUserSkin" name="officeUserSkin" />
    </UnitTest>
    <UnitTest name="one000Added" storage="e:\testorigen_automation\csharp\peg_new\pegasus_new_skin\pegasus_new_skin\pegasus_new_skin\bin\debug\pegasus_new_skin.dll" id="eadda4a2-22ba-dbff-38a8-88770061fee4">
      <Execution id="c598ba18-06fb-4d77-8cbe-3c50a60e6cd3" />
      <TestMethod codeBase="E:\TestOrigen_Automation\CSharp\Peg_New\Pegasus_New_Skin\Pegasus_New_skin\Pegasus_New_skin\bin\Debug\Pegasus_New_skin.dll" adapterTypeName="Microsoft.VisualStudio.TestTools.TestTypes.Unit.UnitTestAdapter" className="PegasusTests.Scripts.ClientsTests.One000Added" name="one000Added" />
    </UnitTest>
    <UnitTest name="opportunititySubjectFiledValidateBlank" storage="e:\testorigen_automation\csharp\peg_new\pegasus_new_skin\pegasus_new_skin\pegasus_new_skin\bin\debug\pegasus_new_skin.dll" id="f605c45e-87c0-dc86-8596-ae6c099891b8">
      <Execution id="333ef12d-8c7c-4068-aa4f-e0e5866338a7" />
      <TestMethod codeBase="E:\TestOrigen_Automation\CSharp\Peg_New\Pegasus_New_Skin\Pegasus_New_skin\Pegasus_New_skin\bin\Debug\Pegasus_New_skin.dll" adapterTypeName="Microsoft.VisualStudio.TestTools.TestTypes.Unit.UnitTestAdapter" className="PegasusTests.Scripts.ClientsTests.OpportunititySubjectFiledValidateBlank" name="opportunititySubjectFiledValidateBlank" />
    </UnitTest>
    <UnitTest name="oppourtunitiesVerifyCanadaCountry" storage="e:\testorigen_automation\csharp\peg_new\pegasus_new_skin\pegasus_new_skin\pegasus_new_skin\bin\debug\pegasus_new_skin.dll" id="28681467-a4d0-2974-d4e5-0c3c3a9c633e">
      <Execution id="94a4ddeb-f126-4bb5-be8a-688cb786fbb1" />
      <TestMethod codeBase="E:\TestOrigen_Automation\CSharp\Peg_New\Pegasus_New_Skin\Pegasus_New_skin\Pegasus_New_skin\bin\Debug\Pegasus_New_skin.dll" adapterTypeName="Microsoft.VisualStudio.TestTools.TestTypes.Unit.UnitTestAdapter" className="PegasusTests.Scripts.ClientsTests.OppourtunitiesVerifyCanadaCountry" name="oppourtunitiesVerifyCanadaCountry" />
    </UnitTest>
    <UnitTest name="partnerAgentWithUserNewSkin" storage="e:\testorigen_automation\csharp\peg_new\pegasus_new_skin\pegasus_new_skin\pegasus_new_skin\bin\debug\pegasus_new_skin.dll" id="d34b6683-bb07-58cf-b151-d6cadf33dd5a">
      <Execution id="1e5b6ed3-fc3c-403f-ae44-903f5d573246" />
      <TestMethod codeBase="E:\TestOrigen_Automation\CSharp\Peg_New\Pegasus_New_Skin\Pegasus_New_skin\Pegasus_New_skin\bin\Debug\Pegasus_New_skin.dll" adapterTypeName="Microsoft.VisualStudio.TestTools.TestTypes.Unit.UnitTestAdapter" className="PegasusTests.Scripts.ClientsTests.PartnerAgentWithUserNewSkin" name="partnerAgentWithUserNewSkin" />
    </UnitTest>
    <UnitTest name="pDFPackageWithRule" storage="e:\testorigen_automation\csharp\peg_new\pegasus_new_skin\pegasus_new_skin\pegasus_new_skin\bin\debug\pegasus_new_skin.dll" id="b71aa315-b78f-eef4-0694-b4f830ca4638">
      <Execution id="28b4f694-dde5-4fb7-966f-1831dd5ac42a" />
      <TestMethod codeBase="E:\TestOrigen_Automation\CSharp\Peg_New\Pegasus_New_Skin\Pegasus_New_skin\Pegasus_New_skin\bin\Debug\Pegasus_New_skin.dll" adapterTypeName="Microsoft.VisualStudio.TestTools.TestTypes.Unit.UnitTestAdapter" className="PegasusTests.Scripts.ClientsTests.PDFPackageWithRule" name="pDFPackageWithRule" />
    </UnitTest>
    <UnitTest name="permanentlyDeleteDocumentNewSkin" storage="e:\testorigen_automation\csharp\peg_new\pegasus_new_skin\pegasus_new_skin\pegasus_new_skin\bin\debug\pegasus_new_skin.dll" id="01d587a3-54d4-4f55-fb46-d70116d3064b">
      <Execution id="f67b3145-56d8-403e-bb9c-afbf75dab735" />
      <TestMethod codeBase="E:\TestOrigen_Automation\CSharp\Peg_New\Pegasus_New_Skin\Pegasus_New_skin\Pegasus_New_skin\bin\Debug\Pegasus_New_skin.dll" adapterTypeName="Microsoft.VisualStudio.TestTools.TestTypes.Unit.UnitTestAdapter" className="PegasusTests.Scripts.ClientsTests.PermanentlyDeleteDocumentNewSkin" name="permanentlyDeleteDocumentNewSkin" />
    </UnitTest>
    <UnitTest name="permanentlyDeletePDFTemplate" storage="e:\testorigen_automation\csharp\peg_new\pegasus_new_skin\pegasus_new_skin\pegasus_new_skin\bin\debug\pegasus_new_skin.dll" id="77fc25e2-ec9d-2905-8293-8627f567792d">
      <Execution id="2d368ec0-0917-4654-8cb0-cfe623a9551a" />
      <TestMethod codeBase="E:\TestOrigen_Automation\CSharp\Peg_New\Pegasus_New_Skin\Pegasus_New_skin\Pegasus_New_skin\bin\Debug\Pegasus_New_skin.dll" adapterTypeName="Microsoft.VisualStudio.TestTools.TestTypes.Unit.UnitTestAdapter" className="PegasusTests.Scripts.ClientsTests.PermanentlyDeletePDFTemplate" name="permanentlyDeletePDFTemplate" />
    </UnitTest>
    <UnitTest name="permanentlyDeletePDFTemplateCorp" storage="e:\testorigen_automation\csharp\peg_new\pegasus_new_skin\pegasus_new_skin\pegasus_new_skin\bin\debug\pegasus_new_skin.dll" id="af2876a4-fd94-b4f6-f658-3d4815f2f997">
      <Execution id="dccd8c26-34a4-4d6d-ba29-6ecad3e6067e" />
      <TestMethod codeBase="E:\TestOrigen_Automation\CSharp\Peg_New\Pegasus_New_Skin\Pegasus_New_skin\Pegasus_New_skin\bin\Debug\Pegasus_New_skin.dll" adapterTypeName="Microsoft.VisualStudio.TestTools.TestTypes.Unit.UnitTestAdapter" className="PegasusTests.Scripts.ClientsTests.PermanentlyDeletePDFTemplateCorp" name="permanentlyDeletePDFTemplateCorp" />
    </UnitTest>
    <UnitTest name="processorDeleteTypo" storage="e:\testorigen_automation\csharp\peg_new\pegasus_new_skin\pegasus_new_skin\pegasus_new_skin\bin\debug\pegasus_new_skin.dll" id="ef6fb460-d28a-fd98-c37f-f1af9aa2c839">
      <Execution id="96e27494-54bd-413f-a9fb-ab95d2beac5f" />
      <TestMethod codeBase="E:\TestOrigen_Automation\CSharp\Peg_New\Pegasus_New_Skin\Pegasus_New_skin\Pegasus_New_skin\bin\Debug\Pegasus_New_skin.dll" adapterTypeName="Microsoft.VisualStudio.TestTools.TestTypes.Unit.UnitTestAdapter" className="PegasusTests.Scripts.ClientsTests.ProcessorDeleteTypo" name="processorDeleteTypo" />
    </UnitTest>
    <UnitTest name="productIpage" storage="e:\testorigen_automation\csharp\peg_new\pegasus_new_skin\pegasus_new_skin\pegasus_new_skin\bin\debug\pegasus_new_skin.dll" id="b6306e6c-8c6c-90f4-8797-ba802e71e571">
      <Execution id="ce4d8cc4-33b7-4133-bb41-149e977fbc3b" />
      <TestMethod codeBase="E:\TestOrigen_Automation\CSharp\Peg_New\Pegasus_New_Skin\Pegasus_New_skin\Pegasus_New_skin\bin\Debug\Pegasus_New_skin.dll" adapterTypeName="Microsoft.VisualStudio.TestTools.TestTypes.Unit.UnitTestAdapter" className="PegasusTests.Scripts.ClientsTests.ProductIpage" name="productIpage" />
    </UnitTest>
    <UnitTest name="profilePictureChange" storage="e:\testorigen_automation\csharp\peg_new\pegasus_new_skin\pegasus_new_skin\pegasus_new_skin\bin\debug\pegasus_new_skin.dll" id="a8acc4ab-d299-0439-c67e-545042c55835">
      <Execution id="bd062888-8846-43ec-96ef-546ae4afdf88" />
      <TestMethod codeBase="E:\TestOrigen_Automation\CSharp\Peg_New\Pegasus_New_Skin\Pegasus_New_skin\Pegasus_New_skin\bin\Debug\Pegasus_New_skin.dll" adapterTypeName="Microsoft.VisualStudio.TestTools.TestTypes.Unit.UnitTestAdapter" className="PegasusTests.Scripts.ClientsTests.ProfilePictureChange" name="profilePictureChange" />
    </UnitTest>
    <UnitTest name="profileViewOfClientLeadAndOpportunities" storage="e:\testorigen_automation\csharp\peg_new\pegasus_new_skin\pegasus_new_skin\pegasus_new_skin\bin\debug\pegasus_new_skin.dll" id="b78827d8-091b-ecc5-bea1-9b48eb19c48d">
      <Execution id="dbeed1b5-512e-45e9-9bea-bbd1d14bb74e" />
      <TestMethod codeBase="E:\TestOrigen_Automation\CSharp\Peg_New\Pegasus_New_Skin\Pegasus_New_skin\Pegasus_New_skin\bin\Debug\Pegasus_New_skin.dll" adapterTypeName="Microsoft.VisualStudio.TestTools.TestTypes.Unit.UnitTestAdapter" className="PegasusTests.Scripts.ClientsTests.ProfileViewOfClientLeadAndOpportunities" name="profileViewOfClientLeadAndOpportunities" />
    </UnitTest>
    <UnitTest name="rateAndFeesPushToOfficeBtn" storage="e:\testorigen_automation\csharp\peg_new\pegasus_new_skin\pegasus_new_skin\pegasus_new_skin\bin\debug\pegasus_new_skin.dll" id="98aa579b-67c4-4c42-27da-293ba5bde350">
      <Execution id="7e071059-2d1d-467f-835a-2fdf2a0ceaf1" />
      <TestMethod codeBase="E:\TestOrigen_Automation\CSharp\Peg_New\Pegasus_New_Skin\Pegasus_New_skin\Pegasus_New_skin\bin\Debug\Pegasus_New_skin.dll" adapterTypeName="Microsoft.VisualStudio.TestTools.TestTypes.Unit.UnitTestAdapter" className="PegasusTests.Scripts.Corp.RateAndFeesPushToOfficeBtn" name="rateAndFeesPushToOfficeBtn" />
    </UnitTest>
    <UnitTest name="relpacePDFForPDFTemplate" storage="e:\testorigen_automation\csharp\peg_new\pegasus_new_skin\pegasus_new_skin\pegasus_new_skin\bin\debug\pegasus_new_skin.dll" id="502b6528-7298-650e-7265-0c19aa4aebac">
      <Execution id="7a4ba4a8-e203-488e-aec0-829d40ae1bd4" />
      <TestMethod codeBase="E:\TestOrigen_Automation\CSharp\Peg_New\Pegasus_New_Skin\Pegasus_New_skin\Pegasus_New_skin\bin\Debug\Pegasus_New_skin.dll" adapterTypeName="Microsoft.VisualStudio.TestTools.TestTypes.Unit.UnitTestAdapter" className="PegasusTests.Scripts.ClientsTests.RelpacePDFForPDFTemplate" name="relpacePDFForPDFTemplate" />
    </UnitTest>
    <UnitTest name="rememberMeLoginPage" storage="e:\testorigen_automation\csharp\peg_new\pegasus_new_skin\pegasus_new_skin\pegasus_new_skin\bin\debug\pegasus_new_skin.dll" id="50438204-9549-5f7f-cf49-02e23aee24c6">
      <Execution id="f0d673cd-69f2-4056-a31b-84a8531ef27e" />
      <TestMethod codeBase="E:\TestOrigen_Automation\CSharp\Peg_New\Pegasus_New_Skin\Pegasus_New_skin\Pegasus_New_skin\bin\Debug\Pegasus_New_skin.dll" adapterTypeName="Microsoft.VisualStudio.TestTools.TestTypes.Unit.UnitTestAdapter" className="PegasusTests.Scripts.ClientsTests.RememberMeLoginPage" name="rememberMeLoginPage" />
    </UnitTest>
    <UnitTest name="reportPDFBroken" storage="e:\testorigen_automation\csharp\peg_new\pegasus_new_skin\pegasus_new_skin\pegasus_new_skin\bin\debug\pegasus_new_skin.dll" id="8851649a-f839-f479-0e9f-9da6fcc50910">
      <Execution id="49c44e23-8c4f-4fcb-981a-70bed3ebd46f" />
      <TestMethod codeBase="E:\TestOrigen_Automation\CSharp\Peg_New\Pegasus_New_Skin\Pegasus_New_skin\Pegasus_New_skin\bin\Debug\Pegasus_New_skin.dll" adapterTypeName="Microsoft.VisualStudio.TestTools.TestTypes.Unit.UnitTestAdapter" className="PegasusTests.Scripts.ClientsTests.ReportPDFBroken" name="reportPDFBroken" />
    </UnitTest>
    <UnitTest name="residualAdjustmentTool" storage="e:\testorigen_automation\csharp\peg_new\pegasus_new_skin\pegasus_new_skin\pegasus_new_skin\bin\debug\pegasus_new_skin.dll" id="ed9acd65-5d89-d337-f186-88ec760e8d6f">
      <Execution id="a0bb91c9-ef75-4ff8-8cd9-0dbb150c2736" />
      <TestMethod codeBase="E:\TestOrigen_Automation\CSharp\Peg_New\Pegasus_New_Skin\Pegasus_New_skin\Pegasus_New_skin\bin\Debug\Pegasus_New_skin.dll" adapterTypeName="Microsoft.VisualStudio.TestTools.TestTypes.Unit.UnitTestAdapter" className="PegasusTests.Scripts.ClientsTests.ResidualAdjustmentTool" name="residualAdjustmentTool" />
    </UnitTest>
    <UnitTest name="residualAdjustmentTool1" storage="e:\testorigen_automation\csharp\peg_new\pegasus_new_skin\pegasus_new_skin\pegasus_new_skin\bin\debug\pegasus_new_skin.dll" id="1fd24e76-507d-94d2-c9e5-6623e6d845ca">
      <Execution id="1a633951-89d3-4196-bdb1-98cbca1df7dc" />
      <TestMethod codeBase="E:\TestOrigen_Automation\CSharp\Peg_New\Pegasus_New_Skin\Pegasus_New_skin\Pegasus_New_skin\bin\Debug\Pegasus_New_skin.dll" adapterTypeName="Microsoft.VisualStudio.TestTools.TestTypes.Unit.UnitTestAdapter" className="PegasusTests.Scripts.ClientsTests.ResidualAdjustmentTool1" name="residualAdjustmentTool1" />
    </UnitTest>
    <UnitTest name="residualIncomeOfficeAdjustmentToolAgentsFlat" storage="e:\testorigen_automation\csharp\peg_new\pegasus_new_skin\pegasus_new_skin\pegasus_new_skin\bin\debug\pegasus_new_skin.dll" id="576e3e55-38df-126f-cc0a-8fd704b107bc">
      <Execution id="97a52997-6880-4d58-8c61-dc70d017c81f" />
      <TestMethod codeBase="E:\TestOrigen_Automation\CSharp\Peg_New\Pegasus_New_Skin\Pegasus_New_skin\Pegasus_New_skin\bin\Debug\Pegasus_New_skin.dll" adapterTypeName="Microsoft.VisualStudio.TestTools.TestTypes.Unit.UnitTestAdapter" className="PegasusTests.Scripts.ClientsTests.ResidualIncomeOfficeAdjustmentToolAgentsFlat" name="residualIncomeOfficeAdjustmentToolAgentsFlat" />
    </UnitTest>
    <UnitTest name="residualIncomeOfficeAdjustmentToolAgentsPercentage" storage="e:\testorigen_automation\csharp\peg_new\pegasus_new_skin\pegasus_new_skin\pegasus_new_skin\bin\debug\pegasus_new_skin.dll" id="ff2bfc16-3549-24fe-4aab-595470a9093a">
      <Execution id="06444d29-8bae-4966-8760-614d5e50c764" />
      <TestMethod codeBase="E:\TestOrigen_Automation\CSharp\Peg_New\Pegasus_New_Skin\Pegasus_New_skin\Pegasus_New_skin\bin\Debug\Pegasus_New_skin.dll" adapterTypeName="Microsoft.VisualStudio.TestTools.TestTypes.Unit.UnitTestAdapter" className="PegasusTests.Scripts.ClientsTests.ResidualIncomeOfficeAdjustmentToolAgentsPercentage" name="residualIncomeOfficeAdjustmentToolAgentsPercentage" />
    </UnitTest>
    <UnitTest name="residualIncomeOfficeAdjustmentToolOfficeFlat" storage="e:\testorigen_automation\csharp\peg_new\pegasus_new_skin\pegasus_new_skin\pegasus_new_skin\bin\debug\pegasus_new_skin.dll" id="1631b5d2-4592-7dcd-b539-537575ab0c26">
      <Execution id="912f4e65-a9ed-4163-b417-cc465b5d63a6" />
      <TestMethod codeBase="E:\TestOrigen_Automation\CSharp\Peg_New\Pegasus_New_Skin\Pegasus_New_skin\Pegasus_New_skin\bin\Debug\Pegasus_New_skin.dll" adapterTypeName="Microsoft.VisualStudio.TestTools.TestTypes.Unit.UnitTestAdapter" className="PegasusTests.Scripts.ClientsTests.ResidualIncomeOfficeAdjustmentToolOfficeFlat" name="residualIncomeOfficeAdjustmentToolOfficeFlat" />
    </UnitTest>
    <UnitTest name="residualIncomeOfficeAdjustmentToolOfficePercentage" storage="e:\testorigen_automation\csharp\peg_new\pegasus_new_skin\pegasus_new_skin\pegasus_new_skin\bin\debug\pegasus_new_skin.dll" id="eeb96bc7-5f29-c71a-5796-2a7a623e7d0a">
      <Execution id="8c6b2343-e5d2-4f42-86a0-0cd05139b08e" />
      <TestMethod codeBase="E:\TestOrigen_Automation\CSharp\Peg_New\Pegasus_New_Skin\Pegasus_New_skin\Pegasus_New_skin\bin\Debug\Pegasus_New_skin.dll" adapterTypeName="Microsoft.VisualStudio.TestTools.TestTypes.Unit.UnitTestAdapter" className="PegasusTests.Scripts.ClientsTests.ResidualIncomeOfficeAdjustmentToolOfficePercentage" name="residualIncomeOfficeAdjustmentToolOfficePercentage" />
    </UnitTest>
    <UnitTest name="restoreDeletedPDFTemplate" storage="e:\testorigen_automation\csharp\peg_new\pegasus_new_skin\pegasus_new_skin\pegasus_new_skin\bin\debug\pegasus_new_skin.dll" id="93d82f4c-b3ab-5d5e-f4bd-2a8e888f9d74">
      <Execution id="db037bb7-2982-4a9b-a8a3-c4a8ce011078" />
      <TestMethod codeBase="E:\TestOrigen_Automation\CSharp\Peg_New\Pegasus_New_Skin\Pegasus_New_skin\Pegasus_New_skin\bin\Debug\Pegasus_New_skin.dll" adapterTypeName="Microsoft.VisualStudio.TestTools.TestTypes.Unit.UnitTestAdapter" className="PegasusTests.Scripts.ClientsTests.RestoreDeletedPDFTemplate" name="restoreDeletedPDFTemplate" />
    </UnitTest>
    <UnitTest name="restorePDFTemplateCorp" storage="e:\testorigen_automation\csharp\peg_new\pegasus_new_skin\pegasus_new_skin\pegasus_new_skin\bin\debug\pegasus_new_skin.dll" id="638a3293-2062-22e5-7dd4-60342c73c853">
      <Execution id="940d6d8a-0e17-453a-b8b0-a3302d6cc43a" />
      <TestMethod codeBase="E:\TestOrigen_Automation\CSharp\Peg_New\Pegasus_New_Skin\Pegasus_New_skin\Pegasus_New_skin\bin\Debug\Pegasus_New_skin.dll" adapterTypeName="Microsoft.VisualStudio.TestTools.TestTypes.Unit.UnitTestAdapter" className="PegasusTests.Scripts.ClientsTests.RestorePDFTemplateCorp" name="restorePDFTemplateCorp" />
    </UnitTest>
    <UnitTest name="revenueAdjustmentForSaleManagerAddAmount" storage="e:\testorigen_automation\csharp\peg_new\pegasus_new_skin\pegasus_new_skin\pegasus_new_skin\bin\debug\pegasus_new_skin.dll" id="4f19ac3c-ecd4-1c83-13bd-698248296590">
      <Execution id="8e4a71d0-a781-4996-bac0-54112ea004ad" />
      <TestMethod codeBase="E:\TestOrigen_Automation\CSharp\Peg_New\Pegasus_New_Skin\Pegasus_New_skin\Pegasus_New_skin\bin\Debug\Pegasus_New_skin.dll" adapterTypeName="Microsoft.VisualStudio.TestTools.TestTypes.Unit.UnitTestAdapter" className="PegasusTests.Scripts.ClientsTests.RevenueAdjustmentForSaleManagerAddAmount" name="revenueAdjustmentForSaleManagerAddAmount" />
    </UnitTest>
    <UnitTest name="revenueAdjustmentForSaleManagerRemoveFlat" storage="e:\testorigen_automation\csharp\peg_new\pegasus_new_skin\pegasus_new_skin\pegasus_new_skin\bin\debug\pegasus_new_skin.dll" id="7639cc2d-b5a1-26ca-6044-4345ea350e56">
      <Execution id="c6820f70-a45f-45ed-8c6e-1a660a343e61" />
      <TestMethod codeBase="E:\TestOrigen_Automation\CSharp\Peg_New\Pegasus_New_Skin\Pegasus_New_skin\Pegasus_New_skin\bin\Debug\Pegasus_New_skin.dll" adapterTypeName="Microsoft.VisualStudio.TestTools.TestTypes.Unit.UnitTestAdapter" className="PegasusTests.Scripts.ClientsTests.RevenueAdjustmentForSaleManagerRemoveFlat" name="revenueAdjustmentForSaleManagerRemoveFlat" />
    </UnitTest>
    <UnitTest name="revenueAdjustmentPartnerAgentAddFlatAmount" storage="e:\testorigen_automation\csharp\peg_new\pegasus_new_skin\pegasus_new_skin\pegasus_new_skin\bin\debug\pegasus_new_skin.dll" id="1edb38a4-bd22-4c69-27ef-70c1820bbf2a">
      <Execution id="a898e0b1-e63d-40da-a0a6-fae4b84b7501" />
      <TestMethod codeBase="E:\TestOrigen_Automation\CSharp\Peg_New\Pegasus_New_Skin\Pegasus_New_skin\Pegasus_New_skin\bin\Debug\Pegasus_New_skin.dll" adapterTypeName="Microsoft.VisualStudio.TestTools.TestTypes.Unit.UnitTestAdapter" className="PegasusTests.Scripts.ClientsTests.RevenueAdjustmentPartnerAgentAddFlatAmount" name="revenueAdjustmentPartnerAgentAddFlatAmount" />
    </UnitTest>
    <UnitTest name="revenueAdjustmentPartnerAgentAddPercentage" storage="e:\testorigen_automation\csharp\peg_new\pegasus_new_skin\pegasus_new_skin\pegasus_new_skin\bin\debug\pegasus_new_skin.dll" id="b7d0bdc2-df49-3170-25ed-9f504b246c02">
      <Execution id="1d2b32fc-670f-4c4a-a6f7-16803d5c7e57" />
      <TestMethod codeBase="E:\TestOrigen_Automation\CSharp\Peg_New\Pegasus_New_Skin\Pegasus_New_skin\Pegasus_New_skin\bin\Debug\Pegasus_New_skin.dll" adapterTypeName="Microsoft.VisualStudio.TestTools.TestTypes.Unit.UnitTestAdapter" className="PegasusTests.Scripts.ClientsTests.RevenueAdjustmentPartnerAgentAddPercentage" name="revenueAdjustmentPartnerAgentAddPercentage" />
    </UnitTest>
    <UnitTest name="revenueAdjustmentPartnerAgentRemoveFlatAmount" storage="e:\testorigen_automation\csharp\peg_new\pegasus_new_skin\pegasus_new_skin\pegasus_new_skin\bin\debug\pegasus_new_skin.dll" id="a6e1ba08-3b95-cfb4-752d-08519091324a">
      <Execution id="db5f5f16-c145-4719-936c-d46ec9013ffa" />
      <TestMethod codeBase="E:\TestOrigen_Automation\CSharp\Peg_New\Pegasus_New_Skin\Pegasus_New_skin\Pegasus_New_skin\bin\Debug\Pegasus_New_skin.dll" adapterTypeName="Microsoft.VisualStudio.TestTools.TestTypes.Unit.UnitTestAdapter" className="PegasusTests.Scripts.ClientsTests.RevenueAdjustmentPartnerAgentRemoveFlatAmount" name="revenueAdjustmentPartnerAgentRemoveFlatAmount" />
    </UnitTest>
    <UnitTest name="revenueAdjustmentPartnerAgentRemovePercentage" storage="e:\testorigen_automation\csharp\peg_new\pegasus_new_skin\pegasus_new_skin\pegasus_new_skin\bin\debug\pegasus_new_skin.dll" id="e911c5b9-830e-35d5-e910-21dc07b81cd0">
      <Execution id="3ee922c2-b441-4f8e-9f2f-9306d0d79cb9" />
      <TestMethod codeBase="E:\TestOrigen_Automation\CSharp\Peg_New\Pegasus_New_Skin\Pegasus_New_skin\Pegasus_New_skin\bin\Debug\Pegasus_New_skin.dll" adapterTypeName="Microsoft.VisualStudio.TestTools.TestTypes.Unit.UnitTestAdapter" className="PegasusTests.Scripts.ClientsTests.RevenueAdjustmentPartnerAgentRemovePercentage" name="revenueAdjustmentPartnerAgentRemovePercentage" />
    </UnitTest>
    <UnitTest name="revenueAdjustmentSaleAgentAddAmount" storage="e:\testorigen_automation\csharp\peg_new\pegasus_new_skin\pegasus_new_skin\pegasus_new_skin\bin\debug\pegasus_new_skin.dll" id="7e8157c8-dcb1-ea12-efa2-f87a11b69850">
      <Execution id="d7ff15dc-5bfc-4998-8467-6b9e46bfee92" />
      <TestMethod codeBase="E:\TestOrigen_Automation\CSharp\Peg_New\Pegasus_New_Skin\Pegasus_New_skin\Pegasus_New_skin\bin\Debug\Pegasus_New_skin.dll" adapterTypeName="Microsoft.VisualStudio.TestTools.TestTypes.Unit.UnitTestAdapter" className="PegasusTests.Scripts.ClientsTests.RevenueAdjustmentSaleAgentAddAmount" name="revenueAdjustmentSaleAgentAddAmount" />
    </UnitTest>
    <UnitTest name="revenueAdjustmentSaleAgentEmployeeAddPercentage" storage="e:\testorigen_automation\csharp\peg_new\pegasus_new_skin\pegasus_new_skin\pegasus_new_skin\bin\debug\pegasus_new_skin.dll" id="00d160ea-4613-9def-d08d-4b8e1b84752e">
      <Execution id="6ec894a6-42dd-45e0-a243-8c26e718fba1" />
      <TestMethod codeBase="E:\TestOrigen_Automation\CSharp\Peg_New\Pegasus_New_Skin\Pegasus_New_skin\Pegasus_New_skin\bin\Debug\Pegasus_New_skin.dll" adapterTypeName="Microsoft.VisualStudio.TestTools.TestTypes.Unit.UnitTestAdapter" className="PegasusTests.Scripts.ClientsTests.RevenueAdjustmentSaleAgentEmployeeAddPercentage" name="revenueAdjustmentSaleAgentEmployeeAddPercentage" />
    </UnitTest>
    <UnitTest name="revenueAdjustmentSaleAgentRemoveFlat" storage="e:\testorigen_automation\csharp\peg_new\pegasus_new_skin\pegasus_new_skin\pegasus_new_skin\bin\debug\pegasus_new_skin.dll" id="49d067f9-bd82-140d-2b0d-3e94f60729fa">
      <Execution id="e529b236-3ae5-4689-a6bc-76441ca58e26" />
      <TestMethod codeBase="E:\TestOrigen_Automation\CSharp\Peg_New\Pegasus_New_Skin\Pegasus_New_skin\Pegasus_New_skin\bin\Debug\Pegasus_New_skin.dll" adapterTypeName="Microsoft.VisualStudio.TestTools.TestTypes.Unit.UnitTestAdapter" className="PegasusTests.Scripts.ClientsTests.RevenueAdjustmentSaleAgentRemoveFlat" name="revenueAdjustmentSaleAgentRemoveFlat" />
    </UnitTest>
    <UnitTest name="revenueAdjustmentSaleManagerEmployeeAddPercentage" storage="e:\testorigen_automation\csharp\peg_new\pegasus_new_skin\pegasus_new_skin\pegasus_new_skin\bin\debug\pegasus_new_skin.dll" id="90b0ece4-7734-b027-573c-ce0fdf3271f0">
      <Execution id="ab24dddc-afd6-41cb-96c1-5c8d7c46a8f2" />
      <TestMethod codeBase="E:\TestOrigen_Automation\CSharp\Peg_New\Pegasus_New_Skin\Pegasus_New_skin\Pegasus_New_skin\bin\Debug\Pegasus_New_skin.dll" adapterTypeName="Microsoft.VisualStudio.TestTools.TestTypes.Unit.UnitTestAdapter" className="PegasusTests.Scripts.ClientsTests.RevenueAdjustmentSaleManagerEmployeeAddPercentage" name="revenueAdjustmentSaleManagerEmployeeAddPercentage" />
    </UnitTest>
    <UnitTest name="revenueShareButtonForPartnerAgent" storage="e:\testorigen_automation\csharp\peg_new\pegasus_new_skin\pegasus_new_skin\pegasus_new_skin\bin\debug\pegasus_new_skin.dll" id="2ce50fe1-c4e5-8f47-92d3-0a707bbc9259">
      <Execution id="2e7f20f7-974a-4752-b235-7156bace26c4" />
      <TestMethod codeBase="E:\TestOrigen_Automation\CSharp\Peg_New\Pegasus_New_Skin\Pegasus_New_skin\Pegasus_New_skin\bin\Debug\Pegasus_New_skin.dll" adapterTypeName="Microsoft.VisualStudio.TestTools.TestTypes.Unit.UnitTestAdapter" className="PegasusTests.Scripts.ClientsTests.RevenueShareButtonForPartnerAgent" name="revenueShareButtonForPartnerAgent" />
    </UnitTest>
    <UnitTest name="revenueShareButtonForPartnerAssociation" storage="e:\testorigen_automation\csharp\peg_new\pegasus_new_skin\pegasus_new_skin\pegasus_new_skin\bin\debug\pegasus_new_skin.dll" id="631db1e5-5130-fe76-60d3-f720d01eb3d2">
      <Execution id="c1b27fec-0388-4c9d-8128-3dc264beb086" />
      <TestMethod codeBase="E:\TestOrigen_Automation\CSharp\Peg_New\Pegasus_New_Skin\Pegasus_New_skin\Pegasus_New_skin\bin\Debug\Pegasus_New_skin.dll" adapterTypeName="Microsoft.VisualStudio.TestTools.TestTypes.Unit.UnitTestAdapter" className="PegasusTests.Scripts.ClientsTests.RevenueShareButtonForPartnerAssociation" name="revenueShareButtonForPartnerAssociation" />
    </UnitTest>
    <UnitTest name="revenueShareInDecimalPartnerAssociation" storage="e:\testorigen_automation\csharp\peg_new\pegasus_new_skin\pegasus_new_skin\pegasus_new_skin\bin\debug\pegasus_new_skin.dll" id="9699bd57-3e9a-16f4-dafd-b1a79632258f">
      <Execution id="d11e3405-2d96-4b7d-a992-607e721fe247" />
      <TestMethod codeBase="E:\TestOrigen_Automation\CSharp\Peg_New\Pegasus_New_Skin\Pegasus_New_skin\Pegasus_New_skin\bin\Debug\Pegasus_New_skin.dll" adapterTypeName="Microsoft.VisualStudio.TestTools.TestTypes.Unit.UnitTestAdapter" className="PegasusTests.Scripts.ClientsTests.RevenueShareInDecimalPartnerAssociation" name="revenueShareInDecimalPartnerAssociation" />
    </UnitTest>
    <UnitTest name="saleAgentCodeProcessor" storage="e:\testorigen_automation\csharp\peg_new\pegasus_new_skin\pegasus_new_skin\pegasus_new_skin\bin\debug\pegasus_new_skin.dll" id="ae3e5d17-a418-c027-5d01-89e4c7b54c4c">
      <Execution id="c35a9696-cea9-4c63-98e1-3c06dc7ff7d5" />
      <TestMethod codeBase="E:\TestOrigen_Automation\CSharp\Peg_New\Pegasus_New_Skin\Pegasus_New_skin\Pegasus_New_skin\bin\Debug\Pegasus_New_skin.dll" adapterTypeName="Microsoft.VisualStudio.TestTools.TestTypes.Unit.UnitTestAdapter" className="PegasusTests.Scripts.ClientsTests.SaleAgentCodeProcessor" name="saleAgentCodeProcessor" />
    </UnitTest>
    <UnitTest name="saleAgentWithUserNewSkin" storage="e:\testorigen_automation\csharp\peg_new\pegasus_new_skin\pegasus_new_skin\pegasus_new_skin\bin\debug\pegasus_new_skin.dll" id="ab42990e-b7d9-acfc-0318-565256d2bb54">
      <Execution id="eca4172f-679a-4bb8-bcf3-d39702e3f0c0" />
      <TestMethod codeBase="E:\TestOrigen_Automation\CSharp\Peg_New\Pegasus_New_Skin\Pegasus_New_skin\Pegasus_New_skin\bin\Debug\Pegasus_New_skin.dll" adapterTypeName="Microsoft.VisualStudio.TestTools.TestTypes.Unit.UnitTestAdapter" className="PegasusTests.Scripts.ClientsTests.SaleAgentWithUserNewSkin" name="saleAgentWithUserNewSkin" />
    </UnitTest>
    <UnitTest name="saveLocation" storage="e:\testorigen_automation\csharp\peg_new\pegasus_new_skin\pegasus_new_skin\pegasus_new_skin\bin\debug\pegasus_new_skin.dll" id="393d6c3b-efc9-bf9c-9a36-6929884573ff">
      <Execution id="9b9b274e-4b5a-4f89-8f2b-8c42c83e7e48" />
      <TestMethod codeBase="E:\TestOrigen_Automation\CSharp\Peg_New\Pegasus_New_Skin\Pegasus_New_skin\Pegasus_New_skin\bin\Debug\Pegasus_New_skin.dll" adapterTypeName="Microsoft.VisualStudio.TestTools.TestTypes.Unit.UnitTestAdapter" className="PegasusTests.Scripts.ClientsTests.SaveLocation" name="saveLocation" />
    </UnitTest>
    <UnitTest name="tabsNotBroken" storage="e:\testorigen_automation\csharp\peg_new\pegasus_new_skin\pegasus_new_skin\pegasus_new_skin\bin\debug\pegasus_new_skin.dll" id="8db7c042-c9c9-e955-e7e7-3e02c89b7d6f">
      <Execution id="829796d6-af05-466b-9d54-f4e68589bbd8" />
      <TestMethod codeBase="E:\TestOrigen_Automation\CSharp\Peg_New\Pegasus_New_Skin\Pegasus_New_skin\Pegasus_New_skin\bin\Debug\Pegasus_New_skin.dll" adapterTypeName="Microsoft.VisualStudio.TestTools.TestTypes.Unit.UnitTestAdapter" className="PegasusTests.Scripts.ClientsTests.TabsNotBroken" name="tabsNotBroken" />
    </UnitTest>
    <UnitTest name="ticketComment" storage="e:\testorigen_automation\csharp\peg_new\pegasus_new_skin\pegasus_new_skin\pegasus_new_skin\bin\debug\pegasus_new_skin.dll" id="56a8f782-250a-6f8c-ac49-011d70574de2">
      <Execution id="58e2537f-30e9-44c7-a709-51d533e25799" />
      <TestMethod codeBase="E:\TestOrigen_Automation\CSharp\Peg_New\Pegasus_New_Skin\Pegasus_New_skin\Pegasus_New_skin\bin\Debug\Pegasus_New_skin.dll" adapterTypeName="Microsoft.VisualStudio.TestTools.TestTypes.Unit.UnitTestAdapter" className="PegasusTests.Scripts.ClientsTests.TicketComment" name="ticketComment" />
    </UnitTest>
    <UnitTest name="ticketingSystem" storage="e:\testorigen_automation\csharp\peg_new\pegasus_new_skin\pegasus_new_skin\pegasus_new_skin\bin\debug\pegasus_new_skin.dll" id="1b150bd0-7205-e9d7-5516-24eed9c954f7">
      <Execution id="86e135b4-6770-45c0-b0d4-098f28bc5a08" />
      <TestMethod codeBase="E:\TestOrigen_Automation\CSharp\Peg_New\Pegasus_New_Skin\Pegasus_New_skin\Pegasus_New_skin\bin\Debug\Pegasus_New_skin.dll" adapterTypeName="Microsoft.VisualStudio.TestTools.TestTypes.Unit.UnitTestAdapter" className="PegasusTests.Scripts.ClientsTests.TicketingSystem" name="ticketingSystem" />
    </UnitTest>
    <UnitTest name="trashIconAvail" storage="e:\testorigen_automation\csharp\peg_new\pegasus_new_skin\pegasus_new_skin\pegasus_new_skin\bin\debug\pegasus_new_skin.dll" id="a528b9d1-09ce-b802-08a5-6e087b0004f7">
      <Execution id="efad7cb0-059f-43c5-adaf-ccb0e5eef8d1" />
      <TestMethod codeBase="E:\TestOrigen_Automation\CSharp\Peg_New\Pegasus_New_Skin\Pegasus_New_skin\Pegasus_New_skin\bin\Debug\Pegasus_New_skin.dll" adapterTypeName="Microsoft.VisualStudio.TestTools.TestTypes.Unit.UnitTestAdapter" className="PegasusTests.Scripts.ClientsTests.TrashIconAvail" name="trashIconAvail" />
    </UnitTest>
    <UnitTest name="updateTextOnMarketingPageClient" storage="e:\testorigen_automation\csharp\peg_new\pegasus_new_skin\pegasus_new_skin\pegasus_new_skin\bin\debug\pegasus_new_skin.dll" id="8e59bd2d-bd60-e724-3a38-222ac20bff9f">
      <Execution id="3c071a61-d07b-4c0a-be73-bb4736b37433" />
      <TestMethod codeBase="E:\TestOrigen_Automation\CSharp\Peg_New\Pegasus_New_Skin\Pegasus_New_skin\Pegasus_New_skin\bin\Debug\Pegasus_New_skin.dll" adapterTypeName="Microsoft.VisualStudio.TestTools.TestTypes.Unit.UnitTestAdapter" className="PegasusTests.Scripts.ClientsTests.UpdateTextOnMarketingPageClient" name="updateTextOnMarketingPageClient" />
    </UnitTest>
    <UnitTest name="uploadedLogo" storage="e:\testorigen_automation\csharp\peg_new\pegasus_new_skin\pegasus_new_skin\pegasus_new_skin\bin\debug\pegasus_new_skin.dll" id="a6cfcd75-8812-fb54-975b-5f6c37250cb0">
      <Execution id="f27d3ef1-a752-4725-bfae-2ac232ae19f2" />
      <TestMethod codeBase="E:\TestOrigen_Automation\CSharp\Peg_New\Pegasus_New_Skin\Pegasus_New_skin\Pegasus_New_skin\bin\Debug\Pegasus_New_skin.dll" adapterTypeName="Microsoft.VisualStudio.TestTools.TestTypes.Unit.UnitTestAdapter" className="PegasusTests.Scripts.ClientsTests.UploadedLogo" name="uploadedLogo" />
    </UnitTest>
    <UnitTest name="userCountPage" storage="e:\testorigen_automation\csharp\peg_new\pegasus_new_skin\pegasus_new_skin\pegasus_new_skin\bin\debug\pegasus_new_skin.dll" id="3e105617-0bb6-733c-e78a-d2f35c17f402">
      <Execution id="8f3dd567-0974-42ae-b5fe-3a3a08caa145" />
      <TestMethod codeBase="E:\TestOrigen_Automation\CSharp\Peg_New\Pegasus_New_Skin\Pegasus_New_skin\Pegasus_New_skin\bin\Debug\Pegasus_New_skin.dll" adapterTypeName="Microsoft.VisualStudio.TestTools.TestTypes.Unit.UnitTestAdapter" className="PegasusTests.Scripts.ClientsTests.UserCountPage" name="userCountPage" />
    </UnitTest>
    <UnitTest name="userVerifyCountryCorp" storage="e:\testorigen_automation\csharp\peg_new\pegasus_new_skin\pegasus_new_skin\pegasus_new_skin\bin\debug\pegasus_new_skin.dll" id="c497ca90-15db-d9e3-fed1-18a8c3832a01">
      <Execution id="05e4d12b-e401-4328-9aec-7a369725fada" />
      <TestMethod codeBase="E:\TestOrigen_Automation\CSharp\Peg_New\Pegasus_New_Skin\Pegasus_New_skin\Pegasus_New_skin\bin\Debug\Pegasus_New_skin.dll" adapterTypeName="Microsoft.VisualStudio.TestTools.TestTypes.Unit.UnitTestAdapter" className="PegasusTests.Scripts.ClientsTests.UserVerifyCountryCorp" name="userVerifyCountryCorp" />
    </UnitTest>
    <UnitTest name="validationForFileTypeOfficeLogo" storage="e:\testorigen_automation\csharp\peg_new\pegasus_new_skin\pegasus_new_skin\pegasus_new_skin\bin\debug\pegasus_new_skin.dll" id="ba9c1802-9c2e-de9d-589c-508e2f15429b">
      <Execution id="fb430978-5f4d-4fed-8d02-236673c04859" />
      <TestMethod codeBase="E:\TestOrigen_Automation\CSharp\Peg_New\Pegasus_New_Skin\Pegasus_New_skin\Pegasus_New_skin\bin\Debug\Pegasus_New_skin.dll" adapterTypeName="Microsoft.VisualStudio.TestTools.TestTypes.Unit.UnitTestAdapter" className="PegasusTests.Scripts.ClientsTests.ValidationForFileTypeOfficeLogo" name="validationForFileTypeOfficeLogo" />
    </UnitTest>
    <UnitTest name="vendorEmailVerification" storage="e:\testorigen_automation\csharp\peg_new\pegasus_new_skin\pegasus_new_skin\pegasus_new_skin\bin\debug\pegasus_new_skin.dll" id="56fc8256-8585-92ab-c5dd-7d38d01eb098">
      <Execution id="f3f9012e-22e8-4065-99ad-84b76ed99e17" />
      <TestMethod codeBase="E:\TestOrigen_Automation\CSharp\Peg_New\Pegasus_New_Skin\Pegasus_New_skin\Pegasus_New_skin\bin\Debug\Pegasus_New_skin.dll" adapterTypeName="Microsoft.VisualStudio.TestTools.TestTypes.Unit.UnitTestAdapter" className="PegasusTests.Scripts.ClientsTests.VendorEmailVerification" name="vendorEmailVerification" />
    </UnitTest>
    <UnitTest name="vendorSocialurlValidate" storage="e:\testorigen_automation\csharp\peg_new\pegasus_new_skin\pegasus_new_skin\pegasus_new_skin\bin\debug\pegasus_new_skin.dll" id="469e6b6a-3c29-b051-995c-b9842e2eb6d9">
      <Execution id="f26617a6-0691-427f-9c76-706dfa580ce7" />
      <TestMethod codeBase="E:\TestOrigen_Automation\CSharp\Peg_New\Pegasus_New_Skin\Pegasus_New_skin\Pegasus_New_skin\bin\Debug\Pegasus_New_skin.dll" adapterTypeName="Microsoft.VisualStudio.TestTools.TestTypes.Unit.UnitTestAdapter" className="PegasusTests.Scripts.ClientsTests.VendorSocialurlValidate" name="vendorSocialurlValidate" />
    </UnitTest>
    <UnitTest name="verifyAddAnotherVersionDisplay" storage="e:\testorigen_automation\csharp\peg_new\pegasus_new_skin\pegasus_new_skin\pegasus_new_skin\bin\debug\pegasus_new_skin.dll" id="e10128d8-0332-7474-6334-cdbf84dbbcd1">
      <Execution id="2e10634f-a6cc-458d-b781-74f9e21dc0f1" />
      <TestMethod codeBase="E:\TestOrigen_Automation\CSharp\Peg_New\Pegasus_New_Skin\Pegasus_New_skin\Pegasus_New_skin\bin\Debug\Pegasus_New_skin.dll" adapterTypeName="Microsoft.VisualStudio.TestTools.TestTypes.Unit.UnitTestAdapter" className="PegasusTests.Scripts.ClientsTests.VerifyAddAnotherVersionDisplay" name="verifyAddAnotherVersionDisplay" />
    </UnitTest>
    <UnitTest name="verifyAstrick" storage="e:\testorigen_automation\csharp\peg_new\pegasus_new_skin\pegasus_new_skin\pegasus_new_skin\bin\debug\pegasus_new_skin.dll" id="71ccd59f-39a1-6884-7f01-f9495a97c8aa">
      <Execution id="feff379d-4494-448c-9162-285a5945a1ab" />
      <TestMethod codeBase="E:\TestOrigen_Automation\CSharp\Peg_New\Pegasus_New_Skin\Pegasus_New_skin\Pegasus_New_skin\bin\Debug\Pegasus_New_skin.dll" adapterTypeName="Microsoft.VisualStudio.TestTools.TestTypes.Unit.UnitTestAdapter" className="PegasusTests.Scripts.ClientsTests.VerifyAstrick" name="verifyAstrick" />
    </UnitTest>
    <UnitTest name="verifyBulkUpdateForClients" storage="e:\testorigen_automation\csharp\peg_new\pegasus_new_skin\pegasus_new_skin\pegasus_new_skin\bin\debug\pegasus_new_skin.dll" id="7c1ec3b1-98a2-dea8-cbc8-775ccf58ed68">
      <Execution id="bffc9013-c84f-44e7-8e17-7cd58a0fddfc" />
      <TestMethod codeBase="E:\TestOrigen_Automation\CSharp\Peg_New\Pegasus_New_Skin\Pegasus_New_skin\Pegasus_New_skin\bin\Debug\Pegasus_New_skin.dll" adapterTypeName="Microsoft.VisualStudio.TestTools.TestTypes.Unit.UnitTestAdapter" className="PegasusTests.Scripts.ClientsTests.VerifyBulkUpdateForClients" name="verifyBulkUpdateForClients" />
    </UnitTest>
    <UnitTest name="verifyButtonsForTickets" storage="e:\testorigen_automation\csharp\peg_new\pegasus_new_skin\pegasus_new_skin\pegasus_new_skin\bin\debug\pegasus_new_skin.dll" id="df28b719-e3f7-30cc-9006-df77cfa42dde">
      <Execution id="6f8448e3-8497-45a2-b939-2f9a4c22a762" />
      <TestMethod codeBase="E:\TestOrigen_Automation\CSharp\Peg_New\Pegasus_New_Skin\Pegasus_New_skin\Pegasus_New_skin\bin\Debug\Pegasus_New_skin.dll" adapterTypeName="Microsoft.VisualStudio.TestTools.TestTypes.Unit.UnitTestAdapter" className="PegasusTests.Scripts.ClientsTests.VerifyButtonsForTickets" name="verifyButtonsForTickets" />
    </UnitTest>
    <UnitTest name="verifyMailMessage" storage="e:\testorigen_automation\csharp\peg_new\pegasus_new_skin\pegasus_new_skin\pegasus_new_skin\bin\debug\pegasus_new_skin.dll" id="206cc6a4-d0ac-f552-638e-fe7e802a3553">
      <Execution id="2f14f55c-ce4f-4dfc-8492-6671aeb042c8" />
      <TestMethod codeBase="E:\TestOrigen_Automation\CSharp\Peg_New\Pegasus_New_Skin\Pegasus_New_skin\Pegasus_New_skin\bin\Debug\Pegasus_New_skin.dll" adapterTypeName="Microsoft.VisualStudio.TestTools.TestTypes.Unit.UnitTestAdapter" className="PegasusTests.Scripts.ClientsTests.VerifyMailMessage" name="verifyMailMessage" />
    </UnitTest>
    <UnitTest name="verifyMerchantFields" storage="e:\testorigen_automation\csharp\peg_new\pegasus_new_skin\pegasus_new_skin\pegasus_new_skin\bin\debug\pegasus_new_skin.dll" id="1de1409d-dff0-7879-17d2-4e66016cf9f5">
      <Execution id="be57de9d-7bd0-4c51-b85a-561392c03278" />
      <TestMethod codeBase="E:\TestOrigen_Automation\CSharp\Peg_New\Pegasus_New_Skin\Pegasus_New_skin\Pegasus_New_skin\bin\Debug\Pegasus_New_skin.dll" adapterTypeName="Microsoft.VisualStudio.TestTools.TestTypes.Unit.UnitTestAdapter" className="PegasusTests.Scripts.ClientsTests.VerifyMerchantFields" name="verifyMerchantFields" />
    </UnitTest>
    <UnitTest name="verifyMyAccount" storage="e:\testorigen_automation\csharp\peg_new\pegasus_new_skin\pegasus_new_skin\pegasus_new_skin\bin\debug\pegasus_new_skin.dll" id="6a5e6648-2f26-c2d3-28a8-f853f848223b">
      <Execution id="0a1519f9-578d-4597-b210-fdf2927f9c0e" />
      <TestMethod codeBase="E:\TestOrigen_Automation\CSharp\Peg_New\Pegasus_New_Skin\Pegasus_New_skin\Pegasus_New_skin\bin\Debug\Pegasus_New_skin.dll" adapterTypeName="Microsoft.VisualStudio.TestTools.TestTypes.Unit.UnitTestAdapter" className="PegasusTests.Scripts.ClientsTests.VerifyMyAccount" name="verifyMyAccount" />
    </UnitTest>
    <UnitTest name="verifyRecycleBin" storage="e:\testorigen_automation\csharp\peg_new\pegasus_new_skin\pegasus_new_skin\pegasus_new_skin\bin\debug\pegasus_new_skin.dll" id="9d72ec29-9ed5-8607-fe92-a0f716c85aab">
      <Execution id="a2f9cd9c-4c77-43b5-951c-7493beeec352" />
      <TestMethod codeBase="E:\TestOrigen_Automation\CSharp\Peg_New\Pegasus_New_Skin\Pegasus_New_skin\Pegasus_New_skin\bin\Debug\Pegasus_New_skin.dll" adapterTypeName="Microsoft.VisualStudio.TestTools.TestTypes.Unit.UnitTestAdapter" className="PegasusTests.Scripts.ClientsTests.VerifyRecycleBin" name="verifyRecycleBin" />
    </UnitTest>
    <UnitTest name="verifySuccessMessage" storage="e:\testorigen_automation\csharp\peg_new\pegasus_new_skin\pegasus_new_skin\pegasus_new_skin\bin\debug\pegasus_new_skin.dll" id="b74ae57b-78d2-4711-b85e-021fefe29a47">
      <Execution id="6df3d2c8-8089-41bc-b2f6-5bf6cf8b504d" />
      <TestMethod codeBase="E:\TestOrigen_Automation\CSharp\Peg_New\Pegasus_New_Skin\Pegasus_New_skin\Pegasus_New_skin\bin\Debug\Pegasus_New_skin.dll" adapterTypeName="Microsoft.VisualStudio.TestTools.TestTypes.Unit.UnitTestAdapter" className="PegasusTests.Scripts.ClientsTests.VerifySuccessMessage" name="verifySuccessMessage" />
    </UnitTest>
    <UnitTest name="verifyUserRedirectToShippingOnCancel" storage="e:\testorigen_automation\csharp\peg_new\pegasus_new_skin\pegasus_new_skin\pegasus_new_skin\bin\debug\pegasus_new_skin.dll" id="899fbee4-6844-efe0-b45d-263c4f796bc2">
      <Execution id="0d717014-483d-4f64-84cd-a2506e0b607e" />
      <TestMethod codeBase="E:\TestOrigen_Automation\CSharp\Peg_New\Pegasus_New_Skin\Pegasus_New_skin\Pegasus_New_skin\bin\Debug\Pegasus_New_skin.dll" adapterTypeName="Microsoft.VisualStudio.TestTools.TestTypes.Unit.UnitTestAdapter" className="PegasusTests.Scripts.ClientsTests.VerifyUserRedirectToShippingOnCancel" name="verifyUserRedirectToShippingOnCancel" />
    </UnitTest>
    <UnitTest name="viewRevenueAdjustmentPartnerAgentAddFlatAmount" storage="e:\testorigen_automation\csharp\peg_new\pegasus_new_skin\pegasus_new_skin\pegasus_new_skin\bin\debug\pegasus_new_skin.dll" id="273c9924-b451-376a-6373-dbe061eee2e8">
      <Execution id="60b3c855-07c9-469d-91a7-ccab7f093349" />
      <TestMethod codeBase="E:\TestOrigen_Automation\CSharp\Peg_New\Pegasus_New_Skin\Pegasus_New_skin\Pegasus_New_skin\bin\Debug\Pegasus_New_skin.dll" adapterTypeName="Microsoft.VisualStudio.TestTools.TestTypes.Unit.UnitTestAdapter" className="PegasusTests.Scripts.ClientsTests.ViewRevenueAdjustmentPartnerAgentAddFlatAmount" name="viewRevenueAdjustmentPartnerAgentAddFlatAmount" />
    </UnitTest>
    <UnitTest name="viewRevenueAdjustmentSaleAgentPercentage" storage="e:\testorigen_automation\csharp\peg_new\pegasus_new_skin\pegasus_new_skin\pegasus_new_skin\bin\debug\pegasus_new_skin.dll" id="a1228955-227f-d507-f68a-7aa80b081cd9">
      <Execution id="5814bfd1-a586-4c17-bf1d-e8adb7fab6e7" />
      <TestMethod codeBase="E:\TestOrigen_Automation\CSharp\Peg_New\Pegasus_New_Skin\Pegasus_New_skin\Pegasus_New_skin\bin\Debug\Pegasus_New_skin.dll" adapterTypeName="Microsoft.VisualStudio.TestTools.TestTypes.Unit.UnitTestAdapter" className="PegasusTests.Scripts.ClientsTests.ViewRevenueAdjustmentSaleAgentPercentage" name="viewRevenueAdjustmentSaleAgentPercentage" />
    </UnitTest>
    <UnitTest name="websiteFilter" storage="e:\testorigen_automation\csharp\peg_new\pegasus_new_skin\pegasus_new_skin\pegasus_new_skin\bin\debug\pegasus_new_skin.dll" id="77502f30-c3cb-2212-18a4-c16ed17882e8">
      <Execution id="4d088548-c6f4-4a71-8ed0-10cb084b6111" />
      <TestMethod codeBase="E:\TestOrigen_Automation\CSharp\Peg_New\Pegasus_New_Skin\Pegasus_New_skin\Pegasus_New_skin\bin\Debug\Pegasus_New_skin.dll" adapterTypeName="Microsoft.VisualStudio.TestTools.TestTypes.Unit.UnitTestAdapter" className="PegasusTests.Scripts.ClientsTests.WebsiteFilter" name="websiteFilter" />
    </UnitTest>
  </TestDefinitions>
  <TestEntries>
    <TestEntry testId="75e56327-7336-efdc-b3ad-bd85e075095f" executionId="bc4ec221-b6fb-432b-8aec-7d6806ced927" testListId="8c84fa94-04c1-424b-9868-57a2d4851a1d" />
    <TestEntry testId="b466f748-829e-6f53-e63c-28f63c2aeb0e" executionId="53bcccd9-dd95-4356-95c5-2d7567f559e0" testListId="8c84fa94-04c1-424b-9868-57a2d4851a1d" />
    <TestEntry testId="48f14298-cb83-566e-96ba-3647b0514124" executionId="8ac04f77-7456-4882-914c-94c3d84b7d43" testListId="8c84fa94-04c1-424b-9868-57a2d4851a1d" />
    <TestEntry testId="024631e0-52c7-3174-1268-ee300c1200f2" executionId="7a0bd2c3-92d2-43e3-a619-c88e7fb73933" testListId="8c84fa94-04c1-424b-9868-57a2d4851a1d" />
    <TestEntry testId="887c7784-c900-222b-bed3-59ae4b319fbd" executionId="19dc5e31-867f-4295-91ff-702d47080404" testListId="8c84fa94-04c1-424b-9868-57a2d4851a1d" />
    <TestEntry testId="8112eff1-8521-766e-f155-ef1a6d5eb07a" executionId="7532a56f-b887-49dd-9aa2-bf9c860c9653" testListId="8c84fa94-04c1-424b-9868-57a2d4851a1d" />
    <TestEntry testId="39af5e03-be84-4d4d-47e1-0e37436a03a0" executionId="a7ddf4c2-aaea-47c4-9f7e-70682eacca74" testListId="8c84fa94-04c1-424b-9868-57a2d4851a1d" />
    <TestEntry testId="5f935a3e-552f-ad58-fa16-2bbdb7bbb492" executionId="ccac722d-d821-490d-8695-e185b87c1ee1" testListId="8c84fa94-04c1-424b-9868-57a2d4851a1d" />
    <TestEntry testId="a735b350-d35d-c19e-72c0-f461418b114f" executionId="6d58321f-2561-47e7-b570-17d8d26abc99" testListId="8c84fa94-04c1-424b-9868-57a2d4851a1d" />
    <TestEntry testId="8c34702b-977e-c025-23ba-fe79ac937588" executionId="490b0798-3448-47ec-9037-339fa60e5c2d" testListId="8c84fa94-04c1-424b-9868-57a2d4851a1d" />
    <TestEntry testId="2f71bcfc-595b-2cf8-254e-56d76989fe46" executionId="f9923a25-0d16-4a01-a3fa-cf55c9e23779" testListId="8c84fa94-04c1-424b-9868-57a2d4851a1d" />
    <TestEntry testId="ca2e1b20-9ca3-3ef9-1cfd-f3d78c44a475" executionId="ba21e4ae-4081-4c36-9791-4dc3b45b5cc3" testListId="8c84fa94-04c1-424b-9868-57a2d4851a1d" />
    <TestEntry testId="01c1dd74-2fb1-fbb6-f8e3-ed1a182e0af3" executionId="27e73147-1344-4b44-87f4-664ac8594ae7" testListId="8c84fa94-04c1-424b-9868-57a2d4851a1d" />
    <TestEntry testId="b7117c23-ebaf-3c92-917e-0d5689b3320e" executionId="97ee7f13-c73f-4f56-b2b6-1afebb00a03d" testListId="8c84fa94-04c1-424b-9868-57a2d4851a1d" />
    <TestEntry testId="181c25d2-1724-3a41-d18c-b54a0ccc2e46" executionId="75d50a02-1527-4a6d-abe2-d0c673d8c9ba" testListId="8c84fa94-04c1-424b-9868-57a2d4851a1d" />
    <TestEntry testId="9a7b6b9a-3023-3a2b-3d10-0bf04068cf88" executionId="a32b3bb0-08ba-485f-b466-942ac38e9be9" testListId="8c84fa94-04c1-424b-9868-57a2d4851a1d" />
    <TestEntry testId="ee1173d2-973c-26e9-727d-00a67b6abd2f" executionId="adff69de-df9a-4657-914e-0173acb160fe" testListId="8c84fa94-04c1-424b-9868-57a2d4851a1d" />
    <TestEntry testId="c113ee0b-dea0-ba2a-4a37-7e71463c41c8" executionId="e8913d6b-ed27-4c6f-b80e-0f9abf3afac7" testListId="8c84fa94-04c1-424b-9868-57a2d4851a1d" />
    <TestEntry testId="b47ab7f2-7c09-856a-1469-10cf7e1e0458" executionId="d4117cfe-3f46-4f18-86d9-b2eba6f525fc" testListId="8c84fa94-04c1-424b-9868-57a2d4851a1d" />
    <TestEntry testId="80ff8e72-8ff4-afe5-5c4e-babbe2f49ee4" executionId="162cfc73-70db-4b9c-9923-b0e4662ff092" testListId="8c84fa94-04c1-424b-9868-57a2d4851a1d" />
    <TestEntry testId="11b81a51-5dd0-366c-0281-30d54286029a" executionId="bff5227a-2f8f-43ad-a19f-ffdbfdc2c108" testListId="8c84fa94-04c1-424b-9868-57a2d4851a1d" />
    <TestEntry testId="86209b9d-c8ef-ef98-c2b7-2920f433756d" executionId="cabef7a3-74ad-42f5-97b3-bdc281190aa5" testListId="8c84fa94-04c1-424b-9868-57a2d4851a1d" />
    <TestEntry testId="1bfb404a-0507-99ce-62a4-3d9ae6737f43" executionId="58786686-0ecb-4e91-be8e-616ae9df9ab2" testListId="8c84fa94-04c1-424b-9868-57a2d4851a1d" />
    <TestEntry testId="3d8ee334-4ea5-3518-9c3a-fd8b51d3045a" executionId="c14154d9-e64e-40d4-ad05-7405dc3335a6" testListId="8c84fa94-04c1-424b-9868-57a2d4851a1d" />
    <TestEntry testId="e8d2a080-7634-f2c4-f926-42b63bf49db4" executionId="565c1cf5-9d39-4990-8684-48149cd470c4" testListId="8c84fa94-04c1-424b-9868-57a2d4851a1d" />
    <TestEntry testId="9780a645-4095-c833-3d95-0ba17d6597b4" executionId="dcf0496f-e080-4ece-814f-8883da8b2d57" testListId="8c84fa94-04c1-424b-9868-57a2d4851a1d" />
    <TestEntry testId="c0aae661-376d-ca04-ce30-65203124e8ba" executionId="cacc7568-fce1-4903-ba58-0a28a43f0f92" testListId="8c84fa94-04c1-424b-9868-57a2d4851a1d" />
    <TestEntry testId="225dff06-bf76-de06-4ee3-83bec1444e67" executionId="28b85ed7-2ffd-40b4-8c78-3e98fd4a85b1" testListId="8c84fa94-04c1-424b-9868-57a2d4851a1d" />
    <TestEntry testId="54e0bcd3-13b1-1c68-dd4c-0a6808043fde" executionId="cd46d729-dd78-40a9-a278-b2c233900e6f" testListId="8c84fa94-04c1-424b-9868-57a2d4851a1d" />
    <TestEntry testId="6c3ec04a-c589-1298-4bba-44a34d77680d" executionId="5dcd00e8-3743-4695-8fd8-9a82a75393de" testListId="8c84fa94-04c1-424b-9868-57a2d4851a1d" />
    <TestEntry testId="8e0d478e-9b1f-b036-cda4-428d3304bc9d" executionId="3e6ccf95-f417-487f-ad02-b9100dbe82b8" testListId="8c84fa94-04c1-424b-9868-57a2d4851a1d" />
    <TestEntry testId="ac466cc6-5028-9fc8-e133-9864bcf4fe88" executionId="f08a7bbb-7cf8-4b6c-8039-d1a3b44d1467" testListId="8c84fa94-04c1-424b-9868-57a2d4851a1d" />
    <TestEntry testId="7f132701-8100-d7a7-582e-336ee30439dc" executionId="a84b8b74-7d18-46ed-ae6c-54f5548a3a43" testListId="8c84fa94-04c1-424b-9868-57a2d4851a1d" />
    <TestEntry testId="110cbcae-34c8-6509-5400-6842f9e0f5ca" executionId="3d2b773c-69bb-4e95-a878-2e2d104329cf" testListId="8c84fa94-04c1-424b-9868-57a2d4851a1d" />
    <TestEntry testId="30257349-d269-2c45-8b7a-3f657728a2fb" executionId="38423cff-55eb-4883-a753-ee3922222634" testListId="8c84fa94-04c1-424b-9868-57a2d4851a1d" />
    <TestEntry testId="22eaf6ce-1169-54f0-138c-0f7ee2219abd" executionId="cd5a4345-eb75-4716-a053-95561ff11bb5" testListId="8c84fa94-04c1-424b-9868-57a2d4851a1d" />
    <TestEntry testId="cd2349a5-754f-0e19-994d-2346f7ee6f57" executionId="ba4b7b09-75e4-4182-9bba-ba4de38c428e" testListId="8c84fa94-04c1-424b-9868-57a2d4851a1d" />
    <TestEntry testId="73732dff-e65b-2925-15b2-fc5002d5cd57" executionId="5383faa6-ce0e-4f4c-90f7-e1d617486815" testListId="8c84fa94-04c1-424b-9868-57a2d4851a1d" />
    <TestEntry testId="200f2942-fcb9-6450-a389-794592e9b5cc" executionId="dada9cf6-5aa4-48bb-9698-4cba60e6ebbc" testListId="8c84fa94-04c1-424b-9868-57a2d4851a1d" />
    <TestEntry testId="e583e817-da39-b6e3-11da-6d2a55a549de" executionId="671574c8-885e-46dc-95e7-8e3bb8800e61" testListId="8c84fa94-04c1-424b-9868-57a2d4851a1d" />
    <TestEntry testId="35bd9b17-2e60-aab0-1b76-88768e271b9f" executionId="8e3d0b25-2c8a-4a9b-b1e4-5ecb463431a5" testListId="8c84fa94-04c1-424b-9868-57a2d4851a1d" />
    <TestEntry testId="a8654672-39e6-9749-e64f-f336ca308b0d" executionId="5a6964a8-3c46-4511-bfac-bb5b0da370b8" testListId="8c84fa94-04c1-424b-9868-57a2d4851a1d" />
    <TestEntry testId="4330d98c-49e0-3371-760a-38d2e071aec5" executionId="8f41002a-3038-4b37-a2a5-fdd5fb7db954" testListId="8c84fa94-04c1-424b-9868-57a2d4851a1d" />
    <TestEntry testId="b35b0d71-79da-bc60-f850-98a6f43dde34" executionId="1071394f-51d4-40de-adc2-de899d774091" testListId="8c84fa94-04c1-424b-9868-57a2d4851a1d" />
    <TestEntry testId="c3017713-9611-9ede-6da7-88b946a87296" executionId="438f32f1-013f-4b4f-a58f-34cde464fcd5" testListId="8c84fa94-04c1-424b-9868-57a2d4851a1d" />
    <TestEntry testId="74866589-49d4-14a2-ab66-e67497887a93" executionId="0aa9f36d-e55a-453b-8181-553c7e3db9f2" testListId="8c84fa94-04c1-424b-9868-57a2d4851a1d" />
    <TestEntry testId="05d21f98-f89f-abe0-e652-2467ebe62129" executionId="02ac8f58-44aa-4605-a752-06794c65c7e5" testListId="8c84fa94-04c1-424b-9868-57a2d4851a1d" />
    <TestEntry testId="cb11f649-10e0-17c6-1b6c-ace3cef76252" executionId="8a55fee6-2f1a-4e3e-8a52-8a2b281e47d5" testListId="8c84fa94-04c1-424b-9868-57a2d4851a1d" />
    <TestEntry testId="275dbb9b-c414-2a37-4ac4-666d31fe13d2" executionId="54318832-be01-497e-ac34-94c11210345b" testListId="8c84fa94-04c1-424b-9868-57a2d4851a1d" />
    <TestEntry testId="ccb9ec67-8114-383e-dd53-cd95c6cb6f85" executionId="33b2c822-b60e-4799-9010-55b6fb618d34" testListId="8c84fa94-04c1-424b-9868-57a2d4851a1d" />
    <TestEntry testId="528af298-d3f3-512b-de3c-5acccc360e09" executionId="efcb4f91-d985-489b-add4-b2f8e3834d27" testListId="8c84fa94-04c1-424b-9868-57a2d4851a1d" />
    <TestEntry testId="5e9fd44a-6de8-5ecb-2a69-3a2f704dfe51" executionId="e78bcfcf-4b2b-460a-a26a-027e00fc74bc" testListId="8c84fa94-04c1-424b-9868-57a2d4851a1d" />
    <TestEntry testId="1d16aae0-8198-ec8a-c721-304e80d93e2d" executionId="c91b7f40-ba55-4567-8cf0-70e153f2e155" testListId="8c84fa94-04c1-424b-9868-57a2d4851a1d" />
    <TestEntry testId="2d867b65-2495-6b00-2ae5-923647083fe8" executionId="4e05958b-950f-4fc7-beda-cb8d24e0cf38" testListId="8c84fa94-04c1-424b-9868-57a2d4851a1d" />
    <TestEntry testId="bd289e18-0aba-e287-4d47-1eabbb271e4b" executionId="5be1ab14-d39c-4bb3-9a10-19b93b4c9d3f" testListId="8c84fa94-04c1-424b-9868-57a2d4851a1d" />
    <TestEntry testId="617ba706-c096-7a9b-9f69-68b594e3c13f" executionId="aee87283-7ce9-4d00-a5f2-12395c3ab25d" testListId="8c84fa94-04c1-424b-9868-57a2d4851a1d" />
    <TestEntry testId="c78982a8-9ced-9c62-9dd6-9a989909b857" executionId="91c1004f-882a-4df0-b462-b1b260ac7e35" testListId="8c84fa94-04c1-424b-9868-57a2d4851a1d" />
    <TestEntry testId="eb628fe0-b168-762d-b5ad-d893b9241ceb" executionId="92fcdefe-8b16-4da8-816e-f98916afc190" testListId="8c84fa94-04c1-424b-9868-57a2d4851a1d" />
    <TestEntry testId="cbbc705f-8d77-730b-c90f-840ea85ce6b5" executionId="80d6e414-24ab-4a79-a915-e5616d2897ab" testListId="8c84fa94-04c1-424b-9868-57a2d4851a1d" />
    <TestEntry testId="edef04bd-a724-831a-e61e-253a00794a31" executionId="08f80844-0d65-44b3-b843-125353964cd5" testListId="8c84fa94-04c1-424b-9868-57a2d4851a1d" />
    <TestEntry testId="2d253a23-3463-fd76-6ddd-236d53ba488c" executionId="77c59e2d-227d-4bc3-9c07-10366ec52973" testListId="8c84fa94-04c1-424b-9868-57a2d4851a1d" />
    <TestEntry testId="43feec16-716a-52d5-64d7-9505552411d8" executionId="50f5e298-9b7a-4a6f-944c-c90a895e2c2d" testListId="8c84fa94-04c1-424b-9868-57a2d4851a1d" />
    <TestEntry testId="c764d31d-6d2c-1690-06ba-3a8dbe6f5506" executionId="8695daf4-0345-420a-bcd2-874f932caf55" testListId="8c84fa94-04c1-424b-9868-57a2d4851a1d" />
    <TestEntry testId="7a0c99c6-dfd6-0b05-cb02-fd3f5421c817" executionId="22f21dd8-0a19-4bc6-a08d-16e5f9b148f5" testListId="8c84fa94-04c1-424b-9868-57a2d4851a1d" />
    <TestEntry testId="63e6ddf6-6d47-635b-8f55-cfa38bba6a58" executionId="daebd45b-f0c7-46e0-b8c2-e9d65803a2cf" testListId="8c84fa94-04c1-424b-9868-57a2d4851a1d" />
    <TestEntry testId="179132fd-5ba3-26e4-cb9f-a1490311c68a" executionId="993b4755-d702-40c7-ab1c-ea06141bbe0b" testListId="8c84fa94-04c1-424b-9868-57a2d4851a1d" />
    <TestEntry testId="8eefc766-a448-61a7-bf35-498604dbd956" executionId="d6d74853-2e6f-466b-9406-baef58adc213" testListId="8c84fa94-04c1-424b-9868-57a2d4851a1d" />
    <TestEntry testId="1fbab88a-a951-0930-398b-46e59a881ed9" executionId="f8b690e4-33ab-49a5-b257-762c0040db12" testListId="8c84fa94-04c1-424b-9868-57a2d4851a1d" />
    <TestEntry testId="67130848-8d29-fb6b-b278-4525f9656177" executionId="687e8d7e-5d8d-4ffd-b38f-c33b0f5a72fa" testListId="8c84fa94-04c1-424b-9868-57a2d4851a1d" />
    <TestEntry testId="dc1b77c4-a079-b195-44dd-9a09327e84a4" executionId="08836a53-99c0-40d3-8a14-ae65a5ae91f2" testListId="8c84fa94-04c1-424b-9868-57a2d4851a1d" />
    <TestEntry testId="de165dae-914e-4422-2822-24f4c70bda69" executionId="c950ecc5-5701-40b9-9e02-e912d44de789" testListId="8c84fa94-04c1-424b-9868-57a2d4851a1d" />
    <TestEntry testId="00f9cdc5-9889-d926-0bad-11b23b236c3f" executionId="419ddf83-8be6-4dce-9446-b52cdf40908c" testListId="8c84fa94-04c1-424b-9868-57a2d4851a1d" />
    <TestEntry testId="782feb05-67fd-7632-1e20-28560561ac30" executionId="e0b872ff-0ed2-45f7-b4be-7980b1af7662" testListId="8c84fa94-04c1-424b-9868-57a2d4851a1d" />
    <TestEntry testId="61a86122-7f41-1b3b-0dce-a572a35bb1f0" executionId="568cfa32-c542-4e29-ac85-1cbaa2a10f41" testListId="8c84fa94-04c1-424b-9868-57a2d4851a1d" />
    <TestEntry testId="5f6db988-9e27-99df-78d0-9401cb72dead" executionId="11c10e46-433f-41a9-8d58-c55a460e4932" testListId="8c84fa94-04c1-424b-9868-57a2d4851a1d" />
    <TestEntry testId="83503731-03a4-55ae-a1b7-209f2d17cf50" executionId="c228a050-1282-42f4-abfc-56130a6bb01c" testListId="8c84fa94-04c1-424b-9868-57a2d4851a1d" />
    <TestEntry testId="706f6464-cf6f-386b-654d-e1a1f4265be9" executionId="183c5b3c-d616-4e38-a575-2c5422b5f04e" testListId="8c84fa94-04c1-424b-9868-57a2d4851a1d" />
    <TestEntry testId="df466ade-c6d2-b9fa-f72f-9975d8f2b31c" executionId="78ad6603-6dd5-4b9f-aefb-80af058b74d2" testListId="8c84fa94-04c1-424b-9868-57a2d4851a1d" />
    <TestEntry testId="a7bed229-25cb-7101-c7f8-ddc9844f1379" executionId="3a4ae958-ccf5-44d9-a6ef-57b6b79575bc" testListId="8c84fa94-04c1-424b-9868-57a2d4851a1d" />
    <TestEntry testId="5e20d9b5-f0ad-1d62-4d91-96f6546f63a6" executionId="afb713ad-f186-4074-a220-ba726763c0e2" testListId="8c84fa94-04c1-424b-9868-57a2d4851a1d" />
    <TestEntry testId="13e5e39f-d3aa-aca5-fc9c-2a24f6007de4" executionId="627dc5d4-4fbd-4a82-98a6-b4982c85bbdb" testListId="8c84fa94-04c1-424b-9868-57a2d4851a1d" />
    <TestEntry testId="5af9ade2-ea2c-04bc-ffae-7c8140d0bb14" executionId="a888bbb6-3853-4fa0-9ad1-fe84ba2946c4" testListId="8c84fa94-04c1-424b-9868-57a2d4851a1d" />
    <TestEntry testId="eadda4a2-22ba-dbff-38a8-88770061fee4" executionId="c598ba18-06fb-4d77-8cbe-3c50a60e6cd3" testListId="8c84fa94-04c1-424b-9868-57a2d4851a1d" />
    <TestEntry testId="f605c45e-87c0-dc86-8596-ae6c099891b8" executionId="333ef12d-8c7c-4068-aa4f-e0e5866338a7" testListId="8c84fa94-04c1-424b-9868-57a2d4851a1d" />
    <TestEntry testId="28681467-a4d0-2974-d4e5-0c3c3a9c633e" executionId="94a4ddeb-f126-4bb5-be8a-688cb786fbb1" testListId="8c84fa94-04c1-424b-9868-57a2d4851a1d" />
    <TestEntry testId="d34b6683-bb07-58cf-b151-d6cadf33dd5a" executionId="1e5b6ed3-fc3c-403f-ae44-903f5d573246" testListId="8c84fa94-04c1-424b-9868-57a2d4851a1d" />
    <TestEntry testId="b71aa315-b78f-eef4-0694-b4f830ca4638" executionId="28b4f694-dde5-4fb7-966f-1831dd5ac42a" testListId="8c84fa94-04c1-424b-9868-57a2d4851a1d" />
    <TestEntry testId="01d587a3-54d4-4f55-fb46-d70116d3064b" executionId="f67b3145-56d8-403e-bb9c-afbf75dab735" testListId="8c84fa94-04c1-424b-9868-57a2d4851a1d" />
    <TestEntry testId="77fc25e2-ec9d-2905-8293-8627f567792d" executionId="2d368ec0-0917-4654-8cb0-cfe623a9551a" testListId="8c84fa94-04c1-424b-9868-57a2d4851a1d" />
    <TestEntry testId="af2876a4-fd94-b4f6-f658-3d4815f2f997" executionId="dccd8c26-34a4-4d6d-ba29-6ecad3e6067e" testListId="8c84fa94-04c1-424b-9868-57a2d4851a1d" />
    <TestEntry testId="ef6fb460-d28a-fd98-c37f-f1af9aa2c839" executionId="96e27494-54bd-413f-a9fb-ab95d2beac5f" testListId="8c84fa94-04c1-424b-9868-57a2d4851a1d" />
    <TestEntry testId="b6306e6c-8c6c-90f4-8797-ba802e71e571" executionId="ce4d8cc4-33b7-4133-bb41-149e977fbc3b" testListId="8c84fa94-04c1-424b-9868-57a2d4851a1d" />
    <TestEntry testId="a8acc4ab-d299-0439-c67e-545042c55835" executionId="bd062888-8846-43ec-96ef-546ae4afdf88" testListId="8c84fa94-04c1-424b-9868-57a2d4851a1d" />
    <TestEntry testId="b78827d8-091b-ecc5-bea1-9b48eb19c48d" executionId="dbeed1b5-512e-45e9-9bea-bbd1d14bb74e" testListId="8c84fa94-04c1-424b-9868-57a2d4851a1d" />
    <TestEntry testId="98aa579b-67c4-4c42-27da-293ba5bde350" executionId="7e071059-2d1d-467f-835a-2fdf2a0ceaf1" testListId="8c84fa94-04c1-424b-9868-57a2d4851a1d" />
    <TestEntry testId="502b6528-7298-650e-7265-0c19aa4aebac" executionId="7a4ba4a8-e203-488e-aec0-829d40ae1bd4" testListId="8c84fa94-04c1-424b-9868-57a2d4851a1d" />
    <TestEntry testId="50438204-9549-5f7f-cf49-02e23aee24c6" executionId="f0d673cd-69f2-4056-a31b-84a8531ef27e" testListId="8c84fa94-04c1-424b-9868-57a2d4851a1d" />
    <TestEntry testId="8851649a-f839-f479-0e9f-9da6fcc50910" executionId="49c44e23-8c4f-4fcb-981a-70bed3ebd46f" testListId="8c84fa94-04c1-424b-9868-57a2d4851a1d" />
    <TestEntry testId="ed9acd65-5d89-d337-f186-88ec760e8d6f" executionId="a0bb91c9-ef75-4ff8-8cd9-0dbb150c2736" testListId="8c84fa94-04c1-424b-9868-57a2d4851a1d" />
    <TestEntry testId="1fd24e76-507d-94d2-c9e5-6623e6d845ca" executionId="1a633951-89d3-4196-bdb1-98cbca1df7dc" testListId="8c84fa94-04c1-424b-9868-57a2d4851a1d" />
    <TestEntry testId="576e3e55-38df-126f-cc0a-8fd704b107bc" executionId="97a52997-6880-4d58-8c61-dc70d017c81f" testListId="8c84fa94-04c1-424b-9868-57a2d4851a1d" />
    <TestEntry testId="ff2bfc16-3549-24fe-4aab-595470a9093a" executionId="06444d29-8bae-4966-8760-614d5e50c764" testListId="8c84fa94-04c1-424b-9868-57a2d4851a1d" />
    <TestEntry testId="1631b5d2-4592-7dcd-b539-537575ab0c26" executionId="912f4e65-a9ed-4163-b417-cc465b5d63a6" testListId="8c84fa94-04c1-424b-9868-57a2d4851a1d" />
    <TestEntry testId="eeb96bc7-5f29-c71a-5796-2a7a623e7d0a" executionId="8c6b2343-e5d2-4f42-86a0-0cd05139b08e" testListId="8c84fa94-04c1-424b-9868-57a2d4851a1d" />
    <TestEntry testId="93d82f4c-b3ab-5d5e-f4bd-2a8e888f9d74" executionId="db037bb7-2982-4a9b-a8a3-c4a8ce011078" testListId="8c84fa94-04c1-424b-9868-57a2d4851a1d" />
    <TestEntry testId="638a3293-2062-22e5-7dd4-60342c73c853" executionId="940d6d8a-0e17-453a-b8b0-a3302d6cc43a" testListId="8c84fa94-04c1-424b-9868-57a2d4851a1d" />
    <TestEntry testId="4f19ac3c-ecd4-1c83-13bd-698248296590" executionId="8e4a71d0-a781-4996-bac0-54112ea004ad" testListId="8c84fa94-04c1-424b-9868-57a2d4851a1d" />
    <TestEntry testId="7639cc2d-b5a1-26ca-6044-4345ea350e56" executionId="c6820f70-a45f-45ed-8c6e-1a660a343e61" testListId="8c84fa94-04c1-424b-9868-57a2d4851a1d" />
    <TestEntry testId="1edb38a4-bd22-4c69-27ef-70c1820bbf2a" executionId="a898e0b1-e63d-40da-a0a6-fae4b84b7501" testListId="8c84fa94-04c1-424b-9868-57a2d4851a1d" />
    <TestEntry testId="b7d0bdc2-df49-3170-25ed-9f504b246c02" executionId="1d2b32fc-670f-4c4a-a6f7-16803d5c7e57" testListId="8c84fa94-04c1-424b-9868-57a2d4851a1d" />
    <TestEntry testId="a6e1ba08-3b95-cfb4-752d-08519091324a" executionId="db5f5f16-c145-4719-936c-d46ec9013ffa" testListId="8c84fa94-04c1-424b-9868-57a2d4851a1d" />
    <TestEntry testId="e911c5b9-830e-35d5-e910-21dc07b81cd0" executionId="3ee922c2-b441-4f8e-9f2f-9306d0d79cb9" testListId="8c84fa94-04c1-424b-9868-57a2d4851a1d" />
    <TestEntry testId="7e8157c8-dcb1-ea12-efa2-f87a11b69850" executionId="d7ff15dc-5bfc-4998-8467-6b9e46bfee92" testListId="8c84fa94-04c1-424b-9868-57a2d4851a1d" />
    <TestEntry testId="00d160ea-4613-9def-d08d-4b8e1b84752e" executionId="6ec894a6-42dd-45e0-a243-8c26e718fba1" testListId="8c84fa94-04c1-424b-9868-57a2d4851a1d" />
    <TestEntry testId="49d067f9-bd82-140d-2b0d-3e94f60729fa" executionId="e529b236-3ae5-4689-a6bc-76441ca58e26" testListId="8c84fa94-04c1-424b-9868-57a2d4851a1d" />
    <TestEntry testId="90b0ece4-7734-b027-573c-ce0fdf3271f0" executionId="ab24dddc-afd6-41cb-96c1-5c8d7c46a8f2" testListId="8c84fa94-04c1-424b-9868-57a2d4851a1d" />
    <TestEntry testId="2ce50fe1-c4e5-8f47-92d3-0a707bbc9259" executionId="2e7f20f7-974a-4752-b235-7156bace26c4" testListId="8c84fa94-04c1-424b-9868-57a2d4851a1d" />
    <TestEntry testId="631db1e5-5130-fe76-60d3-f720d01eb3d2" executionId="c1b27fec-0388-4c9d-8128-3dc264beb086" testListId="8c84fa94-04c1-424b-9868-57a2d4851a1d" />
    <TestEntry testId="9699bd57-3e9a-16f4-dafd-b1a79632258f" executionId="d11e3405-2d96-4b7d-a992-607e721fe247" testListId="8c84fa94-04c1-424b-9868-57a2d4851a1d" />
    <TestEntry testId="ae3e5d17-a418-c027-5d01-89e4c7b54c4c" executionId="c35a9696-cea9-4c63-98e1-3c06dc7ff7d5" testListId="8c84fa94-04c1-424b-9868-57a2d4851a1d" />
    <TestEntry testId="ab42990e-b7d9-acfc-0318-565256d2bb54" executionId="eca4172f-679a-4bb8-bcf3-d39702e3f0c0" testListId="8c84fa94-04c1-424b-9868-57a2d4851a1d" />
    <TestEntry testId="393d6c3b-efc9-bf9c-9a36-6929884573ff" executionId="9b9b274e-4b5a-4f89-8f2b-8c42c83e7e48" testListId="8c84fa94-04c1-424b-9868-57a2d4851a1d" />
    <TestEntry testId="8db7c042-c9c9-e955-e7e7-3e02c89b7d6f" executionId="829796d6-af05-466b-9d54-f4e68589bbd8" testListId="8c84fa94-04c1-424b-9868-57a2d4851a1d" />
    <TestEntry testId="56a8f782-250a-6f8c-ac49-011d70574de2" executionId="58e2537f-30e9-44c7-a709-51d533e25799" testListId="8c84fa94-04c1-424b-9868-57a2d4851a1d" />
    <TestEntry testId="1b150bd0-7205-e9d7-5516-24eed9c954f7" executionId="86e135b4-6770-45c0-b0d4-098f28bc5a08" testListId="8c84fa94-04c1-424b-9868-57a2d4851a1d" />
    <TestEntry testId="a528b9d1-09ce-b802-08a5-6e087b0004f7" executionId="efad7cb0-059f-43c5-adaf-ccb0e5eef8d1" testListId="8c84fa94-04c1-424b-9868-57a2d4851a1d" />
    <TestEntry testId="8e59bd2d-bd60-e724-3a38-222ac20bff9f" executionId="3c071a61-d07b-4c0a-be73-bb4736b37433" testListId="8c84fa94-04c1-424b-9868-57a2d4851a1d" />
    <TestEntry testId="a6cfcd75-8812-fb54-975b-5f6c37250cb0" executionId="f27d3ef1-a752-4725-bfae-2ac232ae19f2" testListId="8c84fa94-04c1-424b-9868-57a2d4851a1d" />
    <TestEntry testId="3e105617-0bb6-733c-e78a-d2f35c17f402" executionId="8f3dd567-0974-42ae-b5fe-3a3a08caa145" testListId="8c84fa94-04c1-424b-9868-57a2d4851a1d" />
    <TestEntry testId="c497ca90-15db-d9e3-fed1-18a8c3832a01" executionId="05e4d12b-e401-4328-9aec-7a369725fada" testListId="8c84fa94-04c1-424b-9868-57a2d4851a1d" />
    <TestEntry testId="ba9c1802-9c2e-de9d-589c-508e2f15429b" executionId="fb430978-5f4d-4fed-8d02-236673c04859" testListId="8c84fa94-04c1-424b-9868-57a2d4851a1d" />
    <TestEntry testId="56fc8256-8585-92ab-c5dd-7d38d01eb098" executionId="f3f9012e-22e8-4065-99ad-84b76ed99e17" testListId="8c84fa94-04c1-424b-9868-57a2d4851a1d" />
    <TestEntry testId="469e6b6a-3c29-b051-995c-b9842e2eb6d9" executionId="f26617a6-0691-427f-9c76-706dfa580ce7" testListId="8c84fa94-04c1-424b-9868-57a2d4851a1d" />
    <TestEntry testId="e10128d8-0332-7474-6334-cdbf84dbbcd1" executionId="2e10634f-a6cc-458d-b781-74f9e21dc0f1" testListId="8c84fa94-04c1-424b-9868-57a2d4851a1d" />
    <TestEntry testId="71ccd59f-39a1-6884-7f01-f9495a97c8aa" executionId="feff379d-4494-448c-9162-285a5945a1ab" testListId="8c84fa94-04c1-424b-9868-57a2d4851a1d" />
    <TestEntry testId="7c1ec3b1-98a2-dea8-cbc8-775ccf58ed68" executionId="bffc9013-c84f-44e7-8e17-7cd58a0fddfc" testListId="8c84fa94-04c1-424b-9868-57a2d4851a1d" />
    <TestEntry testId="df28b719-e3f7-30cc-9006-df77cfa42dde" executionId="6f8448e3-8497-45a2-b939-2f9a4c22a762" testListId="8c84fa94-04c1-424b-9868-57a2d4851a1d" />
    <TestEntry testId="206cc6a4-d0ac-f552-638e-fe7e802a3553" executionId="2f14f55c-ce4f-4dfc-8492-6671aeb042c8" testListId="8c84fa94-04c1-424b-9868-57a2d4851a1d" />
    <TestEntry testId="1de1409d-dff0-7879-17d2-4e66016cf9f5" executionId="be57de9d-7bd0-4c51-b85a-561392c03278" testListId="8c84fa94-04c1-424b-9868-57a2d4851a1d" />
    <TestEntry testId="6a5e6648-2f26-c2d3-28a8-f853f848223b" executionId="0a1519f9-578d-4597-b210-fdf2927f9c0e" testListId="8c84fa94-04c1-424b-9868-57a2d4851a1d" />
    <TestEntry testId="9d72ec29-9ed5-8607-fe92-a0f716c85aab" executionId="a2f9cd9c-4c77-43b5-951c-7493beeec352" testListId="8c84fa94-04c1-424b-9868-57a2d4851a1d" />
    <TestEntry testId="b74ae57b-78d2-4711-b85e-021fefe29a47" executionId="6df3d2c8-8089-41bc-b2f6-5bf6cf8b504d" testListId="8c84fa94-04c1-424b-9868-57a2d4851a1d" />
    <TestEntry testId="899fbee4-6844-efe0-b45d-263c4f796bc2" executionId="0d717014-483d-4f64-84cd-a2506e0b607e" testListId="8c84fa94-04c1-424b-9868-57a2d4851a1d" />
    <TestEntry testId="273c9924-b451-376a-6373-dbe061eee2e8" executionId="60b3c855-07c9-469d-91a7-ccab7f093349" testListId="8c84fa94-04c1-424b-9868-57a2d4851a1d" />
    <TestEntry testId="a1228955-227f-d507-f68a-7aa80b081cd9" executionId="5814bfd1-a586-4c17-bf1d-e8adb7fab6e7" testListId="8c84fa94-04c1-424b-9868-57a2d4851a1d" />
    <TestEntry testId="77502f30-c3cb-2212-18a4-c16ed17882e8" executionId="4d088548-c6f4-4a71-8ed0-10cb084b6111" testListId="8c84fa94-04c1-424b-9868-57a2d4851a1d" />
  </TestEntries>
  <TestLists>
    <TestList name="Results Not in a List" id="8c84fa94-04c1-424b-9868-57a2d4851a1d" />
    <TestList name="All Loaded Results" id="19431567-8539-422a-85d7-44ee4e166bda" />
  </TestLists>
  <ResultSummary outcome="Failed">
    <Counters total="146" executed="146" passed="123" failed="23" error="0" timeout="0" aborted="0" inconclusive="0" passedButRunAborted="0" notRunnable="0" notExecuted="0" disconnected="0" warning="0" completed="0" inProgress="0" pending="0" />
  </ResultSummary>
</TestRun>