<?xml version="1.0" encoding="UTF-8"?>
<TestRun id="717cc91a-4bc6-4669-bd41-0f4bd3b93b81" name="user@USER-PC 2015-08-16 12:12:06" runUser="user-PC\user" xmlns="http://microsoft.com/schemas/VisualStudio/TeamTest/2010">
  <Times creation="2015-08-16T12:12:06.1309841+05:30" queuing="2015-08-16T12:12:06.1309841+05:30" start="2015-08-16T12:12:06.1699863+05:30" finish="2015-08-16T14:15:01.5518340+05:30" />
  <TestSettings name="default" id="e4377b97-2d44-4002-898e-f6035d6737c4">
    <Execution>
      <TestTypeSpecific />
    </Execution>
    <Deployment runDeploymentRoot="user_USER-PC 2015-08-16 12_12_06" />
  </TestSettings>
  <Results>
    <UnitTestResult executionId="8a32e8d9-8d59-419a-b934-130857c6439a" testId="75e56327-7336-efdc-b3ad-bd85e075095f" testName="addAgentCodeForPartnerAgnet" computerName="USER-PC" duration="00:01:55.7758232" startTime="2015-08-16T12:10:10.1143483+05:30" endTime="2015-08-16T12:12:05.9899760+05:30" testType="13cdc9d9-ddb5-4fa4-a97d-d965ccfc6d4b" outcome="Failed" testListId="8c84fa94-04c1-424b-9868-57a2d4851a1d" relativeResultsDirectory="8a32e8d9-8d59-419a-b934-130857c6439a">
      <Output>
        <StdOut>Logged in as: AslamKhan / 1qaz!QAZ
Redirected at Dashboard screen.</StdOut>
        <ErrorInfo>
          <Message>Assert.IsTrue failed. </Message>
          <StackTrace>   at PegasusTests.PageHelper.Comm.DriverHelper.SendKeys(String locator, String value) in e:\Pegasus_Project\Pegasus_New_Skin\Pegasus_New_skin\Pegasus_New_skin\PageHelper\Comm\DriverHelper.cs:line 222
   at PegasusTests.PageHelper.PartnerAgentHelperNewSkin.TypeText(String Field, String text) in e:\Pegasus_Project\Pegasus_New_Skin\Pegasus_New_skin\Pegasus_New_skin\PageHelper\PartnerAgentHelperNewSkin.cs:line 32
   at PegasusTests.Scripts.ClientsTests.AddAgentCodeForPartnerAgnet.addAgentCodeForPartnerAgnet() in e:\Pegasus_Project\Pegasus_New_Skin\Pegasus_New_skin\Pegasus_New_skin\Scripts\NewSkinTaskJira\AddAgentCodeForPartnerAgnet.cs:line 76
</StackTrace>
        </ErrorInfo>
      </Output>
    </UnitTestResult>
    <UnitTestResult executionId="8ec8a4d1-ad54-4616-99f5-77eda00233b7" testId="b466f748-829e-6f53-e63c-28f63c2aeb0e" testName="additionalFilter" computerName="USER-PC" duration="00:00:40.4092058" startTime="2015-08-16T12:12:06.0079770+05:30" endTime="2015-08-16T12:12:46.4182884+05:30" testType="13cdc9d9-ddb5-4fa4-a97d-d965ccfc6d4b" outcome="Passed" testListId="8c84fa94-04c1-424b-9868-57a2d4851a1d" relativeResultsDirectory="8ec8a4d1-ad54-4616-99f5-77eda00233b7">
      <Output>
        <StdOut>Logged in as: selcorp / seWelcome2
Redirected at Dashboard screen.</StdOut>
      </Output>
    </UnitTestResult>
    <UnitTestResult executionId="e936910a-8d13-4210-abc1-b8abbf03ac10" testId="48f14298-cb83-566e-96ba-3647b0514124" testName="addressStateIssues" computerName="USER-PC" duration="00:01:02.2176138" startTime="2015-08-16T12:12:46.4182884+05:30" endTime="2015-08-16T12:13:48.6378471+05:30" testType="13cdc9d9-ddb5-4fa4-a97d-d965ccfc6d4b" outcome="Passed" testListId="8c84fa94-04c1-424b-9868-57a2d4851a1d" relativeResultsDirectory="e936910a-8d13-4210-abc1-b8abbf03ac10">
      <Output>
        <StdOut>Logged in as: AslamKhan / 1qaz!QAZ
Redirected at Dashboard screen.</StdOut>
      </Output>
    </UnitTestResult>
    <UnitTestResult executionId="9925252b-b3f1-4e37-9961-2e93267e01ce" testId="024631e0-52c7-3174-1268-ee300c1200f2" testName="addressTypePickList" computerName="USER-PC" duration="00:00:56.4938877" startTime="2015-08-16T12:13:48.6378471+05:30" endTime="2015-08-16T12:14:45.1330785+05:30" testType="13cdc9d9-ddb5-4fa4-a97d-d965ccfc6d4b" outcome="Passed" testListId="8c84fa94-04c1-424b-9868-57a2d4851a1d" relativeResultsDirectory="9925252b-b3f1-4e37-9961-2e93267e01ce">
      <Output>
        <StdOut>Logged in as: AslamKhan / 1qaz!QAZ
Redirected at Dashboard screen.</StdOut>
      </Output>
    </UnitTestResult>
    <UnitTestResult executionId="5fd0b9a1-b53e-4fd2-802f-8b19e15b9e4c" testId="887c7784-c900-222b-bed3-59ae4b319fbd" testName="agentEmployeePage" computerName="USER-PC" duration="00:01:05.3361362" startTime="2015-08-16T12:14:45.1330785+05:30" endTime="2015-08-16T12:15:50.4708156+05:30" testType="13cdc9d9-ddb5-4fa4-a97d-d965ccfc6d4b" outcome="Passed" testListId="8c84fa94-04c1-424b-9868-57a2d4851a1d" relativeResultsDirectory="5fd0b9a1-b53e-4fd2-802f-8b19e15b9e4c">
      <Output>
        <StdOut>Logged in as: AslamKhan / 1qaz!QAZ
Redirected at Dashboard screen.</StdOut>
      </Output>
    </UnitTestResult>
    <UnitTestResult executionId="7eaad1d9-29ff-4065-b45b-fd2cf383b56f" testId="8112eff1-8521-766e-f155-ef1a6d5eb07a" testName="allAgentDisplayePage" computerName="USER-PC" duration="00:01:07.5721225" startTime="2015-08-16T12:15:50.4708156+05:30" endTime="2015-08-16T12:16:58.0446806+05:30" testType="13cdc9d9-ddb5-4fa4-a97d-d965ccfc6d4b" outcome="Passed" testListId="8c84fa94-04c1-424b-9868-57a2d4851a1d" relativeResultsDirectory="7eaad1d9-29ff-4065-b45b-fd2cf383b56f">
      <Output>
        <StdOut>Logged in as: AslamKhan / 1qaz!QAZ
Redirected at Dashboard screen.</StdOut>
      </Output>
    </UnitTestResult>
    <UnitTestResult executionId="1dd9331a-fa6d-4e50-8496-3fad6624c8fd" testId="39af5e03-be84-4d4d-47e1-0e37436a03a0" testName="allUserPageInCorp" computerName="USER-PC" duration="00:00:52.1844508" startTime="2015-08-16T12:16:58.0446806+05:30" endTime="2015-08-16T12:17:50.2306654+05:30" testType="13cdc9d9-ddb5-4fa4-a97d-d965ccfc6d4b" outcome="Passed" testListId="8c84fa94-04c1-424b-9868-57a2d4851a1d" relativeResultsDirectory="1dd9331a-fa6d-4e50-8496-3fad6624c8fd">
      <Output>
        <StdOut>Logged in as: selcorp / seWelcome2
Redirected at Dashboard screen.</StdOut>
      </Output>
    </UnitTestResult>
    <UnitTestResult executionId="29ab2aec-4959-4e24-8476-0ed490ffff41" testId="5f935a3e-552f-ad58-fa16-2bbdb7bbb492" testName="blankSubjectValidation" computerName="USER-PC" duration="00:00:57.4541387" startTime="2015-08-16T12:17:50.2306654+05:30" endTime="2015-08-16T12:18:47.6869517+05:30" testType="13cdc9d9-ddb5-4fa4-a97d-d965ccfc6d4b" outcome="Passed" testListId="8c84fa94-04c1-424b-9868-57a2d4851a1d" relativeResultsDirectory="29ab2aec-4959-4e24-8476-0ed490ffff41">
      <Output>
        <StdOut>Logged in as: AslamKhan / 1qaz!QAZ
Redirected at Dashboard screen.</StdOut>
      </Output>
    </UnitTestResult>
    <UnitTestResult executionId="89cdd997-5495-4947-b4ac-bc5d42908eee" testId="a735b350-d35d-c19e-72c0-f461418b114f" testName="cancelEditProfile" computerName="USER-PC" duration="00:00:57.2470795" startTime="2015-08-16T12:18:47.6869517+05:30" endTime="2015-08-16T12:19:44.9352262+05:30" testType="13cdc9d9-ddb5-4fa4-a97d-d965ccfc6d4b" outcome="Passed" testListId="8c84fa94-04c1-424b-9868-57a2d4851a1d" relativeResultsDirectory="89cdd997-5495-4947-b4ac-bc5d42908eee">
      <Output>
        <StdOut>Logged in as: AslamKhan / 1qaz!QAZ
Redirected at Dashboard screen.</StdOut>
      </Output>
    </UnitTestResult>
    <UnitTestResult executionId="c29c88ec-b709-4676-ba68-d1109b89cb0c" testId="8c34702b-977e-c025-23ba-fe79ac937588" testName="changeStatusOfTicketAndVerifyStatus" computerName="USER-PC" duration="00:02:25.3369028" startTime="2015-08-16T12:19:44.9352262+05:30" endTime="2015-08-16T12:22:10.2745391+05:30" testType="13cdc9d9-ddb5-4fa4-a97d-d965ccfc6d4b" outcome="Passed" testListId="8c84fa94-04c1-424b-9868-57a2d4851a1d" relativeResultsDirectory="c29c88ec-b709-4676-ba68-d1109b89cb0c">
      <Output>
        <StdOut>Logged in as: AslamKhan / 1qaz!QAZ
Redirected at Dashboard screen.
Resolved	Resolved
Closed	Closed</StdOut>
      </Output>
    </UnitTestResult>
    <UnitTestResult executionId="580e05a3-b259-4a7f-a760-407332c03c45" testId="2f71bcfc-595b-2cf8-254e-56d76989fe46" testName="checkFilter" computerName="USER-PC" duration="00:00:57.9048651" startTime="2015-08-16T12:22:10.2755391+05:30" endTime="2015-08-16T12:23:08.1818512+05:30" testType="13cdc9d9-ddb5-4fa4-a97d-d965ccfc6d4b" outcome="Passed" testListId="8c84fa94-04c1-424b-9868-57a2d4851a1d" relativeResultsDirectory="580e05a3-b259-4a7f-a760-407332c03c45">
      <Output>
        <StdOut>Logged in as: AslamKhan / 1qaz!QAZ
Redirected at Dashboard screen.</StdOut>
      </Output>
    </UnitTestResult>
    <UnitTestResult executionId="5a711bb6-42cc-4141-9f97-a96344c47db0" testId="ca2e1b20-9ca3-3ef9-1cfd-f3d78c44a475" testName="clickEditEquipmentAfterConfirmDelete" computerName="USER-PC" duration="00:01:23.5596739" startTime="2015-08-16T12:23:08.1818512+05:30" endTime="2015-08-16T12:24:31.7436307+05:30" testType="13cdc9d9-ddb5-4fa4-a97d-d965ccfc6d4b" outcome="Passed" testListId="8c84fa94-04c1-424b-9868-57a2d4851a1d" relativeResultsDirectory="5a711bb6-42cc-4141-9f97-a96344c47db0">
      <Output>
        <StdOut>Logged in as: AslamKhan / 1qaz!QAZ
Redirected at Dashboard screen.</StdOut>
      </Output>
    </UnitTestResult>
    <UnitTestResult executionId="29e37dbb-b3e2-463e-8666-73687626ff2c" testId="01c1dd74-2fb1-fbb6-f8e3-ed1a182e0af3" testName="clientContactTabExpandOnClickLabel" computerName="USER-PC" duration="00:01:11.4969325" startTime="2015-08-16T12:24:31.7436307+05:30" endTime="2015-08-16T12:25:43.2427202+05:30" testType="13cdc9d9-ddb5-4fa4-a97d-d965ccfc6d4b" outcome="Passed" testListId="8c84fa94-04c1-424b-9868-57a2d4851a1d" relativeResultsDirectory="29e37dbb-b3e2-463e-8666-73687626ff2c">
      <Output>
        <StdOut>Logged in as: AslamKhan / 1qaz!QAZ
Redirected at Dashboard screen.</StdOut>
      </Output>
    </UnitTestResult>
    <UnitTestResult executionId="50c5d694-92b0-4b45-9654-35ba03d81919" testId="b7117c23-ebaf-3c92-917e-0d5689b3320e" testName="clientDublicateMatchOverlay" computerName="USER-PC" duration="00:01:33.2886261" startTime="2015-08-16T12:25:43.2427202+05:30" endTime="2015-08-16T12:27:16.5330561+05:30" testType="13cdc9d9-ddb5-4fa4-a97d-d965ccfc6d4b" outcome="Passed" testListId="8c84fa94-04c1-424b-9868-57a2d4851a1d" relativeResultsDirectory="50c5d694-92b0-4b45-9654-35ba03d81919">
      <Output>
        <StdOut>Logged in as: AslamKhan / 1qaz!QAZ
Redirected at Dashboard screen.</StdOut>
      </Output>
    </UnitTestResult>
    <UnitTestResult executionId="962a0832-0fe8-4aea-874f-54cd9ca96118" testId="181c25d2-1724-3a41-d18c-b54a0ccc2e46" testName="clientMerchantIssue1" computerName="USER-PC" duration="00:00:56.8909288" startTime="2015-08-16T12:27:16.5330561+05:30" endTime="2015-08-16T12:28:13.4253101+05:30" testType="13cdc9d9-ddb5-4fa4-a97d-d965ccfc6d4b" outcome="Passed" testListId="8c84fa94-04c1-424b-9868-57a2d4851a1d" relativeResultsDirectory="962a0832-0fe8-4aea-874f-54cd9ca96118">
      <Output>
        <StdOut>Logged in as: AslamKhan / 1qaz!QAZ
Redirected at Dashboard screen.</StdOut>
      </Output>
    </UnitTestResult>
    <UnitTestResult executionId="f5ca6c90-0465-4e71-89ae-b0c920bea07a" testId="9a7b6b9a-3023-3a2b-3d10-0bf04068cf88" testName="clientMerchantIssue2" computerName="USER-PC" duration="00:01:08.8237576" startTime="2015-08-16T12:28:13.4253101+05:30" endTime="2015-08-16T12:29:22.2512467+05:30" testType="13cdc9d9-ddb5-4fa4-a97d-d965ccfc6d4b" outcome="Passed" testListId="8c84fa94-04c1-424b-9868-57a2d4851a1d" relativeResultsDirectory="f5ca6c90-0465-4e71-89ae-b0c920bea07a">
      <Output>
        <StdOut>Logged in as: AslamKhan / 1qaz!QAZ
Redirected at Dashboard screen.</StdOut>
      </Output>
    </UnitTestResult>
    <UnitTestResult executionId="15e3e414-d24e-4dbf-b7cd-739511000237" testId="ee1173d2-973c-26e9-727d-00a67b6abd2f" testName="clientPDFInactive" computerName="USER-PC" duration="00:01:13.7141982" startTime="2015-08-16T12:29:22.2512467+05:30" endTime="2015-08-16T12:30:35.9674631+05:30" testType="13cdc9d9-ddb5-4fa4-a97d-d965ccfc6d4b" outcome="Failed" testListId="8c84fa94-04c1-424b-9868-57a2d4851a1d" relativeResultsDirectory="15e3e414-d24e-4dbf-b7cd-739511000237">
      <Output>
        <StdOut>Logged in as: AslamKhan / 1qaz!QAZ
Redirected at Dashboard screen.</StdOut>
        <ErrorInfo>
          <Message>Test method PegasusTests.Scripts.ClientsTests.ClientPDFInactive.clientPDFInactive threw exception: 
OpenQA.Selenium.UnhandledAlertException: unexpected alert open
  (Session info: chrome=44.0.2403.155)
  (Driver info: chromedriver=2.14.313457 (3d645c400edf2e2c500566c9aa096063e707c9cf),platform=Windows NT 6.1 SP1 x86_64)</Message>
          <StackTrace>    at OpenQA.Selenium.Remote.RemoteWebDriver.UnpackAndThrowOnError(Response errorResponse)
   at OpenQA.Selenium.Remote.RemoteWebDriver.Execute(String driverCommandToExecute, Dictionary`2 parameters)
   at OpenQA.Selenium.Remote.RemoteWebDriver.get_Title()
   at PegasusTests.PageHelper.Comm.DriverTestCase.VerifyTitle(String title) in e:\Pegasus_Project\Pegasus_New_Skin\Pegasus_New_skin\Pegasus_New_skin\PageHelper\Comm\DriverTestCase.cs:line 105
   at PegasusTests.Scripts.ClientsTests.ClientPDFInactive.clientPDFInactive() in e:\Pegasus_Project\Pegasus_New_Skin\Pegasus_New_skin\Pegasus_New_skin\Scripts\NewSkinTaskJira\ClientPDFInactive.cs:line 61
</StackTrace>
        </ErrorInfo>
      </Output>
    </UnitTestResult>
    <UnitTestResult executionId="8718c1b8-0fdf-499b-9bc0-67f5c8f71983" testId="c113ee0b-dea0-ba2a-4a37-7e71463c41c8" testName="clientRequiredField" computerName="USER-PC" duration="00:00:56.8471269" startTime="2015-08-16T12:30:35.9674631+05:30" endTime="2015-08-16T12:31:32.8157146+05:30" testType="13cdc9d9-ddb5-4fa4-a97d-d965ccfc6d4b" outcome="Passed" testListId="8c84fa94-04c1-424b-9868-57a2d4851a1d" relativeResultsDirectory="8718c1b8-0fdf-499b-9bc0-67f5c8f71983">
      <Output>
        <StdOut>Logged in as: AslamKhan / 1qaz!QAZ
Redirected at Dashboard screen.</StdOut>
      </Output>
    </UnitTestResult>
    <UnitTestResult executionId="9ac09383-eef3-4ded-9535-f869a3c96c5a" testId="b47ab7f2-7c09-856a-1469-10cf7e1e0458" testName="clientResidualAdjustment" computerName="USER-PC" duration="00:01:17.7799966" startTime="2015-08-16T12:31:32.8167147+05:30" endTime="2015-08-16T12:32:50.5981635+05:30" testType="13cdc9d9-ddb5-4fa4-a97d-d965ccfc6d4b" outcome="Passed" testListId="8c84fa94-04c1-424b-9868-57a2d4851a1d" relativeResultsDirectory="9ac09383-eef3-4ded-9535-f869a3c96c5a">
      <Output>
        <StdOut>Logged in as: AslamKhan / 1qaz!QAZ
Redirected at Dashboard screen.</StdOut>
      </Output>
    </UnitTestResult>
    <UnitTestResult executionId="6dedbdbe-54bb-45ac-ba67-5894e32d9409" testId="80ff8e72-8ff4-afe5-5c4e-babbe2f49ee4" testName="clientVerifyCanadaCountry" computerName="USER-PC" duration="00:01:24.0779897" startTime="2015-08-16T12:32:50.5981635+05:30" endTime="2015-08-16T12:34:14.6779726+05:30" testType="13cdc9d9-ddb5-4fa4-a97d-d965ccfc6d4b" outcome="Passed" testListId="8c84fa94-04c1-424b-9868-57a2d4851a1d" relativeResultsDirectory="6dedbdbe-54bb-45ac-ba67-5894e32d9409">
      <Output>
        <StdOut>Logged in as: AslamKhan / 1qaz!QAZ
Redirected at Dashboard screen.</StdOut>
      </Output>
    </UnitTestResult>
    <UnitTestResult executionId="1aa5ff28-84fb-4407-bdfb-4ed692bdc4d0" testId="11b81a51-5dd0-366c-0281-30d54286029a" testName="convertLeadMoveToRecycleBin" computerName="USER-PC" duration="00:01:28.0321499" startTime="2015-08-16T12:34:14.6779726+05:30" endTime="2015-08-16T12:35:42.7120079+05:30" testType="13cdc9d9-ddb5-4fa4-a97d-d965ccfc6d4b" outcome="Passed" testListId="8c84fa94-04c1-424b-9868-57a2d4851a1d" relativeResultsDirectory="1aa5ff28-84fb-4407-bdfb-4ed692bdc4d0">
      <Output>
        <StdOut>Logged in as: AslamKhan / 1qaz!QAZ
Redirected at Dashboard screen.</StdOut>
      </Output>
    </UnitTestResult>
    <UnitTestResult executionId="855232d4-5fc9-4086-8253-b4bd4ce3dd75" testId="86209b9d-c8ef-ef98-c2b7-2920f433756d" testName="copyrightNotAvail" computerName="USER-PC" duration="00:00:33.2464989" startTime="2015-08-16T12:35:42.7120079+05:30" endTime="2015-08-16T12:36:15.9599095+05:30" testType="13cdc9d9-ddb5-4fa4-a97d-d965ccfc6d4b" outcome="Passed" testListId="8c84fa94-04c1-424b-9868-57a2d4851a1d" relativeResultsDirectory="855232d4-5fc9-4086-8253-b4bd4ce3dd75">
      <Output>
        <StdOut>Logged in as: AslamKhan / 1qaz!QAZ
Redirected at Dashboard screen.</StdOut>
      </Output>
    </UnitTestResult>
    <UnitTestResult executionId="baf73215-2ea9-4092-a67e-58a00b0a0333" testId="1bfb404a-0507-99ce-62a4-3d9ae6737f43" testName="corpEmployeeIssues" computerName="USER-PC" duration="00:00:43.4718001" startTime="2015-08-16T12:36:15.9599095+05:30" endTime="2015-08-16T12:36:59.4323960+05:30" testType="13cdc9d9-ddb5-4fa4-a97d-d965ccfc6d4b" outcome="Passed" testListId="8c84fa94-04c1-424b-9868-57a2d4851a1d" relativeResultsDirectory="baf73215-2ea9-4092-a67e-58a00b0a0333">
      <Output>
        <StdOut>Logged in as: selcorp / seWelcome2
Redirected at Dashboard screen.</StdOut>
      </Output>
    </UnitTestResult>
    <UnitTestResult executionId="92a4797e-62c4-4f84-a0af-c428902e78ad" testId="3d8ee334-4ea5-3518-9c3a-fd8b51d3045a" testName="createClientError" computerName="USER-PC" duration="00:00:34.4445026" startTime="2015-08-16T12:36:59.4333961+05:30" endTime="2015-08-16T12:37:33.8783662+05:30" testType="13cdc9d9-ddb5-4fa4-a97d-d965ccfc6d4b" outcome="Passed" testListId="8c84fa94-04c1-424b-9868-57a2d4851a1d" relativeResultsDirectory="92a4797e-62c4-4f84-a0af-c428902e78ad">
      <Output>
        <StdOut>Logged in as: AslamKhan / 1qaz!QAZ
Redirected at Dashboard screen.</StdOut>
      </Output>
    </UnitTestResult>
    <UnitTestResult executionId="575a52fa-b216-403f-baf1-061f37aa87c6" testId="e8d2a080-7634-f2c4-f926-42b63bf49db4" testName="createEquipmentNewSkin" computerName="USER-PC" duration="00:00:38.9737111" startTime="2015-08-16T12:37:33.8793663+05:30" endTime="2015-08-16T12:38:12.8535955+05:30" testType="13cdc9d9-ddb5-4fa4-a97d-d965ccfc6d4b" outcome="Passed" testListId="8c84fa94-04c1-424b-9868-57a2d4851a1d" relativeResultsDirectory="575a52fa-b216-403f-baf1-061f37aa87c6">
      <Output>
        <StdOut>Logged in as: AslamKhan / 1qaz!QAZ
Redirected at Dashboard screen.</StdOut>
      </Output>
    </UnitTestResult>
    <UnitTestResult executionId="a16dba43-f161-478f-9ccb-977f56db3d73" testId="9780a645-4095-c833-3d95-0ba17d6597b4" testName="createLeadWithRequiredFieldNewSkin" computerName="USER-PC" duration="00:00:44.2475326" startTime="2015-08-16T12:38:12.8535955+05:30" endTime="2015-08-16T12:38:57.1031264+05:30" testType="13cdc9d9-ddb5-4fa4-a97d-d965ccfc6d4b" outcome="Failed" testListId="8c84fa94-04c1-424b-9868-57a2d4851a1d" relativeResultsDirectory="a16dba43-f161-478f-9ccb-977f56db3d73">
      <Output>
        <StdOut>Logged in as: AslamKhan / 1qaz!QAZ
Redirected at Dashboard screen.</StdOut>
        <ErrorInfo>
          <Message>Assert.IsTrue failed. Text String: Lead saved successfully. .Not Found.</Message>
          <StackTrace>   at PegasusTests.PageHelper.Comm.DriverHelper.VerifyPageText(String text) in e:\Pegasus_Project\Pegasus_New_Skin\Pegasus_New_skin\Pegasus_New_skin\PageHelper\Comm\DriverHelper.cs:line 419
   at PegasusTests.Scripts.ClientsTests.CreateLeadWithRequiredFieldNewSkin.createLeadWithRequiredFieldNewSkin() in e:\Pegasus_Project\Pegasus_New_Skin\Pegasus_New_skin\Pegasus_New_skin\Scripts\NewSkinTaskJira\CreateLeadWithRequiredFieldNewSkin.cs:line 85
</StackTrace>
        </ErrorInfo>
      </Output>
    </UnitTestResult>
    <UnitTestResult executionId="bc15a67d-3b72-4851-9361-fea1d87b8450" testId="c0aae661-376d-ca04-ce30-65203124e8ba" testName="createOfficeNewSkin" computerName="USER-PC" duration="00:00:49.5144557" startTime="2015-08-16T12:38:57.1031264+05:30" endTime="2015-08-16T12:39:46.6189585+05:30" testType="13cdc9d9-ddb5-4fa4-a97d-d965ccfc6d4b" outcome="Passed" testListId="8c84fa94-04c1-424b-9868-57a2d4851a1d" relativeResultsDirectory="bc15a67d-3b72-4851-9361-fea1d87b8450">
      <Output>
        <StdOut>Logged in as: selcorp / seWelcome2
Redirected at Dashboard screen.</StdOut>
      </Output>
    </UnitTestResult>
    <UnitTestResult executionId="e53706bc-23ec-43a4-be31-fd8ede6a4258" testId="225dff06-bf76-de06-4ee3-83bec1444e67" testName="createPDFPackage" computerName="USER-PC" duration="00:00:43.8005399" startTime="2015-08-16T12:39:46.6189585+05:30" endTime="2015-08-16T12:40:30.4204638+05:30" testType="13cdc9d9-ddb5-4fa4-a97d-d965ccfc6d4b" outcome="Passed" testListId="8c84fa94-04c1-424b-9868-57a2d4851a1d" relativeResultsDirectory="e53706bc-23ec-43a4-be31-fd8ede6a4258">
      <Output>
        <StdOut>Logged in as: AslamKhan / 1qaz!QAZ
Redirected at Dashboard screen.</StdOut>
      </Output>
    </UnitTestResult>
    <UnitTestResult executionId="64ba6c42-b6e3-4bb7-94ed-5511e71855ec" testId="54e0bcd3-13b1-1c68-dd4c-0a6808043fde" testName="createPDFPackagePushToOffice" computerName="USER-PC" duration="00:00:32.2956311" startTime="2015-08-16T12:40:30.4204638+05:30" endTime="2015-08-16T12:41:02.7173111+05:30" testType="13cdc9d9-ddb5-4fa4-a97d-d965ccfc6d4b" outcome="Failed" testListId="8c84fa94-04c1-424b-9868-57a2d4851a1d" relativeResultsDirectory="64ba6c42-b6e3-4bb7-94ed-5511e71855ec">
      <Output>
        <StdOut>Logged in as: selcorp / seWelcome2
Redirected at Dashboard screen.</StdOut>
        <ErrorInfo>
          <Message>Test method PegasusTests.Scripts.ClientsTests.CreatePDFPackagePushToOffice.createPDFPackagePushToOffice threw exception: 
OpenQA.Selenium.NoSuchElementException: Cannot locate option with value: 12166</Message>
          <StackTrace>    at OpenQA.Selenium.Support.UI.SelectElement.SelectByValue(String value)
   at PegasusTests.PageHelper.Comm.DriverHelper.SelectDropDown(String locator, String targetValue) in e:\Pegasus_Project\Pegasus_New_Skin\Pegasus_New_skin\Pegasus_New_skin\PageHelper\Comm\DriverHelper.cs:line 257
   at PegasusTests.PageHelper.PDFTemplateAdminHelper.Select(String Field, String value) in e:\Pegasus_Project\Pegasus_New_Skin\Pegasus_New_skin\Pegasus_New_skin\PageHelper\PDFTemplateAdminHelper.cs:line 48
   at PegasusTests.Scripts.ClientsTests.CreatePDFPackagePushToOffice.createPDFPackagePushToOffice() in e:\Pegasus_Project\Pegasus_New_Skin\Pegasus_New_skin\Pegasus_New_skin\Scripts\NewSkinTaskJira\CreatePDFPackagePushToOffice.cs:line 62
</StackTrace>
        </ErrorInfo>
      </Output>
    </UnitTestResult>
    <UnitTestResult executionId="1dacc984-4851-4209-8e73-e1c711ef273e" testId="6c3ec04a-c589-1298-4bba-44a34d77680d" testName="createProcessorNewSkin" computerName="USER-PC" duration="00:00:32.4929601" startTime="2015-08-16T12:41:02.7173111+05:30" endTime="2015-08-16T12:41:35.2121697+05:30" testType="13cdc9d9-ddb5-4fa4-a97d-d965ccfc6d4b" outcome="Passed" testListId="8c84fa94-04c1-424b-9868-57a2d4851a1d" relativeResultsDirectory="1dacc984-4851-4209-8e73-e1c711ef273e">
      <Output>
        <StdOut>Logged in as: selcorp / seWelcome2
Redirected at Dashboard screen.</StdOut>
      </Output>
    </UnitTestResult>
    <UnitTestResult executionId="1e210b48-5293-4a90-96b3-59d5710802cb" testId="8e0d478e-9b1f-b036-cda4-428d3304bc9d" testName="createReportValidation" computerName="USER-PC" duration="00:00:24.6198122" startTime="2015-08-16T12:41:35.2121697+05:30" endTime="2015-08-16T12:41:59.8325779+05:30" testType="13cdc9d9-ddb5-4fa4-a97d-d965ccfc6d4b" outcome="Passed" testListId="8c84fa94-04c1-424b-9868-57a2d4851a1d" relativeResultsDirectory="1e210b48-5293-4a90-96b3-59d5710802cb">
      <Output>
        <StdOut>Logged in as: AslamKhan / 1qaz!QAZ
Redirected at Dashboard screen.</StdOut>
      </Output>
    </UnitTestResult>
    <UnitTestResult executionId="8c6e1aad-4f9c-4f09-b7af-0cd9abdd4bba" testId="ac466cc6-5028-9fc8-e133-9864bcf4fe88" testName="createUserError" computerName="USER-PC" duration="00:00:25.1060279" startTime="2015-08-16T12:41:59.8335780+05:30" endTime="2015-08-16T12:42:24.9400140+05:30" testType="13cdc9d9-ddb5-4fa4-a97d-d965ccfc6d4b" outcome="Passed" testListId="8c84fa94-04c1-424b-9868-57a2d4851a1d" relativeResultsDirectory="8c6e1aad-4f9c-4f09-b7af-0cd9abdd4bba">
      <Output>
        <StdOut>Logged in as: AslamKhan / 1qaz!QAZ</StdOut>
      </Output>
    </UnitTestResult>
    <UnitTestResult executionId="01c19882-17cb-424b-9293-210696175b3a" testId="7f132701-8100-d7a7-582e-336ee30439dc" testName="createUserError1" computerName="USER-PC" duration="00:01:17.2004962" startTime="2015-08-16T12:42:24.9400140+05:30" endTime="2015-08-16T12:43:42.1424297+05:30" testType="13cdc9d9-ddb5-4fa4-a97d-d965ccfc6d4b" outcome="Passed" testListId="8c84fa94-04c1-424b-9868-57a2d4851a1d" relativeResultsDirectory="01c19882-17cb-424b-9293-210696175b3a">
      <Output>
        <StdOut>Logged in as: AslamKhan / 1qaz!QAZ</StdOut>
      </Output>
    </UnitTestResult>
    <UnitTestResult executionId="6481ad75-75e3-41ae-8a9b-b5d752f8f3d6" testId="110cbcae-34c8-6509-5400-6842f9e0f5ca" testName="createUserError2" computerName="USER-PC" duration="00:00:28.1410443" startTime="2015-08-16T12:43:42.1434298+05:30" endTime="2015-08-16T12:44:10.2850394+05:30" testType="13cdc9d9-ddb5-4fa4-a97d-d965ccfc6d4b" outcome="Passed" testListId="8c84fa94-04c1-424b-9868-57a2d4851a1d" relativeResultsDirectory="6481ad75-75e3-41ae-8a9b-b5d752f8f3d6">
      <Output>
        <StdOut>Logged in as: AslamKhan / 1qaz!QAZ</StdOut>
      </Output>
    </UnitTestResult>
    <UnitTestResult executionId="cfe2480a-8b08-4525-98db-bf8138205610" testId="30257349-d269-2c45-8b7a-3f657728a2fb" testName="deleteAllRevenueShareClient" computerName="USER-PC" duration="00:01:14.7279018" startTime="2015-08-16T12:44:10.2850394+05:30" endTime="2015-08-16T12:45:25.0143136+05:30" testType="13cdc9d9-ddb5-4fa4-a97d-d965ccfc6d4b" outcome="Passed" testListId="8c84fa94-04c1-424b-9868-57a2d4851a1d" relativeResultsDirectory="cfe2480a-8b08-4525-98db-bf8138205610">
      <Output>
        <StdOut>Logged in as: AslamKhan / 1qaz!QAZ
Redirected at Dashboard screen.</StdOut>
      </Output>
    </UnitTestResult>
    <UnitTestResult executionId="f21fa1af-b87f-4117-b320-e7f01bbc0ac2" testId="22eaf6ce-1169-54f0-138c-0f7ee2219abd" testName="deleteEmployee" computerName="USER-PC" duration="00:01:20.1060704" startTime="2015-08-16T12:45:25.0143136+05:30" endTime="2015-08-16T12:46:45.1228956+05:30" testType="13cdc9d9-ddb5-4fa4-a97d-d965ccfc6d4b" outcome="Failed" testListId="8c84fa94-04c1-424b-9868-57a2d4851a1d" relativeResultsDirectory="f21fa1af-b87f-4117-b320-e7f01bbc0ac2">
      <Output>
        <StdOut>Logged in as: selcorp / seWelcome2
Redirected at Dashboard screen.
Logged in as: selcorp / seWelcome2
Redirected at Dashboard screen.</StdOut>
        <ErrorInfo>
          <Message>Assert.IsTrue failed. </Message>
          <StackTrace>   at PegasusTests.PageHelper.Comm.DriverHelper.Click(String locator) in e:\Pegasus_Project\Pegasus_New_Skin\Pegasus_New_skin\Pegasus_New_skin\PageHelper\Comm\DriverHelper.cs:line 246
   at PegasusTests.Scripts.ClientsTests.DeleteEmployee.deleteEmployee() in e:\Pegasus_Project\Pegasus_New_Skin\Pegasus_New_skin\Pegasus_New_skin\Scripts\NewSkinTaskJira\DeleteEmployee.cs:line 134
</StackTrace>
        </ErrorInfo>
      </Output>
    </UnitTestResult>
    <UnitTestResult executionId="1d158a36-db9f-451c-a163-0ab6d5057b6c" testId="cd2349a5-754f-0e19-994d-2346f7ee6f57" testName="deleteEquipmentNewSkin" computerName="USER-PC" duration="00:00:48.5069377" startTime="2015-08-16T12:46:45.1228956+05:30" endTime="2015-08-16T12:47:33.6306701+05:30" testType="13cdc9d9-ddb5-4fa4-a97d-d965ccfc6d4b" outcome="Passed" testListId="8c84fa94-04c1-424b-9868-57a2d4851a1d" relativeResultsDirectory="1d158a36-db9f-451c-a163-0ab6d5057b6c">
      <Output>
        <StdOut>Logged in as: AslamKhan / 1qaz!QAZ
Redirected at Dashboard screen.</StdOut>
      </Output>
    </UnitTestResult>
    <UnitTestResult executionId="d16c2859-7bd5-4550-82ac-1445aa8daccc" testId="73732dff-e65b-2925-15b2-fc5002d5cd57" testName="deleteIndividualRevenue" computerName="USER-PC" duration="00:01:36.0302178" startTime="2015-08-16T12:47:33.6316701+05:30" endTime="2015-08-16T12:49:09.6631628+05:30" testType="13cdc9d9-ddb5-4fa4-a97d-d965ccfc6d4b" outcome="Passed" testListId="8c84fa94-04c1-424b-9868-57a2d4851a1d" relativeResultsDirectory="d16c2859-7bd5-4550-82ac-1445aa8daccc">
      <Output>
        <StdOut>Logged in as: AslamKhan / 1qaz!QAZ
Redirected at Dashboard screen.</StdOut>
      </Output>
    </UnitTestResult>
    <UnitTestResult executionId="2a7bfe91-cf8b-474d-bbb5-4dc297c64b4a" testId="200f2942-fcb9-6450-a389-794592e9b5cc" testName="deleteOfficeNewSkin" computerName="USER-PC" duration="00:01:42.0562036" startTime="2015-08-16T12:49:09.6631628+05:30" endTime="2015-08-16T12:50:51.7220002+05:30" testType="13cdc9d9-ddb5-4fa4-a97d-d965ccfc6d4b" outcome="Passed" testListId="8c84fa94-04c1-424b-9868-57a2d4851a1d" relativeResultsDirectory="2a7bfe91-cf8b-474d-bbb5-4dc297c64b4a">
      <Output>
        <StdOut>Logged in as: selcorp / seWelcome2
Redirected at Dashboard screen.</StdOut>
      </Output>
    </UnitTestResult>
    <UnitTestResult executionId="856b8298-d58c-47c6-a0d0-feaf4bea0274" testId="e583e817-da39-b6e3-11da-6d2a55a549de" testName="deletePDFTemplate" computerName="USER-PC" duration="00:01:02.3739583" startTime="2015-08-16T12:50:51.7220002+05:30" endTime="2015-08-16T12:51:54.0975679+05:30" testType="13cdc9d9-ddb5-4fa4-a97d-d965ccfc6d4b" outcome="Passed" testListId="8c84fa94-04c1-424b-9868-57a2d4851a1d" relativeResultsDirectory="856b8298-d58c-47c6-a0d0-feaf4bea0274">
      <Output>
        <StdOut>Logged in as: AslamKhan / 1qaz!QAZ
Redirected at Dashboard screen.</StdOut>
      </Output>
    </UnitTestResult>
    <UnitTestResult executionId="61699a33-d78b-4769-89a4-58d0f32d5894" testId="35bd9b17-2e60-aab0-1b76-88768e271b9f" testName="deletePDFTemplateCorp" computerName="USER-PC" duration="00:00:55.4787532" startTime="2015-08-16T12:51:54.0975679+05:30" endTime="2015-08-16T12:52:49.5777412+05:30" testType="13cdc9d9-ddb5-4fa4-a97d-d965ccfc6d4b" outcome="Passed" testListId="8c84fa94-04c1-424b-9868-57a2d4851a1d" relativeResultsDirectory="61699a33-d78b-4769-89a4-58d0f32d5894">
      <Output>
        <StdOut>Logged in as: selcorp / seWelcome2
Redirected at Dashboard screen.</StdOut>
      </Output>
    </UnitTestResult>
    <UnitTestResult executionId="17ab2233-e0e3-47e3-a6aa-ff6c71c46108" testId="a8654672-39e6-9749-e64f-f336ca308b0d" testName="deleteProductAdmin" computerName="USER-PC" duration="00:00:57.5286014" startTime="2015-08-16T12:52:49.5777412+05:30" endTime="2015-08-16T12:53:47.1080318+05:30" testType="13cdc9d9-ddb5-4fa4-a97d-d965ccfc6d4b" outcome="Passed" testListId="8c84fa94-04c1-424b-9868-57a2d4851a1d" relativeResultsDirectory="17ab2233-e0e3-47e3-a6aa-ff6c71c46108">
      <Output>
        <StdOut>Logged in as: AslamKhan / 1qaz!QAZ
Redirected at Dashboard screen.</StdOut>
      </Output>
    </UnitTestResult>
    <UnitTestResult executionId="35c24690-d92e-4a9e-90e0-baaafd192778" testId="4330d98c-49e0-3371-760a-38d2e071aec5" testName="deleteSaleAgentCodeAndRevenueShare" computerName="USER-PC" duration="00:00:48.4005009" startTime="2015-08-16T12:53:47.1080318+05:30" endTime="2015-08-16T12:54:35.5098002+05:30" testType="13cdc9d9-ddb5-4fa4-a97d-d965ccfc6d4b" outcome="Passed" testListId="8c84fa94-04c1-424b-9868-57a2d4851a1d" relativeResultsDirectory="35c24690-d92e-4a9e-90e0-baaafd192778">
      <Output>
        <StdOut>Logged in as: AslamKhan / 1qaz!QAZ
Redirected at Dashboard screen.</StdOut>
      </Output>
    </UnitTestResult>
    <UnitTestResult executionId="63d80536-eb31-4c75-9043-3a2599eb9845" testId="b35b0d71-79da-bc60-f850-98a6f43dde34" testName="editClientNewSkin" computerName="USER-PC" duration="00:01:15.5007431" startTime="2015-08-16T12:54:35.5098002+05:30" endTime="2015-08-16T12:55:51.0121187+05:30" testType="13cdc9d9-ddb5-4fa4-a97d-d965ccfc6d4b" outcome="Passed" testListId="8c84fa94-04c1-424b-9868-57a2d4851a1d" relativeResultsDirectory="63d80536-eb31-4c75-9043-3a2599eb9845">
      <Output>
        <StdOut>Logged in as: AslamKhan / 1qaz!QAZ
Redirected at Dashboard screen.</StdOut>
      </Output>
    </UnitTestResult>
    <UnitTestResult executionId="2f6f1d5c-8761-480c-98a8-ef17009eaee1" testId="c3017713-9611-9ede-6da7-88b946a87296" testName="editCorpEmployee" computerName="USER-PC" duration="00:00:36.6692008" startTime="2015-08-16T12:55:51.0131187+05:30" endTime="2015-08-16T12:56:27.6832161+05:30" testType="13cdc9d9-ddb5-4fa4-a97d-d965ccfc6d4b" outcome="Passed" testListId="8c84fa94-04c1-424b-9868-57a2d4851a1d" relativeResultsDirectory="2f6f1d5c-8761-480c-98a8-ef17009eaee1">
      <Output>
        <StdOut>Logged in as: selcorp / seWelcome2
Redirected at Dashboard screen.</StdOut>
      </Output>
    </UnitTestResult>
    <UnitTestResult executionId="bd342f98-0256-42ef-92cc-919941119178" testId="74866589-49d4-14a2-ab66-e67497887a93" testName="editMyProfile" computerName="USER-PC" duration="00:00:27.2515673" startTime="2015-08-16T12:56:27.6832161+05:30" endTime="2015-08-16T12:56:54.9357749+05:30" testType="13cdc9d9-ddb5-4fa4-a97d-d965ccfc6d4b" outcome="Failed" testListId="8c84fa94-04c1-424b-9868-57a2d4851a1d" relativeResultsDirectory="bd342f98-0256-42ef-92cc-919941119178">
      <Output>
        <StdOut>Logged in as: AslamKhan / 1qaz!QAZ
Redirected at Dashboard screen.</StdOut>
        <ErrorInfo>
          <Message>Test method PegasusTests.Scripts.ClientsTests.EditMyProfile.editMyProfile threw exception: 
OpenQA.Selenium.NoSuchElementException: Cannot locate option with value: NU</Message>
          <StackTrace>    at OpenQA.Selenium.Support.UI.SelectElement.SelectByValue(String value)
   at PegasusTests.PageHelper.Comm.DriverHelper.SelectDropDown(String locator, String targetValue) in e:\Pegasus_Project\Pegasus_New_Skin\Pegasus_New_skin\Pegasus_New_skin\PageHelper\Comm\DriverHelper.cs:line 257
   at PegasusTests.PageHelper.ClientHelperNewSkin.Select(String xmlNode, String value) in e:\Pegasus_Project\Pegasus_New_Skin\Pegasus_New_skin\Pegasus_New_skin\PageHelper\ClientHelperNewSkin.cs:line 53
   at PegasusTests.Scripts.ClientsTests.EditMyProfile.editMyProfile() in e:\Pegasus_Project\Pegasus_New_Skin\Pegasus_New_skin\Pegasus_New_skin\Scripts\NewSkinTaskJira\EditMyProfile.cs:line 52
</StackTrace>
        </ErrorInfo>
      </Output>
    </UnitTestResult>
    <UnitTestResult executionId="c9048b40-1da7-4146-b508-fa3f1153bc5c" testId="05d21f98-f89f-abe0-e652-2467ebe62129" testName="editOmahaAuthGripAdmin" computerName="USER-PC" duration="00:00:45.3419721" startTime="2015-08-16T12:56:54.9357749+05:30" endTime="2015-08-16T12:57:40.2793684+05:30" testType="13cdc9d9-ddb5-4fa4-a97d-d965ccfc6d4b" outcome="Passed" testListId="8c84fa94-04c1-424b-9868-57a2d4851a1d" relativeResultsDirectory="c9048b40-1da7-4146-b508-fa3f1153bc5c">
      <Output>
        <StdOut>Logged in as: AslamKhan / 1qaz!QAZ
Redirected at Dashboard screen.</StdOut>
      </Output>
    </UnitTestResult>
    <UnitTestResult executionId="20d82e13-c582-4053-94f0-df7680aa6c6a" testId="cb11f649-10e0-17c6-1b6c-ace3cef76252" testName="editPartnerAgentNewSkin" computerName="USER-PC" duration="00:00:38.4397271" startTime="2015-08-16T12:57:40.2793684+05:30" endTime="2015-08-16T12:58:18.7195670+05:30" testType="13cdc9d9-ddb5-4fa4-a97d-d965ccfc6d4b" outcome="Passed" testListId="8c84fa94-04c1-424b-9868-57a2d4851a1d" relativeResultsDirectory="20d82e13-c582-4053-94f0-df7680aa6c6a">
      <Output>
        <StdOut>Logged in as: AslamKhan / 1qaz!QAZ
Redirected at Dashboard screen.</StdOut>
      </Output>
    </UnitTestResult>
    <UnitTestResult executionId="3fc881ca-3709-45d8-afc1-43b1fcc84710" testId="275dbb9b-c414-2a37-4ac4-666d31fe13d2" testName="editPDFTemplateNewSkin" computerName="USER-PC" duration="00:00:55.0335722" startTime="2015-08-16T12:58:18.7205671+05:30" endTime="2015-08-16T12:59:13.7547149+05:30" testType="13cdc9d9-ddb5-4fa4-a97d-d965ccfc6d4b" outcome="Passed" testListId="8c84fa94-04c1-424b-9868-57a2d4851a1d" relativeResultsDirectory="3fc881ca-3709-45d8-afc1-43b1fcc84710">
      <Output>
        <StdOut>Logged in as: AslamKhan / 1qaz!QAZ
Redirected at Dashboard screen.</StdOut>
      </Output>
    </UnitTestResult>
    <UnitTestResult executionId="dff91234-7a41-44c1-8072-2841d811222d" testId="ccb9ec67-8114-383e-dd53-cd95c6cb6f85" testName="editProductCategoryAdmin" computerName="USER-PC" duration="00:00:51.3261301" startTime="2015-08-16T12:59:13.7547149+05:30" endTime="2015-08-16T13:00:05.0826507+05:30" testType="13cdc9d9-ddb5-4fa4-a97d-d965ccfc6d4b" outcome="Passed" testListId="8c84fa94-04c1-424b-9868-57a2d4851a1d" relativeResultsDirectory="dff91234-7a41-44c1-8072-2841d811222d">
      <Output>
        <StdOut>Logged in as: AslamKhan / 1qaz!QAZ
Redirected at Dashboard screen.</StdOut>
      </Output>
    </UnitTestResult>
    <UnitTestResult executionId="87d53b1b-93c0-4fa4-8952-0353e8eee426" testId="528af298-d3f3-512b-de3c-5acccc360e09" testName="editThemeAdmin" computerName="USER-PC" duration="00:00:44.1810761" startTime="2015-08-16T13:00:05.0826507+05:30" endTime="2015-08-16T13:00:49.2651778+05:30" testType="13cdc9d9-ddb5-4fa4-a97d-d965ccfc6d4b" outcome="Passed" testListId="8c84fa94-04c1-424b-9868-57a2d4851a1d" relativeResultsDirectory="87d53b1b-93c0-4fa4-8952-0353e8eee426">
      <Output>
        <StdOut>Logged in as: AslamKhan / 1qaz!QAZ
Redirected at Dashboard screen.</StdOut>
      </Output>
    </UnitTestResult>
    <UnitTestResult executionId="6b32e76a-8858-4320-8514-a8b0b3391ce4" testId="5e9fd44a-6de8-5ecb-2a69-3a2f704dfe51" testName="emailNoteWithRelatedTo" computerName="USER-PC" duration="00:00:49.4806589" startTime="2015-08-16T13:00:49.2651778+05:30" endTime="2015-08-16T13:01:38.7470080+05:30" testType="13cdc9d9-ddb5-4fa4-a97d-d965ccfc6d4b" outcome="Failed" testListId="8c84fa94-04c1-424b-9868-57a2d4851a1d" relativeResultsDirectory="6b32e76a-8858-4320-8514-a8b0b3391ce4">
      <Output>
        <StdOut>Logged in as: AslamKhan / 1qaz!QAZ
Redirected at Dashboard screen.</StdOut>
        <ErrorInfo>
          <Message>Assert.IsTrue failed. </Message>
          <StackTrace>   at PegasusTests.PageHelper.Comm.DriverHelper.SelectDropDownByText(String locator, String targetText) in e:\Pegasus_Project\Pegasus_New_Skin\Pegasus_New_skin\Pegasus_New_skin\PageHelper\Comm\DriverHelper.cs:line 342
   at PegasusTests.Scripts.ClientsTests.EmailNoteWithRelatedTo.emailNoteWithRelatedTo() in e:\Pegasus_Project\Pegasus_New_Skin\Pegasus_New_skin\Pegasus_New_skin\Scripts\NewSkinTaskJira\EmailNoteWithRelatedTo.cs:line 57
</StackTrace>
        </ErrorInfo>
      </Output>
    </UnitTestResult>
    <UnitTestResult executionId="565e89af-414e-4b0d-9e38-647a01aeb970" testId="1d16aae0-8198-ec8a-c721-304e80d93e2d" testName="employeeAgentNS" computerName="USER-PC" duration="00:00:36.7332888" startTime="2015-08-16T13:01:38.7470080+05:30" endTime="2015-08-16T13:02:15.4811090+05:30" testType="13cdc9d9-ddb5-4fa4-a97d-d965ccfc6d4b" outcome="Passed" testListId="8c84fa94-04c1-424b-9868-57a2d4851a1d" relativeResultsDirectory="565e89af-414e-4b0d-9e38-647a01aeb970">
      <Output>
        <StdOut>Logged in as: AslamKhan / 1qaz!QAZ
Redirected at Dashboard screen.</StdOut>
      </Output>
    </UnitTestResult>
    <UnitTestResult executionId="c94579c2-b0f9-458a-acbd-fd3df919cd77" testId="2d867b65-2495-6b00-2ae5-923647083fe8" testName="employeeVerifyCanadaCountryCorp" computerName="USER-PC" duration="00:00:26.0971585" startTime="2015-08-16T13:02:15.4821091+05:30" endTime="2015-08-16T13:02:41.5796018+05:30" testType="13cdc9d9-ddb5-4fa4-a97d-d965ccfc6d4b" outcome="Passed" testListId="8c84fa94-04c1-424b-9868-57a2d4851a1d" relativeResultsDirectory="c94579c2-b0f9-458a-acbd-fd3df919cd77">
      <Output>
        <StdOut>Logged in as: selcorp / seWelcome2
Redirected at Dashboard screen.</StdOut>
      </Output>
    </UnitTestResult>
    <UnitTestResult executionId="cf667f47-1096-462d-9ed7-375351201fbf" testId="bd289e18-0aba-e287-4d47-1eabbb271e4b" testName="equipentblankValidation" computerName="USER-PC" duration="00:00:33.7033173" startTime="2015-08-16T13:02:41.5796018+05:30" endTime="2015-08-16T13:03:15.2845296+05:30" testType="13cdc9d9-ddb5-4fa4-a97d-d965ccfc6d4b" outcome="Passed" testListId="8c84fa94-04c1-424b-9868-57a2d4851a1d" relativeResultsDirectory="cf667f47-1096-462d-9ed7-375351201fbf">
      <Output>
        <StdOut>Logged in as: AslamKhan / 1qaz!QAZ
Redirected at Dashboard screen.</StdOut>
      </Output>
    </UnitTestResult>
    <UnitTestResult executionId="920dd6dc-bc2a-473d-bc00-14c1f9cbc7af" testId="617ba706-c096-7a9b-9f69-68b594e3c13f" testName="exportError" computerName="USER-PC" duration="00:00:23.4092216" startTime="2015-08-16T13:03:15.2845296+05:30" endTime="2015-08-16T13:03:38.6938685+05:30" testType="13cdc9d9-ddb5-4fa4-a97d-d965ccfc6d4b" outcome="Passed" testListId="8c84fa94-04c1-424b-9868-57a2d4851a1d" relativeResultsDirectory="920dd6dc-bc2a-473d-bc00-14c1f9cbc7af">
      <Output>
        <StdOut>Logged in as: AslamKhan / 1qaz!QAZ
Redirected at Dashboard screen.</StdOut>
      </Output>
    </UnitTestResult>
    <UnitTestResult executionId="cd295494-461b-48d1-b0ea-ef6fd17339ff" testId="c78982a8-9ced-9c62-9dd6-9a989909b857" testName="exportingResidualIncomePayoutsReport" computerName="USER-PC" duration="00:00:47.5456951" startTime="2015-08-16T13:03:38.6948686+05:30" endTime="2015-08-16T13:04:26.2415881+05:30" testType="13cdc9d9-ddb5-4fa4-a97d-d965ccfc6d4b" outcome="Passed" testListId="8c84fa94-04c1-424b-9868-57a2d4851a1d" relativeResultsDirectory="cd295494-461b-48d1-b0ea-ef6fd17339ff">
      <Output>
        <StdOut>Logged in as: selcorp / seWelcome2
Redirected at Dashboard screen.
user
Size  = 5480</StdOut>
      </Output>
    </UnitTestResult>
    <UnitTestResult executionId="d29efb8c-d1b6-4cc7-a4b1-75208ff8298c" testId="eb628fe0-b168-762d-b5ad-d893b9241ceb" testName="fDNRequirement" computerName="USER-PC" duration="00:00:23.1347335" startTime="2015-08-16T13:04:26.2415881+05:30" endTime="2015-08-16T13:04:49.3769114+05:30" testType="13cdc9d9-ddb5-4fa4-a97d-d965ccfc6d4b" outcome="Passed" testListId="8c84fa94-04c1-424b-9868-57a2d4851a1d" relativeResultsDirectory="d29efb8c-d1b6-4cc7-a4b1-75208ff8298c">
      <Output>
        <StdOut>Logged in as: selcorp / seWelcome2</StdOut>
      </Output>
    </UnitTestResult>
    <UnitTestResult executionId="f3f10ad6-b45f-4ad1-be21-35529842e6c0" testId="cbbc705f-8d77-730b-c90f-840ea85ce6b5" testName="fieldDictionaryFields" computerName="USER-PC" duration="00:00:30.8859479" startTime="2015-08-16T13:04:49.3769114+05:30" endTime="2015-08-16T13:05:20.2646780+05:30" testType="13cdc9d9-ddb5-4fa4-a97d-d965ccfc6d4b" outcome="Passed" testListId="8c84fa94-04c1-424b-9868-57a2d4851a1d" relativeResultsDirectory="f3f10ad6-b45f-4ad1-be21-35529842e6c0">
      <Output>
        <StdOut>Logged in as: AslamKhan / 1qaz!QAZ
Redirected at Dashboard screen.</StdOut>
      </Output>
    </UnitTestResult>
    <UnitTestResult executionId="3f07086a-85ce-4e26-9f31-168df6c9d6e0" testId="edef04bd-a724-831a-e61e-253a00794a31" testName="fieldDictionarySection" computerName="USER-PC" duration="00:00:28.2992249" startTime="2015-08-16T13:05:20.2646780+05:30" endTime="2015-08-16T13:05:48.5642967+05:30" testType="13cdc9d9-ddb5-4fa4-a97d-d965ccfc6d4b" outcome="Passed" testListId="8c84fa94-04c1-424b-9868-57a2d4851a1d" relativeResultsDirectory="3f07086a-85ce-4e26-9f31-168df6c9d6e0">
      <Output>
        <StdOut>Logged in as: AslamKhan / 1qaz!QAZ
Redirected at Dashboard screen.</StdOut>
      </Output>
    </UnitTestResult>
    <UnitTestResult executionId="327db5ca-a7f1-4917-bafc-06fc75b9a1c0" testId="2d253a23-3463-fd76-6ddd-236d53ba488c" testName="fieldDisError" computerName="USER-PC" duration="00:00:42.0843123" startTime="2015-08-16T13:05:48.5642967+05:30" endTime="2015-08-16T13:06:30.6497038+05:30" testType="13cdc9d9-ddb5-4fa4-a97d-d965ccfc6d4b" outcome="Passed" testListId="8c84fa94-04c1-424b-9868-57a2d4851a1d" relativeResultsDirectory="327db5ca-a7f1-4917-bafc-06fc75b9a1c0">
      <Output>
        <StdOut>Logged in as: AslamKhan / 1qaz!QAZ
Redirected at Dashboard screen.</StdOut>
      </Output>
    </UnitTestResult>
    <UnitTestResult executionId="31bd4ca5-c98f-4e28-aa3e-62adc9d4d4f2" testId="43feec16-716a-52d5-64d7-9505552411d8" testName="filterIssue" computerName="USER-PC" duration="00:00:26.6875203" startTime="2015-08-16T13:06:30.6507039+05:30" endTime="2015-08-16T13:06:57.3392304+05:30" testType="13cdc9d9-ddb5-4fa4-a97d-d965ccfc6d4b" outcome="Passed" testListId="8c84fa94-04c1-424b-9868-57a2d4851a1d" relativeResultsDirectory="31bd4ca5-c98f-4e28-aa3e-62adc9d4d4f2">
      <Output>
        <StdOut>Logged in as: AslamKhan / 1qaz!QAZ
Redirected at Dashboard screen.</StdOut>
      </Output>
    </UnitTestResult>
    <UnitTestResult executionId="671a555b-cffa-4828-b6a1-ab94c25f4c23" testId="c764d31d-6d2c-1690-06ba-3a8dbe6f5506" testName="getDeafultRatesAndFeesClient" computerName="USER-PC" duration="00:00:54.9132624" startTime="2015-08-16T13:06:57.3392304+05:30" endTime="2015-08-16T13:07:52.2533713+05:30" testType="13cdc9d9-ddb5-4fa4-a97d-d965ccfc6d4b" outcome="Passed" testListId="8c84fa94-04c1-424b-9868-57a2d4851a1d" relativeResultsDirectory="671a555b-cffa-4828-b6a1-ab94c25f4c23">
      <Output>
        <StdOut>Logged in as: AslamKhan / 1qaz!QAZ
Redirected at Dashboard screen.</StdOut>
      </Output>
    </UnitTestResult>
    <UnitTestResult executionId="1206a2a1-a6f5-47fc-a18f-8fedbb56d6d1" testId="7a0c99c6-dfd6-0b05-cb02-fd3f5421c817" testName="getDeafultRatesAndFeesLead" computerName="USER-PC" duration="00:01:00.6690850" startTime="2015-08-16T13:07:52.2533713+05:30" endTime="2015-08-16T13:08:52.9238415+05:30" testType="13cdc9d9-ddb5-4fa4-a97d-d965ccfc6d4b" outcome="Passed" testListId="8c84fa94-04c1-424b-9868-57a2d4851a1d" relativeResultsDirectory="1206a2a1-a6f5-47fc-a18f-8fedbb56d6d1">
      <Output>
        <StdOut>Logged in as: AslamKhan / 1qaz!QAZ
Redirected at Dashboard screen.</StdOut>
      </Output>
    </UnitTestResult>
    <UnitTestResult executionId="729cc6f4-a63c-4eed-8cbc-f4493c2338b5" testId="63e6ddf6-6d47-635b-8f55-cfa38bba6a58" testName="integrationCodeAPICancel" computerName="USER-PC" duration="00:00:33.1913014" startTime="2015-08-16T13:08:52.9248415+05:30" endTime="2015-08-16T13:09:26.1167400+05:30" testType="13cdc9d9-ddb5-4fa4-a97d-d965ccfc6d4b" outcome="Passed" testListId="8c84fa94-04c1-424b-9868-57a2d4851a1d" relativeResultsDirectory="729cc6f4-a63c-4eed-8cbc-f4493c2338b5">
      <Output>
        <StdOut>Logged in as: AslamKhan / 1qaz!QAZ
Redirected at Dashboard screen.</StdOut>
      </Output>
    </UnitTestResult>
    <UnitTestResult executionId="e528055f-f167-4075-8723-a74d974778fd" testId="179132fd-5ba3-26e4-cb9f-a1490311c68a" testName="languageNameValidation" computerName="USER-PC" duration="00:00:31.9401639" startTime="2015-08-16T13:09:26.1167400+05:30" endTime="2015-08-16T13:09:58.0585670+05:30" testType="13cdc9d9-ddb5-4fa4-a97d-d965ccfc6d4b" outcome="Passed" testListId="8c84fa94-04c1-424b-9868-57a2d4851a1d" relativeResultsDirectory="e528055f-f167-4075-8723-a74d974778fd">
      <Output>
        <StdOut>Logged in as: selcorp / seWelcome2</StdOut>
      </Output>
    </UnitTestResult>
    <UnitTestResult executionId="823b74ae-78a3-4296-8b4e-bd6250788204" testId="8eefc766-a448-61a7-bf35-498604dbd956" testName="lastActivityBy" computerName="USER-PC" duration="00:00:29.1617380" startTime="2015-08-16T13:09:58.0585670+05:30" endTime="2015-08-16T13:10:27.2212350+05:30" testType="13cdc9d9-ddb5-4fa4-a97d-d965ccfc6d4b" outcome="Passed" testListId="8c84fa94-04c1-424b-9868-57a2d4851a1d" relativeResultsDirectory="823b74ae-78a3-4296-8b4e-bd6250788204">
      <Output>
        <StdOut>Logged in as: AslamKhan / 1qaz!QAZ
Redirected at Dashboard screen.</StdOut>
      </Output>
    </UnitTestResult>
    <UnitTestResult executionId="35aabc11-dde8-41ad-b5db-00e8379f20ef" testId="1fbab88a-a951-0930-398b-46e59a881ed9" testName="lastLoginTime" computerName="USER-PC" duration="00:02:33.9848606" startTime="2015-08-16T13:10:27.2212350+05:30" endTime="2015-08-16T13:13:01.2090426+05:30" testType="13cdc9d9-ddb5-4fa4-a97d-d965ccfc6d4b" outcome="Passed" testListId="8c84fa94-04c1-424b-9868-57a2d4851a1d" relativeResultsDirectory="35aabc11-dde8-41ad-b5db-00e8379f20ef">
      <Output>
        <StdOut>Logged in as: AslamKhan / 1qaz!QAZ
Redirected at Dashboard screen.</StdOut>
      </Output>
    </UnitTestResult>
    <UnitTestResult executionId="0280b9d2-37b2-47f1-b851-4fed7cc1b7db" testId="67130848-8d29-fb6b-b278-4525f9656177" testName="LoginWithoutCredentials" computerName="USER-PC" duration="00:00:11.6382009" startTime="2015-08-16T13:13:01.2090426+05:30" endTime="2015-08-16T13:13:12.8477083+05:30" testType="13cdc9d9-ddb5-4fa4-a97d-d965ccfc6d4b" outcome="Passed" testListId="8c84fa94-04c1-424b-9868-57a2d4851a1d" relativeResultsDirectory="0280b9d2-37b2-47f1-b851-4fed7cc1b7db">
      <Output>
        <StdOut>Logged in as:  /</StdOut>
      </Output>
    </UnitTestResult>
    <UnitTestResult executionId="58e1f031-a4c2-407f-9062-929486896db4" testId="dc1b77c4-a079-b195-44dd-9a09327e84a4" testName="loginWithInvalidPassword" computerName="USER-PC" duration="00:00:12.2969026" startTime="2015-08-16T13:13:12.8487083+05:30" endTime="2015-08-16T13:13:25.1454116+05:30" testType="13cdc9d9-ddb5-4fa4-a97d-d965ccfc6d4b" outcome="Passed" testListId="8c84fa94-04c1-424b-9868-57a2d4851a1d" relativeResultsDirectory="58e1f031-a4c2-407f-9062-929486896db4">
      <Output>
        <StdOut>Logged in as: AslamKhan / 123456</StdOut>
      </Output>
    </UnitTestResult>
    <UnitTestResult executionId="e99c0824-6f90-4ce8-9421-0f95eb30a4e7" testId="de165dae-914e-4422-2822-24f4c70bda69" testName="loginWithValidCredentials" computerName="USER-PC" duration="00:00:18.0893341" startTime="2015-08-16T13:13:25.1454116+05:30" endTime="2015-08-16T13:13:43.2354463+05:30" testType="13cdc9d9-ddb5-4fa4-a97d-d965ccfc6d4b" outcome="Passed" testListId="8c84fa94-04c1-424b-9868-57a2d4851a1d" relativeResultsDirectory="e99c0824-6f90-4ce8-9421-0f95eb30a4e7">
      <Output>
        <StdOut>Logged in as: AslamKhan / 1qaz!QAZ</StdOut>
      </Output>
    </UnitTestResult>
    <UnitTestResult executionId="dd64bb68-4701-4f21-b04d-37e295bd3d8e" testId="00f9cdc5-9889-d926-0bad-11b23b236c3f" testName="loginError1" computerName="USER-PC" duration="00:00:17.9099813" startTime="2015-08-16T13:13:43.2354463+05:30" endTime="2015-08-16T13:14:01.1464708+05:30" testType="13cdc9d9-ddb5-4fa4-a97d-d965ccfc6d4b" outcome="Passed" testListId="8c84fa94-04c1-424b-9868-57a2d4851a1d" relativeResultsDirectory="dd64bb68-4701-4f21-b04d-37e295bd3d8e" />
    <UnitTestResult executionId="864fd13d-15bf-4014-9bb7-180f14b6a44b" testId="782feb05-67fd-7632-1e20-28560561ac30" testName="loginError2" computerName="USER-PC" duration="00:00:12.8157456" startTime="2015-08-16T13:14:01.1464708+05:30" endTime="2015-08-16T13:14:13.9632039+05:30" testType="13cdc9d9-ddb5-4fa4-a97d-d965ccfc6d4b" outcome="Passed" testListId="8c84fa94-04c1-424b-9868-57a2d4851a1d" relativeResultsDirectory="864fd13d-15bf-4014-9bb7-180f14b6a44b" />
    <UnitTestResult executionId="6f920b1e-6ec7-4fee-a738-820d95ee41a3" testId="61a86122-7f41-1b3b-0dce-a572a35bb1f0" testName="makeStatusActivePDFTemplate" computerName="USER-PC" duration="00:00:49.4408848" startTime="2015-08-16T13:14:13.9632039+05:30" endTime="2015-08-16T13:15:03.4060318+05:30" testType="13cdc9d9-ddb5-4fa4-a97d-d965ccfc6d4b" outcome="Passed" testListId="8c84fa94-04c1-424b-9868-57a2d4851a1d" relativeResultsDirectory="6f920b1e-6ec7-4fee-a738-820d95ee41a3">
      <Output>
        <StdOut>Logged in as: AslamKhan / 1qaz!QAZ
Redirected at Dashboard screen.</StdOut>
      </Output>
    </UnitTestResult>
    <UnitTestResult executionId="e513390c-ece9-4cb1-9ca1-eace1db9f356" testId="5f6db988-9e27-99df-78d0-9401cb72dead" testName="makeStatusActivePDFTemplateCorp" computerName="USER-PC" duration="00:00:41.0744602" startTime="2015-08-16T13:15:03.4060318+05:30" endTime="2015-08-16T13:15:44.4813812+05:30" testType="13cdc9d9-ddb5-4fa4-a97d-d965ccfc6d4b" outcome="Failed" testListId="8c84fa94-04c1-424b-9868-57a2d4851a1d" relativeResultsDirectory="e513390c-ece9-4cb1-9ca1-eace1db9f356">
      <Output>
        <StdOut>Logged in as: selcorp / seWelcome2
Redirected at Dashboard screen.</StdOut>
        <ErrorInfo>
          <Message>Assert.IsTrue failed. Text String: PDF Template Updated Successfully.Not Found.</Message>
          <StackTrace>   at PegasusTests.PageHelper.Comm.DriverHelper.VerifyPageText(String text) in e:\Pegasus_Project\Pegasus_New_Skin\Pegasus_New_skin\Pegasus_New_skin\PageHelper\Comm\DriverHelper.cs:line 419
   at PegasusTests.Scripts.ClientsTests.MakeStatusActivePDFTemplateCorp.makeStatusActivePDFTemplateCorp() in e:\Pegasus_Project\Pegasus_New_Skin\Pegasus_New_skin\Pegasus_New_skin\Scripts\NewSkinTaskJira\MakeStatusActivePDFTemplateCorp.cs:line 72
</StackTrace>
        </ErrorInfo>
      </Output>
    </UnitTestResult>
    <UnitTestResult executionId="5f8f4938-1e0a-447c-a981-237e8248e978" testId="83503731-03a4-55ae-a1b7-209f2d17cf50" testName="makeStatusInactivePDFTemplate" computerName="USER-PC" duration="00:00:51.3798559" startTime="2015-08-16T13:15:44.4813812+05:30" endTime="2015-08-16T13:16:35.8633201+05:30" testType="13cdc9d9-ddb5-4fa4-a97d-d965ccfc6d4b" outcome="Passed" testListId="8c84fa94-04c1-424b-9868-57a2d4851a1d" relativeResultsDirectory="5f8f4938-1e0a-447c-a981-237e8248e978">
      <Output>
        <StdOut>Logged in as: AslamKhan / 1qaz!QAZ
Redirected at Dashboard screen.</StdOut>
      </Output>
    </UnitTestResult>
    <UnitTestResult executionId="18c135b8-cb33-4e3b-9a73-094e13e4f9df" testId="706f6464-cf6f-386b-654d-e1a1f4265be9" testName="makeStatusInActivePDFTemplateCorp" computerName="USER-PC" duration="00:00:41.6039058" startTime="2015-08-16T13:16:35.8633201+05:30" endTime="2015-08-16T13:17:17.4676997+05:30" testType="13cdc9d9-ddb5-4fa4-a97d-d965ccfc6d4b" outcome="Passed" testListId="8c84fa94-04c1-424b-9868-57a2d4851a1d" relativeResultsDirectory="18c135b8-cb33-4e3b-9a73-094e13e4f9df">
      <Output>
        <StdOut>Logged in as: selcorp / seWelcome2
Redirected at Dashboard screen.</StdOut>
      </Output>
    </UnitTestResult>
    <UnitTestResult executionId="c7d35276-1ae5-42fa-a0d2-c87869d0b7bd" testId="df466ade-c6d2-b9fa-f72f-9975d8f2b31c" testName="manageUser" computerName="USER-PC" duration="00:00:32.1988753" startTime="2015-08-16T13:17:17.4686998+05:30" endTime="2015-08-16T13:17:49.6705416+05:30" testType="13cdc9d9-ddb5-4fa4-a97d-d965ccfc6d4b" outcome="Passed" testListId="8c84fa94-04c1-424b-9868-57a2d4851a1d" relativeResultsDirectory="c7d35276-1ae5-42fa-a0d2-c87869d0b7bd">
      <Output>
        <StdOut>Logged in as: AslamKhan / 1qaz!QAZ
Redirected at Dashboard screen.</StdOut>
      </Output>
    </UnitTestResult>
    <UnitTestResult executionId="2540ced8-9db0-499b-8276-0b31f081362b" testId="a7bed229-25cb-7101-c7f8-ddc9844f1379" testName="masterDataProcessorPushToOfficeNewSkin" computerName="USER-PC" duration="00:01:14.0586146" startTime="2015-08-16T13:17:49.6705416+05:30" endTime="2015-08-16T13:19:03.7307776+05:30" testType="13cdc9d9-ddb5-4fa4-a97d-d965ccfc6d4b" outcome="Passed" testListId="8c84fa94-04c1-424b-9868-57a2d4851a1d" relativeResultsDirectory="2540ced8-9db0-499b-8276-0b31f081362b">
      <Output>
        <StdOut>Redirected at Dashboard screen.
Logged in as: AslamKhan / 1qaz!QAZ
Redirected at Dashboard screen.</StdOut>
      </Output>
    </UnitTestResult>
    <UnitTestResult executionId="b283577b-77e5-4c73-8cfb-79ec1fd522d9" testId="5e20d9b5-f0ad-1d62-4d91-96f6546f63a6" testName="merchantTabCorp" computerName="USER-PC" duration="00:00:25.1675168" startTime="2015-08-16T13:19:03.7307776+05:30" endTime="2015-08-16T13:19:28.8992172+05:30" testType="13cdc9d9-ddb5-4fa4-a97d-d965ccfc6d4b" outcome="Passed" testListId="8c84fa94-04c1-424b-9868-57a2d4851a1d" relativeResultsDirectory="b283577b-77e5-4c73-8cfb-79ec1fd522d9">
      <Output>
        <StdOut>Logged in as: selcorp / seWelcome2
Redirected at Dashboard screen.</StdOut>
      </Output>
    </UnitTestResult>
    <UnitTestResult executionId="aa5080aa-ce29-4ad4-a22e-7897ca7d8255" testId="13e5e39f-d3aa-aca5-fc9c-2a24f6007de4" testName="mouseOverTheButtonOpportunities" computerName="USER-PC" duration="00:00:40.5746892" startTime="2015-08-16T13:19:28.8992172+05:30" endTime="2015-08-16T13:20:09.4755380+05:30" testType="13cdc9d9-ddb5-4fa4-a97d-d965ccfc6d4b" outcome="Passed" testListId="8c84fa94-04c1-424b-9868-57a2d4851a1d" relativeResultsDirectory="aa5080aa-ce29-4ad4-a22e-7897ca7d8255">
      <Output>
        <StdOut>Logged in as: AslamKhan / 1qaz!QAZ
Redirected at Dashboard screen.</StdOut>
      </Output>
    </UnitTestResult>
    <UnitTestResult executionId="d7e7db8e-5000-477a-82f3-fdbb7eea4169" testId="5af9ade2-ea2c-04bc-ffae-7c8140d0bb14" testName="officeUserSkin" computerName="USER-PC" duration="00:01:02.3621981" startTime="2015-08-16T13:20:09.4755380+05:30" endTime="2015-08-16T13:21:11.8391050+05:30" testType="13cdc9d9-ddb5-4fa4-a97d-d965ccfc6d4b" outcome="Passed" testListId="8c84fa94-04c1-424b-9868-57a2d4851a1d" relativeResultsDirectory="d7e7db8e-5000-477a-82f3-fdbb7eea4169">
      <Output>
        <StdOut>Username = Office201508161320221792
Logged in as: selcorp / seWelcome2
Redirected at Dashboard screen.</StdOut>
      </Output>
    </UnitTestResult>
    <UnitTestResult executionId="fb79efae-ba95-4cf9-8a0b-6eb62eda878e" testId="eadda4a2-22ba-dbff-38a8-88770061fee4" testName="one000Added" computerName="USER-PC" duration="00:00:37.7400365" startTime="2015-08-16T13:21:11.8391050+05:30" endTime="2015-08-16T13:21:49.5802637+05:30" testType="13cdc9d9-ddb5-4fa4-a97d-d965ccfc6d4b" outcome="Passed" testListId="8c84fa94-04c1-424b-9868-57a2d4851a1d" relativeResultsDirectory="fb79efae-ba95-4cf9-8a0b-6eb62eda878e">
      <Output>
        <StdOut>Logged in as: AslamKhan / 1qaz!QAZ
Redirected at Dashboard screen.</StdOut>
      </Output>
    </UnitTestResult>
    <UnitTestResult executionId="e54f1c74-4ecc-4358-a49c-d688e1e59fd4" testId="f605c45e-87c0-dc86-8596-ae6c099891b8" testName="opportunititySubjectFiledValidateBlank" computerName="USER-PC" duration="00:00:42.1310476" startTime="2015-08-16T13:21:49.5812637+05:30" endTime="2015-08-16T13:22:31.7126735+05:30" testType="13cdc9d9-ddb5-4fa4-a97d-d965ccfc6d4b" outcome="Passed" testListId="8c84fa94-04c1-424b-9868-57a2d4851a1d" relativeResultsDirectory="e54f1c74-4ecc-4358-a49c-d688e1e59fd4">
      <Output>
        <StdOut>Logged in as: AslamKhan / 1qaz!QAZ
Redirected at Dashboard screen.</StdOut>
      </Output>
    </UnitTestResult>
    <UnitTestResult executionId="aa6d0f56-60b6-4f55-9c4f-be99e301d547" testId="28681467-a4d0-2974-d4e5-0c3c3a9c633e" testName="oppourtunitiesVerifyCanadaCountry" computerName="USER-PC" duration="00:00:36.9731308" startTime="2015-08-16T13:22:31.7136736+05:30" endTime="2015-08-16T13:23:08.6877884+05:30" testType="13cdc9d9-ddb5-4fa4-a97d-d965ccfc6d4b" outcome="Passed" testListId="8c84fa94-04c1-424b-9868-57a2d4851a1d" relativeResultsDirectory="aa6d0f56-60b6-4f55-9c4f-be99e301d547">
      <Output>
        <StdOut>Logged in as: AslamKhan / 1qaz!QAZ
Redirected at Dashboard screen.</StdOut>
      </Output>
    </UnitTestResult>
    <UnitTestResult executionId="15ab74bc-af0e-4063-bff1-a9b6d492c979" testId="d34b6683-bb07-58cf-b151-d6cadf33dd5a" testName="partnerAgentWithUserNewSkin" computerName="USER-PC" duration="00:00:44.5281131" startTime="2015-08-16T13:23:08.6877884+05:30" endTime="2015-08-16T13:23:53.2163352+05:30" testType="13cdc9d9-ddb5-4fa4-a97d-d965ccfc6d4b" outcome="Passed" testListId="8c84fa94-04c1-424b-9868-57a2d4851a1d" relativeResultsDirectory="15ab74bc-af0e-4063-bff1-a9b6d492c979">
      <Output>
        <StdOut>Logged in as: AslamKhan / 1qaz!QAZ
Redirected at Dashboard screen.</StdOut>
      </Output>
    </UnitTestResult>
    <UnitTestResult executionId="a08aa80c-427b-4cd0-bc7a-6195a4dacc64" testId="b71aa315-b78f-eef4-0694-b4f830ca4638" testName="pDFPackageWithRule" computerName="USER-PC" duration="00:00:58.6476307" startTime="2015-08-16T13:23:53.2173353+05:30" endTime="2015-08-16T13:24:51.8656898+05:30" testType="13cdc9d9-ddb5-4fa4-a97d-d965ccfc6d4b" outcome="Passed" testListId="8c84fa94-04c1-424b-9868-57a2d4851a1d" relativeResultsDirectory="a08aa80c-427b-4cd0-bc7a-6195a4dacc64">
      <Output>
        <StdOut>Logged in as: AslamKhan / 1qaz!QAZ
Redirected at Dashboard screen.</StdOut>
      </Output>
    </UnitTestResult>
    <UnitTestResult executionId="fae728f1-b207-48ed-b1c7-1fc7ca68e5e2" testId="01d587a3-54d4-4f55-fb46-d70116d3064b" testName="permanentlyDeleteDocumentNewSkin" computerName="USER-PC" duration="00:01:12.3603378" startTime="2015-08-16T13:24:51.8656898+05:30" endTime="2015-08-16T13:26:04.2278287+05:30" testType="13cdc9d9-ddb5-4fa4-a97d-d965ccfc6d4b" outcome="Passed" testListId="8c84fa94-04c1-424b-9868-57a2d4851a1d" relativeResultsDirectory="fae728f1-b207-48ed-b1c7-1fc7ca68e5e2">
      <Output>
        <StdOut>Logged in as: AslamKhan / 1qaz!QAZ
Redirected at Dashboard screen.</StdOut>
      </Output>
    </UnitTestResult>
    <UnitTestResult executionId="608d7452-8740-43b2-ba0d-ea25e64957d5" testId="77fc25e2-ec9d-2905-8293-8627f567792d" testName="permanentlyDeletePDFTemplate" computerName="USER-PC" duration="00:00:46.2163523" startTime="2015-08-16T13:26:04.2278287+05:30" endTime="2015-08-16T13:26:50.4454722+05:30" testType="13cdc9d9-ddb5-4fa4-a97d-d965ccfc6d4b" outcome="Failed" testListId="8c84fa94-04c1-424b-9868-57a2d4851a1d" relativeResultsDirectory="608d7452-8740-43b2-ba0d-ea25e64957d5">
      <Output>
        <StdOut>Logged in as: AslamKhan / 1qaz!QAZ
Redirected at Dashboard screen.</StdOut>
        <ErrorInfo>
          <Message>Test method PegasusTests.Scripts.ClientsTests.PermanentlyDeletePDFTemplate.permanentlyDeletePDFTemplate threw exception: 
OpenQA.Selenium.NoSuchElementException: Cannot locate option with value: 340</Message>
          <StackTrace>    at OpenQA.Selenium.Support.UI.SelectElement.SelectByValue(String value)
   at PegasusTests.PageHelper.Comm.DriverHelper.SelectDropDown(String locator, String targetValue) in e:\Pegasus_Project\Pegasus_New_Skin\Pegasus_New_skin\Pegasus_New_skin\PageHelper\Comm\DriverHelper.cs:line 257
   at PegasusTests.PageHelper.PDFTemplateAdminHelper.Select(String Field, String value) in e:\Pegasus_Project\Pegasus_New_Skin\Pegasus_New_skin\Pegasus_New_skin\PageHelper\PDFTemplateAdminHelper.cs:line 48
   at PegasusTests.Scripts.ClientsTests.PermanentlyDeletePDFTemplate.permanentlyDeletePDFTemplate() in e:\Pegasus_Project\Pegasus_New_Skin\Pegasus_New_skin\Pegasus_New_skin\Scripts\NewSkinTaskJira\PermanentlyDeletePDFTemplate.cs:line 69
</StackTrace>
        </ErrorInfo>
      </Output>
    </UnitTestResult>
    <UnitTestResult executionId="3512e91f-358e-48b7-b02e-6858116153c2" testId="af2876a4-fd94-b4f6-f658-3d4815f2f997" testName="permanentlyDeletePDFTemplateCorp" computerName="USER-PC" duration="00:00:31.8109272" startTime="2015-08-16T13:26:50.4454722+05:30" endTime="2015-08-16T13:27:22.2582918+05:30" testType="13cdc9d9-ddb5-4fa4-a97d-d965ccfc6d4b" outcome="Failed" testListId="8c84fa94-04c1-424b-9868-57a2d4851a1d" relativeResultsDirectory="3512e91f-358e-48b7-b02e-6858116153c2">
      <Output>
        <StdOut>Logged in as: selcorp / seWelcome2
Redirected at Dashboard screen.</StdOut>
        <ErrorInfo>
          <Message>Test method PegasusTests.Scripts.ClientsTests.PermanentlyDeletePDFTemplateCorp.permanentlyDeletePDFTemplateCorp threw exception: 
OpenQA.Selenium.NoSuchElementException: Cannot locate option with value: 49</Message>
          <StackTrace>    at OpenQA.Selenium.Support.UI.SelectElement.SelectByValue(String value)
   at PegasusTests.PageHelper.Comm.DriverHelper.SelectDropDown(String locator, String targetValue) in e:\Pegasus_Project\Pegasus_New_Skin\Pegasus_New_skin\Pegasus_New_skin\PageHelper\Comm\DriverHelper.cs:line 257
   at PegasusTests.PageHelper.PDFTemplateAdminHelper.Select(String Field, String value) in e:\Pegasus_Project\Pegasus_New_Skin\Pegasus_New_skin\Pegasus_New_skin\PageHelper\PDFTemplateAdminHelper.cs:line 48
   at PegasusTests.Scripts.ClientsTests.PermanentlyDeletePDFTemplateCorp.permanentlyDeletePDFTemplateCorp() in e:\Pegasus_Project\Pegasus_New_Skin\Pegasus_New_skin\Pegasus_New_skin\Scripts\NewSkinTaskJira\PermanentlyDeletePDFTemplateCorp.cs:line 63
</StackTrace>
        </ErrorInfo>
      </Output>
    </UnitTestResult>
    <UnitTestResult executionId="5b9932e8-ef0d-4414-a76d-9b301e34bc2c" testId="ef6fb460-d28a-fd98-c37f-f1af9aa2c839" testName="processorDeleteTypo" computerName="USER-PC" duration="00:00:22.2535728" startTime="2015-08-16T13:27:22.2582918+05:30" endTime="2015-08-16T13:27:44.5125646+05:30" testType="13cdc9d9-ddb5-4fa4-a97d-d965ccfc6d4b" outcome="Passed" testListId="8c84fa94-04c1-424b-9868-57a2d4851a1d" relativeResultsDirectory="5b9932e8-ef0d-4414-a76d-9b301e34bc2c">
      <Output>
        <StdOut>Logged in as: selcorp / seWelcome2
Alert Text  = Are you sure you want to delete this processor permanently?</StdOut>
      </Output>
    </UnitTestResult>
    <UnitTestResult executionId="dba63659-ca25-40d0-8dad-c8911bce80ae" testId="b6306e6c-8c6c-90f4-8797-ba802e71e571" testName="productIpage" computerName="USER-PC" duration="00:01:13.7081487" startTime="2015-08-16T13:27:44.5125646+05:30" endTime="2015-08-16T13:28:58.2217806+05:30" testType="13cdc9d9-ddb5-4fa4-a97d-d965ccfc6d4b" outcome="Passed" testListId="8c84fa94-04c1-424b-9868-57a2d4851a1d" relativeResultsDirectory="dba63659-ca25-40d0-8dad-c8911bce80ae">
      <Output>
        <StdOut>Logged in as: AslamKhan / 1qaz!QAZ
Redirected at Dashboard screen.</StdOut>
      </Output>
    </UnitTestResult>
    <UnitTestResult executionId="2144d9e2-d90e-4291-9254-a71ebd7eecae" testId="a8acc4ab-d299-0439-c67e-545042c55835" testName="profilePictureChange" computerName="USER-PC" duration="00:00:40.8967303" startTime="2015-08-16T13:28:58.2227806+05:30" endTime="2015-08-16T13:29:39.1201198+05:30" testType="13cdc9d9-ddb5-4fa4-a97d-d965ccfc6d4b" outcome="Passed" testListId="8c84fa94-04c1-424b-9868-57a2d4851a1d" relativeResultsDirectory="2144d9e2-d90e-4291-9254-a71ebd7eecae">
      <Output>
        <StdOut>Logged in as: AslamKhan / 1qaz!QAZ
Redirected at Dashboard screen.</StdOut>
      </Output>
    </UnitTestResult>
    <UnitTestResult executionId="f1efd589-f09b-4d19-b3a1-60b9e603e9e9" testId="b78827d8-091b-ecc5-bea1-9b48eb19c48d" testName="profileViewOfClientLeadAndOpportunities" computerName="USER-PC" duration="00:01:15.3500846" startTime="2015-08-16T13:29:39.1201198+05:30" endTime="2015-08-16T13:30:54.4724297+05:30" testType="13cdc9d9-ddb5-4fa4-a97d-d965ccfc6d4b" outcome="Failed" testListId="8c84fa94-04c1-424b-9868-57a2d4851a1d" relativeResultsDirectory="f1efd589-f09b-4d19-b3a1-60b9e603e9e9">
      <Output>
        <StdOut>Logged in as: AslamKhan / 1qaz!QAZ
Redirected at Dashboard screen.</StdOut>
        <ErrorInfo>
          <Message>Assert.IsTrue failed. </Message>
          <StackTrace>   at PegasusTests.PageHelper.Comm.DriverHelper.Click(String locator) in e:\Pegasus_Project\Pegasus_New_Skin\Pegasus_New_skin\Pegasus_New_skin\PageHelper\Comm\DriverHelper.cs:line 246
   at PegasusTests.PageHelper.ClientHelperNewSkin.ClickElement(String xmlNode) in e:\Pegasus_Project\Pegasus_New_Skin\Pegasus_New_skin\Pegasus_New_skin\PageHelper\ClientHelperNewSkin.cs:line 62
   at PegasusTests.Scripts.ClientsTests.ProfileViewOfClientLeadAndOpportunities.profileViewOfClientLeadAndOpportunities() in e:\Pegasus_Project\Pegasus_New_Skin\Pegasus_New_skin\Pegasus_New_skin\Scripts\NewSkinTaskJira\ProfileViewOfClientLeadAndOpportunities.cs:line 45
</StackTrace>
        </ErrorInfo>
      </Output>
    </UnitTestResult>
    <UnitTestResult executionId="bc82b62d-cb2f-49c7-a820-8d21efaef377" testId="98aa579b-67c4-4c42-27da-293ba5bde350" testName="rateAndFeesPushToOfficeBtn" computerName="USER-PC" duration="00:00:29.4519436" startTime="2015-08-16T13:30:54.4724297+05:30" endTime="2015-08-16T13:31:23.9251143+05:30" testType="13cdc9d9-ddb5-4fa4-a97d-d965ccfc6d4b" outcome="Passed" testListId="8c84fa94-04c1-424b-9868-57a2d4851a1d" relativeResultsDirectory="bc82b62d-cb2f-49c7-a820-8d21efaef377">
      <Output>
        <StdOut>Redirected at Dashboard screen.</StdOut>
      </Output>
    </UnitTestResult>
    <UnitTestResult executionId="ae195595-9b81-414a-a368-d888fb00502d" testId="502b6528-7298-650e-7265-0c19aa4aebac" testName="relpacePDFForPDFTemplate" computerName="USER-PC" duration="00:01:14.6574876" startTime="2015-08-16T13:31:23.9251143+05:30" endTime="2015-08-16T13:32:38.5683837+05:30" testType="13cdc9d9-ddb5-4fa4-a97d-d965ccfc6d4b" outcome="Failed" testListId="8c84fa94-04c1-424b-9868-57a2d4851a1d" relativeResultsDirectory="ae195595-9b81-414a-a368-d888fb00502d">
      <Output>
        <StdOut>Logged in as: AslamKhan / 1qaz!QAZ
Redirected at Dashboard screen.</StdOut>
        <ErrorInfo>
          <Message>Test method PegasusTests.Scripts.ClientsTests.RelpacePDFForPDFTemplate.relpacePDFForPDFTemplate threw exception: 
OpenQA.Selenium.NoAlertPresentException: no alert open
  (Session info: chrome=44.0.2403.155)
  (Driver info: chromedriver=2.14.313457 (3d645c400edf2e2c500566c9aa096063e707c9cf),platform=Windows NT 6.1 SP1 x86_64)</Message>
          <StackTrace>    at OpenQA.Selenium.Remote.RemoteWebDriver.UnpackAndThrowOnError(Response errorResponse)
   at OpenQA.Selenium.Remote.RemoteWebDriver.Execute(String driverCommandToExecute, Dictionary`2 parameters)
   at OpenQA.Selenium.Remote.RemoteTargetLocator.Alert()
   at PegasusTests.PageHelper.Comm.DriverHelper.AcceptAlert() in e:\Pegasus_Project\Pegasus_New_Skin\Pegasus_New_skin\Pegasus_New_skin\PageHelper\Comm\DriverHelper.cs:line 445
   at PegasusTests.Scripts.ClientsTests.RelpacePDFForPDFTemplate.relpacePDFForPDFTemplate() in e:\Pegasus_Project\Pegasus_New_Skin\Pegasus_New_skin\Pegasus_New_skin\Scripts\NewSkinTaskJira\RelpacePDFForPDFTemplate.cs:line 106
</StackTrace>
        </ErrorInfo>
      </Output>
    </UnitTestResult>
    <UnitTestResult executionId="86aaebd1-ff83-4a76-a47f-c738773a20a4" testId="50438204-9549-5f7f-cf49-02e23aee24c6" testName="rememberMeLoginPage" computerName="USER-PC" duration="00:00:44.4439345" startTime="2015-08-16T13:32:38.5683837+05:30" endTime="2015-08-16T13:33:23.0139258+05:30" testType="13cdc9d9-ddb5-4fa4-a97d-d965ccfc6d4b" outcome="Passed" testListId="8c84fa94-04c1-424b-9868-57a2d4851a1d" relativeResultsDirectory="86aaebd1-ff83-4a76-a47f-c738773a20a4" />
    <UnitTestResult executionId="37036beb-9c6b-4cff-8df3-59c106414ab2" testId="8851649a-f839-f479-0e9f-9da6fcc50910" testName="reportPDFBroken" computerName="USER-PC" duration="00:00:59.7852628" startTime="2015-08-16T13:33:23.0139258+05:30" endTime="2015-08-16T13:34:22.8003454+05:30" testType="13cdc9d9-ddb5-4fa4-a97d-d965ccfc6d4b" outcome="Failed" testListId="8c84fa94-04c1-424b-9868-57a2d4851a1d" relativeResultsDirectory="37036beb-9c6b-4cff-8df3-59c106414ab2">
      <Output>
        <StdOut>Logged in as: AslamKhan / 1qaz!QAZ
Redirected at Dashboard screen.</StdOut>
        <ErrorInfo>
          <Message>Assert.IsTrue failed. </Message>
          <StackTrace>   at PegasusTests.PageHelper.PartnerAgentHelperNewSkin.verifyElementPresent(String field) in e:\Pegasus_Project\Pegasus_New_Skin\Pegasus_New_skin\Pegasus_New_skin\PageHelper\PartnerAgentHelperNewSkin.cs:line 143
   at PegasusTests.Scripts.ClientsTests.ReportPDFBroken.reportPDFBroken() in e:\Pegasus_Project\Pegasus_New_Skin\Pegasus_New_skin\Pegasus_New_skin\Scripts\NewSkinTaskJira\ReportPDFBroken.cs:line 45
</StackTrace>
        </ErrorInfo>
      </Output>
    </UnitTestResult>
    <UnitTestResult executionId="e94aec40-767e-49df-92d1-85a3598ca897" testId="2d205931-2a51-4b5f-dc0b-64006696fee7" testName="residiualIcomeAgentPayoutExportToExcel" computerName="USER-PC" duration="00:00:55.3135015" startTime="2015-08-16T13:34:22.8003454+05:30" endTime="2015-08-16T13:35:18.1155092+05:30" testType="13cdc9d9-ddb5-4fa4-a97d-d965ccfc6d4b" outcome="Failed" testListId="8c84fa94-04c1-424b-9868-57a2d4851a1d" relativeResultsDirectory="e94aec40-767e-49df-92d1-85a3598ca897">
      <Output>
        <StdOut>Logged in as: AslamKhan / 1qaz!QAZ
Redirected at Dashboard screen.
user</StdOut>
        <ErrorInfo>
          <Message>Test method PegasusTests.Scripts.ClientsTests.ResidiualIcomeAgentPayoutExportToExcel.residiualIcomeAgentPayoutExportToExcel threw exception: 
System.Data.OleDb.OleDbException: External table is not in the expected format.</Message>
          <StackTrace>    at System.Data.OleDb.OleDbConnectionInternal..ctor(OleDbConnectionString constr, OleDbConnection connection)
   at System.Data.OleDb.OleDbConnectionFactory.CreateConnection(DbConnectionOptions options, DbConnectionPoolKey poolKey, Object poolGroupProviderInfo, DbConnectionPool pool, DbConnection owningObject)
   at System.Data.ProviderBase.DbConnectionFactory.CreateConnection(DbConnectionOptions options, DbConnectionPoolKey poolKey, Object poolGroupProviderInfo, DbConnectionPool pool, DbConnection owningConnection, DbConnectionOptions userOptions)
   at System.Data.ProviderBase.DbConnectionFactory.CreateNonPooledConnection(DbConnection owningConnection, DbConnectionPoolGroup poolGroup, DbConnectionOptions userOptions)
   at System.Data.ProviderBase.DbConnectionFactory.TryGetConnection(DbConnection owningConnection, TaskCompletionSource`1 retry, DbConnectionOptions userOptions, DbConnectionInternal&amp; connection)
   at System.Data.ProviderBase.DbConnectionClosed.TryOpenConnection(DbConnection outerConnection, DbConnectionFactory connectionFactory, TaskCompletionSource`1 retry, DbConnectionOptions userOptions)
   at System.Data.ProviderBase.DbConnectionInternal.OpenConnection(DbConnection outerConnection, DbConnectionFactory connectionFactory)
   at System.Data.OleDb.OleDbConnection.Open()
   at LinqToExcel.Query.ExcelUtilities.GetWorksheetNames(ExcelQueryArgs args)
   at LinqToExcel.Query.ExcelQueryExecutor.GetWorksheetName()
   at LinqToExcel.Query.ExcelQueryExecutor..ctor(ExcelQueryArgs args)
   at LinqToExcel.Query.ExcelQueryable`1..ctor(ExcelQueryArgs args)
   at LinqToExcel.ExcelQueryFactory.Worksheet(Int32 worksheetIndex)
   at PegasusTests.Scripts.ClientsTests.ResidiualIcomeAgentPayoutExportToExcel.residiualIcomeAgentPayoutExportToExcel() in e:\Pegasus_Project\Pegasus_New_Skin\Pegasus_New_skin\Pegasus_New_skin\Scripts\NewSkinTaskJira\ResidiualIcomeAgentPayoutExportToExcel.cs:line 66
</StackTrace>
        </ErrorInfo>
      </Output>
    </UnitTestResult>
    <UnitTestResult executionId="a6f1d038-0026-47b8-b2fb-83c9c8b4d6c2" testId="ed9acd65-5d89-d337-f186-88ec760e8d6f" testName="residualAdjustmentTool" computerName="USER-PC" duration="00:00:25.2518818" startTime="2015-08-16T13:35:18.1155092+05:30" endTime="2015-08-16T13:35:43.3689536+05:30" testType="13cdc9d9-ddb5-4fa4-a97d-d965ccfc6d4b" outcome="Failed" testListId="8c84fa94-04c1-424b-9868-57a2d4851a1d" relativeResultsDirectory="a6f1d038-0026-47b8-b2fb-83c9c8b4d6c2">
      <Output>
        <StdOut>Logged in as: selcorp / seWelcome2
Redirected at Dashboard screen.</StdOut>
        <ErrorInfo>
          <Message>Assert.IsFalse failed. </Message>
          <StackTrace>   at PegasusTests.PageHelper.PartnerAgentHelperNewSkin.verifyElementNotPresent(String field) in e:\Pegasus_Project\Pegasus_New_Skin\Pegasus_New_skin\Pegasus_New_skin\PageHelper\PartnerAgentHelperNewSkin.cs:line 150
   at PegasusTests.Scripts.ClientsTests.ResidualAdjustmentTool.residualAdjustmentTool() in e:\Pegasus_Project\Pegasus_New_Skin\Pegasus_New_skin\Pegasus_New_skin\Scripts\NewSkinTaskJira\ResidualAdjustmentTool.cs:line 60
</StackTrace>
        </ErrorInfo>
      </Output>
    </UnitTestResult>
    <UnitTestResult executionId="b33863b2-8b53-44ca-8689-11af4594fe58" testId="1fd24e76-507d-94d2-c9e5-6623e6d845ca" testName="residualAdjustmentTool1" computerName="USER-PC" duration="00:00:34.5446132" startTime="2015-08-16T13:35:43.3689536+05:30" endTime="2015-08-16T13:36:17.9139295+05:30" testType="13cdc9d9-ddb5-4fa4-a97d-d965ccfc6d4b" outcome="Passed" testListId="8c84fa94-04c1-424b-9868-57a2d4851a1d" relativeResultsDirectory="b33863b2-8b53-44ca-8689-11af4594fe58">
      <Output>
        <StdOut>Logged in as: AslamKhan / 1qaz!QAZ
Redirected at Dashboard screen.</StdOut>
      </Output>
    </UnitTestResult>
    <UnitTestResult executionId="363b4961-0cb8-4630-89e5-fc7797bc0417" testId="576e3e55-38df-126f-cc0a-8fd704b107bc" testName="residualIncomeOfficeAdjustmentToolAgentsFlat" computerName="USER-PC" duration="00:00:34.3313708" startTime="2015-08-16T13:36:17.9139295+05:30" endTime="2015-08-16T13:36:52.2468932+05:30" testType="13cdc9d9-ddb5-4fa4-a97d-d965ccfc6d4b" outcome="Passed" testListId="8c84fa94-04c1-424b-9868-57a2d4851a1d" relativeResultsDirectory="363b4961-0cb8-4630-89e5-fc7797bc0417">
      <Output>
        <StdOut>Logged in as: AslamKhan / 1qaz!QAZ
Redirected at Dashboard screen.</StdOut>
      </Output>
    </UnitTestResult>
    <UnitTestResult executionId="0699fa67-1f8e-4317-a189-6445342b1e49" testId="ff2bfc16-3549-24fe-4aab-595470a9093a" testName="residualIncomeOfficeAdjustmentToolAgentsPercentage" computerName="USER-PC" duration="00:00:32.0973627" startTime="2015-08-16T13:36:52.2468932+05:30" endTime="2015-08-16T13:37:24.3477293+05:30" testType="13cdc9d9-ddb5-4fa4-a97d-d965ccfc6d4b" outcome="Passed" testListId="8c84fa94-04c1-424b-9868-57a2d4851a1d" relativeResultsDirectory="0699fa67-1f8e-4317-a189-6445342b1e49">
      <Output>
        <StdOut>Logged in as: AslamKhan / 1qaz!QAZ
Redirected at Dashboard screen.</StdOut>
      </Output>
    </UnitTestResult>
    <UnitTestResult executionId="c9771190-5847-4dd0-8d0e-ce6329f9a417" testId="1631b5d2-4592-7dcd-b539-537575ab0c26" testName="residualIncomeOfficeAdjustmentToolOfficeFlat" computerName="USER-PC" duration="00:00:29.5611432" startTime="2015-08-16T13:37:24.3477293+05:30" endTime="2015-08-16T13:37:53.9104202+05:30" testType="13cdc9d9-ddb5-4fa4-a97d-d965ccfc6d4b" outcome="Passed" testListId="8c84fa94-04c1-424b-9868-57a2d4851a1d" relativeResultsDirectory="c9771190-5847-4dd0-8d0e-ce6329f9a417">
      <Output>
        <StdOut>Logged in as: AslamKhan / 1qaz!QAZ
Redirected at Dashboard screen.</StdOut>
      </Output>
    </UnitTestResult>
    <UnitTestResult executionId="08affc79-bce3-411a-841b-80279f9bf2fe" testId="eeb96bc7-5f29-c71a-5796-2a7a623e7d0a" testName="residualIncomeOfficeAdjustmentToolOfficePercentage" computerName="USER-PC" duration="00:00:29.8543888" startTime="2015-08-16T13:37:53.9104202+05:30" endTime="2015-08-16T13:38:23.7661278+05:30" testType="13cdc9d9-ddb5-4fa4-a97d-d965ccfc6d4b" outcome="Passed" testListId="8c84fa94-04c1-424b-9868-57a2d4851a1d" relativeResultsDirectory="08affc79-bce3-411a-841b-80279f9bf2fe">
      <Output>
        <StdOut>Logged in as: AslamKhan / 1qaz!QAZ
Redirected at Dashboard screen.</StdOut>
      </Output>
    </UnitTestResult>
    <UnitTestResult executionId="a110a090-da27-4cd1-87e5-99153d457c5b" testId="93d82f4c-b3ab-5d5e-f4bd-2a8e888f9d74" testName="restoreDeletedPDFTemplate" computerName="USER-PC" duration="00:00:34.2783177" startTime="2015-08-16T13:38:23.7661278+05:30" endTime="2015-08-16T13:38:58.0450885+05:30" testType="13cdc9d9-ddb5-4fa4-a97d-d965ccfc6d4b" outcome="Failed" testListId="8c84fa94-04c1-424b-9868-57a2d4851a1d" relativeResultsDirectory="a110a090-da27-4cd1-87e5-99153d457c5b">
      <Output>
        <StdOut>Logged in as: AslamKhan / 1qaz!QAZ
Redirected at Dashboard screen.</StdOut>
        <ErrorInfo>
          <Message>Test method PegasusTests.Scripts.ClientsTests.RestoreDeletedPDFTemplate.restoreDeletedPDFTemplate threw exception: 
OpenQA.Selenium.NoSuchElementException: Cannot locate option with value: 340</Message>
          <StackTrace>    at OpenQA.Selenium.Support.UI.SelectElement.SelectByValue(String value)
   at PegasusTests.PageHelper.Comm.DriverHelper.SelectDropDown(String locator, String targetValue) in e:\Pegasus_Project\Pegasus_New_Skin\Pegasus_New_skin\Pegasus_New_skin\PageHelper\Comm\DriverHelper.cs:line 257
   at PegasusTests.PageHelper.PDFTemplateAdminHelper.Select(String Field, String value) in e:\Pegasus_Project\Pegasus_New_Skin\Pegasus_New_skin\Pegasus_New_skin\PageHelper\PDFTemplateAdminHelper.cs:line 48
   at PegasusTests.Scripts.ClientsTests.RestoreDeletedPDFTemplate.restoreDeletedPDFTemplate() in e:\Pegasus_Project\Pegasus_New_Skin\Pegasus_New_skin\Pegasus_New_skin\Scripts\NewSkinTaskJira\RestoreDeletedPDFTemplate.cs:line 69
</StackTrace>
        </ErrorInfo>
      </Output>
    </UnitTestResult>
    <UnitTestResult executionId="4ba4716d-424c-4089-a4e4-27d666f5a9ee" testId="638a3293-2062-22e5-7dd4-60342c73c853" testName="restorePDFTemplateCorp" computerName="USER-PC" duration="00:00:26.6108670" startTime="2015-08-16T13:38:58.0460885+05:30" endTime="2015-08-16T13:39:24.6576106+05:30" testType="13cdc9d9-ddb5-4fa4-a97d-d965ccfc6d4b" outcome="Failed" testListId="8c84fa94-04c1-424b-9868-57a2d4851a1d" relativeResultsDirectory="4ba4716d-424c-4089-a4e4-27d666f5a9ee">
      <Output>
        <StdOut>Logged in as: selcorp / seWelcome2
Redirected at Dashboard screen.</StdOut>
        <ErrorInfo>
          <Message>Test method PegasusTests.Scripts.ClientsTests.RestorePDFTemplateCorp.restorePDFTemplateCorp threw exception: 
OpenQA.Selenium.NoSuchElementException: Cannot locate option with value: 49</Message>
          <StackTrace>    at OpenQA.Selenium.Support.UI.SelectElement.SelectByValue(String value)
   at PegasusTests.PageHelper.Comm.DriverHelper.SelectDropDown(String locator, String targetValue) in e:\Pegasus_Project\Pegasus_New_Skin\Pegasus_New_skin\Pegasus_New_skin\PageHelper\Comm\DriverHelper.cs:line 257
   at PegasusTests.PageHelper.PDFTemplateAdminHelper.Select(String Field, String value) in e:\Pegasus_Project\Pegasus_New_Skin\Pegasus_New_skin\Pegasus_New_skin\PageHelper\PDFTemplateAdminHelper.cs:line 48
   at PegasusTests.Scripts.ClientsTests.RestorePDFTemplateCorp.restorePDFTemplateCorp() in e:\Pegasus_Project\Pegasus_New_Skin\Pegasus_New_skin\Pegasus_New_skin\Scripts\NewSkinTaskJira\RestorePDFTemplateCorp.cs:line 63
</StackTrace>
        </ErrorInfo>
      </Output>
    </UnitTestResult>
    <UnitTestResult executionId="be330a94-d9d3-4681-aa85-6c4f05890ac8" testId="4f19ac3c-ecd4-1c83-13bd-698248296590" testName="revenueAdjustmentForSaleManagerAddAmount" computerName="USER-PC" duration="00:01:00.7745614" startTime="2015-08-16T13:39:24.6576106+05:30" endTime="2015-08-16T13:40:25.4330868+05:30" testType="13cdc9d9-ddb5-4fa4-a97d-d965ccfc6d4b" outcome="Failed" testListId="8c84fa94-04c1-424b-9868-57a2d4851a1d" relativeResultsDirectory="be330a94-d9d3-4681-aa85-6c4f05890ac8">
      <Output>
        <StdOut>Logged in as: AslamKhan / 1qaz!QAZ
Redirected at Dashboard screen.</StdOut>
        <ErrorInfo>
          <Message>Assert.IsTrue failed. </Message>
          <StackTrace>   at PegasusTests.PageHelper.Comm.DriverHelper.Click(String locator) in e:\Pegasus_Project\Pegasus_New_Skin\Pegasus_New_skin\Pegasus_New_skin\PageHelper\Comm\DriverHelper.cs:line 246
   at PegasusTests.PageHelper.SaleAgentRevenueAdjustmentHelper.ClickElement(String XmlNode) in e:\Pegasus_Project\Pegasus_New_Skin\Pegasus_New_skin\Pegasus_New_skin\PageHelper\SaleAgentRevenueAdjustmentHelper.cs:line 27
   at PegasusTests.Scripts.ClientsTests.RevenueAdjustmentForSaleManagerAddAmount.revenueAdjustmentForSaleManagerAddAmount() in e:\Pegasus_Project\Pegasus_New_Skin\Pegasus_New_skin\Pegasus_New_skin\Scripts\NewSkinTaskJira\RevenueAdjustmentForSaleManagerAddAmountPercentage.cs:line 69
</StackTrace>
        </ErrorInfo>
      </Output>
    </UnitTestResult>
    <UnitTestResult executionId="273dd7ee-9e44-4fff-98c7-c41005556a3c" testId="7639cc2d-b5a1-26ca-6044-4345ea350e56" testName="revenueAdjustmentForSaleManagerRemoveFlat" computerName="USER-PC" duration="00:01:01.9178158" startTime="2015-08-16T13:40:25.4340869+05:30" endTime="2015-08-16T13:41:27.3526284+05:30" testType="13cdc9d9-ddb5-4fa4-a97d-d965ccfc6d4b" outcome="Failed" testListId="8c84fa94-04c1-424b-9868-57a2d4851a1d" relativeResultsDirectory="273dd7ee-9e44-4fff-98c7-c41005556a3c">
      <Output>
        <StdOut>Logged in as: AslamKhan / 1qaz!QAZ
Redirected at Dashboard screen.</StdOut>
        <ErrorInfo>
          <Message>Assert.IsTrue failed. </Message>
          <StackTrace>   at PegasusTests.PageHelper.Comm.DriverHelper.Click(String locator) in e:\Pegasus_Project\Pegasus_New_Skin\Pegasus_New_skin\Pegasus_New_skin\PageHelper\Comm\DriverHelper.cs:line 246
   at PegasusTests.PageHelper.SaleAgentRevenueAdjustmentHelper.ClickElement(String XmlNode) in e:\Pegasus_Project\Pegasus_New_Skin\Pegasus_New_skin\Pegasus_New_skin\PageHelper\SaleAgentRevenueAdjustmentHelper.cs:line 27
   at PegasusTests.Scripts.ClientsTests.RevenueAdjustmentForSaleManagerRemoveFlat.revenueAdjustmentForSaleManagerRemoveFlat() in e:\Pegasus_Project\Pegasus_New_Skin\Pegasus_New_skin\Pegasus_New_skin\Scripts\NewSkinTaskJira\RevenueAdjustmentForSaleManagerRemoveFlat.cs:line 69
</StackTrace>
        </ErrorInfo>
      </Output>
    </UnitTestResult>
    <UnitTestResult executionId="ba84e517-1519-489c-abf1-0b9ae557a5df" testId="1edb38a4-bd22-4c69-27ef-70c1820bbf2a" testName="revenueAdjustmentPartnerAgentAddFlatAmount" computerName="USER-PC" duration="00:01:34.6177054" startTime="2015-08-16T13:41:27.3526284+05:30" endTime="2015-08-16T13:43:01.9730404+05:30" testType="13cdc9d9-ddb5-4fa4-a97d-d965ccfc6d4b" outcome="Failed" testListId="8c84fa94-04c1-424b-9868-57a2d4851a1d" relativeResultsDirectory="ba84e517-1519-489c-abf1-0b9ae557a5df">
      <Output>
        <StdOut>Logged in as: AslamKhan / 1qaz!QAZ
Redirected at Dashboard screen.</StdOut>
        <ErrorInfo>
          <Message>Assert.IsTrue failed. </Message>
          <StackTrace>   at PegasusTests.PageHelper.Comm.DriverHelper.SendKeys(String locator, String value) in e:\Pegasus_Project\Pegasus_New_Skin\Pegasus_New_skin\Pegasus_New_skin\PageHelper\Comm\DriverHelper.cs:line 222
   at PegasusTests.PageHelper.PartnerAgentHelperNewSkin.TypeText(String Field, String text) in e:\Pegasus_Project\Pegasus_New_Skin\Pegasus_New_skin\Pegasus_New_skin\PageHelper\PartnerAgentHelperNewSkin.cs:line 32
   at PegasusTests.Scripts.ClientsTests.RevenueAdjustmentPartnerAgentAddFlatAmount.revenueAdjustmentPartnerAgentAddFlatAmount() in e:\Pegasus_Project\Pegasus_New_Skin\Pegasus_New_skin\Pegasus_New_skin\Scripts\NewSkinTaskJira\RevenueAdjustmentPartnerAgentAddFlatAmount.cs:line 210
</StackTrace>
        </ErrorInfo>
      </Output>
    </UnitTestResult>
    <UnitTestResult executionId="f2767083-cc00-4c50-a2df-e49c639e0409" testId="b7d0bdc2-df49-3170-25ed-9f504b246c02" testName="revenueAdjustmentPartnerAgentAddPercentage" computerName="USER-PC" duration="00:01:16.7800476" startTime="2015-08-16T13:43:01.9730404+05:30" endTime="2015-08-16T13:44:18.7544320+05:30" testType="13cdc9d9-ddb5-4fa4-a97d-d965ccfc6d4b" outcome="Failed" testListId="8c84fa94-04c1-424b-9868-57a2d4851a1d" relativeResultsDirectory="f2767083-cc00-4c50-a2df-e49c639e0409">
      <Output>
        <StdOut>Logged in as: AslamKhan / 1qaz!QAZ
Redirected at Dashboard screen.</StdOut>
        <ErrorInfo>
          <Message>Assert.IsTrue failed. </Message>
          <StackTrace>   at PegasusTests.PageHelper.Comm.DriverHelper.SendKeys(String locator, String value) in e:\Pegasus_Project\Pegasus_New_Skin\Pegasus_New_skin\Pegasus_New_skin\PageHelper\Comm\DriverHelper.cs:line 222
   at PegasusTests.PageHelper.PartnerAgentHelperNewSkin.TypeText(String Field, String text) in e:\Pegasus_Project\Pegasus_New_Skin\Pegasus_New_skin\Pegasus_New_skin\PageHelper\PartnerAgentHelperNewSkin.cs:line 32
   at PegasusTests.Scripts.ClientsTests.RevenueAdjustmentPartnerAgentAddPercentage.revenueAdjustmentPartnerAgentAddPercentage() in e:\Pegasus_Project\Pegasus_New_Skin\Pegasus_New_skin\Pegasus_New_skin\Scripts\NewSkinTaskJira\RevenueAdjustmentPartnerAgentAddPercentage.cs:line 70
</StackTrace>
        </ErrorInfo>
      </Output>
    </UnitTestResult>
    <UnitTestResult executionId="1a8d38ae-4438-464f-8cee-8b9bb535d79a" testId="a6e1ba08-3b95-cfb4-752d-08519091324a" testName="revenueAdjustmentPartnerAgentRemoveFlatAmount" computerName="USER-PC" duration="00:01:20.5974490" startTime="2015-08-16T13:44:18.7544320+05:30" endTime="2015-08-16T13:45:39.3540420+05:30" testType="13cdc9d9-ddb5-4fa4-a97d-d965ccfc6d4b" outcome="Failed" testListId="8c84fa94-04c1-424b-9868-57a2d4851a1d" relativeResultsDirectory="1a8d38ae-4438-464f-8cee-8b9bb535d79a">
      <Output>
        <StdOut>Logged in as: AslamKhan / 1qaz!QAZ
Redirected at Dashboard screen.</StdOut>
        <ErrorInfo>
          <Message>Assert.IsTrue failed. </Message>
          <StackTrace>   at PegasusTests.PageHelper.Comm.DriverHelper.SendKeys(String locator, String value) in e:\Pegasus_Project\Pegasus_New_Skin\Pegasus_New_skin\Pegasus_New_skin\PageHelper\Comm\DriverHelper.cs:line 222
   at PegasusTests.PageHelper.PartnerAgentHelperNewSkin.TypeText(String Field, String text) in e:\Pegasus_Project\Pegasus_New_Skin\Pegasus_New_skin\Pegasus_New_skin\PageHelper\PartnerAgentHelperNewSkin.cs:line 32
   at PegasusTests.Scripts.ClientsTests.RevenueAdjustmentPartnerAgentRemoveFlatAmount.revenueAdjustmentPartnerAgentRemoveFlatAmount() in e:\Pegasus_Project\Pegasus_New_Skin\Pegasus_New_skin\Pegasus_New_skin\Scripts\NewSkinTaskJira\RevenueAdjustmentPartnerAgentRemoveFlatAmount.cs:line 70
</StackTrace>
        </ErrorInfo>
      </Output>
    </UnitTestResult>
    <UnitTestResult executionId="befd73f5-8e89-4b33-b7d3-b0d4b175aaa1" testId="e911c5b9-830e-35d5-e910-21dc07b81cd0" testName="revenueAdjustmentPartnerAgentRemovePercentage" computerName="USER-PC" duration="00:01:17.5101656" startTime="2015-08-16T13:45:39.3540420+05:30" endTime="2015-08-16T13:46:56.8654754+05:30" testType="13cdc9d9-ddb5-4fa4-a97d-d965ccfc6d4b" outcome="Failed" testListId="8c84fa94-04c1-424b-9868-57a2d4851a1d" relativeResultsDirectory="befd73f5-8e89-4b33-b7d3-b0d4b175aaa1">
      <Output>
        <StdOut>Logged in as: AslamKhan / 1qaz!QAZ
Redirected at Dashboard screen.</StdOut>
        <ErrorInfo>
          <Message>Assert.IsTrue failed. </Message>
          <StackTrace>   at PegasusTests.PageHelper.Comm.DriverHelper.SendKeys(String locator, String value) in e:\Pegasus_Project\Pegasus_New_Skin\Pegasus_New_skin\Pegasus_New_skin\PageHelper\Comm\DriverHelper.cs:line 222
   at PegasusTests.PageHelper.PartnerAgentHelperNewSkin.TypeText(String Field, String text) in e:\Pegasus_Project\Pegasus_New_Skin\Pegasus_New_skin\Pegasus_New_skin\PageHelper\PartnerAgentHelperNewSkin.cs:line 32
   at PegasusTests.Scripts.ClientsTests.RevenueAdjustmentPartnerAgentRemovePercentage.revenueAdjustmentPartnerAgentRemovePercentage() in e:\Pegasus_Project\Pegasus_New_Skin\Pegasus_New_skin\Pegasus_New_skin\Scripts\NewSkinTaskJira\RevenueAdjustmentPartnerAgentRemovePercentage.cs:line 70
</StackTrace>
        </ErrorInfo>
      </Output>
    </UnitTestResult>
    <UnitTestResult executionId="5e6bf664-40db-4078-a32f-5cf01d63e05a" testId="7e8157c8-dcb1-ea12-efa2-f87a11b69850" testName="revenueAdjustmentSaleAgentAddAmount" computerName="USER-PC" duration="00:01:00.8784591" startTime="2015-08-16T13:46:56.8664755+05:30" endTime="2015-08-16T13:47:57.7459576+05:30" testType="13cdc9d9-ddb5-4fa4-a97d-d965ccfc6d4b" outcome="Failed" testListId="8c84fa94-04c1-424b-9868-57a2d4851a1d" relativeResultsDirectory="5e6bf664-40db-4078-a32f-5cf01d63e05a">
      <Output>
        <StdOut>Logged in as: AslamKhan / 1qaz!QAZ
Redirected at Dashboard screen.</StdOut>
        <ErrorInfo>
          <Message>Assert.IsTrue failed. </Message>
          <StackTrace>   at PegasusTests.PageHelper.Comm.DriverHelper.Click(String locator) in e:\Pegasus_Project\Pegasus_New_Skin\Pegasus_New_skin\Pegasus_New_skin\PageHelper\Comm\DriverHelper.cs:line 246
   at PegasusTests.PageHelper.SaleAgentRevenueAdjustmentHelper.ClickElement(String XmlNode) in e:\Pegasus_Project\Pegasus_New_Skin\Pegasus_New_skin\Pegasus_New_skin\PageHelper\SaleAgentRevenueAdjustmentHelper.cs:line 27
   at PegasusTests.Scripts.ClientsTests.RevenueAdjustmentSaleAgentAddAmount.revenueAdjustmentSaleAgentAddAmount() in e:\Pegasus_Project\Pegasus_New_Skin\Pegasus_New_skin\Pegasus_New_skin\Scripts\NewSkinTaskJira\RevenueAdjustmentSaleAgentAddAmountPercentage.cs:line 69
</StackTrace>
        </ErrorInfo>
      </Output>
    </UnitTestResult>
    <UnitTestResult executionId="3f3b8564-425e-4736-a6f7-90267e70267e" testId="00d160ea-4613-9def-d08d-4b8e1b84752e" testName="revenueAdjustmentSaleAgentEmployeeAddPercentage" computerName="USER-PC" duration="00:01:07.8578125" startTime="2015-08-16T13:47:57.7459576+05:30" endTime="2015-08-16T13:49:05.6058390+05:30" testType="13cdc9d9-ddb5-4fa4-a97d-d965ccfc6d4b" outcome="Passed" testListId="8c84fa94-04c1-424b-9868-57a2d4851a1d" relativeResultsDirectory="3f3b8564-425e-4736-a6f7-90267e70267e">
      <Output>
        <StdOut>Logged in as: AslamKhan / 1qaz!QAZ
Redirected at Dashboard screen.</StdOut>
      </Output>
    </UnitTestResult>
    <UnitTestResult executionId="4256d47e-cd0e-43aa-b7f0-514847deacd6" testId="49d067f9-bd82-140d-2b0d-3e94f60729fa" testName="revenueAdjustmentSaleAgentRemoveFlat" computerName="USER-PC" duration="00:01:10.4067270" startTime="2015-08-16T13:49:05.6058390+05:30" endTime="2015-08-16T13:50:16.0138661+05:30" testType="13cdc9d9-ddb5-4fa4-a97d-d965ccfc6d4b" outcome="Failed" testListId="8c84fa94-04c1-424b-9868-57a2d4851a1d" relativeResultsDirectory="4256d47e-cd0e-43aa-b7f0-514847deacd6">
      <Output>
        <StdOut>Logged in as: AslamKhan / 1qaz!QAZ
Redirected at Dashboard screen.</StdOut>
        <ErrorInfo>
          <Message>Assert.IsTrue failed. </Message>
          <StackTrace>   at PegasusTests.PageHelper.Comm.DriverHelper.Click(String locator) in e:\Pegasus_Project\Pegasus_New_Skin\Pegasus_New_skin\Pegasus_New_skin\PageHelper\Comm\DriverHelper.cs:line 246
   at PegasusTests.PageHelper.SaleAgentRevenueAdjustmentHelper.ClickElement(String XmlNode) in e:\Pegasus_Project\Pegasus_New_Skin\Pegasus_New_skin\Pegasus_New_skin\PageHelper\SaleAgentRevenueAdjustmentHelper.cs:line 27
   at PegasusTests.Scripts.ClientsTests.RevenueAdjustmentSaleAgentRemoveFlat.revenueAdjustmentSaleAgentRemoveFlat() in e:\Pegasus_Project\Pegasus_New_Skin\Pegasus_New_skin\Pegasus_New_skin\Scripts\NewSkinTaskJira\RevenueAdjustmentSaleAgentRemoveFlat.cs:line 69
</StackTrace>
        </ErrorInfo>
      </Output>
    </UnitTestResult>
    <UnitTestResult executionId="234a84d8-0962-47b3-aa0b-388488e6762e" testId="90b0ece4-7734-b027-573c-ce0fdf3271f0" testName="revenueAdjustmentSaleManagerEmployeeAddPercentage" computerName="USER-PC" duration="00:01:43.1556350" startTime="2015-08-16T13:50:16.0138661+05:30" endTime="2015-08-16T13:51:59.1717664+05:30" testType="13cdc9d9-ddb5-4fa4-a97d-d965ccfc6d4b" outcome="Failed" testListId="8c84fa94-04c1-424b-9868-57a2d4851a1d" relativeResultsDirectory="234a84d8-0962-47b3-aa0b-388488e6762e">
      <Output>
        <StdOut>Logged in as: AslamKhan / 1qaz!QAZ
Redirected at Dashboard screen.</StdOut>
        <ErrorInfo>
          <Message>Assert.IsTrue failed. </Message>
          <StackTrace>   at PegasusTests.PageHelper.Comm.DriverHelper.Click(String locator) in e:\Pegasus_Project\Pegasus_New_Skin\Pegasus_New_skin\Pegasus_New_skin\PageHelper\Comm\DriverHelper.cs:line 246
   at PegasusTests.PageHelper.EmployeeNewSkinHelper.ClickElement(String xmlNode) in e:\Pegasus_Project\Pegasus_New_Skin\Pegasus_New_skin\Pegasus_New_skin\PageHelper\EmployeeNewSkinHelper.cs:line 50
   at PegasusTests.Scripts.ClientsTests.RevenueAdjustmentSaleManagerEmployeeAddPercentage.revenueAdjustmentSaleManagerEmployeeAddPercentage() in e:\Pegasus_Project\Pegasus_New_Skin\Pegasus_New_skin\Pegasus_New_skin\Scripts\NewSkinTaskJira\RevenueAdjustmentSaleManagerEmployeeAddPercentage.cs:line 69
</StackTrace>
        </ErrorInfo>
      </Output>
    </UnitTestResult>
    <UnitTestResult executionId="e0fd9dbe-593f-47dc-8c41-fb9b51732ca8" testId="2ce50fe1-c4e5-8f47-92d3-0a707bbc9259" testName="revenueShareButtonForPartnerAgent" computerName="USER-PC" duration="00:00:27.4760650" startTime="2015-08-16T13:51:59.1717664+05:30" endTime="2015-08-16T13:52:26.6493380+05:30" testType="13cdc9d9-ddb5-4fa4-a97d-d965ccfc6d4b" outcome="Failed" testListId="8c84fa94-04c1-424b-9868-57a2d4851a1d" relativeResultsDirectory="e0fd9dbe-593f-47dc-8c41-fb9b51732ca8">
      <Output>
        <StdOut>Logged in as: AslamKhan / 1qaz!QAZ
Redirected at Dashboard screen.</StdOut>
        <ErrorInfo>
          <Message>Test method PegasusTests.Scripts.ClientsTests.RevenueShareButtonForPartnerAgent.revenueShareButtonForPartnerAgent threw exception: 
System.NullReferenceException: Object reference not set to an instance of an object.</Message>
          <StackTrace>    at PegasusTests.Locators.LocatorReader.ReadLocator(String key) in e:\Pegasus_Project\Pegasus_New_Skin\Pegasus_New_skin\Pegasus_New_skin\Locators\LocatorReader.cs:line 22
   at PegasusTests.PageHelper.PartnerAgentHelperNewSkin.ClickElement(String xmlNode) in e:\Pegasus_Project\Pegasus_New_Skin\Pegasus_New_skin\Pegasus_New_skin\PageHelper\PartnerAgentHelperNewSkin.cs:line 54
   at PegasusTests.Scripts.ClientsTests.RevenueShareButtonForPartnerAgent.revenueShareButtonForPartnerAgent() in e:\Pegasus_Project\Pegasus_New_Skin\Pegasus_New_skin\Pegasus_New_skin\Scripts\NewSkinTaskJira\RevenueShareButtonForPartnerAgent.cs:line 51
</StackTrace>
        </ErrorInfo>
      </Output>
    </UnitTestResult>
    <UnitTestResult executionId="16be644b-6907-4f59-99b8-76c41305ec8c" testId="631db1e5-5130-fe76-60d3-f720d01eb3d2" testName="revenueShareButtonForPartnerAssociation" computerName="USER-PC" duration="00:00:30.9122173" startTime="2015-08-16T13:52:26.6493380+05:30" endTime="2015-08-16T13:52:57.5621061+05:30" testType="13cdc9d9-ddb5-4fa4-a97d-d965ccfc6d4b" outcome="Failed" testListId="8c84fa94-04c1-424b-9868-57a2d4851a1d" relativeResultsDirectory="16be644b-6907-4f59-99b8-76c41305ec8c">
      <Output>
        <StdOut>Logged in as: AslamKhan / 1qaz!QAZ
Redirected at Dashboard screen.</StdOut>
        <ErrorInfo>
          <Message>Test method PegasusTests.Scripts.ClientsTests.RevenueShareButtonForPartnerAssociation.revenueShareButtonForPartnerAssociation threw exception: 
System.NullReferenceException: Object reference not set to an instance of an object.</Message>
          <StackTrace>    at PegasusTests.Locators.LocatorReader.ReadLocator(String key) in e:\Pegasus_Project\Pegasus_New_Skin\Pegasus_New_skin\Pegasus_New_skin\Locators\LocatorReader.cs:line 22
   at PegasusTests.PageHelper.PartnerAgentHelperNewSkin.ClickElement(String xmlNode) in e:\Pegasus_Project\Pegasus_New_Skin\Pegasus_New_skin\Pegasus_New_skin\PageHelper\PartnerAgentHelperNewSkin.cs:line 54
   at PegasusTests.Scripts.ClientsTests.RevenueShareButtonForPartnerAssociation.revenueShareButtonForPartnerAssociation() in e:\Pegasus_Project\Pegasus_New_Skin\Pegasus_New_skin\Pegasus_New_skin\Scripts\NewSkinTaskJira\RevenueShareButtonForPartnerAssociation.cs:line 51
</StackTrace>
        </ErrorInfo>
      </Output>
    </UnitTestResult>
    <UnitTestResult executionId="4552b38b-8c95-4fa4-9338-84b8d61d68d5" testId="58acfcda-0b2a-f016-5ed3-8e51a7454595" testName="revenueShareInDecimalPartnerAgent" computerName="USER-PC" duration="00:00:30.7817430" startTime="2015-08-16T13:52:57.5621061+05:30" endTime="2015-08-16T13:53:28.3448668+05:30" testType="13cdc9d9-ddb5-4fa4-a97d-d965ccfc6d4b" outcome="Failed" testListId="8c84fa94-04c1-424b-9868-57a2d4851a1d" relativeResultsDirectory="4552b38b-8c95-4fa4-9338-84b8d61d68d5">
      <Output>
        <StdOut>Logged in as: AslamKhan / 1qaz!QAZ
Redirected at Dashboard screen.</StdOut>
        <ErrorInfo>
          <Message>Test method PegasusTests.Scripts.ClientsTests.RevenueShareInDecimalPartnerAgent.revenueShareInDecimalPartnerAgent threw exception: 
System.NullReferenceException: Object reference not set to an instance of an object.</Message>
          <StackTrace>    at PegasusTests.Locators.LocatorReader.ReadLocator(String key) in e:\Pegasus_Project\Pegasus_New_Skin\Pegasus_New_skin\Pegasus_New_skin\Locators\LocatorReader.cs:line 22
   at PegasusTests.PageHelper.PartnerAgentHelperNewSkin.ClickElement(String xmlNode) in e:\Pegasus_Project\Pegasus_New_Skin\Pegasus_New_skin\Pegasus_New_skin\PageHelper\PartnerAgentHelperNewSkin.cs:line 54
   at PegasusTests.Scripts.ClientsTests.RevenueShareInDecimalPartnerAgent.revenueShareInDecimalPartnerAgent() in e:\Pegasus_Project\Pegasus_New_Skin\Pegasus_New_skin\Pegasus_New_skin\Scripts\NewSkinTaskJira\RevenueShareInDecimalPartnerAgent.cs:line 51
</StackTrace>
        </ErrorInfo>
      </Output>
    </UnitTestResult>
    <UnitTestResult executionId="10a27079-7156-448a-b5e7-5fefb17ee42b" testId="9699bd57-3e9a-16f4-dafd-b1a79632258f" testName="revenueShareInDecimalPartnerAssociation" computerName="USER-PC" duration="00:00:26.7810736" startTime="2015-08-16T13:53:28.3458668+05:30" endTime="2015-08-16T13:53:55.1273987+05:30" testType="13cdc9d9-ddb5-4fa4-a97d-d965ccfc6d4b" outcome="Failed" testListId="8c84fa94-04c1-424b-9868-57a2d4851a1d" relativeResultsDirectory="10a27079-7156-448a-b5e7-5fefb17ee42b">
      <Output>
        <StdOut>Logged in as: AslamKhan / 1qaz!QAZ
Redirected at Dashboard screen.</StdOut>
        <ErrorInfo>
          <Message>Test method PegasusTests.Scripts.ClientsTests.RevenueShareInDecimalPartnerAssociation.revenueShareInDecimalPartnerAssociation threw exception: 
System.NullReferenceException: Object reference not set to an instance of an object.</Message>
          <StackTrace>    at PegasusTests.Locators.LocatorReader.ReadLocator(String key) in e:\Pegasus_Project\Pegasus_New_Skin\Pegasus_New_skin\Pegasus_New_skin\Locators\LocatorReader.cs:line 22
   at PegasusTests.PageHelper.PartnerAgentHelperNewSkin.ClickElement(String xmlNode) in e:\Pegasus_Project\Pegasus_New_Skin\Pegasus_New_skin\Pegasus_New_skin\PageHelper\PartnerAgentHelperNewSkin.cs:line 54
   at PegasusTests.Scripts.ClientsTests.RevenueShareInDecimalPartnerAssociation.revenueShareInDecimalPartnerAssociation() in e:\Pegasus_Project\Pegasus_New_Skin\Pegasus_New_skin\Pegasus_New_skin\Scripts\NewSkinTaskJira\RevenueShareInDecimalPartnerAssociation.cs:line 51
</StackTrace>
        </ErrorInfo>
      </Output>
    </UnitTestResult>
    <UnitTestResult executionId="63dbae9d-22af-45dc-9433-c6e1f8d1e341" testId="ae3e5d17-a418-c027-5d01-89e4c7b54c4c" testName="saleAgentCodeProcessor" computerName="USER-PC" duration="00:00:55.7031046" startTime="2015-08-16T13:53:55.1273987+05:30" endTime="2015-08-16T13:54:50.8325848+05:30" testType="13cdc9d9-ddb5-4fa4-a97d-d965ccfc6d4b" outcome="Passed" testListId="8c84fa94-04c1-424b-9868-57a2d4851a1d" relativeResultsDirectory="63dbae9d-22af-45dc-9433-c6e1f8d1e341">
      <Output>
        <StdOut>Logged in as: AslamKhan / 1qaz!QAZ
Redirected at Dashboard screen.</StdOut>
      </Output>
    </UnitTestResult>
    <UnitTestResult executionId="e4a0ae94-6203-4f56-8f91-4d02148aa787" testId="ab42990e-b7d9-acfc-0318-565256d2bb54" testName="saleAgentWithUserNewSkin" computerName="USER-PC" duration="00:01:08.8517423" startTime="2015-08-16T13:54:50.8325848+05:30" endTime="2015-08-16T13:55:59.6855230+05:30" testType="13cdc9d9-ddb5-4fa4-a97d-d965ccfc6d4b" outcome="Failed" testListId="8c84fa94-04c1-424b-9868-57a2d4851a1d" relativeResultsDirectory="e4a0ae94-6203-4f56-8f91-4d02148aa787">
      <Output>
        <StdOut>Logged in as: AslamKhan / 1qaz!QAZ
Redirected at Dashboard screen.</StdOut>
        <ErrorInfo>
          <Message>Assert.IsTrue failed. </Message>
          <StackTrace>   at PegasusTests.PageHelper.Comm.DriverHelper.Click(String locator) in e:\Pegasus_Project\Pegasus_New_Skin\Pegasus_New_skin\Pegasus_New_skin\PageHelper\Comm\DriverHelper.cs:line 246
   at PegasusTests.PageHelper.SaleAgentRevenueAdjustmentHelper.ClickElement(String XmlNode) in e:\Pegasus_Project\Pegasus_New_Skin\Pegasus_New_skin\Pegasus_New_skin\PageHelper\SaleAgentRevenueAdjustmentHelper.cs:line 27
   at PegasusTests.Scripts.ClientsTests.SaleAgentWithUserNewSkin.saleAgentWithUserNewSkin() in e:\Pegasus_Project\Pegasus_New_Skin\Pegasus_New_skin\Pegasus_New_skin\Scripts\NewSkinTaskJira\SaleAgentWithUserNewSkin.cs:line 69
</StackTrace>
        </ErrorInfo>
      </Output>
    </UnitTestResult>
    <UnitTestResult executionId="29fc6391-1ef1-4830-ab4a-3e55771bc0bf" testId="393d6c3b-efc9-bf9c-9a36-6929884573ff" testName="saveLocation" computerName="USER-PC" duration="00:01:00.7041504" startTime="2015-08-16T13:55:59.6855230+05:30" endTime="2015-08-16T13:57:00.3909951+05:30" testType="13cdc9d9-ddb5-4fa4-a97d-d965ccfc6d4b" outcome="Passed" testListId="8c84fa94-04c1-424b-9868-57a2d4851a1d" relativeResultsDirectory="29fc6391-1ef1-4830-ab4a-3e55771bc0bf">
      <Output>
        <StdOut>Logged in as: AslamKhan / 1qaz!QAZ
Redirected at Dashboard screen.</StdOut>
      </Output>
    </UnitTestResult>
    <UnitTestResult executionId="5e5bd1e9-93e7-457a-89b9-a145293390f3" testId="8db7c042-c9c9-e955-e7e7-3e02c89b7d6f" testName="tabsNotBroken" computerName="USER-PC" duration="00:00:43.6280997" startTime="2015-08-16T13:57:00.3909951+05:30" endTime="2015-08-16T13:57:44.0204906+05:30" testType="13cdc9d9-ddb5-4fa4-a97d-d965ccfc6d4b" outcome="Passed" testListId="8c84fa94-04c1-424b-9868-57a2d4851a1d" relativeResultsDirectory="5e5bd1e9-93e7-457a-89b9-a145293390f3">
      <Output>
        <StdOut>Logged in as: selcorp / seWelcome2
Redirected at Dashboard screen.</StdOut>
      </Output>
    </UnitTestResult>
    <UnitTestResult executionId="3b22b234-741a-4d77-9b61-df83c03f426d" testId="56a8f782-250a-6f8c-ac49-011d70574de2" testName="ticketComment" computerName="USER-PC" duration="00:01:20.4603442" startTime="2015-08-16T13:57:44.0204906+05:30" endTime="2015-08-16T13:59:04.4830928+05:30" testType="13cdc9d9-ddb5-4fa4-a97d-d965ccfc6d4b" outcome="Failed" testListId="8c84fa94-04c1-424b-9868-57a2d4851a1d" relativeResultsDirectory="3b22b234-741a-4d77-9b61-df83c03f426d">
      <Output>
        <StdOut>Logged in as: AslamKhan / 1qaz!QAZ
Redirected at Dashboard screen.</StdOut>
        <ErrorInfo>
          <Message>Test method PegasusTests.Scripts.ClientsTests.TicketComment.ticketComment threw exception: 
OpenQA.Selenium.ElementNotVisibleException: element not visible
  (Session info: chrome=44.0.2403.155)
  (Driver info: chromedriver=2.14.313457 (3d645c400edf2e2c500566c9aa096063e707c9cf),platform=Windows NT 6.1 SP1 x86_64)</Message>
          <StackTrace>    at OpenQA.Selenium.Remote.RemoteWebDriver.UnpackAndThrowOnError(Response errorResponse)
   at OpenQA.Selenium.Remote.RemoteWebDriver.Execute(String driverCommandToExecute, Dictionary`2 parameters)
   at OpenQA.Selenium.Remote.RemoteWebElement.SendKeys(String text)
   at PegasusTests.PageHelper.PartnerAgentHelperNewSkin.TypeInArea(String field, String comment) in e:\Pegasus_Project\Pegasus_New_Skin\Pegasus_New_skin\Pegasus_New_skin\PageHelper\PartnerAgentHelperNewSkin.cs:line 200
   at PegasusTests.Scripts.ClientsTests.TicketComment.ticketComment() in e:\Pegasus_Project\Pegasus_New_Skin\Pegasus_New_skin\Pegasus_New_skin\Scripts\NewSkinTaskJira\TicketComment.cs:line 64
</StackTrace>
        </ErrorInfo>
      </Output>
    </UnitTestResult>
    <UnitTestResult executionId="2d75fbaa-ef60-4068-b509-166dab3ce5bf" testId="1b150bd0-7205-e9d7-5516-24eed9c954f7" testName="ticketingSystem" computerName="USER-PC" duration="00:00:33.2287629" startTime="2015-08-16T13:59:04.4830928+05:30" endTime="2015-08-16T13:59:37.7149935+05:30" testType="13cdc9d9-ddb5-4fa4-a97d-d965ccfc6d4b" outcome="Passed" testListId="8c84fa94-04c1-424b-9868-57a2d4851a1d" relativeResultsDirectory="2d75fbaa-ef60-4068-b509-166dab3ce5bf">
      <Output>
        <StdOut>Logged in as: AslamKhan / 1qaz!QAZ
Redirected at Dashboard screen.</StdOut>
      </Output>
    </UnitTestResult>
    <UnitTestResult executionId="17f38943-cfdf-494f-92ab-3d586f8ced73" testId="a528b9d1-09ce-b802-08a5-6e087b0004f7" testName="trashIconAvail" computerName="USER-PC" duration="00:00:37.9195947" startTime="2015-08-16T13:59:37.7149935+05:30" endTime="2015-08-16T14:00:15.6361625+05:30" testType="13cdc9d9-ddb5-4fa4-a97d-d965ccfc6d4b" outcome="Passed" testListId="8c84fa94-04c1-424b-9868-57a2d4851a1d" relativeResultsDirectory="17f38943-cfdf-494f-92ab-3d586f8ced73">
      <Output>
        <StdOut>Logged in as: AslamKhan / 1qaz!QAZ
Redirected at Dashboard screen.</StdOut>
      </Output>
    </UnitTestResult>
    <UnitTestResult executionId="6cd291f7-ab35-42ee-b9cf-6a868ae9657f" testId="8e59bd2d-bd60-e724-3a38-222ac20bff9f" testName="updateTextOnMarketingPageClient" computerName="USER-PC" duration="00:01:22.2860590" startTime="2015-08-16T14:00:15.6361625+05:30" endTime="2015-08-16T14:01:37.9238691+05:30" testType="13cdc9d9-ddb5-4fa4-a97d-d965ccfc6d4b" outcome="Failed" testListId="8c84fa94-04c1-424b-9868-57a2d4851a1d" relativeResultsDirectory="6cd291f7-ab35-42ee-b9cf-6a868ae9657f">
      <Output>
        <StdOut>Logged in as: AslamKhan / 1qaz!QAZ
Redirected at Dashboard screen.</StdOut>
        <ErrorInfo>
          <Message>Assert.IsTrue failed. </Message>
          <StackTrace>   at PegasusTests.PageHelper.Comm.DriverHelper.Click(String locator) in e:\Pegasus_Project\Pegasus_New_Skin\Pegasus_New_skin\Pegasus_New_skin\PageHelper\Comm\DriverHelper.cs:line 246
   at PegasusTests.PageHelper.ClientHelperNewSkin.ClickElement(String xmlNode) in e:\Pegasus_Project\Pegasus_New_Skin\Pegasus_New_skin\Pegasus_New_skin\PageHelper\ClientHelperNewSkin.cs:line 62
   at PegasusTests.Scripts.ClientsTests.UpdateTextOnMarketingPageClient.updateTextOnMarketingPageClient() in e:\Pegasus_Project\Pegasus_New_Skin\Pegasus_New_skin\Pegasus_New_skin\Scripts\NewSkinTaskJira\UpdateTextOnMarketingPageClient.cs:line 49
</StackTrace>
        </ErrorInfo>
      </Output>
    </UnitTestResult>
    <UnitTestResult executionId="ea9d9c65-a0db-4383-94c7-58d9704e63a9" testId="a6cfcd75-8812-fb54-975b-5f6c37250cb0" testName="uploadedLogo" computerName="USER-PC" duration="00:00:32.2413384" startTime="2015-08-16T14:01:37.9238691+05:30" endTime="2015-08-16T14:02:10.1667133+05:30" testType="13cdc9d9-ddb5-4fa4-a97d-d965ccfc6d4b" outcome="Failed" testListId="8c84fa94-04c1-424b-9868-57a2d4851a1d" relativeResultsDirectory="ea9d9c65-a0db-4383-94c7-58d9704e63a9">
      <Output>
        <StdOut>Logged in as: selcorp / seWelcome2
Redirected at Dashboard screen.</StdOut>
        <ErrorInfo>
          <Message>Assert.IsTrue failed. </Message>
          <StackTrace>   at PegasusTests.PageHelper.Comm.DriverTestCase.VerifyTitle(String title) in e:\Pegasus_Project\Pegasus_New_Skin\Pegasus_New_skin\Pegasus_New_skin\PageHelper\Comm\DriverTestCase.cs:line 109
   at PegasusTests.Scripts.ClientsTests.UploadedLogo.uploadedLogo() in e:\Pegasus_Project\Pegasus_New_Skin\Pegasus_New_skin\Pegasus_New_skin\Scripts\NewSkinTaskJira\UploadedLogo.cs:line 53
</StackTrace>
        </ErrorInfo>
      </Output>
    </UnitTestResult>
    <UnitTestResult executionId="6209d20b-f93b-4f40-8269-170e8dd0fd68" testId="3e105617-0bb6-733c-e78a-d2f35c17f402" testName="userCountPage" computerName="USER-PC" duration="00:00:51.4919459" startTime="2015-08-16T14:02:10.1667133+05:30" endTime="2015-08-16T14:03:01.6596585+05:30" testType="13cdc9d9-ddb5-4fa4-a97d-d965ccfc6d4b" outcome="Passed" testListId="8c84fa94-04c1-424b-9868-57a2d4851a1d" relativeResultsDirectory="6209d20b-f93b-4f40-8269-170e8dd0fd68">
      <Output>
        <StdOut>Logged in as: AslamKhan / 1qaz!QAZ
Redirected at Dashboard screen.
10	11
20	21</StdOut>
      </Output>
    </UnitTestResult>
    <UnitTestResult executionId="89a4de0f-d0e7-4c32-8416-8f57e83dcb47" testId="c497ca90-15db-d9e3-fed1-18a8c3832a01" testName="userVerifyCountryCorp" computerName="USER-PC" duration="00:00:28.4820225" startTime="2015-08-16T14:03:01.6596585+05:30" endTime="2015-08-16T14:03:30.1432877+05:30" testType="13cdc9d9-ddb5-4fa4-a97d-d965ccfc6d4b" outcome="Passed" testListId="8c84fa94-04c1-424b-9868-57a2d4851a1d" relativeResultsDirectory="89a4de0f-d0e7-4c32-8416-8f57e83dcb47">
      <Output>
        <StdOut>Logged in as: selcorp / seWelcome2
Redirected at Dashboard screen.</StdOut>
      </Output>
    </UnitTestResult>
    <UnitTestResult executionId="41f1a1d8-9c77-4e5e-86a9-ce2dd4b67b08" testId="ba9c1802-9c2e-de9d-589c-508e2f15429b" testName="validationForFileTypeOfficeLogo" computerName="USER-PC" duration="00:00:33.5312454" startTime="2015-08-16T14:03:30.1432877+05:30" endTime="2015-08-16T14:04:03.6752056+05:30" testType="13cdc9d9-ddb5-4fa4-a97d-d965ccfc6d4b" outcome="Passed" testListId="8c84fa94-04c1-424b-9868-57a2d4851a1d" relativeResultsDirectory="41f1a1d8-9c77-4e5e-86a9-ce2dd4b67b08">
      <Output>
        <StdOut>Logged in as: AslamKhan / 1qaz!QAZ
Redirected at Dashboard screen.
Alert Text  = please select a valid file!</StdOut>
      </Output>
    </UnitTestResult>
    <UnitTestResult executionId="712d5a2a-41ec-445c-9aa2-1be11983f437" testId="56fc8256-8585-92ab-c5dd-7d38d01eb098" testName="vendorEmailVerification" computerName="USER-PC" duration="00:00:35.8215589" startTime="2015-08-16T14:04:03.6752056+05:30" endTime="2015-08-16T14:04:39.4982546+05:30" testType="13cdc9d9-ddb5-4fa4-a97d-d965ccfc6d4b" outcome="Passed" testListId="8c84fa94-04c1-424b-9868-57a2d4851a1d" relativeResultsDirectory="712d5a2a-41ec-445c-9aa2-1be11983f437">
      <Output>
        <StdOut>Logged in as: AslamKhan / 1qaz!QAZ
Redirected at Dashboard screen.</StdOut>
      </Output>
    </UnitTestResult>
    <UnitTestResult executionId="897ae19d-ca5f-4076-8ff6-9a3821503b0e" testId="469e6b6a-3c29-b051-995c-b9842e2eb6d9" testName="vendorSocialurlValidate" computerName="USER-PC" duration="00:01:18.4284106" startTime="2015-08-16T14:04:39.4982546+05:30" endTime="2015-08-16T14:05:57.9287405+05:30" testType="13cdc9d9-ddb5-4fa4-a97d-d965ccfc6d4b" outcome="Failed" testListId="8c84fa94-04c1-424b-9868-57a2d4851a1d" relativeResultsDirectory="897ae19d-ca5f-4076-8ff6-9a3821503b0e">
      <Output>
        <StdOut>Logged in as: AslamKhan / 1qaz!QAZ
Redirected at Dashboard screen.</StdOut>
        <ErrorInfo>
          <Message>Assert.IsTrue failed. </Message>
          <StackTrace>   at PegasusTests.PageHelper.Comm.DriverHelper.Click(String locator) in e:\Pegasus_Project\Pegasus_New_Skin\Pegasus_New_skin\Pegasus_New_skin\PageHelper\Comm\DriverHelper.cs:line 246
   at PegasusTests.PageHelper.EquiomentHelperAdmin.ClickElement(String xmlNode) in e:\Pegasus_Project\Pegasus_New_Skin\Pegasus_New_skin\Pegasus_New_skin\PageHelper\EquiomentHelperAdmin.cs:line 50
   at PegasusTests.Scripts.ClientsTests.VendorSocialurlValidate.vendorSocialurlValidate() in e:\Pegasus_Project\Pegasus_New_Skin\Pegasus_New_skin\Pegasus_New_skin\Scripts\NewSkinTaskJira\VendorSocialurlValidate.cs:line 72
</StackTrace>
        </ErrorInfo>
      </Output>
    </UnitTestResult>
    <UnitTestResult executionId="2f569af2-12ea-4e0e-80d2-2fecda0b2980" testId="e10128d8-0332-7474-6334-cdbf84dbbcd1" testName="verifyAddAnotherVersionDisplay" computerName="USER-PC" duration="00:00:48.2786055" startTime="2015-08-16T14:05:57.9287405+05:30" endTime="2015-08-16T14:06:46.2085020+05:30" testType="13cdc9d9-ddb5-4fa4-a97d-d965ccfc6d4b" outcome="Passed" testListId="8c84fa94-04c1-424b-9868-57a2d4851a1d" relativeResultsDirectory="2f569af2-12ea-4e0e-80d2-2fecda0b2980">
      <Output>
        <StdOut>Logged in as: AslamKhan / 1qaz!QAZ
Redirected at Dashboard screen.</StdOut>
      </Output>
    </UnitTestResult>
    <UnitTestResult executionId="f3d36091-3732-4f83-ad03-e762a59f06a9" testId="71ccd59f-39a1-6884-7f01-f9495a97c8aa" testName="verifyAstrick" computerName="USER-PC" duration="00:00:27.7005801" startTime="2015-08-16T14:06:46.2085020+05:30" endTime="2015-08-16T14:07:13.9100864+05:30" testType="13cdc9d9-ddb5-4fa4-a97d-d965ccfc6d4b" outcome="Passed" testListId="8c84fa94-04c1-424b-9868-57a2d4851a1d" relativeResultsDirectory="f3d36091-3732-4f83-ad03-e762a59f06a9">
      <Output>
        <StdOut>Logged in as: selcorp / seWelcome2
Redirected at Dashboard screen.</StdOut>
      </Output>
    </UnitTestResult>
    <UnitTestResult executionId="65f7d5fd-a053-495b-990c-fc6937fb2310" testId="7c1ec3b1-98a2-dea8-cbc8-775ccf58ed68" testName="verifyBulkUpdateForClients" computerName="USER-PC" duration="00:00:31.4418051" startTime="2015-08-16T14:07:13.9100864+05:30" endTime="2015-08-16T14:07:45.3528848+05:30" testType="13cdc9d9-ddb5-4fa4-a97d-d965ccfc6d4b" outcome="Passed" testListId="8c84fa94-04c1-424b-9868-57a2d4851a1d" relativeResultsDirectory="65f7d5fd-a053-495b-990c-fc6937fb2310">
      <Output>
        <StdOut>Logged in as: AslamKhan / 1qaz!QAZ
Redirected at Dashboard screen.</StdOut>
      </Output>
    </UnitTestResult>
    <UnitTestResult executionId="a884a350-222b-48cf-9d88-ed0589263bb1" testId="df28b719-e3f7-30cc-9006-df77cfa42dde" testName="verifyButtonsForTickets" computerName="USER-PC" duration="00:01:08.5256178" startTime="2015-08-16T14:07:45.3538849+05:30" endTime="2015-08-16T14:08:53.8808044+05:30" testType="13cdc9d9-ddb5-4fa4-a97d-d965ccfc6d4b" outcome="Failed" testListId="8c84fa94-04c1-424b-9868-57a2d4851a1d" relativeResultsDirectory="a884a350-222b-48cf-9d88-ed0589263bb1">
      <Output>
        <StdOut>Logged in as: AslamKhan / 1qaz!QAZ
Redirected at Dashboard screen.</StdOut>
        <ErrorInfo>
          <Message>Assert.IsTrue failed. </Message>
          <StackTrace>   at PegasusTests.PageHelper.Comm.DriverHelper.Click(String locator) in e:\Pegasus_Project\Pegasus_New_Skin\Pegasus_New_skin\Pegasus_New_skin\PageHelper\Comm\DriverHelper.cs:line 246
   at PegasusTests.PageHelper.TicketsOfficeNewSkinHelper.ClickElement(String XmlNode) in e:\Pegasus_Project\Pegasus_New_Skin\Pegasus_New_skin\Pegasus_New_skin\PageHelper\TicketsOfficeNewSkinHelper.cs:line 27
   at PegasusTests.Scripts.ClientsTests.VerifyButtonsForTickets.verifyButtonsForTickets() in e:\Pegasus_Project\Pegasus_New_Skin\Pegasus_New_skin\Pegasus_New_skin\Scripts\NewSkinTaskJira\VerifyButtonsForTickets.cs:line 57
</StackTrace>
        </ErrorInfo>
      </Output>
    </UnitTestResult>
    <UnitTestResult executionId="4af13fb8-0833-4220-972f-e81690ff0577" testId="206cc6a4-d0ac-f552-638e-fe7e802a3553" testName="verifyMailMessage" computerName="USER-PC" duration="00:00:40.1181929" startTime="2015-08-16T14:08:53.8808044+05:30" endTime="2015-08-16T14:09:34.0000991+05:30" testType="13cdc9d9-ddb5-4fa4-a97d-d965ccfc6d4b" outcome="Passed" testListId="8c84fa94-04c1-424b-9868-57a2d4851a1d" relativeResultsDirectory="4af13fb8-0833-4220-972f-e81690ff0577">
      <Output>
        <StdOut>Logged in as: selcorp / seWelcome2
Redirected at Dashboard screen.</StdOut>
      </Output>
    </UnitTestResult>
    <UnitTestResult executionId="b4ccbea2-5255-4e77-b20f-0fec591306f9" testId="1de1409d-dff0-7879-17d2-4e66016cf9f5" testName="verifyMerchantFields" computerName="USER-PC" duration="00:00:36.5266053" startTime="2015-08-16T14:09:34.0000991+05:30" endTime="2015-08-16T14:10:10.5281884+05:30" testType="13cdc9d9-ddb5-4fa4-a97d-d965ccfc6d4b" outcome="Passed" testListId="8c84fa94-04c1-424b-9868-57a2d4851a1d" relativeResultsDirectory="b4ccbea2-5255-4e77-b20f-0fec591306f9">
      <Output>
        <StdOut>Logged in as: AslamKhan / 1qaz!QAZ
Redirected at Dashboard screen.</StdOut>
      </Output>
    </UnitTestResult>
    <UnitTestResult executionId="dea2a1d4-5184-4a4d-9765-71ad009db4fa" testId="6a5e6648-2f26-c2d3-28a8-f853f848223b" testName="verifyMyAccount" computerName="USER-PC" duration="00:00:14.6217993" startTime="2015-08-16T14:10:10.5281884+05:30" endTime="2015-08-16T14:10:25.1500247+05:30" testType="13cdc9d9-ddb5-4fa4-a97d-d965ccfc6d4b" outcome="Passed" testListId="8c84fa94-04c1-424b-9868-57a2d4851a1d" relativeResultsDirectory="dea2a1d4-5184-4a4d-9765-71ad009db4fa" />
    <UnitTestResult executionId="94e5cf2e-a378-43d8-88c9-d5640fca3bf9" testId="9d72ec29-9ed5-8607-fe92-a0f716c85aab" testName="verifyRecycleBin" computerName="USER-PC" duration="00:00:30.2736213" startTime="2015-08-16T14:10:25.1510248+05:30" endTime="2015-08-16T14:10:55.4257564+05:30" testType="13cdc9d9-ddb5-4fa4-a97d-d965ccfc6d4b" outcome="Passed" testListId="8c84fa94-04c1-424b-9868-57a2d4851a1d" relativeResultsDirectory="94e5cf2e-a378-43d8-88c9-d5640fca3bf9">
      <Output>
        <StdOut>Logged in as: AslamKhan / 1qaz!QAZ
Redirected at Dashboard screen.</StdOut>
      </Output>
    </UnitTestResult>
    <UnitTestResult executionId="573ccc17-5ea7-4fe1-b150-2820f69b96b9" testId="b74ae57b-78d2-4711-b85e-021fefe29a47" testName="verifySuccessMessage" computerName="USER-PC" duration="00:00:48.8088249" startTime="2015-08-16T14:10:55.4257564+05:30" endTime="2015-08-16T14:11:44.2355481+05:30" testType="13cdc9d9-ddb5-4fa4-a97d-d965ccfc6d4b" outcome="Failed" testListId="8c84fa94-04c1-424b-9868-57a2d4851a1d" relativeResultsDirectory="573ccc17-5ea7-4fe1-b150-2820f69b96b9">
      <Output>
        <StdOut>Logged in as: AslamKhan / 1qaz!QAZ
Redirected at Dashboard screen.
File Path = E:\Pegasus_Project\Pegasus_New_Skin\Pegasus_New_skin\Pegasus_New_skin\Files\leadslist.csv</StdOut>
        <ErrorInfo>
          <Message>Assert.IsTrue failed. </Message>
          <StackTrace>   at PegasusTests.PageHelper.Comm.DriverHelper.UploadFile(String locator, String value) in e:\Pegasus_Project\Pegasus_New_Skin\Pegasus_New_skin\Pegasus_New_skin\PageHelper\Comm\DriverHelper.cs:line 234
   at PegasusTests.Scripts.ClientsTests.VerifySuccessMessage.verifySuccessMessage() in e:\Pegasus_Project\Pegasus_New_Skin\Pegasus_New_skin\Pegasus_New_skin\Scripts\NewSkinTaskJira\VerifySuccessMessage.cs:line 50
</StackTrace>
        </ErrorInfo>
      </Output>
    </UnitTestResult>
    <UnitTestResult executionId="6ce436a0-ff07-4d97-8912-de8f867cdabc" testId="899fbee4-6844-efe0-b45d-263c4f796bc2" testName="verifyUserRedirectToShippingOnCancel" computerName="USER-PC" duration="00:00:30.8036527" startTime="2015-08-16T14:11:44.2355481+05:30" endTime="2015-08-16T14:12:15.0403101+05:30" testType="13cdc9d9-ddb5-4fa4-a97d-d965ccfc6d4b" outcome="Passed" testListId="8c84fa94-04c1-424b-9868-57a2d4851a1d" relativeResultsDirectory="6ce436a0-ff07-4d97-8912-de8f867cdabc">
      <Output>
        <StdOut>Logged in as: AslamKhan / 1qaz!QAZ
Redirected at Dashboard screen.</StdOut>
      </Output>
    </UnitTestResult>
    <UnitTestResult executionId="55af9121-6f47-4a16-ace0-423aee83a434" testId="273c9924-b451-376a-6373-dbe061eee2e8" testName="viewRevenueAdjustmentPartnerAgentAddFlatAmount" computerName="USER-PC" duration="00:01:18.5413179" startTime="2015-08-16T14:12:15.0403101+05:30" endTime="2015-08-16T14:13:33.5838025+05:30" testType="13cdc9d9-ddb5-4fa4-a97d-d965ccfc6d4b" outcome="Failed" testListId="8c84fa94-04c1-424b-9868-57a2d4851a1d" relativeResultsDirectory="55af9121-6f47-4a16-ace0-423aee83a434">
      <Output>
        <StdOut>Logged in as: AslamKhan / 1qaz!QAZ
Redirected at Dashboard screen.</StdOut>
        <ErrorInfo>
          <Message>Assert.IsTrue failed. </Message>
          <StackTrace>   at PegasusTests.PageHelper.Comm.DriverHelper.SendKeys(String locator, String value) in e:\Pegasus_Project\Pegasus_New_Skin\Pegasus_New_skin\Pegasus_New_skin\PageHelper\Comm\DriverHelper.cs:line 222
   at PegasusTests.PageHelper.PartnerAgentHelperNewSkin.TypeText(String Field, String text) in e:\Pegasus_Project\Pegasus_New_Skin\Pegasus_New_skin\Pegasus_New_skin\PageHelper\PartnerAgentHelperNewSkin.cs:line 32
   at PegasusTests.Scripts.ClientsTests.ViewRevenueAdjustmentPartnerAgentAddFlatAmount.viewRevenueAdjustmentPartnerAgentAddFlatAmount() in e:\Pegasus_Project\Pegasus_New_Skin\Pegasus_New_skin\Pegasus_New_skin\Scripts\NewSkinTaskJira\ViewRevenueAdjustmentPartnerAgentAddFlatAmount.cs:line 70
</StackTrace>
        </ErrorInfo>
      </Output>
    </UnitTestResult>
    <UnitTestResult executionId="1e2fe70e-3f89-463f-a7fc-9d1c73039c90" testId="a1228955-227f-d507-f68a-7aa80b081cd9" testName="viewRevenueAdjustmentSaleAgentPercentage" computerName="USER-PC" duration="00:00:19.7520281" startTime="2015-08-16T14:13:33.5838025+05:30" endTime="2015-08-16T14:13:53.3359323+05:30" testType="13cdc9d9-ddb5-4fa4-a97d-d965ccfc6d4b" outcome="Failed" testListId="8c84fa94-04c1-424b-9868-57a2d4851a1d" relativeResultsDirectory="1e2fe70e-3f89-463f-a7fc-9d1c73039c90">
      <Output>
        <StdOut>Logged in as: AslamKhan / 1qaz!QAZ
Redirected at Dashboard screen.</StdOut>
        <ErrorInfo>
          <Message>Test method PegasusTests.Scripts.ClientsTests.ViewRevenueAdjustmentSaleAgentPercentage.viewRevenueAdjustmentSaleAgentPercentage threw exception: 
System.NullReferenceException: Object reference not set to an instance of an object.</Message>
          <StackTrace>    at PegasusTests.Locators.LocatorReader.ReadLocator(String key) in e:\Pegasus_Project\Pegasus_New_Skin\Pegasus_New_skin\Pegasus_New_skin\Locators\LocatorReader.cs:line 22
   at PegasusTests.PageHelper.PartnerAgentHelperNewSkin.ClickElement(String xmlNode) in e:\Pegasus_Project\Pegasus_New_Skin\Pegasus_New_skin\Pegasus_New_skin\PageHelper\PartnerAgentHelperNewSkin.cs:line 54
   at PegasusTests.Scripts.ClientsTests.ViewRevenueAdjustmentSaleAgentPercentage.viewRevenueAdjustmentSaleAgentPercentage() in e:\Pegasus_Project\Pegasus_New_Skin\Pegasus_New_skin\Pegasus_New_skin\Scripts\NewSkinTaskJira\ViewRevenueAdjustmentSaleAgentPercentage.cs:line 45
</StackTrace>
        </ErrorInfo>
      </Output>
    </UnitTestResult>
    <UnitTestResult executionId="2a89cc8a-a600-48df-a2c9-639dc5279998" testId="77502f30-c3cb-2212-18a4-c16ed17882e8" testName="websiteFilter" computerName="USER-PC" duration="00:01:08.1134430" startTime="2015-08-16T14:13:53.3369323+05:30" endTime="2015-08-16T14:15:01.4518283+05:30" testType="13cdc9d9-ddb5-4fa4-a97d-d965ccfc6d4b" outcome="Failed" testListId="8c84fa94-04c1-424b-9868-57a2d4851a1d" relativeResultsDirectory="2a89cc8a-a600-48df-a2c9-639dc5279998">
      <Output>
        <StdOut>Logged in as: AslamKhan / 1qaz!QAZ
Redirected at Dashboard screen.</StdOut>
        <ErrorInfo>
          <Message>Assert.IsTrue failed. </Message>
          <StackTrace>   at PegasusTests.PageHelper.PartnerAgentHelperNewSkin.verifyElementPresent(String field) in e:\Pegasus_Project\Pegasus_New_Skin\Pegasus_New_skin\Pegasus_New_skin\PageHelper\PartnerAgentHelperNewSkin.cs:line 143
   at PegasusTests.Scripts.ClientsTests.WebsiteFilter.websiteFilter() in e:\Pegasus_Project\Pegasus_New_Skin\Pegasus_New_skin\Pegasus_New_skin\Scripts\NewSkinTaskJira\WebsiteFilter.cs:line 48
</StackTrace>
        </ErrorInfo>
      </Output>
    </UnitTestResult>
  </Results>
  <TestDefinitions>
    <UnitTest name="addAgentCodeForPartnerAgnet" storage="e:\pegasus_project\pegasus_new_skin\pegasus_new_skin\pegasus_new_skin\bin\debug\pegasus_new_skin.dll" id="75e56327-7336-efdc-b3ad-bd85e075095f">
      <Execution id="8a32e8d9-8d59-419a-b934-130857c6439a" />
      <TestMethod codeBase="E:\Pegasus_Project\Pegasus_New_Skin\Pegasus_New_skin\Pegasus_New_skin\bin\Debug\Pegasus_New_skin.dll" adapterTypeName="Microsoft.VisualStudio.TestTools.TestTypes.Unit.UnitTestAdapter" className="PegasusTests.Scripts.ClientsTests.AddAgentCodeForPartnerAgnet" name="addAgentCodeForPartnerAgnet" />
    </UnitTest>
    <UnitTest name="additionalFilter" storage="e:\pegasus_project\pegasus_new_skin\pegasus_new_skin\pegasus_new_skin\bin\debug\pegasus_new_skin.dll" id="b466f748-829e-6f53-e63c-28f63c2aeb0e">
      <Execution id="8ec8a4d1-ad54-4616-99f5-77eda00233b7" />
      <TestMethod codeBase="E:\Pegasus_Project\Pegasus_New_Skin\Pegasus_New_skin\Pegasus_New_skin\bin\Debug\Pegasus_New_skin.dll" adapterTypeName="Microsoft.VisualStudio.TestTools.TestTypes.Unit.UnitTestAdapter" className="PegasusTests.Scripts.ClientsTests.AdditionalFilter" name="additionalFilter" />
    </UnitTest>
    <UnitTest name="addressStateIssues" storage="e:\pegasus_project\pegasus_new_skin\pegasus_new_skin\pegasus_new_skin\bin\debug\pegasus_new_skin.dll" id="48f14298-cb83-566e-96ba-3647b0514124">
      <Execution id="e936910a-8d13-4210-abc1-b8abbf03ac10" />
      <TestMethod codeBase="E:\Pegasus_Project\Pegasus_New_Skin\Pegasus_New_skin\Pegasus_New_skin\bin\Debug\Pegasus_New_skin.dll" adapterTypeName="Microsoft.VisualStudio.TestTools.TestTypes.Unit.UnitTestAdapter" className="PegasusTests.Scripts.ClientsTests.AddressStateIssues" name="addressStateIssues" />
    </UnitTest>
    <UnitTest name="addressTypePickList" storage="e:\pegasus_project\pegasus_new_skin\pegasus_new_skin\pegasus_new_skin\bin\debug\pegasus_new_skin.dll" id="024631e0-52c7-3174-1268-ee300c1200f2">
      <Execution id="9925252b-b3f1-4e37-9961-2e93267e01ce" />
      <TestMethod codeBase="E:\Pegasus_Project\Pegasus_New_Skin\Pegasus_New_skin\Pegasus_New_skin\bin\Debug\Pegasus_New_skin.dll" adapterTypeName="Microsoft.VisualStudio.TestTools.TestTypes.Unit.UnitTestAdapter" className="PegasusTests.Scripts.ClientsTests.AddressTypePickList" name="addressTypePickList" />
    </UnitTest>
    <UnitTest name="agentEmployeePage" storage="e:\pegasus_project\pegasus_new_skin\pegasus_new_skin\pegasus_new_skin\bin\debug\pegasus_new_skin.dll" id="887c7784-c900-222b-bed3-59ae4b319fbd">
      <Execution id="5fd0b9a1-b53e-4fd2-802f-8b19e15b9e4c" />
      <TestMethod codeBase="E:\Pegasus_Project\Pegasus_New_Skin\Pegasus_New_skin\Pegasus_New_skin\bin\Debug\Pegasus_New_skin.dll" adapterTypeName="Microsoft.VisualStudio.TestTools.TestTypes.Unit.UnitTestAdapter" className="PegasusTests.Scripts.ClientsTests.AgentEmployeePage" name="agentEmployeePage" />
    </UnitTest>
    <UnitTest name="allAgentDisplayePage" storage="e:\pegasus_project\pegasus_new_skin\pegasus_new_skin\pegasus_new_skin\bin\debug\pegasus_new_skin.dll" id="8112eff1-8521-766e-f155-ef1a6d5eb07a">
      <Execution id="7eaad1d9-29ff-4065-b45b-fd2cf383b56f" />
      <TestMethod codeBase="E:\Pegasus_Project\Pegasus_New_Skin\Pegasus_New_skin\Pegasus_New_skin\bin\Debug\Pegasus_New_skin.dll" adapterTypeName="Microsoft.VisualStudio.TestTools.TestTypes.Unit.UnitTestAdapter" className="PegasusTests.Scripts.ClientsTests.AllAgentDisplayePage" name="allAgentDisplayePage" />
    </UnitTest>
    <UnitTest name="allUserPageInCorp" storage="e:\pegasus_project\pegasus_new_skin\pegasus_new_skin\pegasus_new_skin\bin\debug\pegasus_new_skin.dll" id="39af5e03-be84-4d4d-47e1-0e37436a03a0">
      <Execution id="1dd9331a-fa6d-4e50-8496-3fad6624c8fd" />
      <TestMethod codeBase="E:\Pegasus_Project\Pegasus_New_Skin\Pegasus_New_skin\Pegasus_New_skin\bin\Debug\Pegasus_New_skin.dll" adapterTypeName="Microsoft.VisualStudio.TestTools.TestTypes.Unit.UnitTestAdapter" className="PegasusTests.Scripts.ClientsTests.AllUserPageInCorp" name="allUserPageInCorp" />
    </UnitTest>
    <UnitTest name="blankSubjectValidation" storage="e:\pegasus_project\pegasus_new_skin\pegasus_new_skin\pegasus_new_skin\bin\debug\pegasus_new_skin.dll" id="5f935a3e-552f-ad58-fa16-2bbdb7bbb492">
      <Execution id="29ab2aec-4959-4e24-8476-0ed490ffff41" />
      <TestMethod codeBase="E:\Pegasus_Project\Pegasus_New_Skin\Pegasus_New_skin\Pegasus_New_skin\bin\Debug\Pegasus_New_skin.dll" adapterTypeName="Microsoft.VisualStudio.TestTools.TestTypes.Unit.UnitTestAdapter" className="PegasusTests.Scripts.ClientsTests.BlankSubjectValidation" name="blankSubjectValidation" />
    </UnitTest>
    <UnitTest name="cancelEditProfile" storage="e:\pegasus_project\pegasus_new_skin\pegasus_new_skin\pegasus_new_skin\bin\debug\pegasus_new_skin.dll" id="a735b350-d35d-c19e-72c0-f461418b114f">
      <Execution id="89cdd997-5495-4947-b4ac-bc5d42908eee" />
      <TestMethod codeBase="E:\Pegasus_Project\Pegasus_New_Skin\Pegasus_New_skin\Pegasus_New_skin\bin\Debug\Pegasus_New_skin.dll" adapterTypeName="Microsoft.VisualStudio.TestTools.TestTypes.Unit.UnitTestAdapter" className="PegasusTests.Scripts.ClientsTests.CancelEditProfile" name="cancelEditProfile" />
    </UnitTest>
    <UnitTest name="changeStatusOfTicketAndVerifyStatus" storage="e:\pegasus_project\pegasus_new_skin\pegasus_new_skin\pegasus_new_skin\bin\debug\pegasus_new_skin.dll" id="8c34702b-977e-c025-23ba-fe79ac937588">
      <Execution id="c29c88ec-b709-4676-ba68-d1109b89cb0c" />
      <TestMethod codeBase="E:\Pegasus_Project\Pegasus_New_Skin\Pegasus_New_skin\Pegasus_New_skin\bin\Debug\Pegasus_New_skin.dll" adapterTypeName="Microsoft.VisualStudio.TestTools.TestTypes.Unit.UnitTestAdapter" className="PegasusTests.Scripts.ClientsTests.ChangeStatusOfTicketAndVerifyStatus" name="changeStatusOfTicketAndVerifyStatus" />
    </UnitTest>
    <UnitTest name="checkFilter" storage="e:\pegasus_project\pegasus_new_skin\pegasus_new_skin\pegasus_new_skin\bin\debug\pegasus_new_skin.dll" id="2f71bcfc-595b-2cf8-254e-56d76989fe46">
      <Execution id="580e05a3-b259-4a7f-a760-407332c03c45" />
      <TestMethod codeBase="E:\Pegasus_Project\Pegasus_New_Skin\Pegasus_New_skin\Pegasus_New_skin\bin\Debug\Pegasus_New_skin.dll" adapterTypeName="Microsoft.VisualStudio.TestTools.TestTypes.Unit.UnitTestAdapter" className="PegasusTests.Scripts.ClientsTests.CheckFilter" name="checkFilter" />
    </UnitTest>
    <UnitTest name="clickEditEquipmentAfterConfirmDelete" storage="e:\pegasus_project\pegasus_new_skin\pegasus_new_skin\pegasus_new_skin\bin\debug\pegasus_new_skin.dll" id="ca2e1b20-9ca3-3ef9-1cfd-f3d78c44a475">
      <Execution id="5a711bb6-42cc-4141-9f97-a96344c47db0" />
      <TestMethod codeBase="E:\Pegasus_Project\Pegasus_New_Skin\Pegasus_New_skin\Pegasus_New_skin\bin\Debug\Pegasus_New_skin.dll" adapterTypeName="Microsoft.VisualStudio.TestTools.TestTypes.Unit.UnitTestAdapter" className="PegasusTests.Scripts.ClientsTests.ClickEditEquipmentAfterConfirmDelete" name="clickEditEquipmentAfterConfirmDelete" />
    </UnitTest>
    <UnitTest name="clientContactTabExpandOnClickLabel" storage="e:\pegasus_project\pegasus_new_skin\pegasus_new_skin\pegasus_new_skin\bin\debug\pegasus_new_skin.dll" id="01c1dd74-2fb1-fbb6-f8e3-ed1a182e0af3">
      <Execution id="29e37dbb-b3e2-463e-8666-73687626ff2c" />
      <TestMethod codeBase="E:\Pegasus_Project\Pegasus_New_Skin\Pegasus_New_skin\Pegasus_New_skin\bin\Debug\Pegasus_New_skin.dll" adapterTypeName="Microsoft.VisualStudio.TestTools.TestTypes.Unit.UnitTestAdapter" className="PegasusTests.Scripts.ClientsTests.ClientContactTabExpandOnClickLabel" name="clientContactTabExpandOnClickLabel" />
    </UnitTest>
    <UnitTest name="clientDublicateMatchOverlay" storage="e:\pegasus_project\pegasus_new_skin\pegasus_new_skin\pegasus_new_skin\bin\debug\pegasus_new_skin.dll" id="b7117c23-ebaf-3c92-917e-0d5689b3320e">
      <Execution id="50c5d694-92b0-4b45-9654-35ba03d81919" />
      <TestMethod codeBase="E:\Pegasus_Project\Pegasus_New_Skin\Pegasus_New_skin\Pegasus_New_skin\bin\Debug\Pegasus_New_skin.dll" adapterTypeName="Microsoft.VisualStudio.TestTools.TestTypes.Unit.UnitTestAdapter" className="PegasusTests.Scripts.ClientsTests.ClientDublicateMatchOverlay" name="clientDublicateMatchOverlay" />
    </UnitTest>
    <UnitTest name="clientMerchantIssue1" storage="e:\pegasus_project\pegasus_new_skin\pegasus_new_skin\pegasus_new_skin\bin\debug\pegasus_new_skin.dll" id="181c25d2-1724-3a41-d18c-b54a0ccc2e46">
      <Execution id="962a0832-0fe8-4aea-874f-54cd9ca96118" />
      <TestMethod codeBase="E:\Pegasus_Project\Pegasus_New_Skin\Pegasus_New_skin\Pegasus_New_skin\bin\Debug\Pegasus_New_skin.dll" adapterTypeName="Microsoft.VisualStudio.TestTools.TestTypes.Unit.UnitTestAdapter" className="PegasusTests.Scripts.ClientsTests.ClientMerchantIssue1" name="clientMerchantIssue1" />
    </UnitTest>
    <UnitTest name="clientMerchantIssue2" storage="e:\pegasus_project\pegasus_new_skin\pegasus_new_skin\pegasus_new_skin\bin\debug\pegasus_new_skin.dll" id="9a7b6b9a-3023-3a2b-3d10-0bf04068cf88">
      <Execution id="f5ca6c90-0465-4e71-89ae-b0c920bea07a" />
      <TestMethod codeBase="E:\Pegasus_Project\Pegasus_New_Skin\Pegasus_New_skin\Pegasus_New_skin\bin\Debug\Pegasus_New_skin.dll" adapterTypeName="Microsoft.VisualStudio.TestTools.TestTypes.Unit.UnitTestAdapter" className="PegasusTests.Scripts.ClientsTests.ClientMerchantIssue2" name="clientMerchantIssue2" />
    </UnitTest>
    <UnitTest name="clientPDFInactive" storage="e:\pegasus_project\pegasus_new_skin\pegasus_new_skin\pegasus_new_skin\bin\debug\pegasus_new_skin.dll" id="ee1173d2-973c-26e9-727d-00a67b6abd2f">
      <Execution id="15e3e414-d24e-4dbf-b7cd-739511000237" />
      <TestMethod codeBase="E:\Pegasus_Project\Pegasus_New_Skin\Pegasus_New_skin\Pegasus_New_skin\bin\Debug\Pegasus_New_skin.dll" adapterTypeName="Microsoft.VisualStudio.TestTools.TestTypes.Unit.UnitTestAdapter" className="PegasusTests.Scripts.ClientsTests.ClientPDFInactive" name="clientPDFInactive" />
    </UnitTest>
    <UnitTest name="clientRequiredField" storage="e:\pegasus_project\pegasus_new_skin\pegasus_new_skin\pegasus_new_skin\bin\debug\pegasus_new_skin.dll" id="c113ee0b-dea0-ba2a-4a37-7e71463c41c8">
      <Execution id="8718c1b8-0fdf-499b-9bc0-67f5c8f71983" />
      <TestMethod codeBase="E:\Pegasus_Project\Pegasus_New_Skin\Pegasus_New_skin\Pegasus_New_skin\bin\Debug\Pegasus_New_skin.dll" adapterTypeName="Microsoft.VisualStudio.TestTools.TestTypes.Unit.UnitTestAdapter" className="PegasusTests.Scripts.ClientsTests.ClientRequiredField" name="clientRequiredField" />
    </UnitTest>
    <UnitTest name="clientResidualAdjustment" storage="e:\pegasus_project\pegasus_new_skin\pegasus_new_skin\pegasus_new_skin\bin\debug\pegasus_new_skin.dll" id="b47ab7f2-7c09-856a-1469-10cf7e1e0458">
      <Execution id="9ac09383-eef3-4ded-9535-f869a3c96c5a" />
      <TestMethod codeBase="E:\Pegasus_Project\Pegasus_New_Skin\Pegasus_New_skin\Pegasus_New_skin\bin\Debug\Pegasus_New_skin.dll" adapterTypeName="Microsoft.VisualStudio.TestTools.TestTypes.Unit.UnitTestAdapter" className="PegasusTests.Scripts.ClientsTests.ClientResidualAdjustment" name="clientResidualAdjustment" />
    </UnitTest>
    <UnitTest name="clientVerifyCanadaCountry" storage="e:\pegasus_project\pegasus_new_skin\pegasus_new_skin\pegasus_new_skin\bin\debug\pegasus_new_skin.dll" id="80ff8e72-8ff4-afe5-5c4e-babbe2f49ee4">
      <Execution id="6dedbdbe-54bb-45ac-ba67-5894e32d9409" />
      <TestMethod codeBase="E:\Pegasus_Project\Pegasus_New_Skin\Pegasus_New_skin\Pegasus_New_skin\bin\Debug\Pegasus_New_skin.dll" adapterTypeName="Microsoft.VisualStudio.TestTools.TestTypes.Unit.UnitTestAdapter" className="PegasusTests.Scripts.ClientsTests.ClientVerifyCanadaCountry" name="clientVerifyCanadaCountry" />
    </UnitTest>
    <UnitTest name="convertLeadMoveToRecycleBin" storage="e:\pegasus_project\pegasus_new_skin\pegasus_new_skin\pegasus_new_skin\bin\debug\pegasus_new_skin.dll" id="11b81a51-5dd0-366c-0281-30d54286029a">
      <Execution id="1aa5ff28-84fb-4407-bdfb-4ed692bdc4d0" />
      <TestMethod codeBase="E:\Pegasus_Project\Pegasus_New_Skin\Pegasus_New_skin\Pegasus_New_skin\bin\Debug\Pegasus_New_skin.dll" adapterTypeName="Microsoft.VisualStudio.TestTools.TestTypes.Unit.UnitTestAdapter" className="PegasusTests.Scripts.ClientsTests.ConvertLeadMoveToRecycleBin" name="convertLeadMoveToRecycleBin" />
    </UnitTest>
    <UnitTest name="copyrightNotAvail" storage="e:\pegasus_project\pegasus_new_skin\pegasus_new_skin\pegasus_new_skin\bin\debug\pegasus_new_skin.dll" id="86209b9d-c8ef-ef98-c2b7-2920f433756d">
      <Execution id="855232d4-5fc9-4086-8253-b4bd4ce3dd75" />
      <TestMethod codeBase="E:\Pegasus_Project\Pegasus_New_Skin\Pegasus_New_skin\Pegasus_New_skin\bin\Debug\Pegasus_New_skin.dll" adapterTypeName="Microsoft.VisualStudio.TestTools.TestTypes.Unit.UnitTestAdapter" className="PegasusTests.Scripts.ClientsTests.CopyrightNotAvail" name="copyrightNotAvail" />
    </UnitTest>
    <UnitTest name="corpEmployeeIssues" storage="e:\pegasus_project\pegasus_new_skin\pegasus_new_skin\pegasus_new_skin\bin\debug\pegasus_new_skin.dll" id="1bfb404a-0507-99ce-62a4-3d9ae6737f43">
      <Execution id="baf73215-2ea9-4092-a67e-58a00b0a0333" />
      <TestMethod codeBase="E:\Pegasus_Project\Pegasus_New_Skin\Pegasus_New_skin\Pegasus_New_skin\bin\Debug\Pegasus_New_skin.dll" adapterTypeName="Microsoft.VisualStudio.TestTools.TestTypes.Unit.UnitTestAdapter" className="PegasusTests.Scripts.ClientsTests.CorpEmployeeIssues" name="corpEmployeeIssues" />
    </UnitTest>
    <UnitTest name="createClientError" storage="e:\pegasus_project\pegasus_new_skin\pegasus_new_skin\pegasus_new_skin\bin\debug\pegasus_new_skin.dll" id="3d8ee334-4ea5-3518-9c3a-fd8b51d3045a">
      <Execution id="92a4797e-62c4-4f84-a0af-c428902e78ad" />
      <TestMethod codeBase="E:\Pegasus_Project\Pegasus_New_Skin\Pegasus_New_skin\Pegasus_New_skin\bin\Debug\Pegasus_New_skin.dll" adapterTypeName="Microsoft.VisualStudio.TestTools.TestTypes.Unit.UnitTestAdapter" className="PegasusTests.Scripts.ClientsTests.CreateClientError" name="createClientError" />
    </UnitTest>
    <UnitTest name="createEquipmentNewSkin" storage="e:\pegasus_project\pegasus_new_skin\pegasus_new_skin\pegasus_new_skin\bin\debug\pegasus_new_skin.dll" id="e8d2a080-7634-f2c4-f926-42b63bf49db4">
      <Execution id="575a52fa-b216-403f-baf1-061f37aa87c6" />
      <TestMethod codeBase="E:\Pegasus_Project\Pegasus_New_Skin\Pegasus_New_skin\Pegasus_New_skin\bin\Debug\Pegasus_New_skin.dll" adapterTypeName="Microsoft.VisualStudio.TestTools.TestTypes.Unit.UnitTestAdapter" className="PegasusTests.Scripts.ClientsTests.CreateEquipmentNewSkin" name="createEquipmentNewSkin" />
    </UnitTest>
    <UnitTest name="createLeadWithRequiredFieldNewSkin" storage="e:\pegasus_project\pegasus_new_skin\pegasus_new_skin\pegasus_new_skin\bin\debug\pegasus_new_skin.dll" id="9780a645-4095-c833-3d95-0ba17d6597b4">
      <Execution id="a16dba43-f161-478f-9ccb-977f56db3d73" />
      <TestMethod codeBase="E:\Pegasus_Project\Pegasus_New_Skin\Pegasus_New_skin\Pegasus_New_skin\bin\Debug\Pegasus_New_skin.dll" adapterTypeName="Microsoft.VisualStudio.TestTools.TestTypes.Unit.UnitTestAdapter" className="PegasusTests.Scripts.ClientsTests.CreateLeadWithRequiredFieldNewSkin" name="createLeadWithRequiredFieldNewSkin" />
    </UnitTest>
    <UnitTest name="createOfficeNewSkin" storage="e:\pegasus_project\pegasus_new_skin\pegasus_new_skin\pegasus_new_skin\bin\debug\pegasus_new_skin.dll" id="c0aae661-376d-ca04-ce30-65203124e8ba">
      <Execution id="bc15a67d-3b72-4851-9361-fea1d87b8450" />
      <TestMethod codeBase="E:\Pegasus_Project\Pegasus_New_Skin\Pegasus_New_skin\Pegasus_New_skin\bin\Debug\Pegasus_New_skin.dll" adapterTypeName="Microsoft.VisualStudio.TestTools.TestTypes.Unit.UnitTestAdapter" className="PegasusTests.Scripts.Corp.CreateOfficeNewSkin" name="createOfficeNewSkin" />
    </UnitTest>
    <UnitTest name="createPDFPackage" storage="e:\pegasus_project\pegasus_new_skin\pegasus_new_skin\pegasus_new_skin\bin\debug\pegasus_new_skin.dll" id="225dff06-bf76-de06-4ee3-83bec1444e67">
      <Execution id="e53706bc-23ec-43a4-be31-fd8ede6a4258" />
      <TestMethod codeBase="E:\Pegasus_Project\Pegasus_New_Skin\Pegasus_New_skin\Pegasus_New_skin\bin\Debug\Pegasus_New_skin.dll" adapterTypeName="Microsoft.VisualStudio.TestTools.TestTypes.Unit.UnitTestAdapter" className="PegasusTests.Scripts.ClientsTests.CreatePDFPackages" name="createPDFPackage" />
    </UnitTest>
    <UnitTest name="createPDFPackagePushToOffice" storage="e:\pegasus_project\pegasus_new_skin\pegasus_new_skin\pegasus_new_skin\bin\debug\pegasus_new_skin.dll" id="54e0bcd3-13b1-1c68-dd4c-0a6808043fde">
      <Execution id="64ba6c42-b6e3-4bb7-94ed-5511e71855ec" />
      <TestMethod codeBase="E:\Pegasus_Project\Pegasus_New_Skin\Pegasus_New_skin\Pegasus_New_skin\bin\Debug\Pegasus_New_skin.dll" adapterTypeName="Microsoft.VisualStudio.TestTools.TestTypes.Unit.UnitTestAdapter" className="PegasusTests.Scripts.ClientsTests.CreatePDFPackagePushToOffice" name="createPDFPackagePushToOffice" />
    </UnitTest>
    <UnitTest name="createProcessorNewSkin" storage="e:\pegasus_project\pegasus_new_skin\pegasus_new_skin\pegasus_new_skin\bin\debug\pegasus_new_skin.dll" id="6c3ec04a-c589-1298-4bba-44a34d77680d">
      <Execution id="1dacc984-4851-4209-8e73-e1c711ef273e" />
      <TestMethod codeBase="E:\Pegasus_Project\Pegasus_New_Skin\Pegasus_New_skin\Pegasus_New_skin\bin\Debug\Pegasus_New_skin.dll" adapterTypeName="Microsoft.VisualStudio.TestTools.TestTypes.Unit.UnitTestAdapter" className="PegasusTests.Scripts.ClientsTests.CreateProcessorNewSkin" name="createProcessorNewSkin" />
    </UnitTest>
    <UnitTest name="createReportValidation" storage="e:\pegasus_project\pegasus_new_skin\pegasus_new_skin\pegasus_new_skin\bin\debug\pegasus_new_skin.dll" id="8e0d478e-9b1f-b036-cda4-428d3304bc9d">
      <Execution id="1e210b48-5293-4a90-96b3-59d5710802cb" />
      <TestMethod codeBase="E:\Pegasus_Project\Pegasus_New_Skin\Pegasus_New_skin\Pegasus_New_skin\bin\Debug\Pegasus_New_skin.dll" adapterTypeName="Microsoft.VisualStudio.TestTools.TestTypes.Unit.UnitTestAdapter" className="PegasusTests.Scripts.ClientsTests.CreateReportValidation" name="createReportValidation" />
    </UnitTest>
    <UnitTest name="createUserError" storage="e:\pegasus_project\pegasus_new_skin\pegasus_new_skin\pegasus_new_skin\bin\debug\pegasus_new_skin.dll" id="ac466cc6-5028-9fc8-e133-9864bcf4fe88">
      <Execution id="8c6e1aad-4f9c-4f09-b7af-0cd9abdd4bba" />
      <TestMethod codeBase="E:\Pegasus_Project\Pegasus_New_Skin\Pegasus_New_skin\Pegasus_New_skin\bin\Debug\Pegasus_New_skin.dll" adapterTypeName="Microsoft.VisualStudio.TestTools.TestTypes.Unit.UnitTestAdapter" className="PegasusTests.Scripts.ClientsTests.CreateUserError" name="createUserError" />
    </UnitTest>
    <UnitTest name="createUserError1" storage="e:\pegasus_project\pegasus_new_skin\pegasus_new_skin\pegasus_new_skin\bin\debug\pegasus_new_skin.dll" id="7f132701-8100-d7a7-582e-336ee30439dc">
      <Execution id="01c19882-17cb-424b-9293-210696175b3a" />
      <TestMethod codeBase="E:\Pegasus_Project\Pegasus_New_Skin\Pegasus_New_skin\Pegasus_New_skin\bin\Debug\Pegasus_New_skin.dll" adapterTypeName="Microsoft.VisualStudio.TestTools.TestTypes.Unit.UnitTestAdapter" className="PegasusTests.Scripts.ClientsTests.CreateUserError1" name="createUserError1" />
    </UnitTest>
    <UnitTest name="createUserError2" storage="e:\pegasus_project\pegasus_new_skin\pegasus_new_skin\pegasus_new_skin\bin\debug\pegasus_new_skin.dll" id="110cbcae-34c8-6509-5400-6842f9e0f5ca">
      <Execution id="6481ad75-75e3-41ae-8a9b-b5d752f8f3d6" />
      <TestMethod codeBase="E:\Pegasus_Project\Pegasus_New_Skin\Pegasus_New_skin\Pegasus_New_skin\bin\Debug\Pegasus_New_skin.dll" adapterTypeName="Microsoft.VisualStudio.TestTools.TestTypes.Unit.UnitTestAdapter" className="PegasusTests.Scripts.ClientsTests.CreateUserError2" name="createUserError2" />
    </UnitTest>
    <UnitTest name="deleteAllRevenueShareClient" storage="e:\pegasus_project\pegasus_new_skin\pegasus_new_skin\pegasus_new_skin\bin\debug\pegasus_new_skin.dll" id="30257349-d269-2c45-8b7a-3f657728a2fb">
      <Execution id="cfe2480a-8b08-4525-98db-bf8138205610" />
      <TestMethod codeBase="E:\Pegasus_Project\Pegasus_New_Skin\Pegasus_New_skin\Pegasus_New_skin\bin\Debug\Pegasus_New_skin.dll" adapterTypeName="Microsoft.VisualStudio.TestTools.TestTypes.Unit.UnitTestAdapter" className="PegasusTests.Scripts.ClientsTests.DeleteAllRevenueShareClient" name="deleteAllRevenueShareClient" />
    </UnitTest>
    <UnitTest name="deleteEmployee" storage="e:\pegasus_project\pegasus_new_skin\pegasus_new_skin\pegasus_new_skin\bin\debug\pegasus_new_skin.dll" id="22eaf6ce-1169-54f0-138c-0f7ee2219abd">
      <Execution id="f21fa1af-b87f-4117-b320-e7f01bbc0ac2" />
      <TestMethod codeBase="E:\Pegasus_Project\Pegasus_New_Skin\Pegasus_New_skin\Pegasus_New_skin\bin\Debug\Pegasus_New_skin.dll" adapterTypeName="Microsoft.VisualStudio.TestTools.TestTypes.Unit.UnitTestAdapter" className="PegasusTests.Scripts.ClientsTests.DeleteEmployee" name="deleteEmployee" />
    </UnitTest>
    <UnitTest name="deleteEquipmentNewSkin" storage="e:\pegasus_project\pegasus_new_skin\pegasus_new_skin\pegasus_new_skin\bin\debug\pegasus_new_skin.dll" id="cd2349a5-754f-0e19-994d-2346f7ee6f57">
      <Execution id="1d158a36-db9f-451c-a163-0ab6d5057b6c" />
      <TestMethod codeBase="E:\Pegasus_Project\Pegasus_New_Skin\Pegasus_New_skin\Pegasus_New_skin\bin\Debug\Pegasus_New_skin.dll" adapterTypeName="Microsoft.VisualStudio.TestTools.TestTypes.Unit.UnitTestAdapter" className="PegasusTests.Scripts.ClientsTests.DeleteEquipmentNewSkin" name="deleteEquipmentNewSkin" />
    </UnitTest>
    <UnitTest name="deleteIndividualRevenue" storage="e:\pegasus_project\pegasus_new_skin\pegasus_new_skin\pegasus_new_skin\bin\debug\pegasus_new_skin.dll" id="73732dff-e65b-2925-15b2-fc5002d5cd57">
      <Execution id="d16c2859-7bd5-4550-82ac-1445aa8daccc" />
      <TestMethod codeBase="E:\Pegasus_Project\Pegasus_New_Skin\Pegasus_New_skin\Pegasus_New_skin\bin\Debug\Pegasus_New_skin.dll" adapterTypeName="Microsoft.VisualStudio.TestTools.TestTypes.Unit.UnitTestAdapter" className="PegasusTests.Scripts.ClientsTests.DeleteIndividualRevenue" name="deleteIndividualRevenue" />
    </UnitTest>
    <UnitTest name="deleteOfficeNewSkin" storage="e:\pegasus_project\pegasus_new_skin\pegasus_new_skin\pegasus_new_skin\bin\debug\pegasus_new_skin.dll" id="200f2942-fcb9-6450-a389-794592e9b5cc">
      <Execution id="2a7bfe91-cf8b-474d-bbb5-4dc297c64b4a" />
      <TestMethod codeBase="E:\Pegasus_Project\Pegasus_New_Skin\Pegasus_New_skin\Pegasus_New_skin\bin\Debug\Pegasus_New_skin.dll" adapterTypeName="Microsoft.VisualStudio.TestTools.TestTypes.Unit.UnitTestAdapter" className="PegasusTests.Scripts.Corp.DeleteOfficeNewSkin" name="deleteOfficeNewSkin" />
    </UnitTest>
    <UnitTest name="deletePDFTemplate" storage="e:\pegasus_project\pegasus_new_skin\pegasus_new_skin\pegasus_new_skin\bin\debug\pegasus_new_skin.dll" id="e583e817-da39-b6e3-11da-6d2a55a549de">
      <Execution id="856b8298-d58c-47c6-a0d0-feaf4bea0274" />
      <TestMethod codeBase="E:\Pegasus_Project\Pegasus_New_Skin\Pegasus_New_skin\Pegasus_New_skin\bin\Debug\Pegasus_New_skin.dll" adapterTypeName="Microsoft.VisualStudio.TestTools.TestTypes.Unit.UnitTestAdapter" className="PegasusTests.Scripts.ClientsTests.DeletePDFTemplate" name="deletePDFTemplate" />
    </UnitTest>
    <UnitTest name="deletePDFTemplateCorp" storage="e:\pegasus_project\pegasus_new_skin\pegasus_new_skin\pegasus_new_skin\bin\debug\pegasus_new_skin.dll" id="35bd9b17-2e60-aab0-1b76-88768e271b9f">
      <Execution id="61699a33-d78b-4769-89a4-58d0f32d5894" />
      <TestMethod codeBase="E:\Pegasus_Project\Pegasus_New_Skin\Pegasus_New_skin\Pegasus_New_skin\bin\Debug\Pegasus_New_skin.dll" adapterTypeName="Microsoft.VisualStudio.TestTools.TestTypes.Unit.UnitTestAdapter" className="PegasusTests.Scripts.ClientsTests.DeletePDFTemplateCorp" name="deletePDFTemplateCorp" />
    </UnitTest>
    <UnitTest name="deleteProductAdmin" storage="e:\pegasus_project\pegasus_new_skin\pegasus_new_skin\pegasus_new_skin\bin\debug\pegasus_new_skin.dll" id="a8654672-39e6-9749-e64f-f336ca308b0d">
      <Execution id="17ab2233-e0e3-47e3-a6aa-ff6c71c46108" />
      <TestMethod codeBase="E:\Pegasus_Project\Pegasus_New_Skin\Pegasus_New_skin\Pegasus_New_skin\bin\Debug\Pegasus_New_skin.dll" adapterTypeName="Microsoft.VisualStudio.TestTools.TestTypes.Unit.UnitTestAdapter" className="PegasusTests.Scripts.ClientsTests.DeleteProductAdmin" name="deleteProductAdmin" />
    </UnitTest>
    <UnitTest name="deleteSaleAgentCodeAndRevenueShare" storage="e:\pegasus_project\pegasus_new_skin\pegasus_new_skin\pegasus_new_skin\bin\debug\pegasus_new_skin.dll" id="4330d98c-49e0-3371-760a-38d2e071aec5">
      <Execution id="35c24690-d92e-4a9e-90e0-baaafd192778" />
      <TestMethod codeBase="E:\Pegasus_Project\Pegasus_New_Skin\Pegasus_New_skin\Pegasus_New_skin\bin\Debug\Pegasus_New_skin.dll" adapterTypeName="Microsoft.VisualStudio.TestTools.TestTypes.Unit.UnitTestAdapter" className="PegasusTests.Scripts.ClientsTests.DeleteSaleAgentCodeAndRevenueShare" name="deleteSaleAgentCodeAndRevenueShare" />
    </UnitTest>
    <UnitTest name="editClientNewSkin" storage="e:\pegasus_project\pegasus_new_skin\pegasus_new_skin\pegasus_new_skin\bin\debug\pegasus_new_skin.dll" id="b35b0d71-79da-bc60-f850-98a6f43dde34">
      <Execution id="63d80536-eb31-4c75-9043-3a2599eb9845" />
      <TestMethod codeBase="E:\Pegasus_Project\Pegasus_New_Skin\Pegasus_New_skin\Pegasus_New_skin\bin\Debug\Pegasus_New_skin.dll" adapterTypeName="Microsoft.VisualStudio.TestTools.TestTypes.Unit.UnitTestAdapter" className="PegasusTests.Scripts.ClientsTests.EditClientNewSkin" name="editClientNewSkin" />
    </UnitTest>
    <UnitTest name="editCorpEmployee" storage="e:\pegasus_project\pegasus_new_skin\pegasus_new_skin\pegasus_new_skin\bin\debug\pegasus_new_skin.dll" id="c3017713-9611-9ede-6da7-88b946a87296">
      <Execution id="2f6f1d5c-8761-480c-98a8-ef17009eaee1" />
      <TestMethod codeBase="E:\Pegasus_Project\Pegasus_New_Skin\Pegasus_New_skin\Pegasus_New_skin\bin\Debug\Pegasus_New_skin.dll" adapterTypeName="Microsoft.VisualStudio.TestTools.TestTypes.Unit.UnitTestAdapter" className="PegasusTests.Scripts.ClientsTests.EditCorpEmployee" name="editCorpEmployee" />
    </UnitTest>
    <UnitTest name="editMyProfile" storage="e:\pegasus_project\pegasus_new_skin\pegasus_new_skin\pegasus_new_skin\bin\debug\pegasus_new_skin.dll" id="74866589-49d4-14a2-ab66-e67497887a93">
      <Execution id="bd342f98-0256-42ef-92cc-919941119178" />
      <TestMethod codeBase="E:\Pegasus_Project\Pegasus_New_Skin\Pegasus_New_skin\Pegasus_New_skin\bin\Debug\Pegasus_New_skin.dll" adapterTypeName="Microsoft.VisualStudio.TestTools.TestTypes.Unit.UnitTestAdapter" className="PegasusTests.Scripts.ClientsTests.EditMyProfile" name="editMyProfile" />
    </UnitTest>
    <UnitTest name="editOmahaAuthGripAdmin" storage="e:\pegasus_project\pegasus_new_skin\pegasus_new_skin\pegasus_new_skin\bin\debug\pegasus_new_skin.dll" id="05d21f98-f89f-abe0-e652-2467ebe62129">
      <Execution id="c9048b40-1da7-4146-b508-fa3f1153bc5c" />
      <TestMethod codeBase="E:\Pegasus_Project\Pegasus_New_Skin\Pegasus_New_skin\Pegasus_New_skin\bin\Debug\Pegasus_New_skin.dll" adapterTypeName="Microsoft.VisualStudio.TestTools.TestTypes.Unit.UnitTestAdapter" className="PegasusTests.Scripts.ClientsTests.EditOmahaAuthGripAdmin" name="editOmahaAuthGripAdmin" />
    </UnitTest>
    <UnitTest name="editPartnerAgentNewSkin" storage="e:\pegasus_project\pegasus_new_skin\pegasus_new_skin\pegasus_new_skin\bin\debug\pegasus_new_skin.dll" id="cb11f649-10e0-17c6-1b6c-ace3cef76252">
      <Execution id="20d82e13-c582-4053-94f0-df7680aa6c6a" />
      <TestMethod codeBase="E:\Pegasus_Project\Pegasus_New_Skin\Pegasus_New_skin\Pegasus_New_skin\bin\Debug\Pegasus_New_skin.dll" adapterTypeName="Microsoft.VisualStudio.TestTools.TestTypes.Unit.UnitTestAdapter" className="PegasusTests.Scripts.ClientsTests.EditPartnerAgentNewSkin" name="editPartnerAgentNewSkin" />
    </UnitTest>
    <UnitTest name="editPDFTemplateNewSkin" storage="e:\pegasus_project\pegasus_new_skin\pegasus_new_skin\pegasus_new_skin\bin\debug\pegasus_new_skin.dll" id="275dbb9b-c414-2a37-4ac4-666d31fe13d2">
      <Execution id="3fc881ca-3709-45d8-afc1-43b1fcc84710" />
      <TestMethod codeBase="E:\Pegasus_Project\Pegasus_New_Skin\Pegasus_New_skin\Pegasus_New_skin\bin\Debug\Pegasus_New_skin.dll" adapterTypeName="Microsoft.VisualStudio.TestTools.TestTypes.Unit.UnitTestAdapter" className="PegasusTests.Scripts.ClientsTests.EditPDFTemplateNewSkin" name="editPDFTemplateNewSkin" />
    </UnitTest>
    <UnitTest name="editProductCategoryAdmin" storage="e:\pegasus_project\pegasus_new_skin\pegasus_new_skin\pegasus_new_skin\bin\debug\pegasus_new_skin.dll" id="ccb9ec67-8114-383e-dd53-cd95c6cb6f85">
      <Execution id="dff91234-7a41-44c1-8072-2841d811222d" />
      <TestMethod codeBase="E:\Pegasus_Project\Pegasus_New_Skin\Pegasus_New_skin\Pegasus_New_skin\bin\Debug\Pegasus_New_skin.dll" adapterTypeName="Microsoft.VisualStudio.TestTools.TestTypes.Unit.UnitTestAdapter" className="PegasusTests.Scripts.ClientsTests.EditProductCategoryAdmin" name="editProductCategoryAdmin" />
    </UnitTest>
    <UnitTest name="editThemeAdmin" storage="e:\pegasus_project\pegasus_new_skin\pegasus_new_skin\pegasus_new_skin\bin\debug\pegasus_new_skin.dll" id="528af298-d3f3-512b-de3c-5acccc360e09">
      <Execution id="87d53b1b-93c0-4fa4-8952-0353e8eee426" />
      <TestMethod codeBase="E:\Pegasus_Project\Pegasus_New_Skin\Pegasus_New_skin\Pegasus_New_skin\bin\Debug\Pegasus_New_skin.dll" adapterTypeName="Microsoft.VisualStudio.TestTools.TestTypes.Unit.UnitTestAdapter" className="PegasusTests.Scripts.ClientsTests.EditThemeAdmin" name="editThemeAdmin" />
    </UnitTest>
    <UnitTest name="emailNoteWithRelatedTo" storage="e:\pegasus_project\pegasus_new_skin\pegasus_new_skin\pegasus_new_skin\bin\debug\pegasus_new_skin.dll" id="5e9fd44a-6de8-5ecb-2a69-3a2f704dfe51">
      <Execution id="6b32e76a-8858-4320-8514-a8b0b3391ce4" />
      <TestMethod codeBase="E:\Pegasus_Project\Pegasus_New_Skin\Pegasus_New_skin\Pegasus_New_skin\bin\Debug\Pegasus_New_skin.dll" adapterTypeName="Microsoft.VisualStudio.TestTools.TestTypes.Unit.UnitTestAdapter" className="PegasusTests.Scripts.ClientsTests.EmailNoteWithRelatedTo" name="emailNoteWithRelatedTo" />
    </UnitTest>
    <UnitTest name="employeeAgentNS" storage="e:\pegasus_project\pegasus_new_skin\pegasus_new_skin\pegasus_new_skin\bin\debug\pegasus_new_skin.dll" id="1d16aae0-8198-ec8a-c721-304e80d93e2d">
      <Execution id="565e89af-414e-4b0d-9e38-647a01aeb970" />
      <TestMethod codeBase="E:\Pegasus_Project\Pegasus_New_Skin\Pegasus_New_skin\Pegasus_New_skin\bin\Debug\Pegasus_New_skin.dll" adapterTypeName="Microsoft.VisualStudio.TestTools.TestTypes.Unit.UnitTestAdapter" className="PegasusTests.Scripts.ClientsTests.EmployeeAgentNS" name="employeeAgentNS" />
    </UnitTest>
    <UnitTest name="employeeVerifyCanadaCountryCorp" storage="e:\pegasus_project\pegasus_new_skin\pegasus_new_skin\pegasus_new_skin\bin\debug\pegasus_new_skin.dll" id="2d867b65-2495-6b00-2ae5-923647083fe8">
      <Execution id="c94579c2-b0f9-458a-acbd-fd3df919cd77" />
      <TestMethod codeBase="E:\Pegasus_Project\Pegasus_New_Skin\Pegasus_New_skin\Pegasus_New_skin\bin\Debug\Pegasus_New_skin.dll" adapterTypeName="Microsoft.VisualStudio.TestTools.TestTypes.Unit.UnitTestAdapter" className="PegasusTests.Scripts.ClientsTests.EmployeeVerifyCanadaCountryCorp" name="employeeVerifyCanadaCountryCorp" />
    </UnitTest>
    <UnitTest name="equipentblankValidation" storage="e:\pegasus_project\pegasus_new_skin\pegasus_new_skin\pegasus_new_skin\bin\debug\pegasus_new_skin.dll" id="bd289e18-0aba-e287-4d47-1eabbb271e4b">
      <Execution id="cf667f47-1096-462d-9ed7-375351201fbf" />
      <TestMethod codeBase="E:\Pegasus_Project\Pegasus_New_Skin\Pegasus_New_skin\Pegasus_New_skin\bin\Debug\Pegasus_New_skin.dll" adapterTypeName="Microsoft.VisualStudio.TestTools.TestTypes.Unit.UnitTestAdapter" className="PegasusTests.Scripts.ClientsTests.EquipentblankValidation" name="equipentblankValidation" />
    </UnitTest>
    <UnitTest name="exportError" storage="e:\pegasus_project\pegasus_new_skin\pegasus_new_skin\pegasus_new_skin\bin\debug\pegasus_new_skin.dll" id="617ba706-c096-7a9b-9f69-68b594e3c13f">
      <Execution id="920dd6dc-bc2a-473d-bc00-14c1f9cbc7af" />
      <TestMethod codeBase="E:\Pegasus_Project\Pegasus_New_Skin\Pegasus_New_skin\Pegasus_New_skin\bin\Debug\Pegasus_New_skin.dll" adapterTypeName="Microsoft.VisualStudio.TestTools.TestTypes.Unit.UnitTestAdapter" className="PegasusTests.Scripts.ClientsTests.ExportError" name="exportError" />
    </UnitTest>
    <UnitTest name="exportingResidualIncomePayoutsReport" storage="e:\pegasus_project\pegasus_new_skin\pegasus_new_skin\pegasus_new_skin\bin\debug\pegasus_new_skin.dll" id="c78982a8-9ced-9c62-9dd6-9a989909b857">
      <Execution id="cd295494-461b-48d1-b0ea-ef6fd17339ff" />
      <TestMethod codeBase="E:\Pegasus_Project\Pegasus_New_Skin\Pegasus_New_skin\Pegasus_New_skin\bin\Debug\Pegasus_New_skin.dll" adapterTypeName="Microsoft.VisualStudio.TestTools.TestTypes.Unit.UnitTestAdapter" className="PegasusTests.Scripts.ClientsTests.ExportingResidualIncomePayoutsReport" name="exportingResidualIncomePayoutsReport" />
    </UnitTest>
    <UnitTest name="fDNRequirement" storage="e:\pegasus_project\pegasus_new_skin\pegasus_new_skin\pegasus_new_skin\bin\debug\pegasus_new_skin.dll" id="eb628fe0-b168-762d-b5ad-d893b9241ceb">
      <Execution id="d29efb8c-d1b6-4cc7-a4b1-75208ff8298c" />
      <TestMethod codeBase="E:\Pegasus_Project\Pegasus_New_Skin\Pegasus_New_skin\Pegasus_New_skin\bin\Debug\Pegasus_New_skin.dll" adapterTypeName="Microsoft.VisualStudio.TestTools.TestTypes.Unit.UnitTestAdapter" className="PegasusTests.Scripts.ClientsTests.FDNRequirement" name="fDNRequirement" />
    </UnitTest>
    <UnitTest name="fieldDictionaryFields" storage="e:\pegasus_project\pegasus_new_skin\pegasus_new_skin\pegasus_new_skin\bin\debug\pegasus_new_skin.dll" id="cbbc705f-8d77-730b-c90f-840ea85ce6b5">
      <Execution id="f3f10ad6-b45f-4ad1-be21-35529842e6c0" />
      <TestMethod codeBase="E:\Pegasus_Project\Pegasus_New_Skin\Pegasus_New_skin\Pegasus_New_skin\bin\Debug\Pegasus_New_skin.dll" adapterTypeName="Microsoft.VisualStudio.TestTools.TestTypes.Unit.UnitTestAdapter" className="PegasusTests.Scripts.ClientsTests.FieldDictionaryFields" name="fieldDictionaryFields" />
    </UnitTest>
    <UnitTest name="fieldDictionarySection" storage="e:\pegasus_project\pegasus_new_skin\pegasus_new_skin\pegasus_new_skin\bin\debug\pegasus_new_skin.dll" id="edef04bd-a724-831a-e61e-253a00794a31">
      <Execution id="3f07086a-85ce-4e26-9f31-168df6c9d6e0" />
      <TestMethod codeBase="E:\Pegasus_Project\Pegasus_New_Skin\Pegasus_New_skin\Pegasus_New_skin\bin\Debug\Pegasus_New_skin.dll" adapterTypeName="Microsoft.VisualStudio.TestTools.TestTypes.Unit.UnitTestAdapter" className="PegasusTests.Scripts.ClientsTests.FieldDictionarySection" name="fieldDictionarySection" />
    </UnitTest>
    <UnitTest name="fieldDisError" storage="e:\pegasus_project\pegasus_new_skin\pegasus_new_skin\pegasus_new_skin\bin\debug\pegasus_new_skin.dll" id="2d253a23-3463-fd76-6ddd-236d53ba488c">
      <Execution id="327db5ca-a7f1-4917-bafc-06fc75b9a1c0" />
      <TestMethod codeBase="E:\Pegasus_Project\Pegasus_New_Skin\Pegasus_New_skin\Pegasus_New_skin\bin\Debug\Pegasus_New_skin.dll" adapterTypeName="Microsoft.VisualStudio.TestTools.TestTypes.Unit.UnitTestAdapter" className="PegasusTests.Scripts.ClientsTests.FieldDisError" name="fieldDisError" />
    </UnitTest>
    <UnitTest name="filterIssue" storage="e:\pegasus_project\pegasus_new_skin\pegasus_new_skin\pegasus_new_skin\bin\debug\pegasus_new_skin.dll" id="43feec16-716a-52d5-64d7-9505552411d8">
      <Execution id="31bd4ca5-c98f-4e28-aa3e-62adc9d4d4f2" />
      <TestMethod codeBase="E:\Pegasus_Project\Pegasus_New_Skin\Pegasus_New_skin\Pegasus_New_skin\bin\Debug\Pegasus_New_skin.dll" adapterTypeName="Microsoft.VisualStudio.TestTools.TestTypes.Unit.UnitTestAdapter" className="PegasusTests.Scripts.ClientsTests.FilterIssue" name="filterIssue" />
    </UnitTest>
    <UnitTest name="getDeafultRatesAndFeesClient" storage="e:\pegasus_project\pegasus_new_skin\pegasus_new_skin\pegasus_new_skin\bin\debug\pegasus_new_skin.dll" id="c764d31d-6d2c-1690-06ba-3a8dbe6f5506">
      <Execution id="671a555b-cffa-4828-b6a1-ab94c25f4c23" />
      <TestMethod codeBase="E:\Pegasus_Project\Pegasus_New_Skin\Pegasus_New_skin\Pegasus_New_skin\bin\Debug\Pegasus_New_skin.dll" adapterTypeName="Microsoft.VisualStudio.TestTools.TestTypes.Unit.UnitTestAdapter" className="PegasusTests.Scripts.ClientsTests.GetDeafultRatesAndFeesClient" name="getDeafultRatesAndFeesClient" />
    </UnitTest>
    <UnitTest name="getDeafultRatesAndFeesLead" storage="e:\pegasus_project\pegasus_new_skin\pegasus_new_skin\pegasus_new_skin\bin\debug\pegasus_new_skin.dll" id="7a0c99c6-dfd6-0b05-cb02-fd3f5421c817">
      <Execution id="1206a2a1-a6f5-47fc-a18f-8fedbb56d6d1" />
      <TestMethod codeBase="E:\Pegasus_Project\Pegasus_New_Skin\Pegasus_New_skin\Pegasus_New_skin\bin\Debug\Pegasus_New_skin.dll" adapterTypeName="Microsoft.VisualStudio.TestTools.TestTypes.Unit.UnitTestAdapter" className="PegasusTests.Scripts.ClientsTests.GetDeafultRatesAndFeesLead" name="getDeafultRatesAndFeesLead" />
    </UnitTest>
    <UnitTest name="integrationCodeAPICancel" storage="e:\pegasus_project\pegasus_new_skin\pegasus_new_skin\pegasus_new_skin\bin\debug\pegasus_new_skin.dll" id="63e6ddf6-6d47-635b-8f55-cfa38bba6a58">
      <Execution id="729cc6f4-a63c-4eed-8cbc-f4493c2338b5" />
      <TestMethod codeBase="E:\Pegasus_Project\Pegasus_New_Skin\Pegasus_New_skin\Pegasus_New_skin\bin\Debug\Pegasus_New_skin.dll" adapterTypeName="Microsoft.VisualStudio.TestTools.TestTypes.Unit.UnitTestAdapter" className="PegasusTests.Scripts.ClientsTests.IntegrationCodeAPICancel" name="integrationCodeAPICancel" />
    </UnitTest>
    <UnitTest name="languageNameValidation" storage="e:\pegasus_project\pegasus_new_skin\pegasus_new_skin\pegasus_new_skin\bin\debug\pegasus_new_skin.dll" id="179132fd-5ba3-26e4-cb9f-a1490311c68a">
      <Execution id="e528055f-f167-4075-8723-a74d974778fd" />
      <TestMethod codeBase="E:\Pegasus_Project\Pegasus_New_Skin\Pegasus_New_skin\Pegasus_New_skin\bin\Debug\Pegasus_New_skin.dll" adapterTypeName="Microsoft.VisualStudio.TestTools.TestTypes.Unit.UnitTestAdapter" className="PegasusTests.Scripts.ClientsTests.LanguageNameValidation" name="languageNameValidation" />
    </UnitTest>
    <UnitTest name="lastActivityBy" storage="e:\pegasus_project\pegasus_new_skin\pegasus_new_skin\pegasus_new_skin\bin\debug\pegasus_new_skin.dll" id="8eefc766-a448-61a7-bf35-498604dbd956">
      <Execution id="823b74ae-78a3-4296-8b4e-bd6250788204" />
      <TestMethod codeBase="E:\Pegasus_Project\Pegasus_New_Skin\Pegasus_New_skin\Pegasus_New_skin\bin\Debug\Pegasus_New_skin.dll" adapterTypeName="Microsoft.VisualStudio.TestTools.TestTypes.Unit.UnitTestAdapter" className="PegasusTests.Scripts.ClientsTests.LastActivityBy" name="lastActivityBy" />
    </UnitTest>
    <UnitTest name="lastLoginTime" storage="e:\pegasus_project\pegasus_new_skin\pegasus_new_skin\pegasus_new_skin\bin\debug\pegasus_new_skin.dll" id="1fbab88a-a951-0930-398b-46e59a881ed9">
      <Execution id="35aabc11-dde8-41ad-b5db-00e8379f20ef" />
      <TestMethod codeBase="E:\Pegasus_Project\Pegasus_New_Skin\Pegasus_New_skin\Pegasus_New_skin\bin\Debug\Pegasus_New_skin.dll" adapterTypeName="Microsoft.VisualStudio.TestTools.TestTypes.Unit.UnitTestAdapter" className="PegasusTests.Scripts.ClientsTests.LastLoginTime" name="lastLoginTime" />
    </UnitTest>
    <UnitTest name="LoginWithoutCredentials" storage="e:\pegasus_project\pegasus_new_skin\pegasus_new_skin\pegasus_new_skin\bin\debug\pegasus_new_skin.dll" id="67130848-8d29-fb6b-b278-4525f9656177">
      <Execution id="0280b9d2-37b2-47f1-b851-4fed7cc1b7db" />
      <TestMethod codeBase="E:\Pegasus_Project\Pegasus_New_Skin\Pegasus_New_skin\Pegasus_New_skin\bin\Debug\Pegasus_New_skin.dll" adapterTypeName="Microsoft.VisualStudio.TestTools.TestTypes.Unit.UnitTestAdapter" className="PegasusTests.Scripts.LoginTests.LoginAndLogoutNewSkinAsOffice" name="LoginWithoutCredentials" />
    </UnitTest>
    <UnitTest name="loginWithInvalidPassword" storage="e:\pegasus_project\pegasus_new_skin\pegasus_new_skin\pegasus_new_skin\bin\debug\pegasus_new_skin.dll" id="dc1b77c4-a079-b195-44dd-9a09327e84a4">
      <Execution id="58e1f031-a4c2-407f-9062-929486896db4" />
      <TestMethod codeBase="E:\Pegasus_Project\Pegasus_New_Skin\Pegasus_New_skin\Pegasus_New_skin\bin\Debug\Pegasus_New_skin.dll" adapterTypeName="Microsoft.VisualStudio.TestTools.TestTypes.Unit.UnitTestAdapter" className="PegasusTests.Scripts.LoginTests.LoginAndLogoutNewSkinAsOffice" name="loginWithInvalidPassword" />
    </UnitTest>
    <UnitTest name="loginWithValidCredentials" storage="e:\pegasus_project\pegasus_new_skin\pegasus_new_skin\pegasus_new_skin\bin\debug\pegasus_new_skin.dll" id="de165dae-914e-4422-2822-24f4c70bda69">
      <Execution id="e99c0824-6f90-4ce8-9421-0f95eb30a4e7" />
      <TestMethod codeBase="E:\Pegasus_Project\Pegasus_New_Skin\Pegasus_New_skin\Pegasus_New_skin\bin\Debug\Pegasus_New_skin.dll" adapterTypeName="Microsoft.VisualStudio.TestTools.TestTypes.Unit.UnitTestAdapter" className="PegasusTests.Scripts.LoginTests.LoginAndLogoutNewSkinAsOffice" name="loginWithValidCredentials" />
    </UnitTest>
    <UnitTest name="loginError1" storage="e:\pegasus_project\pegasus_new_skin\pegasus_new_skin\pegasus_new_skin\bin\debug\pegasus_new_skin.dll" id="00f9cdc5-9889-d926-0bad-11b23b236c3f">
      <Execution id="dd64bb68-4701-4f21-b04d-37e295bd3d8e" />
      <TestMethod codeBase="E:\Pegasus_Project\Pegasus_New_Skin\Pegasus_New_skin\Pegasus_New_skin\bin\Debug\Pegasus_New_skin.dll" adapterTypeName="Microsoft.VisualStudio.TestTools.TestTypes.Unit.UnitTestAdapter" className="PegasusTests.Scripts.ClientsTests.LoginError1" name="loginError1" />
    </UnitTest>
    <UnitTest name="loginError2" storage="e:\pegasus_project\pegasus_new_skin\pegasus_new_skin\pegasus_new_skin\bin\debug\pegasus_new_skin.dll" id="782feb05-67fd-7632-1e20-28560561ac30">
      <Execution id="864fd13d-15bf-4014-9bb7-180f14b6a44b" />
      <TestMethod codeBase="E:\Pegasus_Project\Pegasus_New_Skin\Pegasus_New_skin\Pegasus_New_skin\bin\Debug\Pegasus_New_skin.dll" adapterTypeName="Microsoft.VisualStudio.TestTools.TestTypes.Unit.UnitTestAdapter" className="PegasusTests.Scripts.ClientsTests.LoginError2" name="loginError2" />
    </UnitTest>
    <UnitTest name="makeStatusActivePDFTemplate" storage="e:\pegasus_project\pegasus_new_skin\pegasus_new_skin\pegasus_new_skin\bin\debug\pegasus_new_skin.dll" id="61a86122-7f41-1b3b-0dce-a572a35bb1f0">
      <Execution id="6f920b1e-6ec7-4fee-a738-820d95ee41a3" />
      <TestMethod codeBase="E:\Pegasus_Project\Pegasus_New_Skin\Pegasus_New_skin\Pegasus_New_skin\bin\Debug\Pegasus_New_skin.dll" adapterTypeName="Microsoft.VisualStudio.TestTools.TestTypes.Unit.UnitTestAdapter" className="PegasusTests.Scripts.ClientsTests.MakeStatusActivePDFTemplate" name="makeStatusActivePDFTemplate" />
    </UnitTest>
    <UnitTest name="makeStatusActivePDFTemplateCorp" storage="e:\pegasus_project\pegasus_new_skin\pegasus_new_skin\pegasus_new_skin\bin\debug\pegasus_new_skin.dll" id="5f6db988-9e27-99df-78d0-9401cb72dead">
      <Execution id="e513390c-ece9-4cb1-9ca1-eace1db9f356" />
      <TestMethod codeBase="E:\Pegasus_Project\Pegasus_New_Skin\Pegasus_New_skin\Pegasus_New_skin\bin\Debug\Pegasus_New_skin.dll" adapterTypeName="Microsoft.VisualStudio.TestTools.TestTypes.Unit.UnitTestAdapter" className="PegasusTests.Scripts.ClientsTests.MakeStatusActivePDFTemplateCorp" name="makeStatusActivePDFTemplateCorp" />
    </UnitTest>
    <UnitTest name="makeStatusInactivePDFTemplate" storage="e:\pegasus_project\pegasus_new_skin\pegasus_new_skin\pegasus_new_skin\bin\debug\pegasus_new_skin.dll" id="83503731-03a4-55ae-a1b7-209f2d17cf50">
      <Execution id="5f8f4938-1e0a-447c-a981-237e8248e978" />
      <TestMethod codeBase="E:\Pegasus_Project\Pegasus_New_Skin\Pegasus_New_skin\Pegasus_New_skin\bin\Debug\Pegasus_New_skin.dll" adapterTypeName="Microsoft.VisualStudio.TestTools.TestTypes.Unit.UnitTestAdapter" className="PegasusTests.Scripts.ClientsTests.MakeStatusInActivePDFTemplate" name="makeStatusInactivePDFTemplate" />
    </UnitTest>
    <UnitTest name="makeStatusInActivePDFTemplateCorp" storage="e:\pegasus_project\pegasus_new_skin\pegasus_new_skin\pegasus_new_skin\bin\debug\pegasus_new_skin.dll" id="706f6464-cf6f-386b-654d-e1a1f4265be9">
      <Execution id="18c135b8-cb33-4e3b-9a73-094e13e4f9df" />
      <TestMethod codeBase="E:\Pegasus_Project\Pegasus_New_Skin\Pegasus_New_skin\Pegasus_New_skin\bin\Debug\Pegasus_New_skin.dll" adapterTypeName="Microsoft.VisualStudio.TestTools.TestTypes.Unit.UnitTestAdapter" className="PegasusTests.Scripts.ClientsTests.MakeStatusInActivePDFTemplateCorp" name="makeStatusInActivePDFTemplateCorp" />
    </UnitTest>
    <UnitTest name="manageUser" storage="e:\pegasus_project\pegasus_new_skin\pegasus_new_skin\pegasus_new_skin\bin\debug\pegasus_new_skin.dll" id="df466ade-c6d2-b9fa-f72f-9975d8f2b31c">
      <Execution id="c7d35276-1ae5-42fa-a0d2-c87869d0b7bd" />
      <TestMethod codeBase="E:\Pegasus_Project\Pegasus_New_Skin\Pegasus_New_skin\Pegasus_New_skin\bin\Debug\Pegasus_New_skin.dll" adapterTypeName="Microsoft.VisualStudio.TestTools.TestTypes.Unit.UnitTestAdapter" className="PegasusTests.Scripts.ClientsTests.ManageUser" name="manageUser" />
    </UnitTest>
    <UnitTest name="masterDataProcessorPushToOfficeNewSkin" storage="e:\pegasus_project\pegasus_new_skin\pegasus_new_skin\pegasus_new_skin\bin\debug\pegasus_new_skin.dll" id="a7bed229-25cb-7101-c7f8-ddc9844f1379">
      <Execution id="2540ced8-9db0-499b-8276-0b31f081362b" />
      <TestMethod codeBase="E:\Pegasus_Project\Pegasus_New_Skin\Pegasus_New_skin\Pegasus_New_skin\bin\Debug\Pegasus_New_skin.dll" adapterTypeName="Microsoft.VisualStudio.TestTools.TestTypes.Unit.UnitTestAdapter" className="PegasusTests.Scripts.Corp.MasterDataProcessorPushToOfficeNewSkin" name="masterDataProcessorPushToOfficeNewSkin" />
    </UnitTest>
    <UnitTest name="merchantTabCorp" storage="e:\pegasus_project\pegasus_new_skin\pegasus_new_skin\pegasus_new_skin\bin\debug\pegasus_new_skin.dll" id="5e20d9b5-f0ad-1d62-4d91-96f6546f63a6">
      <Execution id="b283577b-77e5-4c73-8cfb-79ec1fd522d9" />
      <TestMethod codeBase="E:\Pegasus_Project\Pegasus_New_Skin\Pegasus_New_skin\Pegasus_New_skin\bin\Debug\Pegasus_New_skin.dll" adapterTypeName="Microsoft.VisualStudio.TestTools.TestTypes.Unit.UnitTestAdapter" className="PegasusTests.Scripts.ClientsTests.MerchantTabCorp" name="merchantTabCorp" />
    </UnitTest>
    <UnitTest name="mouseOverTheButtonOpportunities" storage="e:\pegasus_project\pegasus_new_skin\pegasus_new_skin\pegasus_new_skin\bin\debug\pegasus_new_skin.dll" id="13e5e39f-d3aa-aca5-fc9c-2a24f6007de4">
      <Execution id="aa5080aa-ce29-4ad4-a22e-7897ca7d8255" />
      <TestMethod codeBase="E:\Pegasus_Project\Pegasus_New_Skin\Pegasus_New_skin\Pegasus_New_skin\bin\Debug\Pegasus_New_skin.dll" adapterTypeName="Microsoft.VisualStudio.TestTools.TestTypes.Unit.UnitTestAdapter" className="PegasusTests.Scripts.ClientsTests.MouseOverTheButtonOpportunities" name="mouseOverTheButtonOpportunities" />
    </UnitTest>
    <UnitTest name="officeUserSkin" storage="e:\pegasus_project\pegasus_new_skin\pegasus_new_skin\pegasus_new_skin\bin\debug\pegasus_new_skin.dll" id="5af9ade2-ea2c-04bc-ffae-7c8140d0bb14">
      <Execution id="d7e7db8e-5000-477a-82f3-fdbb7eea4169" />
      <TestMethod codeBase="E:\Pegasus_Project\Pegasus_New_Skin\Pegasus_New_skin\Pegasus_New_skin\bin\Debug\Pegasus_New_skin.dll" adapterTypeName="Microsoft.VisualStudio.TestTools.TestTypes.Unit.UnitTestAdapter" className="PegasusTests.Scripts.ClientsTests.OfficeUserSkin" name="officeUserSkin" />
    </UnitTest>
    <UnitTest name="one000Added" storage="e:\pegasus_project\pegasus_new_skin\pegasus_new_skin\pegasus_new_skin\bin\debug\pegasus_new_skin.dll" id="eadda4a2-22ba-dbff-38a8-88770061fee4">
      <Execution id="fb79efae-ba95-4cf9-8a0b-6eb62eda878e" />
      <TestMethod codeBase="E:\Pegasus_Project\Pegasus_New_Skin\Pegasus_New_skin\Pegasus_New_skin\bin\Debug\Pegasus_New_skin.dll" adapterTypeName="Microsoft.VisualStudio.TestTools.TestTypes.Unit.UnitTestAdapter" className="PegasusTests.Scripts.ClientsTests.One000Added" name="one000Added" />
    </UnitTest>
    <UnitTest name="opportunititySubjectFiledValidateBlank" storage="e:\pegasus_project\pegasus_new_skin\pegasus_new_skin\pegasus_new_skin\bin\debug\pegasus_new_skin.dll" id="f605c45e-87c0-dc86-8596-ae6c099891b8">
      <Execution id="e54f1c74-4ecc-4358-a49c-d688e1e59fd4" />
      <TestMethod codeBase="E:\Pegasus_Project\Pegasus_New_Skin\Pegasus_New_skin\Pegasus_New_skin\bin\Debug\Pegasus_New_skin.dll" adapterTypeName="Microsoft.VisualStudio.TestTools.TestTypes.Unit.UnitTestAdapter" className="PegasusTests.Scripts.ClientsTests.OpportunititySubjectFiledValidateBlank" name="opportunititySubjectFiledValidateBlank" />
    </UnitTest>
    <UnitTest name="oppourtunitiesVerifyCanadaCountry" storage="e:\pegasus_project\pegasus_new_skin\pegasus_new_skin\pegasus_new_skin\bin\debug\pegasus_new_skin.dll" id="28681467-a4d0-2974-d4e5-0c3c3a9c633e">
      <Execution id="aa6d0f56-60b6-4f55-9c4f-be99e301d547" />
      <TestMethod codeBase="E:\Pegasus_Project\Pegasus_New_Skin\Pegasus_New_skin\Pegasus_New_skin\bin\Debug\Pegasus_New_skin.dll" adapterTypeName="Microsoft.VisualStudio.TestTools.TestTypes.Unit.UnitTestAdapter" className="PegasusTests.Scripts.ClientsTests.OppourtunitiesVerifyCanadaCountry" name="oppourtunitiesVerifyCanadaCountry" />
    </UnitTest>
    <UnitTest name="partnerAgentWithUserNewSkin" storage="e:\pegasus_project\pegasus_new_skin\pegasus_new_skin\pegasus_new_skin\bin\debug\pegasus_new_skin.dll" id="d34b6683-bb07-58cf-b151-d6cadf33dd5a">
      <Execution id="15ab74bc-af0e-4063-bff1-a9b6d492c979" />
      <TestMethod codeBase="E:\Pegasus_Project\Pegasus_New_Skin\Pegasus_New_skin\Pegasus_New_skin\bin\Debug\Pegasus_New_skin.dll" adapterTypeName="Microsoft.VisualStudio.TestTools.TestTypes.Unit.UnitTestAdapter" className="PegasusTests.Scripts.ClientsTests.PartnerAgentWithUserNewSkin" name="partnerAgentWithUserNewSkin" />
    </UnitTest>
    <UnitTest name="pDFPackageWithRule" storage="e:\pegasus_project\pegasus_new_skin\pegasus_new_skin\pegasus_new_skin\bin\debug\pegasus_new_skin.dll" id="b71aa315-b78f-eef4-0694-b4f830ca4638">
      <Execution id="a08aa80c-427b-4cd0-bc7a-6195a4dacc64" />
      <TestMethod codeBase="E:\Pegasus_Project\Pegasus_New_Skin\Pegasus_New_skin\Pegasus_New_skin\bin\Debug\Pegasus_New_skin.dll" adapterTypeName="Microsoft.VisualStudio.TestTools.TestTypes.Unit.UnitTestAdapter" className="PegasusTests.Scripts.ClientsTests.PDFPackageWithRule" name="pDFPackageWithRule" />
    </UnitTest>
    <UnitTest name="permanentlyDeleteDocumentNewSkin" storage="e:\pegasus_project\pegasus_new_skin\pegasus_new_skin\pegasus_new_skin\bin\debug\pegasus_new_skin.dll" id="01d587a3-54d4-4f55-fb46-d70116d3064b">
      <Execution id="fae728f1-b207-48ed-b1c7-1fc7ca68e5e2" />
      <TestMethod codeBase="E:\Pegasus_Project\Pegasus_New_Skin\Pegasus_New_skin\Pegasus_New_skin\bin\Debug\Pegasus_New_skin.dll" adapterTypeName="Microsoft.VisualStudio.TestTools.TestTypes.Unit.UnitTestAdapter" className="PegasusTests.Scripts.ClientsTests.PermanentlyDeleteDocumentNewSkin" name="permanentlyDeleteDocumentNewSkin" />
    </UnitTest>
    <UnitTest name="permanentlyDeletePDFTemplate" storage="e:\pegasus_project\pegasus_new_skin\pegasus_new_skin\pegasus_new_skin\bin\debug\pegasus_new_skin.dll" id="77fc25e2-ec9d-2905-8293-8627f567792d">
      <Execution id="608d7452-8740-43b2-ba0d-ea25e64957d5" />
      <TestMethod codeBase="E:\Pegasus_Project\Pegasus_New_Skin\Pegasus_New_skin\Pegasus_New_skin\bin\Debug\Pegasus_New_skin.dll" adapterTypeName="Microsoft.VisualStudio.TestTools.TestTypes.Unit.UnitTestAdapter" className="PegasusTests.Scripts.ClientsTests.PermanentlyDeletePDFTemplate" name="permanentlyDeletePDFTemplate" />
    </UnitTest>
    <UnitTest name="permanentlyDeletePDFTemplateCorp" storage="e:\pegasus_project\pegasus_new_skin\pegasus_new_skin\pegasus_new_skin\bin\debug\pegasus_new_skin.dll" id="af2876a4-fd94-b4f6-f658-3d4815f2f997">
      <Execution id="3512e91f-358e-48b7-b02e-6858116153c2" />
      <TestMethod codeBase="E:\Pegasus_Project\Pegasus_New_Skin\Pegasus_New_skin\Pegasus_New_skin\bin\Debug\Pegasus_New_skin.dll" adapterTypeName="Microsoft.VisualStudio.TestTools.TestTypes.Unit.UnitTestAdapter" className="PegasusTests.Scripts.ClientsTests.PermanentlyDeletePDFTemplateCorp" name="permanentlyDeletePDFTemplateCorp" />
    </UnitTest>
    <UnitTest name="processorDeleteTypo" storage="e:\pegasus_project\pegasus_new_skin\pegasus_new_skin\pegasus_new_skin\bin\debug\pegasus_new_skin.dll" id="ef6fb460-d28a-fd98-c37f-f1af9aa2c839">
      <Execution id="5b9932e8-ef0d-4414-a76d-9b301e34bc2c" />
      <TestMethod codeBase="E:\Pegasus_Project\Pegasus_New_Skin\Pegasus_New_skin\Pegasus_New_skin\bin\Debug\Pegasus_New_skin.dll" adapterTypeName="Microsoft.VisualStudio.TestTools.TestTypes.Unit.UnitTestAdapter" className="PegasusTests.Scripts.ClientsTests.ProcessorDeleteTypo" name="processorDeleteTypo" />
    </UnitTest>
    <UnitTest name="productIpage" storage="e:\pegasus_project\pegasus_new_skin\pegasus_new_skin\pegasus_new_skin\bin\debug\pegasus_new_skin.dll" id="b6306e6c-8c6c-90f4-8797-ba802e71e571">
      <Execution id="dba63659-ca25-40d0-8dad-c8911bce80ae" />
      <TestMethod codeBase="E:\Pegasus_Project\Pegasus_New_Skin\Pegasus_New_skin\Pegasus_New_skin\bin\Debug\Pegasus_New_skin.dll" adapterTypeName="Microsoft.VisualStudio.TestTools.TestTypes.Unit.UnitTestAdapter" className="PegasusTests.Scripts.ClientsTests.ProductIpage" name="productIpage" />
    </UnitTest>
    <UnitTest name="profilePictureChange" storage="e:\pegasus_project\pegasus_new_skin\pegasus_new_skin\pegasus_new_skin\bin\debug\pegasus_new_skin.dll" id="a8acc4ab-d299-0439-c67e-545042c55835">
      <Execution id="2144d9e2-d90e-4291-9254-a71ebd7eecae" />
      <TestMethod codeBase="E:\Pegasus_Project\Pegasus_New_Skin\Pegasus_New_skin\Pegasus_New_skin\bin\Debug\Pegasus_New_skin.dll" adapterTypeName="Microsoft.VisualStudio.TestTools.TestTypes.Unit.UnitTestAdapter" className="PegasusTests.Scripts.ClientsTests.ProfilePictureChange" name="profilePictureChange" />
    </UnitTest>
    <UnitTest name="profileViewOfClientLeadAndOpportunities" storage="e:\pegasus_project\pegasus_new_skin\pegasus_new_skin\pegasus_new_skin\bin\debug\pegasus_new_skin.dll" id="b78827d8-091b-ecc5-bea1-9b48eb19c48d">
      <Execution id="f1efd589-f09b-4d19-b3a1-60b9e603e9e9" />
      <TestMethod codeBase="E:\Pegasus_Project\Pegasus_New_Skin\Pegasus_New_skin\Pegasus_New_skin\bin\Debug\Pegasus_New_skin.dll" adapterTypeName="Microsoft.VisualStudio.TestTools.TestTypes.Unit.UnitTestAdapter" className="PegasusTests.Scripts.ClientsTests.ProfileViewOfClientLeadAndOpportunities" name="profileViewOfClientLeadAndOpportunities" />
    </UnitTest>
    <UnitTest name="rateAndFeesPushToOfficeBtn" storage="e:\pegasus_project\pegasus_new_skin\pegasus_new_skin\pegasus_new_skin\bin\debug\pegasus_new_skin.dll" id="98aa579b-67c4-4c42-27da-293ba5bde350">
      <Execution id="bc82b62d-cb2f-49c7-a820-8d21efaef377" />
      <TestMethod codeBase="E:\Pegasus_Project\Pegasus_New_Skin\Pegasus_New_skin\Pegasus_New_skin\bin\Debug\Pegasus_New_skin.dll" adapterTypeName="Microsoft.VisualStudio.TestTools.TestTypes.Unit.UnitTestAdapter" className="PegasusTests.Scripts.Corp.RateAndFeesPushToOfficeBtn" name="rateAndFeesPushToOfficeBtn" />
    </UnitTest>
    <UnitTest name="relpacePDFForPDFTemplate" storage="e:\pegasus_project\pegasus_new_skin\pegasus_new_skin\pegasus_new_skin\bin\debug\pegasus_new_skin.dll" id="502b6528-7298-650e-7265-0c19aa4aebac">
      <Execution id="ae195595-9b81-414a-a368-d888fb00502d" />
      <TestMethod codeBase="E:\Pegasus_Project\Pegasus_New_Skin\Pegasus_New_skin\Pegasus_New_skin\bin\Debug\Pegasus_New_skin.dll" adapterTypeName="Microsoft.VisualStudio.TestTools.TestTypes.Unit.UnitTestAdapter" className="PegasusTests.Scripts.ClientsTests.RelpacePDFForPDFTemplate" name="relpacePDFForPDFTemplate" />
    </UnitTest>
    <UnitTest name="rememberMeLoginPage" storage="e:\pegasus_project\pegasus_new_skin\pegasus_new_skin\pegasus_new_skin\bin\debug\pegasus_new_skin.dll" id="50438204-9549-5f7f-cf49-02e23aee24c6">
      <Execution id="86aaebd1-ff83-4a76-a47f-c738773a20a4" />
      <TestMethod codeBase="E:\Pegasus_Project\Pegasus_New_Skin\Pegasus_New_skin\Pegasus_New_skin\bin\Debug\Pegasus_New_skin.dll" adapterTypeName="Microsoft.VisualStudio.TestTools.TestTypes.Unit.UnitTestAdapter" className="PegasusTests.Scripts.ClientsTests.RememberMeLoginPage" name="rememberMeLoginPage" />
    </UnitTest>
    <UnitTest name="reportPDFBroken" storage="e:\pegasus_project\pegasus_new_skin\pegasus_new_skin\pegasus_new_skin\bin\debug\pegasus_new_skin.dll" id="8851649a-f839-f479-0e9f-9da6fcc50910">
      <Execution id="37036beb-9c6b-4cff-8df3-59c106414ab2" />
      <TestMethod codeBase="E:\Pegasus_Project\Pegasus_New_Skin\Pegasus_New_skin\Pegasus_New_skin\bin\Debug\Pegasus_New_skin.dll" adapterTypeName="Microsoft.VisualStudio.TestTools.TestTypes.Unit.UnitTestAdapter" className="PegasusTests.Scripts.ClientsTests.ReportPDFBroken" name="reportPDFBroken" />
    </UnitTest>
    <UnitTest name="residiualIcomeAgentPayoutExportToExcel" storage="e:\pegasus_project\pegasus_new_skin\pegasus_new_skin\pegasus_new_skin\bin\debug\pegasus_new_skin.dll" id="2d205931-2a51-4b5f-dc0b-64006696fee7">
      <Execution id="e94aec40-767e-49df-92d1-85a3598ca897" />
      <TestMethod codeBase="E:\Pegasus_Project\Pegasus_New_Skin\Pegasus_New_skin\Pegasus_New_skin\bin\Debug\Pegasus_New_skin.dll" adapterTypeName="Microsoft.VisualStudio.TestTools.TestTypes.Unit.UnitTestAdapter" className="PegasusTests.Scripts.ClientsTests.ResidiualIcomeAgentPayoutExportToExcel" name="residiualIcomeAgentPayoutExportToExcel" />
    </UnitTest>
    <UnitTest name="residualAdjustmentTool" storage="e:\pegasus_project\pegasus_new_skin\pegasus_new_skin\pegasus_new_skin\bin\debug\pegasus_new_skin.dll" id="ed9acd65-5d89-d337-f186-88ec760e8d6f">
      <Execution id="a6f1d038-0026-47b8-b2fb-83c9c8b4d6c2" />
      <TestMethod codeBase="E:\Pegasus_Project\Pegasus_New_Skin\Pegasus_New_skin\Pegasus_New_skin\bin\Debug\Pegasus_New_skin.dll" adapterTypeName="Microsoft.VisualStudio.TestTools.TestTypes.Unit.UnitTestAdapter" className="PegasusTests.Scripts.ClientsTests.ResidualAdjustmentTool" name="residualAdjustmentTool" />
    </UnitTest>
    <UnitTest name="residualAdjustmentTool1" storage="e:\pegasus_project\pegasus_new_skin\pegasus_new_skin\pegasus_new_skin\bin\debug\pegasus_new_skin.dll" id="1fd24e76-507d-94d2-c9e5-6623e6d845ca">
      <Execution id="b33863b2-8b53-44ca-8689-11af4594fe58" />
      <TestMethod codeBase="E:\Pegasus_Project\Pegasus_New_Skin\Pegasus_New_skin\Pegasus_New_skin\bin\Debug\Pegasus_New_skin.dll" adapterTypeName="Microsoft.VisualStudio.TestTools.TestTypes.Unit.UnitTestAdapter" className="PegasusTests.Scripts.ClientsTests.ResidualAdjustmentTool1" name="residualAdjustmentTool1" />
    </UnitTest>
    <UnitTest name="residualIncomeOfficeAdjustmentToolAgentsFlat" storage="e:\pegasus_project\pegasus_new_skin\pegasus_new_skin\pegasus_new_skin\bin\debug\pegasus_new_skin.dll" id="576e3e55-38df-126f-cc0a-8fd704b107bc">
      <Execution id="363b4961-0cb8-4630-89e5-fc7797bc0417" />
      <TestMethod codeBase="E:\Pegasus_Project\Pegasus_New_Skin\Pegasus_New_skin\Pegasus_New_skin\bin\Debug\Pegasus_New_skin.dll" adapterTypeName="Microsoft.VisualStudio.TestTools.TestTypes.Unit.UnitTestAdapter" className="PegasusTests.Scripts.ClientsTests.ResidualIncomeOfficeAdjustmentToolAgentsFlat" name="residualIncomeOfficeAdjustmentToolAgentsFlat" />
    </UnitTest>
    <UnitTest name="residualIncomeOfficeAdjustmentToolAgentsPercentage" storage="e:\pegasus_project\pegasus_new_skin\pegasus_new_skin\pegasus_new_skin\bin\debug\pegasus_new_skin.dll" id="ff2bfc16-3549-24fe-4aab-595470a9093a">
      <Execution id="0699fa67-1f8e-4317-a189-6445342b1e49" />
      <TestMethod codeBase="E:\Pegasus_Project\Pegasus_New_Skin\Pegasus_New_skin\Pegasus_New_skin\bin\Debug\Pegasus_New_skin.dll" adapterTypeName="Microsoft.VisualStudio.TestTools.TestTypes.Unit.UnitTestAdapter" className="PegasusTests.Scripts.ClientsTests.ResidualIncomeOfficeAdjustmentToolAgentsPercentage" name="residualIncomeOfficeAdjustmentToolAgentsPercentage" />
    </UnitTest>
    <UnitTest name="residualIncomeOfficeAdjustmentToolOfficeFlat" storage="e:\pegasus_project\pegasus_new_skin\pegasus_new_skin\pegasus_new_skin\bin\debug\pegasus_new_skin.dll" id="1631b5d2-4592-7dcd-b539-537575ab0c26">
      <Execution id="c9771190-5847-4dd0-8d0e-ce6329f9a417" />
      <TestMethod codeBase="E:\Pegasus_Project\Pegasus_New_Skin\Pegasus_New_skin\Pegasus_New_skin\bin\Debug\Pegasus_New_skin.dll" adapterTypeName="Microsoft.VisualStudio.TestTools.TestTypes.Unit.UnitTestAdapter" className="PegasusTests.Scripts.ClientsTests.ResidualIncomeOfficeAdjustmentToolOfficeFlat" name="residualIncomeOfficeAdjustmentToolOfficeFlat" />
    </UnitTest>
    <UnitTest name="residualIncomeOfficeAdjustmentToolOfficePercentage" storage="e:\pegasus_project\pegasus_new_skin\pegasus_new_skin\pegasus_new_skin\bin\debug\pegasus_new_skin.dll" id="eeb96bc7-5f29-c71a-5796-2a7a623e7d0a">
      <Execution id="08affc79-bce3-411a-841b-80279f9bf2fe" />
      <TestMethod codeBase="E:\Pegasus_Project\Pegasus_New_Skin\Pegasus_New_skin\Pegasus_New_skin\bin\Debug\Pegasus_New_skin.dll" adapterTypeName="Microsoft.VisualStudio.TestTools.TestTypes.Unit.UnitTestAdapter" className="PegasusTests.Scripts.ClientsTests.ResidualIncomeOfficeAdjustmentToolOfficePercentage" name="residualIncomeOfficeAdjustmentToolOfficePercentage" />
    </UnitTest>
    <UnitTest name="restoreDeletedPDFTemplate" storage="e:\pegasus_project\pegasus_new_skin\pegasus_new_skin\pegasus_new_skin\bin\debug\pegasus_new_skin.dll" id="93d82f4c-b3ab-5d5e-f4bd-2a8e888f9d74">
      <Execution id="a110a090-da27-4cd1-87e5-99153d457c5b" />
      <TestMethod codeBase="E:\Pegasus_Project\Pegasus_New_Skin\Pegasus_New_skin\Pegasus_New_skin\bin\Debug\Pegasus_New_skin.dll" adapterTypeName="Microsoft.VisualStudio.TestTools.TestTypes.Unit.UnitTestAdapter" className="PegasusTests.Scripts.ClientsTests.RestoreDeletedPDFTemplate" name="restoreDeletedPDFTemplate" />
    </UnitTest>
    <UnitTest name="restorePDFTemplateCorp" storage="e:\pegasus_project\pegasus_new_skin\pegasus_new_skin\pegasus_new_skin\bin\debug\pegasus_new_skin.dll" id="638a3293-2062-22e5-7dd4-60342c73c853">
      <Execution id="4ba4716d-424c-4089-a4e4-27d666f5a9ee" />
      <TestMethod codeBase="E:\Pegasus_Project\Pegasus_New_Skin\Pegasus_New_skin\Pegasus_New_skin\bin\Debug\Pegasus_New_skin.dll" adapterTypeName="Microsoft.VisualStudio.TestTools.TestTypes.Unit.UnitTestAdapter" className="PegasusTests.Scripts.ClientsTests.RestorePDFTemplateCorp" name="restorePDFTemplateCorp" />
    </UnitTest>
    <UnitTest name="revenueAdjustmentForSaleManagerAddAmount" storage="e:\pegasus_project\pegasus_new_skin\pegasus_new_skin\pegasus_new_skin\bin\debug\pegasus_new_skin.dll" id="4f19ac3c-ecd4-1c83-13bd-698248296590">
      <Execution id="be330a94-d9d3-4681-aa85-6c4f05890ac8" />
      <TestMethod codeBase="E:\Pegasus_Project\Pegasus_New_Skin\Pegasus_New_skin\Pegasus_New_skin\bin\Debug\Pegasus_New_skin.dll" adapterTypeName="Microsoft.VisualStudio.TestTools.TestTypes.Unit.UnitTestAdapter" className="PegasusTests.Scripts.ClientsTests.RevenueAdjustmentForSaleManagerAddAmount" name="revenueAdjustmentForSaleManagerAddAmount" />
    </UnitTest>
    <UnitTest name="revenueAdjustmentForSaleManagerRemoveFlat" storage="e:\pegasus_project\pegasus_new_skin\pegasus_new_skin\pegasus_new_skin\bin\debug\pegasus_new_skin.dll" id="7639cc2d-b5a1-26ca-6044-4345ea350e56">
      <Execution id="273dd7ee-9e44-4fff-98c7-c41005556a3c" />
      <TestMethod codeBase="E:\Pegasus_Project\Pegasus_New_Skin\Pegasus_New_skin\Pegasus_New_skin\bin\Debug\Pegasus_New_skin.dll" adapterTypeName="Microsoft.VisualStudio.TestTools.TestTypes.Unit.UnitTestAdapter" className="PegasusTests.Scripts.ClientsTests.RevenueAdjustmentForSaleManagerRemoveFlat" name="revenueAdjustmentForSaleManagerRemoveFlat" />
    </UnitTest>
    <UnitTest name="revenueAdjustmentPartnerAgentAddFlatAmount" storage="e:\pegasus_project\pegasus_new_skin\pegasus_new_skin\pegasus_new_skin\bin\debug\pegasus_new_skin.dll" id="1edb38a4-bd22-4c69-27ef-70c1820bbf2a">
      <Execution id="ba84e517-1519-489c-abf1-0b9ae557a5df" />
      <TestMethod codeBase="E:\Pegasus_Project\Pegasus_New_Skin\Pegasus_New_skin\Pegasus_New_skin\bin\Debug\Pegasus_New_skin.dll" adapterTypeName="Microsoft.VisualStudio.TestTools.TestTypes.Unit.UnitTestAdapter" className="PegasusTests.Scripts.ClientsTests.RevenueAdjustmentPartnerAgentAddFlatAmount" name="revenueAdjustmentPartnerAgentAddFlatAmount" />
    </UnitTest>
    <UnitTest name="revenueAdjustmentPartnerAgentAddPercentage" storage="e:\pegasus_project\pegasus_new_skin\pegasus_new_skin\pegasus_new_skin\bin\debug\pegasus_new_skin.dll" id="b7d0bdc2-df49-3170-25ed-9f504b246c02">
      <Execution id="f2767083-cc00-4c50-a2df-e49c639e0409" />
      <TestMethod codeBase="E:\Pegasus_Project\Pegasus_New_Skin\Pegasus_New_skin\Pegasus_New_skin\bin\Debug\Pegasus_New_skin.dll" adapterTypeName="Microsoft.VisualStudio.TestTools.TestTypes.Unit.UnitTestAdapter" className="PegasusTests.Scripts.ClientsTests.RevenueAdjustmentPartnerAgentAddPercentage" name="revenueAdjustmentPartnerAgentAddPercentage" />
    </UnitTest>
    <UnitTest name="revenueAdjustmentPartnerAgentRemoveFlatAmount" storage="e:\pegasus_project\pegasus_new_skin\pegasus_new_skin\pegasus_new_skin\bin\debug\pegasus_new_skin.dll" id="a6e1ba08-3b95-cfb4-752d-08519091324a">
      <Execution id="1a8d38ae-4438-464f-8cee-8b9bb535d79a" />
      <TestMethod codeBase="E:\Pegasus_Project\Pegasus_New_Skin\Pegasus_New_skin\Pegasus_New_skin\bin\Debug\Pegasus_New_skin.dll" adapterTypeName="Microsoft.VisualStudio.TestTools.TestTypes.Unit.UnitTestAdapter" className="PegasusTests.Scripts.ClientsTests.RevenueAdjustmentPartnerAgentRemoveFlatAmount" name="revenueAdjustmentPartnerAgentRemoveFlatAmount" />
    </UnitTest>
    <UnitTest name="revenueAdjustmentPartnerAgentRemovePercentage" storage="e:\pegasus_project\pegasus_new_skin\pegasus_new_skin\pegasus_new_skin\bin\debug\pegasus_new_skin.dll" id="e911c5b9-830e-35d5-e910-21dc07b81cd0">
      <Execution id="befd73f5-8e89-4b33-b7d3-b0d4b175aaa1" />
      <TestMethod codeBase="E:\Pegasus_Project\Pegasus_New_Skin\Pegasus_New_skin\Pegasus_New_skin\bin\Debug\Pegasus_New_skin.dll" adapterTypeName="Microsoft.VisualStudio.TestTools.TestTypes.Unit.UnitTestAdapter" className="PegasusTests.Scripts.ClientsTests.RevenueAdjustmentPartnerAgentRemovePercentage" name="revenueAdjustmentPartnerAgentRemovePercentage" />
    </UnitTest>
    <UnitTest name="revenueAdjustmentSaleAgentAddAmount" storage="e:\pegasus_project\pegasus_new_skin\pegasus_new_skin\pegasus_new_skin\bin\debug\pegasus_new_skin.dll" id="7e8157c8-dcb1-ea12-efa2-f87a11b69850">
      <Execution id="5e6bf664-40db-4078-a32f-5cf01d63e05a" />
      <TestMethod codeBase="E:\Pegasus_Project\Pegasus_New_Skin\Pegasus_New_skin\Pegasus_New_skin\bin\Debug\Pegasus_New_skin.dll" adapterTypeName="Microsoft.VisualStudio.TestTools.TestTypes.Unit.UnitTestAdapter" className="PegasusTests.Scripts.ClientsTests.RevenueAdjustmentSaleAgentAddAmount" name="revenueAdjustmentSaleAgentAddAmount" />
    </UnitTest>
    <UnitTest name="revenueAdjustmentSaleAgentEmployeeAddPercentage" storage="e:\pegasus_project\pegasus_new_skin\pegasus_new_skin\pegasus_new_skin\bin\debug\pegasus_new_skin.dll" id="00d160ea-4613-9def-d08d-4b8e1b84752e">
      <Execution id="3f3b8564-425e-4736-a6f7-90267e70267e" />
      <TestMethod codeBase="E:\Pegasus_Project\Pegasus_New_Skin\Pegasus_New_skin\Pegasus_New_skin\bin\Debug\Pegasus_New_skin.dll" adapterTypeName="Microsoft.VisualStudio.TestTools.TestTypes.Unit.UnitTestAdapter" className="PegasusTests.Scripts.ClientsTests.RevenueAdjustmentSaleAgentEmployeeAddPercentage" name="revenueAdjustmentSaleAgentEmployeeAddPercentage" />
    </UnitTest>
    <UnitTest name="revenueAdjustmentSaleAgentRemoveFlat" storage="e:\pegasus_project\pegasus_new_skin\pegasus_new_skin\pegasus_new_skin\bin\debug\pegasus_new_skin.dll" id="49d067f9-bd82-140d-2b0d-3e94f60729fa">
      <Execution id="4256d47e-cd0e-43aa-b7f0-514847deacd6" />
      <TestMethod codeBase="E:\Pegasus_Project\Pegasus_New_Skin\Pegasus_New_skin\Pegasus_New_skin\bin\Debug\Pegasus_New_skin.dll" adapterTypeName="Microsoft.VisualStudio.TestTools.TestTypes.Unit.UnitTestAdapter" className="PegasusTests.Scripts.ClientsTests.RevenueAdjustmentSaleAgentRemoveFlat" name="revenueAdjustmentSaleAgentRemoveFlat" />
    </UnitTest>
    <UnitTest name="revenueAdjustmentSaleManagerEmployeeAddPercentage" storage="e:\pegasus_project\pegasus_new_skin\pegasus_new_skin\pegasus_new_skin\bin\debug\pegasus_new_skin.dll" id="90b0ece4-7734-b027-573c-ce0fdf3271f0">
      <Execution id="234a84d8-0962-47b3-aa0b-388488e6762e" />
      <TestMethod codeBase="E:\Pegasus_Project\Pegasus_New_Skin\Pegasus_New_skin\Pegasus_New_skin\bin\Debug\Pegasus_New_skin.dll" adapterTypeName="Microsoft.VisualStudio.TestTools.TestTypes.Unit.UnitTestAdapter" className="PegasusTests.Scripts.ClientsTests.RevenueAdjustmentSaleManagerEmployeeAddPercentage" name="revenueAdjustmentSaleManagerEmployeeAddPercentage" />
    </UnitTest>
    <UnitTest name="revenueShareButtonForPartnerAgent" storage="e:\pegasus_project\pegasus_new_skin\pegasus_new_skin\pegasus_new_skin\bin\debug\pegasus_new_skin.dll" id="2ce50fe1-c4e5-8f47-92d3-0a707bbc9259">
      <Execution id="e0fd9dbe-593f-47dc-8c41-fb9b51732ca8" />
      <TestMethod codeBase="E:\Pegasus_Project\Pegasus_New_Skin\Pegasus_New_skin\Pegasus_New_skin\bin\Debug\Pegasus_New_skin.dll" adapterTypeName="Microsoft.VisualStudio.TestTools.TestTypes.Unit.UnitTestAdapter" className="PegasusTests.Scripts.ClientsTests.RevenueShareButtonForPartnerAgent" name="revenueShareButtonForPartnerAgent" />
    </UnitTest>
    <UnitTest name="revenueShareButtonForPartnerAssociation" storage="e:\pegasus_project\pegasus_new_skin\pegasus_new_skin\pegasus_new_skin\bin\debug\pegasus_new_skin.dll" id="631db1e5-5130-fe76-60d3-f720d01eb3d2">
      <Execution id="16be644b-6907-4f59-99b8-76c41305ec8c" />
      <TestMethod codeBase="E:\Pegasus_Project\Pegasus_New_Skin\Pegasus_New_skin\Pegasus_New_skin\bin\Debug\Pegasus_New_skin.dll" adapterTypeName="Microsoft.VisualStudio.TestTools.TestTypes.Unit.UnitTestAdapter" className="PegasusTests.Scripts.ClientsTests.RevenueShareButtonForPartnerAssociation" name="revenueShareButtonForPartnerAssociation" />
    </UnitTest>
    <UnitTest name="revenueShareInDecimalPartnerAgent" storage="e:\pegasus_project\pegasus_new_skin\pegasus_new_skin\pegasus_new_skin\bin\debug\pegasus_new_skin.dll" id="58acfcda-0b2a-f016-5ed3-8e51a7454595">
      <Execution id="4552b38b-8c95-4fa4-9338-84b8d61d68d5" />
      <TestMethod codeBase="E:\Pegasus_Project\Pegasus_New_Skin\Pegasus_New_skin\Pegasus_New_skin\bin\Debug\Pegasus_New_skin.dll" adapterTypeName="Microsoft.VisualStudio.TestTools.TestTypes.Unit.UnitTestAdapter" className="PegasusTests.Scripts.ClientsTests.RevenueShareInDecimalPartnerAgent" name="revenueShareInDecimalPartnerAgent" />
    </UnitTest>
    <UnitTest name="revenueShareInDecimalPartnerAssociation" storage="e:\pegasus_project\pegasus_new_skin\pegasus_new_skin\pegasus_new_skin\bin\debug\pegasus_new_skin.dll" id="9699bd57-3e9a-16f4-dafd-b1a79632258f">
      <Execution id="10a27079-7156-448a-b5e7-5fefb17ee42b" />
      <TestMethod codeBase="E:\Pegasus_Project\Pegasus_New_Skin\Pegasus_New_skin\Pegasus_New_skin\bin\Debug\Pegasus_New_skin.dll" adapterTypeName="Microsoft.VisualStudio.TestTools.TestTypes.Unit.UnitTestAdapter" className="PegasusTests.Scripts.ClientsTests.RevenueShareInDecimalPartnerAssociation" name="revenueShareInDecimalPartnerAssociation" />
    </UnitTest>
    <UnitTest name="saleAgentCodeProcessor" storage="e:\pegasus_project\pegasus_new_skin\pegasus_new_skin\pegasus_new_skin\bin\debug\pegasus_new_skin.dll" id="ae3e5d17-a418-c027-5d01-89e4c7b54c4c">
      <Execution id="63dbae9d-22af-45dc-9433-c6e1f8d1e341" />
      <TestMethod codeBase="E:\Pegasus_Project\Pegasus_New_Skin\Pegasus_New_skin\Pegasus_New_skin\bin\Debug\Pegasus_New_skin.dll" adapterTypeName="Microsoft.VisualStudio.TestTools.TestTypes.Unit.UnitTestAdapter" className="PegasusTests.Scripts.ClientsTests.SaleAgentCodeProcessor" name="saleAgentCodeProcessor" />
    </UnitTest>
    <UnitTest name="saleAgentWithUserNewSkin" storage="e:\pegasus_project\pegasus_new_skin\pegasus_new_skin\pegasus_new_skin\bin\debug\pegasus_new_skin.dll" id="ab42990e-b7d9-acfc-0318-565256d2bb54">
      <Execution id="e4a0ae94-6203-4f56-8f91-4d02148aa787" />
      <TestMethod codeBase="E:\Pegasus_Project\Pegasus_New_Skin\Pegasus_New_skin\Pegasus_New_skin\bin\Debug\Pegasus_New_skin.dll" adapterTypeName="Microsoft.VisualStudio.TestTools.TestTypes.Unit.UnitTestAdapter" className="PegasusTests.Scripts.ClientsTests.SaleAgentWithUserNewSkin" name="saleAgentWithUserNewSkin" />
    </UnitTest>
    <UnitTest name="saveLocation" storage="e:\pegasus_project\pegasus_new_skin\pegasus_new_skin\pegasus_new_skin\bin\debug\pegasus_new_skin.dll" id="393d6c3b-efc9-bf9c-9a36-6929884573ff">
      <Execution id="29fc6391-1ef1-4830-ab4a-3e55771bc0bf" />
      <TestMethod codeBase="E:\Pegasus_Project\Pegasus_New_Skin\Pegasus_New_skin\Pegasus_New_skin\bin\Debug\Pegasus_New_skin.dll" adapterTypeName="Microsoft.VisualStudio.TestTools.TestTypes.Unit.UnitTestAdapter" className="PegasusTests.Scripts.ClientsTests.SaveLocation" name="saveLocation" />
    </UnitTest>
    <UnitTest name="tabsNotBroken" storage="e:\pegasus_project\pegasus_new_skin\pegasus_new_skin\pegasus_new_skin\bin\debug\pegasus_new_skin.dll" id="8db7c042-c9c9-e955-e7e7-3e02c89b7d6f">
      <Execution id="5e5bd1e9-93e7-457a-89b9-a145293390f3" />
      <TestMethod codeBase="E:\Pegasus_Project\Pegasus_New_Skin\Pegasus_New_skin\Pegasus_New_skin\bin\Debug\Pegasus_New_skin.dll" adapterTypeName="Microsoft.VisualStudio.TestTools.TestTypes.Unit.UnitTestAdapter" className="PegasusTests.Scripts.ClientsTests.TabsNotBroken" name="tabsNotBroken" />
    </UnitTest>
    <UnitTest name="ticketComment" storage="e:\pegasus_project\pegasus_new_skin\pegasus_new_skin\pegasus_new_skin\bin\debug\pegasus_new_skin.dll" id="56a8f782-250a-6f8c-ac49-011d70574de2">
      <Execution id="3b22b234-741a-4d77-9b61-df83c03f426d" />
      <TestMethod codeBase="E:\Pegasus_Project\Pegasus_New_Skin\Pegasus_New_skin\Pegasus_New_skin\bin\Debug\Pegasus_New_skin.dll" adapterTypeName="Microsoft.VisualStudio.TestTools.TestTypes.Unit.UnitTestAdapter" className="PegasusTests.Scripts.ClientsTests.TicketComment" name="ticketComment" />
    </UnitTest>
    <UnitTest name="ticketingSystem" storage="e:\pegasus_project\pegasus_new_skin\pegasus_new_skin\pegasus_new_skin\bin\debug\pegasus_new_skin.dll" id="1b150bd0-7205-e9d7-5516-24eed9c954f7">
      <Execution id="2d75fbaa-ef60-4068-b509-166dab3ce5bf" />
      <TestMethod codeBase="E:\Pegasus_Project\Pegasus_New_Skin\Pegasus_New_skin\Pegasus_New_skin\bin\Debug\Pegasus_New_skin.dll" adapterTypeName="Microsoft.VisualStudio.TestTools.TestTypes.Unit.UnitTestAdapter" className="PegasusTests.Scripts.ClientsTests.TicketingSystem" name="ticketingSystem" />
    </UnitTest>
    <UnitTest name="trashIconAvail" storage="e:\pegasus_project\pegasus_new_skin\pegasus_new_skin\pegasus_new_skin\bin\debug\pegasus_new_skin.dll" id="a528b9d1-09ce-b802-08a5-6e087b0004f7">
      <Execution id="17f38943-cfdf-494f-92ab-3d586f8ced73" />
      <TestMethod codeBase="E:\Pegasus_Project\Pegasus_New_Skin\Pegasus_New_skin\Pegasus_New_skin\bin\Debug\Pegasus_New_skin.dll" adapterTypeName="Microsoft.VisualStudio.TestTools.TestTypes.Unit.UnitTestAdapter" className="PegasusTests.Scripts.ClientsTests.TrashIconAvail" name="trashIconAvail" />
    </UnitTest>
    <UnitTest name="updateTextOnMarketingPageClient" storage="e:\pegasus_project\pegasus_new_skin\pegasus_new_skin\pegasus_new_skin\bin\debug\pegasus_new_skin.dll" id="8e59bd2d-bd60-e724-3a38-222ac20bff9f">
      <Execution id="6cd291f7-ab35-42ee-b9cf-6a868ae9657f" />
      <TestMethod codeBase="E:\Pegasus_Project\Pegasus_New_Skin\Pegasus_New_skin\Pegasus_New_skin\bin\Debug\Pegasus_New_skin.dll" adapterTypeName="Microsoft.VisualStudio.TestTools.TestTypes.Unit.UnitTestAdapter" className="PegasusTests.Scripts.ClientsTests.UpdateTextOnMarketingPageClient" name="updateTextOnMarketingPageClient" />
    </UnitTest>
    <UnitTest name="uploadedLogo" storage="e:\pegasus_project\pegasus_new_skin\pegasus_new_skin\pegasus_new_skin\bin\debug\pegasus_new_skin.dll" id="a6cfcd75-8812-fb54-975b-5f6c37250cb0">
      <Execution id="ea9d9c65-a0db-4383-94c7-58d9704e63a9" />
      <TestMethod codeBase="E:\Pegasus_Project\Pegasus_New_Skin\Pegasus_New_skin\Pegasus_New_skin\bin\Debug\Pegasus_New_skin.dll" adapterTypeName="Microsoft.VisualStudio.TestTools.TestTypes.Unit.UnitTestAdapter" className="PegasusTests.Scripts.ClientsTests.UploadedLogo" name="uploadedLogo" />
    </UnitTest>
    <UnitTest name="userCountPage" storage="e:\pegasus_project\pegasus_new_skin\pegasus_new_skin\pegasus_new_skin\bin\debug\pegasus_new_skin.dll" id="3e105617-0bb6-733c-e78a-d2f35c17f402">
      <Execution id="6209d20b-f93b-4f40-8269-170e8dd0fd68" />
      <TestMethod codeBase="E:\Pegasus_Project\Pegasus_New_Skin\Pegasus_New_skin\Pegasus_New_skin\bin\Debug\Pegasus_New_skin.dll" adapterTypeName="Microsoft.VisualStudio.TestTools.TestTypes.Unit.UnitTestAdapter" className="PegasusTests.Scripts.ClientsTests.UserCountPage" name="userCountPage" />
    </UnitTest>
    <UnitTest name="userVerifyCountryCorp" storage="e:\pegasus_project\pegasus_new_skin\pegasus_new_skin\pegasus_new_skin\bin\debug\pegasus_new_skin.dll" id="c497ca90-15db-d9e3-fed1-18a8c3832a01">
      <Execution id="89a4de0f-d0e7-4c32-8416-8f57e83dcb47" />
      <TestMethod codeBase="E:\Pegasus_Project\Pegasus_New_Skin\Pegasus_New_skin\Pegasus_New_skin\bin\Debug\Pegasus_New_skin.dll" adapterTypeName="Microsoft.VisualStudio.TestTools.TestTypes.Unit.UnitTestAdapter" className="PegasusTests.Scripts.ClientsTests.UserVerifyCountryCorp" name="userVerifyCountryCorp" />
    </UnitTest>
    <UnitTest name="validationForFileTypeOfficeLogo" storage="e:\pegasus_project\pegasus_new_skin\pegasus_new_skin\pegasus_new_skin\bin\debug\pegasus_new_skin.dll" id="ba9c1802-9c2e-de9d-589c-508e2f15429b">
      <Execution id="41f1a1d8-9c77-4e5e-86a9-ce2dd4b67b08" />
      <TestMethod codeBase="E:\Pegasus_Project\Pegasus_New_Skin\Pegasus_New_skin\Pegasus_New_skin\bin\Debug\Pegasus_New_skin.dll" adapterTypeName="Microsoft.VisualStudio.TestTools.TestTypes.Unit.UnitTestAdapter" className="PegasusTests.Scripts.ClientsTests.ValidationForFileTypeOfficeLogo" name="validationForFileTypeOfficeLogo" />
    </UnitTest>
    <UnitTest name="vendorEmailVerification" storage="e:\pegasus_project\pegasus_new_skin\pegasus_new_skin\pegasus_new_skin\bin\debug\pegasus_new_skin.dll" id="56fc8256-8585-92ab-c5dd-7d38d01eb098">
      <Execution id="712d5a2a-41ec-445c-9aa2-1be11983f437" />
      <TestMethod codeBase="E:\Pegasus_Project\Pegasus_New_Skin\Pegasus_New_skin\Pegasus_New_skin\bin\Debug\Pegasus_New_skin.dll" adapterTypeName="Microsoft.VisualStudio.TestTools.TestTypes.Unit.UnitTestAdapter" className="PegasusTests.Scripts.ClientsTests.VendorEmailVerification" name="vendorEmailVerification" />
    </UnitTest>
    <UnitTest name="vendorSocialurlValidate" storage="e:\pegasus_project\pegasus_new_skin\pegasus_new_skin\pegasus_new_skin\bin\debug\pegasus_new_skin.dll" id="469e6b6a-3c29-b051-995c-b9842e2eb6d9">
      <Execution id="897ae19d-ca5f-4076-8ff6-9a3821503b0e" />
      <TestMethod codeBase="E:\Pegasus_Project\Pegasus_New_Skin\Pegasus_New_skin\Pegasus_New_skin\bin\Debug\Pegasus_New_skin.dll" adapterTypeName="Microsoft.VisualStudio.TestTools.TestTypes.Unit.UnitTestAdapter" className="PegasusTests.Scripts.ClientsTests.VendorSocialurlValidate" name="vendorSocialurlValidate" />
    </UnitTest>
    <UnitTest name="verifyAddAnotherVersionDisplay" storage="e:\pegasus_project\pegasus_new_skin\pegasus_new_skin\pegasus_new_skin\bin\debug\pegasus_new_skin.dll" id="e10128d8-0332-7474-6334-cdbf84dbbcd1">
      <Execution id="2f569af2-12ea-4e0e-80d2-2fecda0b2980" />
      <TestMethod codeBase="E:\Pegasus_Project\Pegasus_New_Skin\Pegasus_New_skin\Pegasus_New_skin\bin\Debug\Pegasus_New_skin.dll" adapterTypeName="Microsoft.VisualStudio.TestTools.TestTypes.Unit.UnitTestAdapter" className="PegasusTests.Scripts.ClientsTests.VerifyAddAnotherVersionDisplay" name="verifyAddAnotherVersionDisplay" />
    </UnitTest>
    <UnitTest name="verifyAstrick" storage="e:\pegasus_project\pegasus_new_skin\pegasus_new_skin\pegasus_new_skin\bin\debug\pegasus_new_skin.dll" id="71ccd59f-39a1-6884-7f01-f9495a97c8aa">
      <Execution id="f3d36091-3732-4f83-ad03-e762a59f06a9" />
      <TestMethod codeBase="E:\Pegasus_Project\Pegasus_New_Skin\Pegasus_New_skin\Pegasus_New_skin\bin\Debug\Pegasus_New_skin.dll" adapterTypeName="Microsoft.VisualStudio.TestTools.TestTypes.Unit.UnitTestAdapter" className="PegasusTests.Scripts.ClientsTests.VerifyAstrick" name="verifyAstrick" />
    </UnitTest>
    <UnitTest name="verifyBulkUpdateForClients" storage="e:\pegasus_project\pegasus_new_skin\pegasus_new_skin\pegasus_new_skin\bin\debug\pegasus_new_skin.dll" id="7c1ec3b1-98a2-dea8-cbc8-775ccf58ed68">
      <Execution id="65f7d5fd-a053-495b-990c-fc6937fb2310" />
      <TestMethod codeBase="E:\Pegasus_Project\Pegasus_New_Skin\Pegasus_New_skin\Pegasus_New_skin\bin\Debug\Pegasus_New_skin.dll" adapterTypeName="Microsoft.VisualStudio.TestTools.TestTypes.Unit.UnitTestAdapter" className="PegasusTests.Scripts.ClientsTests.VerifyBulkUpdateForClients" name="verifyBulkUpdateForClients" />
    </UnitTest>
    <UnitTest name="verifyButtonsForTickets" storage="e:\pegasus_project\pegasus_new_skin\pegasus_new_skin\pegasus_new_skin\bin\debug\pegasus_new_skin.dll" id="df28b719-e3f7-30cc-9006-df77cfa42dde">
      <Execution id="a884a350-222b-48cf-9d88-ed0589263bb1" />
      <TestMethod codeBase="E:\Pegasus_Project\Pegasus_New_Skin\Pegasus_New_skin\Pegasus_New_skin\bin\Debug\Pegasus_New_skin.dll" adapterTypeName="Microsoft.VisualStudio.TestTools.TestTypes.Unit.UnitTestAdapter" className="PegasusTests.Scripts.ClientsTests.VerifyButtonsForTickets" name="verifyButtonsForTickets" />
    </UnitTest>
    <UnitTest name="verifyMailMessage" storage="e:\pegasus_project\pegasus_new_skin\pegasus_new_skin\pegasus_new_skin\bin\debug\pegasus_new_skin.dll" id="206cc6a4-d0ac-f552-638e-fe7e802a3553">
      <Execution id="4af13fb8-0833-4220-972f-e81690ff0577" />
      <TestMethod codeBase="E:\Pegasus_Project\Pegasus_New_Skin\Pegasus_New_skin\Pegasus_New_skin\bin\Debug\Pegasus_New_skin.dll" adapterTypeName="Microsoft.VisualStudio.TestTools.TestTypes.Unit.UnitTestAdapter" className="PegasusTests.Scripts.ClientsTests.VerifyMailMessage" name="verifyMailMessage" />
    </UnitTest>
    <UnitTest name="verifyMerchantFields" storage="e:\pegasus_project\pegasus_new_skin\pegasus_new_skin\pegasus_new_skin\bin\debug\pegasus_new_skin.dll" id="1de1409d-dff0-7879-17d2-4e66016cf9f5">
      <Execution id="b4ccbea2-5255-4e77-b20f-0fec591306f9" />
      <TestMethod codeBase="E:\Pegasus_Project\Pegasus_New_Skin\Pegasus_New_skin\Pegasus_New_skin\bin\Debug\Pegasus_New_skin.dll" adapterTypeName="Microsoft.VisualStudio.TestTools.TestTypes.Unit.UnitTestAdapter" className="PegasusTests.Scripts.ClientsTests.VerifyMerchantFields" name="verifyMerchantFields" />
    </UnitTest>
    <UnitTest name="verifyMyAccount" storage="e:\pegasus_project\pegasus_new_skin\pegasus_new_skin\pegasus_new_skin\bin\debug\pegasus_new_skin.dll" id="6a5e6648-2f26-c2d3-28a8-f853f848223b">
      <Execution id="dea2a1d4-5184-4a4d-9765-71ad009db4fa" />
      <TestMethod codeBase="E:\Pegasus_Project\Pegasus_New_Skin\Pegasus_New_skin\Pegasus_New_skin\bin\Debug\Pegasus_New_skin.dll" adapterTypeName="Microsoft.VisualStudio.TestTools.TestTypes.Unit.UnitTestAdapter" className="PegasusTests.Scripts.ClientsTests.VerifyMyAccount" name="verifyMyAccount" />
    </UnitTest>
    <UnitTest name="verifyRecycleBin" storage="e:\pegasus_project\pegasus_new_skin\pegasus_new_skin\pegasus_new_skin\bin\debug\pegasus_new_skin.dll" id="9d72ec29-9ed5-8607-fe92-a0f716c85aab">
      <Execution id="94e5cf2e-a378-43d8-88c9-d5640fca3bf9" />
      <TestMethod codeBase="E:\Pegasus_Project\Pegasus_New_Skin\Pegasus_New_skin\Pegasus_New_skin\bin\Debug\Pegasus_New_skin.dll" adapterTypeName="Microsoft.VisualStudio.TestTools.TestTypes.Unit.UnitTestAdapter" className="PegasusTests.Scripts.ClientsTests.VerifyRecycleBin" name="verifyRecycleBin" />
    </UnitTest>
    <UnitTest name="verifySuccessMessage" storage="e:\pegasus_project\pegasus_new_skin\pegasus_new_skin\pegasus_new_skin\bin\debug\pegasus_new_skin.dll" id="b74ae57b-78d2-4711-b85e-021fefe29a47">
      <Execution id="573ccc17-5ea7-4fe1-b150-2820f69b96b9" />
      <TestMethod codeBase="E:\Pegasus_Project\Pegasus_New_Skin\Pegasus_New_skin\Pegasus_New_skin\bin\Debug\Pegasus_New_skin.dll" adapterTypeName="Microsoft.VisualStudio.TestTools.TestTypes.Unit.UnitTestAdapter" className="PegasusTests.Scripts.ClientsTests.VerifySuccessMessage" name="verifySuccessMessage" />
    </UnitTest>
    <UnitTest name="verifyUserRedirectToShippingOnCancel" storage="e:\pegasus_project\pegasus_new_skin\pegasus_new_skin\pegasus_new_skin\bin\debug\pegasus_new_skin.dll" id="899fbee4-6844-efe0-b45d-263c4f796bc2">
      <Execution id="6ce436a0-ff07-4d97-8912-de8f867cdabc" />
      <TestMethod codeBase="E:\Pegasus_Project\Pegasus_New_Skin\Pegasus_New_skin\Pegasus_New_skin\bin\Debug\Pegasus_New_skin.dll" adapterTypeName="Microsoft.VisualStudio.TestTools.TestTypes.Unit.UnitTestAdapter" className="PegasusTests.Scripts.ClientsTests.VerifyUserRedirectToShippingOnCancel" name="verifyUserRedirectToShippingOnCancel" />
    </UnitTest>
    <UnitTest name="viewRevenueAdjustmentPartnerAgentAddFlatAmount" storage="e:\pegasus_project\pegasus_new_skin\pegasus_new_skin\pegasus_new_skin\bin\debug\pegasus_new_skin.dll" id="273c9924-b451-376a-6373-dbe061eee2e8">
      <Execution id="55af9121-6f47-4a16-ace0-423aee83a434" />
      <TestMethod codeBase="E:\Pegasus_Project\Pegasus_New_Skin\Pegasus_New_skin\Pegasus_New_skin\bin\Debug\Pegasus_New_skin.dll" adapterTypeName="Microsoft.VisualStudio.TestTools.TestTypes.Unit.UnitTestAdapter" className="PegasusTests.Scripts.ClientsTests.ViewRevenueAdjustmentPartnerAgentAddFlatAmount" name="viewRevenueAdjustmentPartnerAgentAddFlatAmount" />
    </UnitTest>
    <UnitTest name="viewRevenueAdjustmentSaleAgentPercentage" storage="e:\pegasus_project\pegasus_new_skin\pegasus_new_skin\pegasus_new_skin\bin\debug\pegasus_new_skin.dll" id="a1228955-227f-d507-f68a-7aa80b081cd9">
      <Execution id="1e2fe70e-3f89-463f-a7fc-9d1c73039c90" />
      <TestMethod codeBase="E:\Pegasus_Project\Pegasus_New_Skin\Pegasus_New_skin\Pegasus_New_skin\bin\Debug\Pegasus_New_skin.dll" adapterTypeName="Microsoft.VisualStudio.TestTools.TestTypes.Unit.UnitTestAdapter" className="PegasusTests.Scripts.ClientsTests.ViewRevenueAdjustmentSaleAgentPercentage" name="viewRevenueAdjustmentSaleAgentPercentage" />
    </UnitTest>
    <UnitTest name="websiteFilter" storage="e:\pegasus_project\pegasus_new_skin\pegasus_new_skin\pegasus_new_skin\bin\debug\pegasus_new_skin.dll" id="77502f30-c3cb-2212-18a4-c16ed17882e8">
      <Execution id="2a89cc8a-a600-48df-a2c9-639dc5279998" />
      <TestMethod codeBase="E:\Pegasus_Project\Pegasus_New_Skin\Pegasus_New_skin\Pegasus_New_skin\bin\Debug\Pegasus_New_skin.dll" adapterTypeName="Microsoft.VisualStudio.TestTools.TestTypes.Unit.UnitTestAdapter" className="PegasusTests.Scripts.ClientsTests.WebsiteFilter" name="websiteFilter" />
    </UnitTest>
  </TestDefinitions>
  <TestEntries>
    <TestEntry testId="75e56327-7336-efdc-b3ad-bd85e075095f" executionId="8a32e8d9-8d59-419a-b934-130857c6439a" testListId="8c84fa94-04c1-424b-9868-57a2d4851a1d" />
    <TestEntry testId="b466f748-829e-6f53-e63c-28f63c2aeb0e" executionId="8ec8a4d1-ad54-4616-99f5-77eda00233b7" testListId="8c84fa94-04c1-424b-9868-57a2d4851a1d" />
    <TestEntry testId="48f14298-cb83-566e-96ba-3647b0514124" executionId="e936910a-8d13-4210-abc1-b8abbf03ac10" testListId="8c84fa94-04c1-424b-9868-57a2d4851a1d" />
    <TestEntry testId="024631e0-52c7-3174-1268-ee300c1200f2" executionId="9925252b-b3f1-4e37-9961-2e93267e01ce" testListId="8c84fa94-04c1-424b-9868-57a2d4851a1d" />
    <TestEntry testId="887c7784-c900-222b-bed3-59ae4b319fbd" executionId="5fd0b9a1-b53e-4fd2-802f-8b19e15b9e4c" testListId="8c84fa94-04c1-424b-9868-57a2d4851a1d" />
    <TestEntry testId="8112eff1-8521-766e-f155-ef1a6d5eb07a" executionId="7eaad1d9-29ff-4065-b45b-fd2cf383b56f" testListId="8c84fa94-04c1-424b-9868-57a2d4851a1d" />
    <TestEntry testId="39af5e03-be84-4d4d-47e1-0e37436a03a0" executionId="1dd9331a-fa6d-4e50-8496-3fad6624c8fd" testListId="8c84fa94-04c1-424b-9868-57a2d4851a1d" />
    <TestEntry testId="5f935a3e-552f-ad58-fa16-2bbdb7bbb492" executionId="29ab2aec-4959-4e24-8476-0ed490ffff41" testListId="8c84fa94-04c1-424b-9868-57a2d4851a1d" />
    <TestEntry testId="a735b350-d35d-c19e-72c0-f461418b114f" executionId="89cdd997-5495-4947-b4ac-bc5d42908eee" testListId="8c84fa94-04c1-424b-9868-57a2d4851a1d" />
    <TestEntry testId="8c34702b-977e-c025-23ba-fe79ac937588" executionId="c29c88ec-b709-4676-ba68-d1109b89cb0c" testListId="8c84fa94-04c1-424b-9868-57a2d4851a1d" />
    <TestEntry testId="2f71bcfc-595b-2cf8-254e-56d76989fe46" executionId="580e05a3-b259-4a7f-a760-407332c03c45" testListId="8c84fa94-04c1-424b-9868-57a2d4851a1d" />
    <TestEntry testId="ca2e1b20-9ca3-3ef9-1cfd-f3d78c44a475" executionId="5a711bb6-42cc-4141-9f97-a96344c47db0" testListId="8c84fa94-04c1-424b-9868-57a2d4851a1d" />
    <TestEntry testId="01c1dd74-2fb1-fbb6-f8e3-ed1a182e0af3" executionId="29e37dbb-b3e2-463e-8666-73687626ff2c" testListId="8c84fa94-04c1-424b-9868-57a2d4851a1d" />
    <TestEntry testId="b7117c23-ebaf-3c92-917e-0d5689b3320e" executionId="50c5d694-92b0-4b45-9654-35ba03d81919" testListId="8c84fa94-04c1-424b-9868-57a2d4851a1d" />
    <TestEntry testId="181c25d2-1724-3a41-d18c-b54a0ccc2e46" executionId="962a0832-0fe8-4aea-874f-54cd9ca96118" testListId="8c84fa94-04c1-424b-9868-57a2d4851a1d" />
    <TestEntry testId="9a7b6b9a-3023-3a2b-3d10-0bf04068cf88" executionId="f5ca6c90-0465-4e71-89ae-b0c920bea07a" testListId="8c84fa94-04c1-424b-9868-57a2d4851a1d" />
    <TestEntry testId="ee1173d2-973c-26e9-727d-00a67b6abd2f" executionId="15e3e414-d24e-4dbf-b7cd-739511000237" testListId="8c84fa94-04c1-424b-9868-57a2d4851a1d" />
    <TestEntry testId="c113ee0b-dea0-ba2a-4a37-7e71463c41c8" executionId="8718c1b8-0fdf-499b-9bc0-67f5c8f71983" testListId="8c84fa94-04c1-424b-9868-57a2d4851a1d" />
    <TestEntry testId="b47ab7f2-7c09-856a-1469-10cf7e1e0458" executionId="9ac09383-eef3-4ded-9535-f869a3c96c5a" testListId="8c84fa94-04c1-424b-9868-57a2d4851a1d" />
    <TestEntry testId="80ff8e72-8ff4-afe5-5c4e-babbe2f49ee4" executionId="6dedbdbe-54bb-45ac-ba67-5894e32d9409" testListId="8c84fa94-04c1-424b-9868-57a2d4851a1d" />
    <TestEntry testId="11b81a51-5dd0-366c-0281-30d54286029a" executionId="1aa5ff28-84fb-4407-bdfb-4ed692bdc4d0" testListId="8c84fa94-04c1-424b-9868-57a2d4851a1d" />
    <TestEntry testId="86209b9d-c8ef-ef98-c2b7-2920f433756d" executionId="855232d4-5fc9-4086-8253-b4bd4ce3dd75" testListId="8c84fa94-04c1-424b-9868-57a2d4851a1d" />
    <TestEntry testId="1bfb404a-0507-99ce-62a4-3d9ae6737f43" executionId="baf73215-2ea9-4092-a67e-58a00b0a0333" testListId="8c84fa94-04c1-424b-9868-57a2d4851a1d" />
    <TestEntry testId="3d8ee334-4ea5-3518-9c3a-fd8b51d3045a" executionId="92a4797e-62c4-4f84-a0af-c428902e78ad" testListId="8c84fa94-04c1-424b-9868-57a2d4851a1d" />
    <TestEntry testId="e8d2a080-7634-f2c4-f926-42b63bf49db4" executionId="575a52fa-b216-403f-baf1-061f37aa87c6" testListId="8c84fa94-04c1-424b-9868-57a2d4851a1d" />
    <TestEntry testId="9780a645-4095-c833-3d95-0ba17d6597b4" executionId="a16dba43-f161-478f-9ccb-977f56db3d73" testListId="8c84fa94-04c1-424b-9868-57a2d4851a1d" />
    <TestEntry testId="c0aae661-376d-ca04-ce30-65203124e8ba" executionId="bc15a67d-3b72-4851-9361-fea1d87b8450" testListId="8c84fa94-04c1-424b-9868-57a2d4851a1d" />
    <TestEntry testId="225dff06-bf76-de06-4ee3-83bec1444e67" executionId="e53706bc-23ec-43a4-be31-fd8ede6a4258" testListId="8c84fa94-04c1-424b-9868-57a2d4851a1d" />
    <TestEntry testId="54e0bcd3-13b1-1c68-dd4c-0a6808043fde" executionId="64ba6c42-b6e3-4bb7-94ed-5511e71855ec" testListId="8c84fa94-04c1-424b-9868-57a2d4851a1d" />
    <TestEntry testId="6c3ec04a-c589-1298-4bba-44a34d77680d" executionId="1dacc984-4851-4209-8e73-e1c711ef273e" testListId="8c84fa94-04c1-424b-9868-57a2d4851a1d" />
    <TestEntry testId="8e0d478e-9b1f-b036-cda4-428d3304bc9d" executionId="1e210b48-5293-4a90-96b3-59d5710802cb" testListId="8c84fa94-04c1-424b-9868-57a2d4851a1d" />
    <TestEntry testId="ac466cc6-5028-9fc8-e133-9864bcf4fe88" executionId="8c6e1aad-4f9c-4f09-b7af-0cd9abdd4bba" testListId="8c84fa94-04c1-424b-9868-57a2d4851a1d" />
    <TestEntry testId="7f132701-8100-d7a7-582e-336ee30439dc" executionId="01c19882-17cb-424b-9293-210696175b3a" testListId="8c84fa94-04c1-424b-9868-57a2d4851a1d" />
    <TestEntry testId="110cbcae-34c8-6509-5400-6842f9e0f5ca" executionId="6481ad75-75e3-41ae-8a9b-b5d752f8f3d6" testListId="8c84fa94-04c1-424b-9868-57a2d4851a1d" />
    <TestEntry testId="30257349-d269-2c45-8b7a-3f657728a2fb" executionId="cfe2480a-8b08-4525-98db-bf8138205610" testListId="8c84fa94-04c1-424b-9868-57a2d4851a1d" />
    <TestEntry testId="22eaf6ce-1169-54f0-138c-0f7ee2219abd" executionId="f21fa1af-b87f-4117-b320-e7f01bbc0ac2" testListId="8c84fa94-04c1-424b-9868-57a2d4851a1d" />
    <TestEntry testId="cd2349a5-754f-0e19-994d-2346f7ee6f57" executionId="1d158a36-db9f-451c-a163-0ab6d5057b6c" testListId="8c84fa94-04c1-424b-9868-57a2d4851a1d" />
    <TestEntry testId="73732dff-e65b-2925-15b2-fc5002d5cd57" executionId="d16c2859-7bd5-4550-82ac-1445aa8daccc" testListId="8c84fa94-04c1-424b-9868-57a2d4851a1d" />
    <TestEntry testId="200f2942-fcb9-6450-a389-794592e9b5cc" executionId="2a7bfe91-cf8b-474d-bbb5-4dc297c64b4a" testListId="8c84fa94-04c1-424b-9868-57a2d4851a1d" />
    <TestEntry testId="e583e817-da39-b6e3-11da-6d2a55a549de" executionId="856b8298-d58c-47c6-a0d0-feaf4bea0274" testListId="8c84fa94-04c1-424b-9868-57a2d4851a1d" />
    <TestEntry testId="35bd9b17-2e60-aab0-1b76-88768e271b9f" executionId="61699a33-d78b-4769-89a4-58d0f32d5894" testListId="8c84fa94-04c1-424b-9868-57a2d4851a1d" />
    <TestEntry testId="a8654672-39e6-9749-e64f-f336ca308b0d" executionId="17ab2233-e0e3-47e3-a6aa-ff6c71c46108" testListId="8c84fa94-04c1-424b-9868-57a2d4851a1d" />
    <TestEntry testId="4330d98c-49e0-3371-760a-38d2e071aec5" executionId="35c24690-d92e-4a9e-90e0-baaafd192778" testListId="8c84fa94-04c1-424b-9868-57a2d4851a1d" />
    <TestEntry testId="b35b0d71-79da-bc60-f850-98a6f43dde34" executionId="63d80536-eb31-4c75-9043-3a2599eb9845" testListId="8c84fa94-04c1-424b-9868-57a2d4851a1d" />
    <TestEntry testId="c3017713-9611-9ede-6da7-88b946a87296" executionId="2f6f1d5c-8761-480c-98a8-ef17009eaee1" testListId="8c84fa94-04c1-424b-9868-57a2d4851a1d" />
    <TestEntry testId="74866589-49d4-14a2-ab66-e67497887a93" executionId="bd342f98-0256-42ef-92cc-919941119178" testListId="8c84fa94-04c1-424b-9868-57a2d4851a1d" />
    <TestEntry testId="05d21f98-f89f-abe0-e652-2467ebe62129" executionId="c9048b40-1da7-4146-b508-fa3f1153bc5c" testListId="8c84fa94-04c1-424b-9868-57a2d4851a1d" />
    <TestEntry testId="cb11f649-10e0-17c6-1b6c-ace3cef76252" executionId="20d82e13-c582-4053-94f0-df7680aa6c6a" testListId="8c84fa94-04c1-424b-9868-57a2d4851a1d" />
    <TestEntry testId="275dbb9b-c414-2a37-4ac4-666d31fe13d2" executionId="3fc881ca-3709-45d8-afc1-43b1fcc84710" testListId="8c84fa94-04c1-424b-9868-57a2d4851a1d" />
    <TestEntry testId="ccb9ec67-8114-383e-dd53-cd95c6cb6f85" executionId="dff91234-7a41-44c1-8072-2841d811222d" testListId="8c84fa94-04c1-424b-9868-57a2d4851a1d" />
    <TestEntry testId="528af298-d3f3-512b-de3c-5acccc360e09" executionId="87d53b1b-93c0-4fa4-8952-0353e8eee426" testListId="8c84fa94-04c1-424b-9868-57a2d4851a1d" />
    <TestEntry testId="5e9fd44a-6de8-5ecb-2a69-3a2f704dfe51" executionId="6b32e76a-8858-4320-8514-a8b0b3391ce4" testListId="8c84fa94-04c1-424b-9868-57a2d4851a1d" />
    <TestEntry testId="1d16aae0-8198-ec8a-c721-304e80d93e2d" executionId="565e89af-414e-4b0d-9e38-647a01aeb970" testListId="8c84fa94-04c1-424b-9868-57a2d4851a1d" />
    <TestEntry testId="2d867b65-2495-6b00-2ae5-923647083fe8" executionId="c94579c2-b0f9-458a-acbd-fd3df919cd77" testListId="8c84fa94-04c1-424b-9868-57a2d4851a1d" />
    <TestEntry testId="bd289e18-0aba-e287-4d47-1eabbb271e4b" executionId="cf667f47-1096-462d-9ed7-375351201fbf" testListId="8c84fa94-04c1-424b-9868-57a2d4851a1d" />
    <TestEntry testId="617ba706-c096-7a9b-9f69-68b594e3c13f" executionId="920dd6dc-bc2a-473d-bc00-14c1f9cbc7af" testListId="8c84fa94-04c1-424b-9868-57a2d4851a1d" />
    <TestEntry testId="c78982a8-9ced-9c62-9dd6-9a989909b857" executionId="cd295494-461b-48d1-b0ea-ef6fd17339ff" testListId="8c84fa94-04c1-424b-9868-57a2d4851a1d" />
    <TestEntry testId="eb628fe0-b168-762d-b5ad-d893b9241ceb" executionId="d29efb8c-d1b6-4cc7-a4b1-75208ff8298c" testListId="8c84fa94-04c1-424b-9868-57a2d4851a1d" />
    <TestEntry testId="cbbc705f-8d77-730b-c90f-840ea85ce6b5" executionId="f3f10ad6-b45f-4ad1-be21-35529842e6c0" testListId="8c84fa94-04c1-424b-9868-57a2d4851a1d" />
    <TestEntry testId="edef04bd-a724-831a-e61e-253a00794a31" executionId="3f07086a-85ce-4e26-9f31-168df6c9d6e0" testListId="8c84fa94-04c1-424b-9868-57a2d4851a1d" />
    <TestEntry testId="2d253a23-3463-fd76-6ddd-236d53ba488c" executionId="327db5ca-a7f1-4917-bafc-06fc75b9a1c0" testListId="8c84fa94-04c1-424b-9868-57a2d4851a1d" />
    <TestEntry testId="43feec16-716a-52d5-64d7-9505552411d8" executionId="31bd4ca5-c98f-4e28-aa3e-62adc9d4d4f2" testListId="8c84fa94-04c1-424b-9868-57a2d4851a1d" />
    <TestEntry testId="c764d31d-6d2c-1690-06ba-3a8dbe6f5506" executionId="671a555b-cffa-4828-b6a1-ab94c25f4c23" testListId="8c84fa94-04c1-424b-9868-57a2d4851a1d" />
    <TestEntry testId="7a0c99c6-dfd6-0b05-cb02-fd3f5421c817" executionId="1206a2a1-a6f5-47fc-a18f-8fedbb56d6d1" testListId="8c84fa94-04c1-424b-9868-57a2d4851a1d" />
    <TestEntry testId="63e6ddf6-6d47-635b-8f55-cfa38bba6a58" executionId="729cc6f4-a63c-4eed-8cbc-f4493c2338b5" testListId="8c84fa94-04c1-424b-9868-57a2d4851a1d" />
    <TestEntry testId="179132fd-5ba3-26e4-cb9f-a1490311c68a" executionId="e528055f-f167-4075-8723-a74d974778fd" testListId="8c84fa94-04c1-424b-9868-57a2d4851a1d" />
    <TestEntry testId="8eefc766-a448-61a7-bf35-498604dbd956" executionId="823b74ae-78a3-4296-8b4e-bd6250788204" testListId="8c84fa94-04c1-424b-9868-57a2d4851a1d" />
    <TestEntry testId="1fbab88a-a951-0930-398b-46e59a881ed9" executionId="35aabc11-dde8-41ad-b5db-00e8379f20ef" testListId="8c84fa94-04c1-424b-9868-57a2d4851a1d" />
    <TestEntry testId="67130848-8d29-fb6b-b278-4525f9656177" executionId="0280b9d2-37b2-47f1-b851-4fed7cc1b7db" testListId="8c84fa94-04c1-424b-9868-57a2d4851a1d" />
    <TestEntry testId="dc1b77c4-a079-b195-44dd-9a09327e84a4" executionId="58e1f031-a4c2-407f-9062-929486896db4" testListId="8c84fa94-04c1-424b-9868-57a2d4851a1d" />
    <TestEntry testId="de165dae-914e-4422-2822-24f4c70bda69" executionId="e99c0824-6f90-4ce8-9421-0f95eb30a4e7" testListId="8c84fa94-04c1-424b-9868-57a2d4851a1d" />
    <TestEntry testId="00f9cdc5-9889-d926-0bad-11b23b236c3f" executionId="dd64bb68-4701-4f21-b04d-37e295bd3d8e" testListId="8c84fa94-04c1-424b-9868-57a2d4851a1d" />
    <TestEntry testId="782feb05-67fd-7632-1e20-28560561ac30" executionId="864fd13d-15bf-4014-9bb7-180f14b6a44b" testListId="8c84fa94-04c1-424b-9868-57a2d4851a1d" />
    <TestEntry testId="61a86122-7f41-1b3b-0dce-a572a35bb1f0" executionId="6f920b1e-6ec7-4fee-a738-820d95ee41a3" testListId="8c84fa94-04c1-424b-9868-57a2d4851a1d" />
    <TestEntry testId="5f6db988-9e27-99df-78d0-9401cb72dead" executionId="e513390c-ece9-4cb1-9ca1-eace1db9f356" testListId="8c84fa94-04c1-424b-9868-57a2d4851a1d" />
    <TestEntry testId="83503731-03a4-55ae-a1b7-209f2d17cf50" executionId="5f8f4938-1e0a-447c-a981-237e8248e978" testListId="8c84fa94-04c1-424b-9868-57a2d4851a1d" />
    <TestEntry testId="706f6464-cf6f-386b-654d-e1a1f4265be9" executionId="18c135b8-cb33-4e3b-9a73-094e13e4f9df" testListId="8c84fa94-04c1-424b-9868-57a2d4851a1d" />
    <TestEntry testId="df466ade-c6d2-b9fa-f72f-9975d8f2b31c" executionId="c7d35276-1ae5-42fa-a0d2-c87869d0b7bd" testListId="8c84fa94-04c1-424b-9868-57a2d4851a1d" />
    <TestEntry testId="a7bed229-25cb-7101-c7f8-ddc9844f1379" executionId="2540ced8-9db0-499b-8276-0b31f081362b" testListId="8c84fa94-04c1-424b-9868-57a2d4851a1d" />
    <TestEntry testId="5e20d9b5-f0ad-1d62-4d91-96f6546f63a6" executionId="b283577b-77e5-4c73-8cfb-79ec1fd522d9" testListId="8c84fa94-04c1-424b-9868-57a2d4851a1d" />
    <TestEntry testId="13e5e39f-d3aa-aca5-fc9c-2a24f6007de4" executionId="aa5080aa-ce29-4ad4-a22e-7897ca7d8255" testListId="8c84fa94-04c1-424b-9868-57a2d4851a1d" />
    <TestEntry testId="5af9ade2-ea2c-04bc-ffae-7c8140d0bb14" executionId="d7e7db8e-5000-477a-82f3-fdbb7eea4169" testListId="8c84fa94-04c1-424b-9868-57a2d4851a1d" />
    <TestEntry testId="eadda4a2-22ba-dbff-38a8-88770061fee4" executionId="fb79efae-ba95-4cf9-8a0b-6eb62eda878e" testListId="8c84fa94-04c1-424b-9868-57a2d4851a1d" />
    <TestEntry testId="f605c45e-87c0-dc86-8596-ae6c099891b8" executionId="e54f1c74-4ecc-4358-a49c-d688e1e59fd4" testListId="8c84fa94-04c1-424b-9868-57a2d4851a1d" />
    <TestEntry testId="28681467-a4d0-2974-d4e5-0c3c3a9c633e" executionId="aa6d0f56-60b6-4f55-9c4f-be99e301d547" testListId="8c84fa94-04c1-424b-9868-57a2d4851a1d" />
    <TestEntry testId="d34b6683-bb07-58cf-b151-d6cadf33dd5a" executionId="15ab74bc-af0e-4063-bff1-a9b6d492c979" testListId="8c84fa94-04c1-424b-9868-57a2d4851a1d" />
    <TestEntry testId="b71aa315-b78f-eef4-0694-b4f830ca4638" executionId="a08aa80c-427b-4cd0-bc7a-6195a4dacc64" testListId="8c84fa94-04c1-424b-9868-57a2d4851a1d" />
    <TestEntry testId="01d587a3-54d4-4f55-fb46-d70116d3064b" executionId="fae728f1-b207-48ed-b1c7-1fc7ca68e5e2" testListId="8c84fa94-04c1-424b-9868-57a2d4851a1d" />
    <TestEntry testId="77fc25e2-ec9d-2905-8293-8627f567792d" executionId="608d7452-8740-43b2-ba0d-ea25e64957d5" testListId="8c84fa94-04c1-424b-9868-57a2d4851a1d" />
    <TestEntry testId="af2876a4-fd94-b4f6-f658-3d4815f2f997" executionId="3512e91f-358e-48b7-b02e-6858116153c2" testListId="8c84fa94-04c1-424b-9868-57a2d4851a1d" />
    <TestEntry testId="ef6fb460-d28a-fd98-c37f-f1af9aa2c839" executionId="5b9932e8-ef0d-4414-a76d-9b301e34bc2c" testListId="8c84fa94-04c1-424b-9868-57a2d4851a1d" />
    <TestEntry testId="b6306e6c-8c6c-90f4-8797-ba802e71e571" executionId="dba63659-ca25-40d0-8dad-c8911bce80ae" testListId="8c84fa94-04c1-424b-9868-57a2d4851a1d" />
    <TestEntry testId="a8acc4ab-d299-0439-c67e-545042c55835" executionId="2144d9e2-d90e-4291-9254-a71ebd7eecae" testListId="8c84fa94-04c1-424b-9868-57a2d4851a1d" />
    <TestEntry testId="b78827d8-091b-ecc5-bea1-9b48eb19c48d" executionId="f1efd589-f09b-4d19-b3a1-60b9e603e9e9" testListId="8c84fa94-04c1-424b-9868-57a2d4851a1d" />
    <TestEntry testId="98aa579b-67c4-4c42-27da-293ba5bde350" executionId="bc82b62d-cb2f-49c7-a820-8d21efaef377" testListId="8c84fa94-04c1-424b-9868-57a2d4851a1d" />
    <TestEntry testId="502b6528-7298-650e-7265-0c19aa4aebac" executionId="ae195595-9b81-414a-a368-d888fb00502d" testListId="8c84fa94-04c1-424b-9868-57a2d4851a1d" />
    <TestEntry testId="50438204-9549-5f7f-cf49-02e23aee24c6" executionId="86aaebd1-ff83-4a76-a47f-c738773a20a4" testListId="8c84fa94-04c1-424b-9868-57a2d4851a1d" />
    <TestEntry testId="8851649a-f839-f479-0e9f-9da6fcc50910" executionId="37036beb-9c6b-4cff-8df3-59c106414ab2" testListId="8c84fa94-04c1-424b-9868-57a2d4851a1d" />
    <TestEntry testId="2d205931-2a51-4b5f-dc0b-64006696fee7" executionId="e94aec40-767e-49df-92d1-85a3598ca897" testListId="8c84fa94-04c1-424b-9868-57a2d4851a1d" />
    <TestEntry testId="ed9acd65-5d89-d337-f186-88ec760e8d6f" executionId="a6f1d038-0026-47b8-b2fb-83c9c8b4d6c2" testListId="8c84fa94-04c1-424b-9868-57a2d4851a1d" />
    <TestEntry testId="1fd24e76-507d-94d2-c9e5-6623e6d845ca" executionId="b33863b2-8b53-44ca-8689-11af4594fe58" testListId="8c84fa94-04c1-424b-9868-57a2d4851a1d" />
    <TestEntry testId="576e3e55-38df-126f-cc0a-8fd704b107bc" executionId="363b4961-0cb8-4630-89e5-fc7797bc0417" testListId="8c84fa94-04c1-424b-9868-57a2d4851a1d" />
    <TestEntry testId="ff2bfc16-3549-24fe-4aab-595470a9093a" executionId="0699fa67-1f8e-4317-a189-6445342b1e49" testListId="8c84fa94-04c1-424b-9868-57a2d4851a1d" />
    <TestEntry testId="1631b5d2-4592-7dcd-b539-537575ab0c26" executionId="c9771190-5847-4dd0-8d0e-ce6329f9a417" testListId="8c84fa94-04c1-424b-9868-57a2d4851a1d" />
    <TestEntry testId="eeb96bc7-5f29-c71a-5796-2a7a623e7d0a" executionId="08affc79-bce3-411a-841b-80279f9bf2fe" testListId="8c84fa94-04c1-424b-9868-57a2d4851a1d" />
    <TestEntry testId="93d82f4c-b3ab-5d5e-f4bd-2a8e888f9d74" executionId="a110a090-da27-4cd1-87e5-99153d457c5b" testListId="8c84fa94-04c1-424b-9868-57a2d4851a1d" />
    <TestEntry testId="638a3293-2062-22e5-7dd4-60342c73c853" executionId="4ba4716d-424c-4089-a4e4-27d666f5a9ee" testListId="8c84fa94-04c1-424b-9868-57a2d4851a1d" />
    <TestEntry testId="4f19ac3c-ecd4-1c83-13bd-698248296590" executionId="be330a94-d9d3-4681-aa85-6c4f05890ac8" testListId="8c84fa94-04c1-424b-9868-57a2d4851a1d" />
    <TestEntry testId="7639cc2d-b5a1-26ca-6044-4345ea350e56" executionId="273dd7ee-9e44-4fff-98c7-c41005556a3c" testListId="8c84fa94-04c1-424b-9868-57a2d4851a1d" />
    <TestEntry testId="1edb38a4-bd22-4c69-27ef-70c1820bbf2a" executionId="ba84e517-1519-489c-abf1-0b9ae557a5df" testListId="8c84fa94-04c1-424b-9868-57a2d4851a1d" />
    <TestEntry testId="b7d0bdc2-df49-3170-25ed-9f504b246c02" executionId="f2767083-cc00-4c50-a2df-e49c639e0409" testListId="8c84fa94-04c1-424b-9868-57a2d4851a1d" />
    <TestEntry testId="a6e1ba08-3b95-cfb4-752d-08519091324a" executionId="1a8d38ae-4438-464f-8cee-8b9bb535d79a" testListId="8c84fa94-04c1-424b-9868-57a2d4851a1d" />
    <TestEntry testId="e911c5b9-830e-35d5-e910-21dc07b81cd0" executionId="befd73f5-8e89-4b33-b7d3-b0d4b175aaa1" testListId="8c84fa94-04c1-424b-9868-57a2d4851a1d" />
    <TestEntry testId="7e8157c8-dcb1-ea12-efa2-f87a11b69850" executionId="5e6bf664-40db-4078-a32f-5cf01d63e05a" testListId="8c84fa94-04c1-424b-9868-57a2d4851a1d" />
    <TestEntry testId="00d160ea-4613-9def-d08d-4b8e1b84752e" executionId="3f3b8564-425e-4736-a6f7-90267e70267e" testListId="8c84fa94-04c1-424b-9868-57a2d4851a1d" />
    <TestEntry testId="49d067f9-bd82-140d-2b0d-3e94f60729fa" executionId="4256d47e-cd0e-43aa-b7f0-514847deacd6" testListId="8c84fa94-04c1-424b-9868-57a2d4851a1d" />
    <TestEntry testId="90b0ece4-7734-b027-573c-ce0fdf3271f0" executionId="234a84d8-0962-47b3-aa0b-388488e6762e" testListId="8c84fa94-04c1-424b-9868-57a2d4851a1d" />
    <TestEntry testId="2ce50fe1-c4e5-8f47-92d3-0a707bbc9259" executionId="e0fd9dbe-593f-47dc-8c41-fb9b51732ca8" testListId="8c84fa94-04c1-424b-9868-57a2d4851a1d" />
    <TestEntry testId="631db1e5-5130-fe76-60d3-f720d01eb3d2" executionId="16be644b-6907-4f59-99b8-76c41305ec8c" testListId="8c84fa94-04c1-424b-9868-57a2d4851a1d" />
    <TestEntry testId="58acfcda-0b2a-f016-5ed3-8e51a7454595" executionId="4552b38b-8c95-4fa4-9338-84b8d61d68d5" testListId="8c84fa94-04c1-424b-9868-57a2d4851a1d" />
    <TestEntry testId="9699bd57-3e9a-16f4-dafd-b1a79632258f" executionId="10a27079-7156-448a-b5e7-5fefb17ee42b" testListId="8c84fa94-04c1-424b-9868-57a2d4851a1d" />
    <TestEntry testId="ae3e5d17-a418-c027-5d01-89e4c7b54c4c" executionId="63dbae9d-22af-45dc-9433-c6e1f8d1e341" testListId="8c84fa94-04c1-424b-9868-57a2d4851a1d" />
    <TestEntry testId="ab42990e-b7d9-acfc-0318-565256d2bb54" executionId="e4a0ae94-6203-4f56-8f91-4d02148aa787" testListId="8c84fa94-04c1-424b-9868-57a2d4851a1d" />
    <TestEntry testId="393d6c3b-efc9-bf9c-9a36-6929884573ff" executionId="29fc6391-1ef1-4830-ab4a-3e55771bc0bf" testListId="8c84fa94-04c1-424b-9868-57a2d4851a1d" />
    <TestEntry testId="8db7c042-c9c9-e955-e7e7-3e02c89b7d6f" executionId="5e5bd1e9-93e7-457a-89b9-a145293390f3" testListId="8c84fa94-04c1-424b-9868-57a2d4851a1d" />
    <TestEntry testId="56a8f782-250a-6f8c-ac49-011d70574de2" executionId="3b22b234-741a-4d77-9b61-df83c03f426d" testListId="8c84fa94-04c1-424b-9868-57a2d4851a1d" />
    <TestEntry testId="1b150bd0-7205-e9d7-5516-24eed9c954f7" executionId="2d75fbaa-ef60-4068-b509-166dab3ce5bf" testListId="8c84fa94-04c1-424b-9868-57a2d4851a1d" />
    <TestEntry testId="a528b9d1-09ce-b802-08a5-6e087b0004f7" executionId="17f38943-cfdf-494f-92ab-3d586f8ced73" testListId="8c84fa94-04c1-424b-9868-57a2d4851a1d" />
    <TestEntry testId="8e59bd2d-bd60-e724-3a38-222ac20bff9f" executionId="6cd291f7-ab35-42ee-b9cf-6a868ae9657f" testListId="8c84fa94-04c1-424b-9868-57a2d4851a1d" />
    <TestEntry testId="a6cfcd75-8812-fb54-975b-5f6c37250cb0" executionId="ea9d9c65-a0db-4383-94c7-58d9704e63a9" testListId="8c84fa94-04c1-424b-9868-57a2d4851a1d" />
    <TestEntry testId="3e105617-0bb6-733c-e78a-d2f35c17f402" executionId="6209d20b-f93b-4f40-8269-170e8dd0fd68" testListId="8c84fa94-04c1-424b-9868-57a2d4851a1d" />
    <TestEntry testId="c497ca90-15db-d9e3-fed1-18a8c3832a01" executionId="89a4de0f-d0e7-4c32-8416-8f57e83dcb47" testListId="8c84fa94-04c1-424b-9868-57a2d4851a1d" />
    <TestEntry testId="ba9c1802-9c2e-de9d-589c-508e2f15429b" executionId="41f1a1d8-9c77-4e5e-86a9-ce2dd4b67b08" testListId="8c84fa94-04c1-424b-9868-57a2d4851a1d" />
    <TestEntry testId="56fc8256-8585-92ab-c5dd-7d38d01eb098" executionId="712d5a2a-41ec-445c-9aa2-1be11983f437" testListId="8c84fa94-04c1-424b-9868-57a2d4851a1d" />
    <TestEntry testId="469e6b6a-3c29-b051-995c-b9842e2eb6d9" executionId="897ae19d-ca5f-4076-8ff6-9a3821503b0e" testListId="8c84fa94-04c1-424b-9868-57a2d4851a1d" />
    <TestEntry testId="e10128d8-0332-7474-6334-cdbf84dbbcd1" executionId="2f569af2-12ea-4e0e-80d2-2fecda0b2980" testListId="8c84fa94-04c1-424b-9868-57a2d4851a1d" />
    <TestEntry testId="71ccd59f-39a1-6884-7f01-f9495a97c8aa" executionId="f3d36091-3732-4f83-ad03-e762a59f06a9" testListId="8c84fa94-04c1-424b-9868-57a2d4851a1d" />
    <TestEntry testId="7c1ec3b1-98a2-dea8-cbc8-775ccf58ed68" executionId="65f7d5fd-a053-495b-990c-fc6937fb2310" testListId="8c84fa94-04c1-424b-9868-57a2d4851a1d" />
    <TestEntry testId="df28b719-e3f7-30cc-9006-df77cfa42dde" executionId="a884a350-222b-48cf-9d88-ed0589263bb1" testListId="8c84fa94-04c1-424b-9868-57a2d4851a1d" />
    <TestEntry testId="206cc6a4-d0ac-f552-638e-fe7e802a3553" executionId="4af13fb8-0833-4220-972f-e81690ff0577" testListId="8c84fa94-04c1-424b-9868-57a2d4851a1d" />
    <TestEntry testId="1de1409d-dff0-7879-17d2-4e66016cf9f5" executionId="b4ccbea2-5255-4e77-b20f-0fec591306f9" testListId="8c84fa94-04c1-424b-9868-57a2d4851a1d" />
    <TestEntry testId="6a5e6648-2f26-c2d3-28a8-f853f848223b" executionId="dea2a1d4-5184-4a4d-9765-71ad009db4fa" testListId="8c84fa94-04c1-424b-9868-57a2d4851a1d" />
    <TestEntry testId="9d72ec29-9ed5-8607-fe92-a0f716c85aab" executionId="94e5cf2e-a378-43d8-88c9-d5640fca3bf9" testListId="8c84fa94-04c1-424b-9868-57a2d4851a1d" />
    <TestEntry testId="b74ae57b-78d2-4711-b85e-021fefe29a47" executionId="573ccc17-5ea7-4fe1-b150-2820f69b96b9" testListId="8c84fa94-04c1-424b-9868-57a2d4851a1d" />
    <TestEntry testId="899fbee4-6844-efe0-b45d-263c4f796bc2" executionId="6ce436a0-ff07-4d97-8912-de8f867cdabc" testListId="8c84fa94-04c1-424b-9868-57a2d4851a1d" />
    <TestEntry testId="273c9924-b451-376a-6373-dbe061eee2e8" executionId="55af9121-6f47-4a16-ace0-423aee83a434" testListId="8c84fa94-04c1-424b-9868-57a2d4851a1d" />
    <TestEntry testId="a1228955-227f-d507-f68a-7aa80b081cd9" executionId="1e2fe70e-3f89-463f-a7fc-9d1c73039c90" testListId="8c84fa94-04c1-424b-9868-57a2d4851a1d" />
    <TestEntry testId="77502f30-c3cb-2212-18a4-c16ed17882e8" executionId="2a89cc8a-a600-48df-a2c9-639dc5279998" testListId="8c84fa94-04c1-424b-9868-57a2d4851a1d" />
  </TestEntries>
  <TestLists>
    <TestList name="Results Not in a List" id="8c84fa94-04c1-424b-9868-57a2d4851a1d" />
    <TestList name="All Loaded Results" id="19431567-8539-422a-85d7-44ee4e166bda" />
  </TestLists>
  <ResultSummary outcome="Failed">
    <Counters total="148" executed="148" passed="108" failed="40" error="0" timeout="0" aborted="0" inconclusive="0" passedButRunAborted="0" notRunnable="0" notExecuted="0" disconnected="0" warning="0" completed="0" inProgress="0" pending="0" />
  </ResultSummary>
</TestRun>